<?xml version="1.0" encoding="UTF-8" ?>
<testsuite errors="3" failures="0" hostname="MacBook-Pro-di-Francesco-4.local" name="GestoreAccountRemoto.GestoreAccountRemotoTest" skipped="0" tests="3" time="38.35" timestamp="2014-05-14T09:11:42">
  <properties>
    <property name="libs.jsp-compiler.javadoc" value="" />
    <property name="netbeans.autoupdate.country" value="IT" />
    <property name="nb.wait.for.caches" value="true" />
    <property name="ant.file.type.ServerMDB-ejb-impl" value="file" />
    <property name="javac.test.classpath" value="../../ServerMDBRemoteInterface/dist/ServerMDBRemoteInterface.jar:lib/commons-beanutils-1.8.3.jar:lib/commons-collections-3.2.1.jar:lib/commons-lang-2.6.jar:lib/commons-logging-1.1.3.jar:lib/core-3.0.1.jar:lib/ezmorph-1.0.6.jar:lib/javase-3.0.1.jar:lib/javax.ejb-api.jar:lib/json-lib-2.4-jdk15.jar:lib/log4j-1.2.17.jar:lib/log4j-over-slf4j-1.7.7.jar:lib/slf4j-api-1.7.7.jar:lib/slf4j-jdk14-1.7.7.jar:lib/slf4j-log4j12-1.7.7.jar:lib/slf4j-simple-1.7.7.jar:lib/webcam-capture-0.3.10-RC6.jar:/Applications/NetBeans/NetBeans 8.0.app/Contents/Resources/NetBeans/java/modules/ext/eclipselink/eclipselink.jar:/Applications/NetBeans/NetBeans 8.0.app/Contents/Resources/NetBeans/java/modules/ext/eclipselink/javax.persistence_2.1.0.v201304241213.jar:/Applications/NetBeans/NetBeans 8.0.app/Contents/Resources/NetBeans/java/modules/ext/eclipselink/org.eclipse.persistence.jpa.jpql_2.5.1.v20130918-f2b9fc5.jar:/Applications/NetBeans/glassfish-4.0/javadb/lib/derby.jar:/Applications/NetBeans/glassfish-4.0/javadb/lib/derbyclient.jar:/Applications/NetBeans/glassfish-4.0/javadb/lib/derbynet.jar:/Applications/NetBeans/NetBeans 8.0.app/Contents/Resources/NetBeans/java/modules/ext/eclipselink/javax.persistence_2.1.0.v201304241213.jar:build/classes:/Applications/NetBeans/NetBeans 8.0.app/Contents/Resources/NetBeans/platform/modules/ext/junit-4.10.jar" />
    <property name="libs.jsf20.maven-pom" value="" />
    <property name="libs.DataBindingME.src" value="/Applications/NetBeans/NetBeans 8.0.app/Contents/Resources/NetBeans/mobility/sources/netbeans_databindingme-src.zip" />
    <property name="source.root" value="src" />
    <property name="libs.junit.javadoc" value="/Applications/NetBeans/NetBeans 8.0.app/Contents/Resources/NetBeans/java/docs/junit-3.8.2-api.zip" />
    <property name="libs.spring-webmvc4.0.src" value="" />
    <property name="ant.core.lib" value="/Applications/NetBeans/NetBeans 8.0.app/Contents/Resources/NetBeans/extide/ant/lib/ant.jar" />
    <property name="javadoc.windowtitle" value="" />
    <property name="libs.jsp-compilation.javadoc" value="" />
    <property name="user.dir" value="/Users/Blanco/NetBeansProjects/ServerMDB/ServerMDB-ejb" />
    <property name="com.apple.mrj.application.apple.menu.about.name" value="NetBeans" />
    <property name="libs.javaee-api-7.0.src" value="" />
    <property name="java.vm.version" value="24.51-b03" />
    <property name="libs.DataBindingME.classpath" value="/Applications/NetBeans/NetBeans 8.0.app/Contents/Resources/NetBeans/mobility/modules/ext/netbeans_databindingme.jar" />
    <property name="libs.j2me_common_ant.src" value="" />
    <property name="libs.MySQLDriver.classpath" value="/Applications/NetBeans/NetBeans 8.0.app/Contents/Resources/NetBeans/ide/modules/ext/mysql-connector-java-5.1.23-bin.jar" />
    <property name="libs.eclipselinkmodelgen.src" value="" />
    <property name="javadoc.notree" value="false" />
    <property name="netbeans.autoupdate.version" value="1.23" />
    <property name="libs.EclipseLink-GlassFish-v3.classpath" value="/Applications/NetBeans/glassfish-4.0/glassfish/modules/org.eclipse.persistence.antlr.jar:/Applications/NetBeans/glassfish-4.0/glassfish/modules/org.eclipse.persistence.asm.jar:/Applications/NetBeans/glassfish-4.0/glassfish/modules/org.eclipse.persistence.core.jar:/Applications/NetBeans/glassfish-4.0/glassfish/modules/org.eclipse.persistence.dbws.jar:/Applications/NetBeans/glassfish-4.0/glassfish/modules/org.eclipse.persistence.jpa.jar:/Applications/NetBeans/glassfish-4.0/glassfish/modules/org.eclipse.persistence.jpa.jpql.jar:/Applications/NetBeans/glassfish-4.0/glassfish/modules/org.eclipse.persistence.jpa.modelgen.processor.jar:/Applications/NetBeans/glassfish-4.0/glassfish/modules/org.eclipse.persistence.moxy.jar:/Applications/NetBeans/glassfish-4.0/glassfish/modules/org.eclipse.persistence.oracle.jar:/Applications/NetBeans/glassfish-4.0/glassfish/modules/javax.persistence.jar" />
    <property name="file.reference.commons-beanutils-1.8.3.jar" value="lib/commons-beanutils-1.8.3.jar" />
    <property name="libs.javaee-web-api-6.0.classpath" value="/Applications/NetBeans/NetBeans 8.0.app/Contents/Resources/NetBeans/enterprise/modules/ext/javaee-web-api-6.0.jar" />
    <property name="libs.DataBindingME-PIM.maven-pom" value="" />
    <property name="libs.Java-EE-GlassFish-v3-Prelude.javadoc" value="/Applications/NetBeans/NetBeans 8.0.app/Contents/Resources/NetBeans/enterprise/docs/javaee-doc-api.jar" />
    <property name="jdk.home" value="/Library/Java/JavaVirtualMachines/jdk1.8.0_05.jdk/Contents/Home" />
    <property name="libs.javac-api.src" value="" />
    <property name="javadoc.noindex" value="false" />
    <property name="libs.jpa2-persistence.classpath" value="/Applications/NetBeans/NetBeans 8.0.app/Contents/Resources/NetBeans/java/modules/ext/hibernate4/hibernate-jpa-2.0-api-1.0.1.Final.jar" />
    <property name="sun.os.patch.level" value="unknown" />
    <property name="libs.Java-EE-GlassFish-v3-Prelude.src" value="" />
    <property name="java.vm.specification.name" value="Java Virtual Machine Specification" />
    <property name="nb.show.statistics.ui" value="usageStatisticsEnabled" />
    <property name="netbeans.autoupdate.variant" value="" />
    <property name="have.tests" value="true" />
    <property name="org.xml.sax.driver" value="com.sun.org.apache.xerces.internal.jaxp.SAXParserImpl$JAXPSAXParser" />
    <property name="j2ee.server.instance" value="[/Applications/NetBeans/glassfish-4.0/glassfish:/Applications/NetBeans/glassfish-4.0/glassfish/domains/domain1]deployer:gfv3ee6:localhost:4848" />
    <property name="libs.javac-api.javadoc" value="" />
    <property name="os.name" value="Mac OS X" />
    <property name="libs.beans-binding.classpath" value="/Applications/NetBeans/NetBeans 8.0.app/Contents/Resources/NetBeans/java/modules/ext/beansbinding-1.2.1.jar" />
    <property name="libs.javaee-endorsed-api-7.0.maven-pom" value="" />
    <property name="ap.proc.none.internal" value="" />
    <property name="libs.DataBindingME-SVG.javadoc" value="/Applications/NetBeans/NetBeans 8.0.app/Contents/Resources/NetBeans/mobility/modules/docs/netbeans_databindingme_svg-api.zip" />
    <property name="libs.restapi.javadoc" value="" />
    <property name="libs.JWSAntTasks.maven-pom" value="" />
    <property name="libs.jstl.classpath" value="/Applications/NetBeans/NetBeans 8.0.app/Contents/Resources/NetBeans/enterprise/modules/ext/jstl-impl.jar:/Applications/NetBeans/NetBeans 8.0.app/Contents/Resources/NetBeans/enterprise/modules/ext/jstl-api.jar" />
    <property name="libs.testng.src" value="" />
    <property name="libs.spring-webmvc3.0.src" value="" />
    <property name="libs.restapi.classpath" value="/Applications/NetBeans/NetBeans 8.0.app/Contents/Resources/NetBeans/enterprise/modules/ext/jaxrs-2.0/javax.ws.rs-api-2.0.jar" />
    <property name="runmain.jvmargs" value="" />
    <property name="java.vendor.url.bug" value="http://bugreport.sun.com/bugreport/" />
    <property name="libs.jaxb.maven-pom" value="" />
    <property name="os.arch" value="x86_64" />
    <property name="libs.eclipselink.src" value="" />
    <property name="user.name" value="Blanco" />
    <property name="j2ee.compile.on.save" value="true" />
    <property name="libs.jsf12.javadoc" value="/Applications/NetBeans/NetBeans 8.0.app/Contents/Resources/NetBeans/enterprise/docs/javaee-doc-api.jar" />
    <property name="libs.Comet-GlassFish-v3.javadoc" value="" />
    <property name="libs.j2me_common_ant.maven-pom" value="" />
    <property name="libs.spring-webmvc3.0.maven-pom" value="" />
    <property name="libs.swing-layout.maven-pom" value="" />
    <property name="sun.java.command" value="org.apache.tools.ant.taskdefs.optional.junit.JUnitTestRunner GestoreAccountRemoto.GestoreAccountRemotoTest filtertrace=true haltOnError=false haltOnFailure=false showoutput=true outputtoformatters=true logfailedtests=true logtestlistenerevents=true formatter=org.apache.tools.ant.taskdefs.optional.junit.BriefJUnitResultFormatter formatter=org.apache.tools.ant.taskdefs.optional.junit.XMLJUnitResultFormatter,/Users/Blanco/NetBeansProjects/ServerMDB/ServerMDB-ejb/build/test/results/TEST-GestoreAccountRemoto.GestoreAccountRemotoTest.xml crashfile=/Users/Blanco/NetBeansProjects/ServerMDB/ServerMDB-ejb/build/junitvmwatcher6774722517893454374.properties propsfile=/Users/Blanco/NetBeansProjects/ServerMDB/ServerMDB-ejb/build/junit4582999466871234881.properties" />
    <property name="build.classes.dir" value="build/classes" />
    <property name="netbeans.accept_license_class" value="org.netbeans.license.AcceptLicense" />
    <property name="file.reference.commons-collections-3.2.1.jar" value="lib/commons-collections-3.2.1.jar" />
    <property name="ap.supported.internal" value="true" />
    <property name="libs.javaee-endorsed-api-7.0.javadoc" value="/Applications/NetBeans/NetBeans 8.0.app/Contents/Resources/NetBeans/enterprise/docs/javaee-doc-api.jar" />
    <property name="libs.jaxws21.javadoc" value="/Applications/NetBeans/NetBeans 8.0.app/Contents/Resources/NetBeans/java/docs/jaxws-api-doc.zip" />
    <property name="libs.spring-webmvc4.0.javadoc" value="" />
    <property name="includes" value="**" />
    <property name="j2ee.platform.wsimport.classpath" value="/Applications/NetBeans/glassfish-4.0/glassfish/modules/webservices-osgi.jar:/Applications/NetBeans/glassfish-4.0/glassfish/modules/endorsed/webservices-api-osgi.jar:/Applications/NetBeans/glassfish-4.0/glassfish/modules/jaxb-osgi.jar:/Applications/NetBeans/glassfish-4.0/glassfish/modules/endorsed/jaxb-api-osgi.jar" />
    <property name="user.country" value="IT" />
    <property name="javadoc.encoding" value="UTF-8" />
    <property name="platform.home" value="/Library/Java/JavaVirtualMachines/jdk1.7.0_51.jdk/Contents/Home" />
    <property name="javac.classpath" value="../../ServerMDBRemoteInterface/dist/ServerMDBRemoteInterface.jar:lib/commons-beanutils-1.8.3.jar:lib/commons-collections-3.2.1.jar:lib/commons-lang-2.6.jar:lib/commons-logging-1.1.3.jar:lib/core-3.0.1.jar:lib/ezmorph-1.0.6.jar:lib/javase-3.0.1.jar:lib/javax.ejb-api.jar:lib/json-lib-2.4-jdk15.jar:lib/log4j-1.2.17.jar:lib/log4j-over-slf4j-1.7.7.jar:lib/slf4j-api-1.7.7.jar:lib/slf4j-jdk14-1.7.7.jar:lib/slf4j-log4j12-1.7.7.jar:lib/slf4j-simple-1.7.7.jar:lib/webcam-capture-0.3.10-RC6.jar:/Applications/NetBeans/NetBeans 8.0.app/Contents/Resources/NetBeans/java/modules/ext/eclipselink/eclipselink.jar:/Applications/NetBeans/NetBeans 8.0.app/Contents/Resources/NetBeans/java/modules/ext/eclipselink/javax.persistence_2.1.0.v201304241213.jar:/Applications/NetBeans/NetBeans 8.0.app/Contents/Resources/NetBeans/java/modules/ext/eclipselink/org.eclipse.persistence.jpa.jpql_2.5.1.v20130918-f2b9fc5.jar:/Applications/NetBeans/glassfish-4.0/javadb/lib/derby.jar:/Applications/NetBeans/glassfish-4.0/javadb/lib/derbyclient.jar:/Applications/NetBeans/glassfish-4.0/javadb/lib/derbynet.jar:/Applications/NetBeans/NetBeans 8.0.app/Contents/Resources/NetBeans/java/modules/ext/eclipselink/javax.persistence_2.1.0.v201304241213.jar" />
    <property name="libs.jsp-compilation-syscp.src" value="" />
    <property name="libs.JAVADB_DRIVER_LABEL.src" value="" />
    <property name="libs.spring-framework400.classpath" value="/Applications/NetBeans/NetBeans 8.0.app/Contents/Resources/NetBeans/ide/modules/org-apache-commons-logging.jar:/Applications/NetBeans/NetBeans 8.0.app/Contents/Resources/NetBeans/java/modules/ext/cglib-2.2.jar:/Applications/NetBeans/NetBeans 8.0.app/Contents/Resources/NetBeans/java/modules/ext/spring-4/spring-aop-4.0.1.RELEASE.jar:/Applications/NetBeans/NetBeans 8.0.app/Contents/Resources/NetBeans/java/modules/ext/spring-4/spring-aspects-4.0.1.RELEASE.jar:/Applications/NetBeans/NetBeans 8.0.app/Contents/Resources/NetBeans/java/modules/ext/spring-4/spring-beans-4.0.1.RELEASE.jar:/Applications/NetBeans/NetBeans 8.0.app/Contents/Resources/NetBeans/java/modules/ext/spring-4/spring-build-src-4.0.1.RELEASE.jar:/Applications/NetBeans/NetBeans 8.0.app/Contents/Resources/NetBeans/java/modules/ext/spring-4/spring-context-4.0.1.RELEASE.jar:/Applications/NetBeans/NetBeans 8.0.app/Contents/Resources/NetBeans/java/modules/ext/spring-4/spring-context-support-4.0.1.RELEASE.jar:/Applications/NetBeans/NetBeans 8.0.app/Contents/Resources/NetBeans/java/modules/ext/spring-4/spring-core-4.0.1.RELEASE.jar:/Applications/NetBeans/NetBeans 8.0.app/Contents/Resources/NetBeans/java/modules/ext/spring-4/spring-expression-4.0.1.RELEASE.jar:/Applications/NetBeans/NetBeans 8.0.app/Contents/Resources/NetBeans/java/modules/ext/spring-4/spring-framework-bom-4.0.1.RELEASE.jar:/Applications/NetBeans/NetBeans 8.0.app/Contents/Resources/NetBeans/java/modules/ext/spring-4/spring-instrument-4.0.1.RELEASE.jar:/Applications/NetBeans/NetBeans 8.0.app/Contents/Resources/NetBeans/java/modules/ext/spring-4/spring-instrument-tomcat-4.0.1.RELEASE.jar:/Applications/NetBeans/NetBeans 8.0.app/Contents/Resources/NetBeans/java/modules/ext/spring-4/spring-jdbc-4.0.1.RELEASE.jar:/Applications/NetBeans/NetBeans 8.0.app/Contents/Resources/NetBeans/java/modules/ext/spring-4/spring-jms-4.0.1.RELEASE.jar:/Applications/NetBeans/NetBeans 8.0.app/Contents/Resources/NetBeans/java/modules/ext/spring-4/spring-messaging-4.0.1.RELEASE.jar:/Applications/NetBeans/NetBeans 8.0.app/Contents/Resources/NetBeans/java/modules/ext/spring-4/spring-orm-4.0.1.RELEASE.jar:/Applications/NetBeans/NetBeans 8.0.app/Contents/Resources/NetBeans/java/modules/ext/spring-4/spring-oxm-4.0.1.RELEASE.jar:/Applications/NetBeans/NetBeans 8.0.app/Contents/Resources/NetBeans/java/modules/ext/spring-4/spring-test-4.0.1.RELEASE.jar:/Applications/NetBeans/NetBeans 8.0.app/Contents/Resources/NetBeans/java/modules/ext/spring-4/spring-tx-4.0.1.RELEASE.jar:/Applications/NetBeans/NetBeans 8.0.app/Contents/Resources/NetBeans/java/modules/ext/spring-4/spring-web-4.0.1.RELEASE.jar:/Applications/NetBeans/NetBeans 8.0.app/Contents/Resources/NetBeans/java/modules/ext/spring-4/spring-webmvc-4.0.1.RELEASE.jar:/Applications/NetBeans/NetBeans 8.0.app/Contents/Resources/NetBeans/java/modules/ext/spring-4/spring-webmvc-portlet-4.0.1.RELEASE.jar:/Applications/NetBeans/NetBeans 8.0.app/Contents/Resources/NetBeans/java/modules/ext/spring-4/spring-websocket-4.0.1.RELEASE.jar" />
    <property name="platform.bootcp" value="/Library/Java/JavaVirtualMachines/jdk1.7.0_51.jdk/Contents/Home/jre/lib/resources.jar:/Library/Java/JavaVirtualMachines/jdk1.7.0_51.jdk/Contents/Home/jre/lib/rt.jar:/Library/Java/JavaVirtualMachines/jdk1.7.0_51.jdk/Contents/Home/jre/lib/sunrsasign.jar:/Library/Java/JavaVirtualMachines/jdk1.7.0_51.jdk/Contents/Home/jre/lib/jsse.jar:/Library/Java/JavaVirtualMachines/jdk1.7.0_51.jdk/Contents/Home/jre/lib/jce.jar:/Library/Java/JavaVirtualMachines/jdk1.7.0_51.jdk/Contents/Home/jre/lib/charsets.jar:/Library/Java/JavaVirtualMachines/jdk1.7.0_51.jdk/Contents/Home/jre/lib/jfr.jar:/Library/Java/JavaVirtualMachines/jdk1.7.0_51.jdk/Contents/Home/jre/classes:/Library/Java/JavaVirtualMachines/jdk1.7.0_51.jdk/Contents/Home/jre/lib/ext/dnsns.jar:/Library/Java/JavaVirtualMachines/jdk1.7.0_51.jdk/Contents/Home/jre/lib/ext/localedata.jar:/Library/Java/JavaVirtualMachines/jdk1.7.0_51.jdk/Contents/Home/jre/lib/ext/sunec.jar:/Library/Java/JavaVirtualMachines/jdk1.7.0_51.jdk/Contents/Home/jre/lib/ext/sunjce_provider.jar:/Library/Java/JavaVirtualMachines/jdk1.7.0_51.jdk/Contents/Home/jre/lib/ext/sunpkcs11.jar:/Library/Java/JavaVirtualMachines/jdk1.7.0_51.jdk/Contents/Home/jre/lib/ext/zipfs.jar:/System/Library/Java/Extensions/AppleScriptEngine.jar:/System/Library/Java/Extensions/dns_sd.jar:/System/Library/Java/Extensions/j3daudio.jar:/System/Library/Java/Extensions/j3dcore.jar:/System/Library/Java/Extensions/j3dutils.jar:/System/Library/Java/Extensions/jai_codec.jar:/System/Library/Java/Extensions/jai_core.jar:/System/Library/Java/Extensions/mlibwrapper_jai.jar:/System/Library/Java/Extensions/MRJToolkit.jar:/System/Library/Java/Extensions/QTJava.zip:/System/Library/Java/Extensions/vecmath.jar" />
    <property name="debug-transport" value="dt_socket" />
    <property name="meta.inf" value="src/conf" />
    <property name="netbeans.home" value="/Applications/NetBeans/NetBeans 8.0.app/Contents/Resources/NetBeans/platform" />
    <property name="build.compiler.emacs" value="true" />
    <property name="libs.javaee-web-api-6.0.src" value="" />
    <property name="do.package.with.custom.manifest.not.directory.deploy" value="true" />
    <property name="libs.jsp-compilation-syscp.classpath" value="/Applications/NetBeans/NetBeans 8.0.app/Contents/Resources/NetBeans/extide/ant/lib/ant.jar:/Applications/NetBeans/NetBeans 8.0.app/Contents/Resources/NetBeans/enterprise/modules/ext/servlet3.1-jsp2.3-api.jar:/Applications/NetBeans/NetBeans 8.0.app/Contents/Resources/NetBeans/enterprise/modules/ext/glassfish-jspparser-4.0.jar:/Applications/NetBeans/NetBeans 8.0.app/Contents/Resources/NetBeans/enterprise/modules/ext/jstl-impl.jar:/Applications/NetBeans/NetBeans 8.0.app/Contents/Resources/NetBeans/enterprise/modules/ext/jsf-2_2/javax.faces.jar" />
    <property name="java.endorsed.dirs" value="/Library/Java/JavaVirtualMachines/jdk1.7.0_51.jdk/Contents/Home/jre/lib/endorsed" />
    <property name="libs.Comet-GlassFish-v3.maven-pom" value="" />
    <property name="libs.groovy-all.src" value="" />
    <property name="netbeans.dynamic.classpath" value="/Applications/NetBeans/NetBeans 8.0.app/Contents/Resources/NetBeans/platform/core/core.jar:/Applications/NetBeans/NetBeans 8.0.app/Contents/Resources/NetBeans/platform/core/org-openide-filesystems.jar:/Applications/NetBeans/NetBeans 8.0.app/Contents/Resources/NetBeans/platform/core/locale/core_ja.jar:/Applications/NetBeans/NetBeans 8.0.app/Contents/Resources/NetBeans/platform/core/locale/core_pt_BR.jar:/Applications/NetBeans/NetBeans 8.0.app/Contents/Resources/NetBeans/platform/core/locale/core_ru.jar:/Applications/NetBeans/NetBeans 8.0.app/Contents/Resources/NetBeans/platform/core/locale/core_zh_CN.jar:/Applications/NetBeans/NetBeans 8.0.app/Contents/Resources/NetBeans/platform/core/locale/org-openide-filesystems_ja.jar:/Applications/NetBeans/NetBeans 8.0.app/Contents/Resources/NetBeans/platform/core/locale/org-openide-filesystems_pt_BR.jar:/Applications/NetBeans/NetBeans 8.0.app/Contents/Resources/NetBeans/platform/core/locale/org-openide-filesystems_ru.jar:/Applications/NetBeans/NetBeans 8.0.app/Contents/Resources/NetBeans/platform/core/locale/org-openide-filesystems_zh_CN.jar:/Applications/NetBeans/NetBeans 8.0.app/Contents/Resources/NetBeans/nb/core/org-netbeans-upgrader.jar:/Applications/NetBeans/NetBeans 8.0.app/Contents/Resources/NetBeans/nb/core/locale/core_nb.jar:/Applications/NetBeans/NetBeans 8.0.app/Contents/Resources/NetBeans/nb/core/locale/core_nb_ja.jar:/Applications/NetBeans/NetBeans 8.0.app/Contents/Resources/NetBeans/nb/core/locale/core_nb_pt_BR.jar:/Applications/NetBeans/NetBeans 8.0.app/Contents/Resources/NetBeans/nb/core/locale/core_nb_ru.jar:/Applications/NetBeans/NetBeans 8.0.app/Contents/Resources/NetBeans/nb/core/locale/core_nb_zh_CN.jar:/Applications/NetBeans/NetBeans 8.0.app/Contents/Resources/NetBeans/nb/core/locale/org-netbeans-upgrader_ja.jar:/Applications/NetBeans/NetBeans 8.0.app/Contents/Resources/NetBeans/nb/core/locale/org-netbeans-upgrader_pt_BR.jar:/Applications/NetBeans/NetBeans 8.0.app/Contents/Resources/NetBeans/nb/core/locale/org-netbeans-upgrader_ru.jar:/Applications/NetBeans/NetBeans 8.0.app/Contents/Resources/NetBeans/nb/core/locale/org-netbeans-upgrader_zh_CN.jar" />
    <property name="java.vm.specification.version" value="1.7" />
    <property name="libs.hibernate4-support.src" value="" />
    <property name="libs.primefaces.classpath" value="/Applications/NetBeans/NetBeans 8.0.app/Contents/Resources/NetBeans/enterprise/modules/ext/primefaces/primefaces-4.0.jar" />
    <property name="platforms.JDK_1.7.0_51.compiler" value="modern" />
    <property name="libs.javaee-api-6.0.classpath" value="/Applications/NetBeans/NetBeans 8.0.app/Contents/Resources/NetBeans/enterprise/modules/ext/javaee-api-6.0.jar" />
    <property name="libs.groovy-all.maven-pom" value="" />
    <property name="ftp.nonProxyHosts" value="local|*.local|169.254/16|*.169.254/16" />
    <property name="netbeans.productversion" value="NetBeans IDE 8.0 (Build 201403101706)" />
    <property name="libs.jaxws21.src" value="" />
    <property name="meta.inf.excludes" value="sun-cmp-mappings.xml" />
    <property name="netbeans.autoupdate.language" value="it" />
    <property name="java.vendor" value="Oracle Corporation" />
    <property name="libs.javaee-api-6.0.javadoc" value="/Applications/NetBeans/NetBeans 8.0.app/Contents/Resources/NetBeans/enterprise/docs/javaee-doc-api.jar" />
    <property name="sun.font.fontmanager" value="sun.font.CFontManager" />
    <property name="javac.debug" value="true" />
    <property name="javadoc.splitindex" value="true" />
    <property name="file.separator" value="/" />
    <property name="libs.Java-EE-GlassFish-v3-Prelude.maven-pom" value="" />
    <property name="libs.junit_4.maven-pom" value="" />
    <property name="resource.dir" value="setup" />
    <property name="javac.test.processorpath" value="../../ServerMDBRemoteInterface/dist/ServerMDBRemoteInterface.jar:lib/commons-beanutils-1.8.3.jar:lib/commons-collections-3.2.1.jar:lib/commons-lang-2.6.jar:lib/commons-logging-1.1.3.jar:lib/core-3.0.1.jar:lib/ezmorph-1.0.6.jar:lib/javase-3.0.1.jar:lib/javax.ejb-api.jar:lib/json-lib-2.4-jdk15.jar:lib/log4j-1.2.17.jar:lib/log4j-over-slf4j-1.7.7.jar:lib/slf4j-api-1.7.7.jar:lib/slf4j-jdk14-1.7.7.jar:lib/slf4j-log4j12-1.7.7.jar:lib/slf4j-simple-1.7.7.jar:lib/webcam-capture-0.3.10-RC6.jar:/Applications/NetBeans/NetBeans 8.0.app/Contents/Resources/NetBeans/java/modules/ext/eclipselink/eclipselink.jar:/Applications/NetBeans/NetBeans 8.0.app/Contents/Resources/NetBeans/java/modules/ext/eclipselink/javax.persistence_2.1.0.v201304241213.jar:/Applications/NetBeans/NetBeans 8.0.app/Contents/Resources/NetBeans/java/modules/ext/eclipselink/org.eclipse.persistence.jpa.jpql_2.5.1.v20130918-f2b9fc5.jar:/Applications/NetBeans/glassfish-4.0/javadb/lib/derby.jar:/Applications/NetBeans/glassfish-4.0/javadb/lib/derbyclient.jar:/Applications/NetBeans/glassfish-4.0/javadb/lib/derbynet.jar:/Applications/NetBeans/NetBeans 8.0.app/Contents/Resources/NetBeans/java/modules/ext/eclipselink/javax.persistence_2.1.0.v201304241213.jar:build/classes:/Applications/NetBeans/NetBeans 8.0.app/Contents/Resources/NetBeans/platform/modules/ext/junit-4.10.jar" />
    <property name="netbeans.buildnumber" value="201403101706" />
    <property name="libs.JWSAntTasks.javadoc" value="" />
    <property name="build.generated.sources.dir" value="build/generated-sources" />
    <property name="libs.eclipselinkmodelgen.classpath" value="/Applications/NetBeans/NetBeans 8.0.app/Contents/Resources/NetBeans/java/modules/ext/eclipselink/org.eclipse.persistence.jpa.modelgen_2.5.1.v20130918-f2b9fc5.jar" />
    <property name="libs.javaee-endorsed-api-7.0.src" value="" />
    <property name="sun.java.launcher" value="SUN_STANDARD" />
    <property name="libs.junit.classpath" value="/Applications/NetBeans/NetBeans 8.0.app/Contents/Resources/NetBeans/java/modules/ext/junit-3.8.2.jar" />
    <property name="libs.hibernate4-persistencemodelgen.javadoc" value="" />
    <property name="libs.jaxb.javadoc" value="/Applications/NetBeans/NetBeans 8.0.app/Contents/Resources/NetBeans/ide/docs/jaxb-api-doc.zip" />
    <property name="libs.struts.classpath" value="/Applications/NetBeans/NetBeans 8.0.app/Contents/Resources/NetBeans/enterprise/modules/ext/struts/antlr-2.7.2.jar:/Applications/NetBeans/NetBeans 8.0.app/Contents/Resources/NetBeans/enterprise/modules/ext/struts/bsf-2.3.0.jar:/Applications/NetBeans/NetBeans 8.0.app/Contents/Resources/NetBeans/enterprise/modules/ext/struts/commons-beanutils-1.8.0.jar:/Applications/NetBeans/NetBeans 8.0.app/Contents/Resources/NetBeans/enterprise/modules/ext/struts/commons-chain-1.2.jar:/Applications/NetBeans/NetBeans 8.0.app/Contents/Resources/NetBeans/enterprise/modules/ext/struts/commons-digester-1.8.jar:/Applications/NetBeans/NetBeans 8.0.app/Contents/Resources/NetBeans/enterprise/modules/ext/struts/commons-fileupload-1.1.1.jar:/Applications/NetBeans/NetBeans 8.0.app/Contents/Resources/NetBeans/enterprise/modules/ext/struts/commons-io-1.1.jar:/Applications/NetBeans/NetBeans 8.0.app/Contents/Resources/NetBeans/enterprise/modules/ext/struts/commons-logging-1.0.4.jar:/Applications/NetBeans/NetBeans 8.0.app/Contents/Resources/NetBeans/enterprise/modules/ext/struts/commons-validator-1.3.1.jar:/Applications/NetBeans/NetBeans 8.0.app/Contents/Resources/NetBeans/enterprise/modules/ext/struts/jstl-1.0.2.jar:/Applications/NetBeans/NetBeans 8.0.app/Contents/Resources/NetBeans/enterprise/modules/ext/struts/oro-2.0.8.jar:/Applications/NetBeans/NetBeans 8.0.app/Contents/Resources/NetBeans/enterprise/modules/ext/struts/standard-1.0.6.jar:/Applications/NetBeans/NetBeans 8.0.app/Contents/Resources/NetBeans/enterprise/modules/ext/struts/struts-core-1.3.10.jar:/Applications/NetBeans/NetBeans 8.0.app/Contents/Resources/NetBeans/enterprise/modules/ext/struts/struts-el-1.3.10.jar:/Applications/NetBeans/NetBeans 8.0.app/Contents/Resources/NetBeans/enterprise/modules/ext/struts/struts-extras-1.3.10.jar:/Applications/NetBeans/NetBeans 8.0.app/Contents/Resources/NetBeans/enterprise/modules/ext/struts/struts-faces-1.3.10.jar:/Applications/NetBeans/NetBeans 8.0.app/Contents/Resources/NetBeans/enterprise/modules/ext/struts/struts-mailreader-dao-1.3.10.jar:/Applications/NetBeans/NetBeans 8.0.app/Contents/Resources/NetBeans/enterprise/modules/ext/struts/struts-scripting-1.3.10.jar:/Applications/NetBeans/NetBeans 8.0.app/Contents/Resources/NetBeans/enterprise/modules/ext/struts/struts-taglib-1.3.10.jar:/Applications/NetBeans/NetBeans 8.0.app/Contents/Resources/NetBeans/enterprise/modules/ext/struts/struts-tiles-1.3.10.jar" />
    <property name="file.reference.slf4j-log4j12-1.7.7.jar" value="lib/slf4j-log4j12-1.7.7.jar" />
    <property name="ant.home" value="/Applications/NetBeans/NetBeans 8.0.app/Contents/Resources/NetBeans/extide/ant" />
    <property name="libs.junit_4.src" value="/Applications/NetBeans/NetBeans 8.0.app/Contents/Resources/NetBeans/java/docs/junit-4.10-sources.jar" />
    <property name="file.reference.commons-logging-1.1.3.jar" value="lib/commons-logging-1.1.3.jar" />
    <property name="libs.testng.classpath" value="/Applications/NetBeans/NetBeans 8.0.app/Contents/Resources/NetBeans/platform/modules/ext/testng-6.8.1-dist.jar" />
    <property name="project.ServerMDBRemoteInterface" value="../../ServerMDBRemoteInterface" />
    <property name="libs.absolutelayout.maven-pom" value="" />
    <property name="file.reference.webcam-capture-0.3.10-RC6.jar" value="lib/webcam-capture-0.3.10-RC6.jar" />
    <property name="ant.java.version" value="1.8" />
    <property name="java.library.path" value="/Applications/NetBeans/NetBeans 8.0.app/Contents/Resources/NetBeans/webcommon/bin::/Users/Blanco/Library/Java/Extensions:/Library/Java/Extensions:/Network/Library/Java/Extensions:/System/Library/Java/Extensions:/usr/lib/java:." />
    <property name="javadoc.author" value="false" />
    <property name="libs.metro.maven-pom" value="" />
    <property name="libs.EclipseLink-GlassFish-v3.src" value="" />
    <property name="java.util.logging.config.class" value="org.netbeans.core.startup.TopLogging" />
    <property name="libs.spring-framework400.src" value="" />
    <property name="libs.PostgreSQLDriver.src" value="" />
    <property name="sun.arch.data.model" value="64" />
    <property name="basedir" value="/Users/Blanco/NetBeansProjects/ServerMDB/ServerMDB-ejb" />
    <property name="libs.jpa20-persistence.maven-pom" value="" />
    <property name="build.ear.classes.dir" value="build/classes" />
    <property name="file.reference.log4j-1.2.17.jar" value="lib/log4j-1.2.17.jar" />
    <property name="jar.compress" value="false" />
    <property name="libs.javaee-web-api-7.0.classpath" value="/Applications/NetBeans/NetBeans 8.0.app/Contents/Resources/NetBeans/enterprise/modules/ext/javaee-web-api-7.0.jar" />
    <property name="path.separator" value=":" />
    <property name="libs.javaee-web-api-6.0.javadoc" value="/Applications/NetBeans/NetBeans 8.0.app/Contents/Resources/NetBeans/enterprise/docs/javaee-doc-api.jar" />
    <property name="ant.junit.enabletestlistenerevents" value="true" />
    <property name="platform.javac" value="/Library/Java/JavaVirtualMachines/jdk1.7.0_51.jdk/Contents/Home/bin/javac" />
    <property name="sun.io.unicode.encoding" value="UnicodeBig" />
    <property name="libs.jaxws21.classpath" value="/Applications/NetBeans/NetBeans 8.0.app/Contents/Resources/NetBeans/ide/modules/ext/jaxb/jaxb-impl.jar:/Applications/NetBeans/NetBeans 8.0.app/Contents/Resources/NetBeans/ide/modules/ext/jaxb/jaxb-xjc.jar:/Applications/NetBeans/NetBeans 8.0.app/Contents/Resources/NetBeans/java/modules/ext/jaxws22/FastInfoset.jar:/Applications/NetBeans/NetBeans 8.0.app/Contents/Resources/NetBeans/java/modules/ext/jaxws22/gmbal-api-only.jar:/Applications/NetBeans/NetBeans 8.0.app/Contents/Resources/NetBeans/java/modules/ext/jaxws22/ha-api.jar:/Applications/NetBeans/NetBeans 8.0.app/Contents/Resources/NetBeans/java/modules/ext/jaxws22/javax.mail_1.4.jar:/Applications/NetBeans/NetBeans 8.0.app/Contents/Resources/NetBeans/java/modules/ext/jaxws22/jaxws-rt.jar:/Applications/NetBeans/NetBeans 8.0.app/Contents/Resources/NetBeans/java/modules/ext/jaxws22/jaxws-tools.jar:/Applications/NetBeans/NetBeans 8.0.app/Contents/Resources/NetBeans/java/modules/ext/jaxws22/management-api.jar:/Applications/NetBeans/NetBeans 8.0.app/Contents/Resources/NetBeans/java/modules/ext/jaxws22/mimepull.jar:/Applications/NetBeans/NetBeans 8.0.app/Contents/Resources/NetBeans/java/modules/ext/jaxws22/policy.jar:/Applications/NetBeans/NetBeans 8.0.app/Contents/Resources/NetBeans/java/modules/ext/jaxws22/saaj-impl.jar:/Applications/NetBeans/NetBeans 8.0.app/Contents/Resources/NetBeans/java/modules/ext/jaxws22/stax-ex.jar:/Applications/NetBeans/NetBeans 8.0.app/Contents/Resources/NetBeans/java/modules/ext/jaxws22/stax2-api.jar:/Applications/NetBeans/NetBeans 8.0.app/Contents/Resources/NetBeans/java/modules/ext/jaxws22/streambuffer.jar:/Applications/NetBeans/NetBeans 8.0.app/Contents/Resources/NetBeans/java/modules/ext/jaxws22/woodstox-core-asl.jar:/Applications/NetBeans/NetBeans 8.0.app/Contents/Resources/NetBeans/java/modules/ext/jaxws22/api/jaxws-api.jar:/Applications/NetBeans/NetBeans 8.0.app/Contents/Resources/NetBeans/java/modules/ext/jaxws22/api/jsr181-api.jar:/Applications/NetBeans/NetBeans 8.0.app/Contents/Resources/NetBeans/java/modules/ext/jaxws22/api/javax.annotation.jar:/Applications/NetBeans/NetBeans 8.0.app/Contents/Resources/NetBeans/java/modules/ext/jaxws22/api/saaj-api.jar:/Applications/NetBeans/NetBeans 8.0.app/Contents/Resources/NetBeans/ide/modules/ext/jaxb/activation.jar:/Applications/NetBeans/NetBeans 8.0.app/Contents/Resources/NetBeans/ide/modules/ext/jaxb/api/jaxb-api.jar:/Applications/NetBeans/NetBeans 8.0.app/Contents/Resources/NetBeans/ide/modules/ext/jaxb/api/jsr173_1.0_api.jar" />
    <property name="libs.struts.src" value="" />
    <property name="apple.awt.graphics.UseQuartz" value="true" />
    <property name="user.language" value="it" />
    <property name="j2ee.platform.classpath" value="/Applications/NetBeans/glassfish-4.0/glassfish/modules/endorsed/javax.annotation-api.jar:/Applications/NetBeans/glassfish-4.0/glassfish/modules/endorsed/jaxb-api-osgi.jar:/Applications/NetBeans/glassfish-4.0/glassfish/modules/endorsed/webservices-api-osgi.jar:/Applications/NetBeans/glassfish-4.0/glassfish/modules/bean-validator.jar:/Applications/NetBeans/glassfish-4.0/glassfish/modules/javax.batch-api.jar:/Applications/NetBeans/glassfish-4.0/glassfish/modules/javax.ejb-api.jar:/Applications/NetBeans/glassfish-4.0/glassfish/modules/javax.el.jar:/Applications/NetBeans/glassfish-4.0/glassfish/modules/javax.enterprise.concurrent-api.jar:/Applications/NetBeans/glassfish-4.0/glassfish/modules/javax.enterprise.concurrent.jar:/Applications/NetBeans/glassfish-4.0/glassfish/modules/javax.enterprise.deploy-api.jar:/Applications/NetBeans/glassfish-4.0/glassfish/modules/javax.faces.jar:/Applications/NetBeans/glassfish-4.0/glassfish/modules/javax.inject.jar:/Applications/NetBeans/glassfish-4.0/glassfish/modules/javax.interceptor-api.jar:/Applications/NetBeans/glassfish-4.0/glassfish/modules/javax.jms-api.jar:/Applications/NetBeans/glassfish-4.0/glassfish/modules/javax.json.jar:/Applications/NetBeans/glassfish-4.0/glassfish/modules/javax.mail.jar:/Applications/NetBeans/glassfish-4.0/glassfish/modules/javax.management.j2ee-api.jar:/Applications/NetBeans/glassfish-4.0/glassfish/modules/javax.persistence.jar:/Applications/NetBeans/glassfish-4.0/glassfish/modules/javax.resource-api.jar:/Applications/NetBeans/glassfish-4.0/glassfish/modules/javax.security.auth.message-api.jar:/Applications/NetBeans/glassfish-4.0/glassfish/modules/javax.security.jacc-api.jar:/Applications/NetBeans/glassfish-4.0/glassfish/modules/javax.servlet-api.jar:/Applications/NetBeans/glassfish-4.0/glassfish/modules/javax.servlet.jsp-api.jar:/Applications/NetBeans/glassfish-4.0/glassfish/modules/javax.servlet.jsp.jar:/Applications/NetBeans/glassfish-4.0/glassfish/modules/javax.servlet.jsp.jstl-api.jar:/Applications/NetBeans/glassfish-4.0/glassfish/modules/javax.servlet.jsp.jstl.jar:/Applications/NetBeans/glassfish-4.0/glassfish/modules/javax.transaction-api.jar:/Applications/NetBeans/glassfish-4.0/glassfish/modules/javax.websocket-api.jar:/Applications/NetBeans/glassfish-4.0/glassfish/modules/javax.ws.rs-api.jar:/Applications/NetBeans/glassfish-4.0/glassfish/modules/javax.xml.registry-api.jar:/Applications/NetBeans/glassfish-4.0/glassfish/modules/javax.xml.rpc-api.jar:/Applications/NetBeans/glassfish-4.0/glassfish/modules/jaxb-osgi.jar:/Applications/NetBeans/glassfish-4.0/glassfish/modules/webservices-osgi.jar:/Applications/NetBeans/glassfish-4.0/glassfish/modules/weld-osgi-bundle.jar:/Applications/NetBeans/glassfish-4.0/mq/lib/jaxm-api.jar" />
    <property name="testng.mode" value="testng" />
    <property name="libs.JAXB-ENDORSED.maven-pom" value="" />
    <property name="libs.eclipselink.maven-pom" value="" />
    <property name="test.binaryincludes" value="&lt;nothing&gt;" />
    <property name="libs.primefaces.javadoc" value="" />
    <property name="libs.spring-framework300.maven-pom" value="" />
    <property name="run.test.classpath" value="../../ServerMDBRemoteInterface/dist/ServerMDBRemoteInterface.jar:lib/commons-beanutils-1.8.3.jar:lib/commons-collections-3.2.1.jar:lib/commons-lang-2.6.jar:lib/commons-logging-1.1.3.jar:lib/core-3.0.1.jar:lib/ezmorph-1.0.6.jar:lib/javase-3.0.1.jar:lib/javax.ejb-api.jar:lib/json-lib-2.4-jdk15.jar:lib/log4j-1.2.17.jar:lib/log4j-over-slf4j-1.7.7.jar:lib/slf4j-api-1.7.7.jar:lib/slf4j-jdk14-1.7.7.jar:lib/slf4j-log4j12-1.7.7.jar:lib/slf4j-simple-1.7.7.jar:lib/webcam-capture-0.3.10-RC6.jar:/Applications/NetBeans/NetBeans 8.0.app/Contents/Resources/NetBeans/java/modules/ext/eclipselink/eclipselink.jar:/Applications/NetBeans/NetBeans 8.0.app/Contents/Resources/NetBeans/java/modules/ext/eclipselink/javax.persistence_2.1.0.v201304241213.jar:/Applications/NetBeans/NetBeans 8.0.app/Contents/Resources/NetBeans/java/modules/ext/eclipselink/org.eclipse.persistence.jpa.jpql_2.5.1.v20130918-f2b9fc5.jar:/Applications/NetBeans/glassfish-4.0/javadb/lib/derby.jar:/Applications/NetBeans/glassfish-4.0/javadb/lib/derbyclient.jar:/Applications/NetBeans/glassfish-4.0/javadb/lib/derbynet.jar:/Applications/NetBeans/NetBeans 8.0.app/Contents/Resources/NetBeans/java/modules/ext/eclipselink/javax.persistence_2.1.0.v201304241213.jar:build/classes:/Applications/NetBeans/NetBeans 8.0.app/Contents/Resources/NetBeans/platform/modules/ext/junit-4.10.jar:build/test/classes" />
    <property name="ant.project.invoked-targets" value="test" />
    <property name="ant.file.ServerMDB-ejb" value="/Users/Blanco/NetBeansProjects/ServerMDB/ServerMDB-ejb/build.xml" />
    <property name="test.binaryexcludes" value="" />
    <property name="libs.swing-layout.javadoc" value="/Applications/NetBeans/NetBeans 8.0.app/Contents/Resources/NetBeans/platform/docs/swing-layout-1.0.4-doc.zip" />
    <property name="sun.java2d.dpiaware" value="true" />
    <property name="libs.hibernate4-persistence.maven-pom" value="" />
    <property name="gopherProxySet" value="false" />
    <property name="libs.DataBindingME-SVG.classpath" value="/Applications/NetBeans/NetBeans 8.0.app/Contents/Resources/NetBeans/mobility/modules/ext/netbeans_databindingme_svg.jar" />
    <property name="https.nonProxyHosts" value="localhost|127.0.0.1|MacBook-Pro-di-Francesco-4.local" />
    <property name="libs.PostgreSQLDriver.maven-pom" value="" />
    <property name="java.class.version" value="51.0" />
    <property name="libs.JAVADB_DRIVER_LABEL.classpath" value="/Applications/NetBeans/glassfish-4.0/javadb/lib/derby.jar:/Applications/NetBeans/glassfish-4.0/javadb/lib/derbyclient.jar:/Applications/NetBeans/glassfish-4.0/javadb/lib/derbynet.jar" />
    <property name="libs.hibernate4-persistencemodelgen.maven-pom" value="" />
    <property name="file.reference.ezmorph-1.0.6.jar" value="lib/ezmorph-1.0.6.jar" />
    <property name="libs.javaee-endorsed-api-6.0.src" value="" />
    <property name="libs.eclipselink.javadoc" value="" />
    <property name="libs.jsp-compilation.maven-pom" value="" />
    <property name="user.properties.file" value="/Users/Blanco/Library/Application Support/NetBeans/8.0/build.properties" />
    <property name="libs.javac-api.maven-pom" value="" />
    <property name="file.encoding.pkg" value="sun.io" />
    <property name="sun.cpu.endian" value="little" />
    <property name="libs.JAXB-ENDORSED.javadoc" value="" />
    <property name="j2ee.server.middleware" value="/Applications/NetBeans/glassfish-4.0" />
    <property name="libs.JWSAntTasks.classpath" value="/Applications/NetBeans/NetBeans 8.0.app/Contents/Resources/NetBeans/java/ant/extra/org-netbeans-modules-javawebstart-anttasks.jar" />
    <property name="libs.spring-webmvc4.0.maven-pom" value="" />
    <property name="libs.spring-framework300.src" value="" />
    <property name="libs.jstl.src" value="" />
    <property name="empty.dir" value="/Users/Blanco/NetBeansProjects/ServerMDB/ServerMDB-ejb/build/empty" />
    <property name="version-output" value="java version &quot;1.7.0_51&quot;&#xa;Java(TM) SE Runtime Environment (build 1.7.0_51-b13)&#xa;Java HotSpot(TM) 64-Bit Server VM (build 24.51-b03, mixed mode)" />
    <property name="test.binarytestincludes" value="" />
    <property name="libs.hibernate4-persistencemodelgen.src" value="" />
    <property name="javadoc.preview" value="true" />
    <property name="socksNonProxyHosts" value="local|*.local|169.254/16|*.169.254/16" />
    <property name="libs.jpa20-persistence.javadoc" value="" />
    <property name="java.home" value="/Library/Java/JavaVirtualMachines/jdk1.7.0_51.jdk/Contents/Home/jre" />
    <property name="libs.jsp-compilation.src" value="" />
    <property name="debug.test.classpath" value="../../ServerMDBRemoteInterface/dist/ServerMDBRemoteInterface.jar:lib/commons-beanutils-1.8.3.jar:lib/commons-collections-3.2.1.jar:lib/commons-lang-2.6.jar:lib/commons-logging-1.1.3.jar:lib/core-3.0.1.jar:lib/ezmorph-1.0.6.jar:lib/javase-3.0.1.jar:lib/javax.ejb-api.jar:lib/json-lib-2.4-jdk15.jar:lib/log4j-1.2.17.jar:lib/log4j-over-slf4j-1.7.7.jar:lib/slf4j-api-1.7.7.jar:lib/slf4j-jdk14-1.7.7.jar:lib/slf4j-log4j12-1.7.7.jar:lib/slf4j-simple-1.7.7.jar:lib/webcam-capture-0.3.10-RC6.jar:/Applications/NetBeans/NetBeans 8.0.app/Contents/Resources/NetBeans/java/modules/ext/eclipselink/eclipselink.jar:/Applications/NetBeans/NetBeans 8.0.app/Contents/Resources/NetBeans/java/modules/ext/eclipselink/javax.persistence_2.1.0.v201304241213.jar:/Applications/NetBeans/NetBeans 8.0.app/Contents/Resources/NetBeans/java/modules/ext/eclipselink/org.eclipse.persistence.jpa.jpql_2.5.1.v20130918-f2b9fc5.jar:/Applications/NetBeans/glassfish-4.0/javadb/lib/derby.jar:/Applications/NetBeans/glassfish-4.0/javadb/lib/derbyclient.jar:/Applications/NetBeans/glassfish-4.0/javadb/lib/derbynet.jar:/Applications/NetBeans/NetBeans 8.0.app/Contents/Resources/NetBeans/java/modules/ext/eclipselink/javax.persistence_2.1.0.v201304241213.jar:build/classes:/Applications/NetBeans/NetBeans 8.0.app/Contents/Resources/NetBeans/platform/modules/ext/junit-4.10.jar:build/test/classes" />
    <property name="libs.javaee-endorsed-api-6.0.classpath" value="/Applications/NetBeans/NetBeans 8.0.app/Contents/Resources/NetBeans/enterprise/modules/ext/javaee6-endorsed/javax.annotation.jar:/Applications/NetBeans/NetBeans 8.0.app/Contents/Resources/NetBeans/enterprise/modules/ext/javaee6-endorsed/jaxb-api-osgi.jar:/Applications/NetBeans/NetBeans 8.0.app/Contents/Resources/NetBeans/enterprise/modules/ext/javaee6-endorsed/webservices-api-osgi.jar" />
    <property name="libs.javaee-api-6.0.src" value="" />
    <property name="netbeans.importclass" value="org.netbeans.upgrade.AutoUpgrade" />
    <property name="ant.project.default-target" value="default" />
    <property name="annotation.processing.run.all.processors" value="true" />
    <property name="file.reference.javax.ejb-api.jar" value="lib/javax.ejb-api.jar" />
    <property name="libs.DataBindingME.maven-pom" value="" />
    <property name="libs.PostgreSQLDriver.javadoc" value="" />
    <property name="libs.restlib.classpath" value="/Applications/NetBeans/NetBeans 8.0.app/Contents/Resources/NetBeans/enterprise/modules/ext/jersey2/ext/asm-all-repackaged-2.1.88.jar:/Applications/NetBeans/NetBeans 8.0.app/Contents/Resources/NetBeans/enterprise/modules/ext/jersey2/ext/cglib-2.1.88.jar:/Applications/NetBeans/NetBeans 8.0.app/Contents/Resources/NetBeans/enterprise/modules/ext/jersey2/ext/guava-14.0.1.jar:/Applications/NetBeans/NetBeans 8.0.app/Contents/Resources/NetBeans/enterprise/modules/ext/jersey2/ext/hk2-api-2.1.88.jar:/Applications/NetBeans/NetBeans 8.0.app/Contents/Resources/NetBeans/enterprise/modules/ext/jersey2/ext/hk2-locator-2.1.88.jar:/Applications/NetBeans/NetBeans 8.0.app/Contents/Resources/NetBeans/enterprise/modules/ext/jersey2/ext/hk2-utils-2.1.88.jar:/Applications/NetBeans/NetBeans 8.0.app/Contents/Resources/NetBeans/enterprise/modules/ext/jersey2/ext/javax.annotation-api-1.2.jar:/Applications/NetBeans/NetBeans 8.0.app/Contents/Resources/NetBeans/enterprise/modules/ext/jersey2/ext/javax.inject-2.1.88.jar:/Applications/NetBeans/NetBeans 8.0.app/Contents/Resources/NetBeans/enterprise/modules/ext/jersey2/ext/javax.servlet-api-3.1.0.jar:/Applications/NetBeans/NetBeans 8.0.app/Contents/Resources/NetBeans/enterprise/modules/ext/jersey2/ext/jaxb-api-2.2.7.jar:/Applications/NetBeans/NetBeans 8.0.app/Contents/Resources/NetBeans/enterprise/modules/ext/jersey2/ext/org.osgi.core-4.2.0.jar:/Applications/NetBeans/NetBeans 8.0.app/Contents/Resources/NetBeans/enterprise/modules/ext/jersey2/ext/osgi-resource-locator-1.0.1.jar:/Applications/NetBeans/NetBeans 8.0.app/Contents/Resources/NetBeans/enterprise/modules/ext/jersey2/ext/persistence-api-1.0.jar:/Applications/NetBeans/NetBeans 8.0.app/Contents/Resources/NetBeans/enterprise/modules/ext/jersey2/ext/validation-api-1.1.0.jar:/Applications/NetBeans/NetBeans 8.0.app/Contents/Resources/NetBeans/enterprise/modules/ext/jersey2/jersey-client.jar:/Applications/NetBeans/NetBeans 8.0.app/Contents/Resources/NetBeans/enterprise/modules/ext/jersey2/jersey-common.jar:/Applications/NetBeans/NetBeans 8.0.app/Contents/Resources/NetBeans/enterprise/modules/ext/jersey2/jersey-container-servlet.jar:/Applications/NetBeans/NetBeans 8.0.app/Contents/Resources/NetBeans/enterprise/modules/ext/jersey2/jersey-container-servlet-core.jar:/Applications/NetBeans/NetBeans 8.0.app/Contents/Resources/NetBeans/enterprise/modules/ext/jersey2/jersey-server.jar:/Applications/NetBeans/NetBeans 8.0.app/Contents/Resources/NetBeans/enterprise/modules/ext/jersey2/extensions/jackson-core-asl-1.9.11.jar:/Applications/NetBeans/NetBeans 8.0.app/Contents/Resources/NetBeans/enterprise/modules/ext/jersey2/extensions/jackson-jaxrs-1.9.11.jar:/Applications/NetBeans/NetBeans 8.0.app/Contents/Resources/NetBeans/enterprise/modules/ext/jersey2/extensions/jackson-mapper-asl-1.9.11.jar:/Applications/NetBeans/NetBeans 8.0.app/Contents/Resources/NetBeans/enterprise/modules/ext/jersey2/extensions/jackson-xc-1.9.11.jar:/Applications/NetBeans/NetBeans 8.0.app/Contents/Resources/NetBeans/enterprise/modules/ext/jersey2/extensions/jersey-media-json-jackson-2.0.jar:/Applications/NetBeans/NetBeans 8.0.app/Contents/Resources/NetBeans/enterprise/modules/ext/jersey2/extensions/jersey-media-json-jettison-2.0.jar:/Applications/NetBeans/NetBeans 8.0.app/Contents/Resources/NetBeans/enterprise/modules/ext/jersey2/extensions/jettison-1.3.3.jar" />
    <property name="libs.MySQLDriver.maven-pom" value="" />
    <property name="j2ee.platform.wsgen.classpath" value="/Applications/NetBeans/glassfish-4.0/glassfish/modules/webservices-osgi.jar:/Applications/NetBeans/glassfish-4.0/glassfish/modules/endorsed/webservices-api-osgi.jar:/Applications/NetBeans/glassfish-4.0/glassfish/modules/jaxb-osgi.jar:/Applications/NetBeans/glassfish-4.0/glassfish/modules/endorsed/jaxb-api-osgi.jar" />
    <property name="platforms.JDK_1.7.0_51.bootclasspath" value="/Library/Java/JavaVirtualMachines/jdk1.7.0_51.jdk/Contents/Home/jre/lib/resources.jar:/Library/Java/JavaVirtualMachines/jdk1.7.0_51.jdk/Contents/Home/jre/lib/rt.jar:/Library/Java/JavaVirtualMachines/jdk1.7.0_51.jdk/Contents/Home/jre/lib/sunrsasign.jar:/Library/Java/JavaVirtualMachines/jdk1.7.0_51.jdk/Contents/Home/jre/lib/jsse.jar:/Library/Java/JavaVirtualMachines/jdk1.7.0_51.jdk/Contents/Home/jre/lib/jce.jar:/Library/Java/JavaVirtualMachines/jdk1.7.0_51.jdk/Contents/Home/jre/lib/charsets.jar:/Library/Java/JavaVirtualMachines/jdk1.7.0_51.jdk/Contents/Home/jre/lib/jfr.jar:/Library/Java/JavaVirtualMachines/jdk1.7.0_51.jdk/Contents/Home/jre/classes:/Library/Java/JavaVirtualMachines/jdk1.7.0_51.jdk/Contents/Home/jre/lib/ext/dnsns.jar:/Library/Java/JavaVirtualMachines/jdk1.7.0_51.jdk/Contents/Home/jre/lib/ext/localedata.jar:/Library/Java/JavaVirtualMachines/jdk1.7.0_51.jdk/Contents/Home/jre/lib/ext/sunec.jar:/Library/Java/JavaVirtualMachines/jdk1.7.0_51.jdk/Contents/Home/jre/lib/ext/sunjce_provider.jar:/Library/Java/JavaVirtualMachines/jdk1.7.0_51.jdk/Contents/Home/jre/lib/ext/sunpkcs11.jar:/Library/Java/JavaVirtualMachines/jdk1.7.0_51.jdk/Contents/Home/jre/lib/ext/zipfs.jar:/System/Library/Java/Extensions/AppleScriptEngine.jar:/System/Library/Java/Extensions/dns_sd.jar:/System/Library/Java/Extensions/j3daudio.jar:/System/Library/Java/Extensions/j3dcore.jar:/System/Library/Java/Extensions/j3dutils.jar:/System/Library/Java/Extensions/jai_codec.jar:/System/Library/Java/Extensions/jai_core.jar:/System/Library/Java/Extensions/mlibwrapper_jai.jar:/System/Library/Java/Extensions/MRJToolkit.jar:/System/Library/Java/Extensions/QTJava.zip:/System/Library/Java/Extensions/vecmath.jar" />
    <property name="libs.hibernate4-persistence.javadoc" value="" />
    <property name="file.reference.slf4j-jdk14-1.7.7.jar" value="lib/slf4j-jdk14-1.7.7.jar" />
    <property name="http.nonProxyHosts" value="local|*.local|169.254/16|*.169.254/16" />
    <property name="libs.junit_4.javadoc" value="/Applications/NetBeans/NetBeans 8.0.app/Contents/Resources/NetBeans/java/docs/junit-4.10-javadoc.jar" />
    <property name="libs.EclipseLink-GlassFish-v3.maven-pom" value="" />
    <property name="libs.javaee-web-api-6.0.maven-pom" value="" />
    <property name="j2ee.deploy.on.save" value="true" />
    <property name="jar.name" value="ServerMDB-ejb.jar" />
    <property name="jna.boot.library.name" value="jnidispatch-340" />
    <property name="libs.javaee-endorsed-api-6.0.javadoc" value="/Applications/NetBeans/NetBeans 8.0.app/Contents/Resources/NetBeans/enterprise/docs/javaee-doc-api.jar" />
    <property name="libs.javaee-api-7.0.classpath" value="/Applications/NetBeans/NetBeans 8.0.app/Contents/Resources/NetBeans/enterprise/modules/ext/javaee-api-7.0.jar" />
    <property name="sun.awt.datatransfer.timeout" value="1000" />
    <property name="libs.spring-webmvc3.0.javadoc" value="" />
    <property name="libs.jpa2-persistence.maven-pom" value="" />
    <property name="annotation.processing.enabled.in.editor" value="true" />
    <property name="libs.hibernate4-support.classpath" value="/Applications/NetBeans/NetBeans 8.0.app/Contents/Resources/NetBeans/java/modules/ext/hibernate4/antlr-2.7.7.jar:/Applications/NetBeans/NetBeans 8.0.app/Contents/Resources/NetBeans/java/modules/ext/hibernate4/c3p0-0.9.2.1.jar:/Applications/NetBeans/NetBeans 8.0.app/Contents/Resources/NetBeans/java/modules/ext/hibernate4/hibernate-c3p0-4.2.6.Final.jar:/Applications/NetBeans/NetBeans 8.0.app/Contents/Resources/NetBeans/java/modules/ext/hibernate4/dom4j-1.6.1.jar:/Applications/NetBeans/NetBeans 8.0.app/Contents/Resources/NetBeans/java/modules/ext/hibernate4/ehcache-core-2.4.3.jar:/Applications/NetBeans/NetBeans 8.0.app/Contents/Resources/NetBeans/java/modules/ext/hibernate4/hibernate-ehcache-4.2.6.Final.jar:/Applications/NetBeans/NetBeans 8.0.app/Contents/Resources/NetBeans/java/modules/ext/hibernate4/hibernate-core-4.2.6.Final.jar:/Applications/NetBeans/NetBeans 8.0.app/Contents/Resources/NetBeans/java/modules/ext/hibernate4/jboss-logging-3.1.0.GA.jar:/Applications/NetBeans/NetBeans 8.0.app/Contents/Resources/NetBeans/java/modules/ext/hibernate4/hibernate-commons-annotations-4.0.2.Final.jar:/Applications/NetBeans/NetBeans 8.0.app/Contents/Resources/NetBeans/java/modules/ext/hibernate4/hibernate-entitymanager-4.2.6.Final.jar:/Applications/NetBeans/NetBeans 8.0.app/Contents/Resources/NetBeans/java/modules/ext/hibernate4/javassist-3.15.0-GA.jar:/Applications/NetBeans/NetBeans 8.0.app/Contents/Resources/NetBeans/java/modules/ext/hibernate4/jboss-transaction-api_1.1_spec-1.0.1.Final.jar:/Applications/NetBeans/NetBeans 8.0.app/Contents/Resources/NetBeans/java/modules/ext/hibernate4/slf4j-api-1.6.1.jar:/Applications/NetBeans/NetBeans 8.0.app/Contents/Resources/NetBeans/java/modules/ext/hibernate4/slf4j-simple-1.6.1.jar" />
    <property name="nb.native.filechooser" value="false" />
    <property name="libs.restapi.src" value="" />
    <property name="sun.management.compiler" value="HotSpot 64-Bit Tiered Compilers" />
    <property name="libs.j2me_common_ant.javadoc" value="" />
    <property name="javac.deprecation" value="false" />
    <property name="javadoc.use" value="true" />
    <property name="sun.java2d.noddraw" value="true" />
    <property name="libs.jsp-compiler.classpath" value="/Applications/NetBeans/NetBeans 8.0.app/Contents/Resources/NetBeans/enterprise/ant/extra/jspcompile.jar" />
    <property name="javac.processorpath" value="../../ServerMDBRemoteInterface/dist/ServerMDBRemoteInterface.jar:lib/commons-beanutils-1.8.3.jar:lib/commons-collections-3.2.1.jar:lib/commons-lang-2.6.jar:lib/commons-logging-1.1.3.jar:lib/core-3.0.1.jar:lib/ezmorph-1.0.6.jar:lib/javase-3.0.1.jar:lib/javax.ejb-api.jar:lib/json-lib-2.4-jdk15.jar:lib/log4j-1.2.17.jar:lib/log4j-over-slf4j-1.7.7.jar:lib/slf4j-api-1.7.7.jar:lib/slf4j-jdk14-1.7.7.jar:lib/slf4j-log4j12-1.7.7.jar:lib/slf4j-simple-1.7.7.jar:lib/webcam-capture-0.3.10-RC6.jar:/Applications/NetBeans/NetBeans 8.0.app/Contents/Resources/NetBeans/java/modules/ext/eclipselink/eclipselink.jar:/Applications/NetBeans/NetBeans 8.0.app/Contents/Resources/NetBeans/java/modules/ext/eclipselink/javax.persistence_2.1.0.v201304241213.jar:/Applications/NetBeans/NetBeans 8.0.app/Contents/Resources/NetBeans/java/modules/ext/eclipselink/org.eclipse.persistence.jpa.jpql_2.5.1.v20130918-f2b9fc5.jar:/Applications/NetBeans/glassfish-4.0/javadb/lib/derby.jar:/Applications/NetBeans/glassfish-4.0/javadb/lib/derbyclient.jar:/Applications/NetBeans/glassfish-4.0/javadb/lib/derbynet.jar:/Applications/NetBeans/NetBeans 8.0.app/Contents/Resources/NetBeans/java/modules/ext/eclipselink/javax.persistence_2.1.0.v201304241213.jar:/Applications/NetBeans/NetBeans 8.0.app/Contents/Resources/NetBeans/java/modules/ext/eclipselink/eclipselink.jar:/Applications/NetBeans/NetBeans 8.0.app/Contents/Resources/NetBeans/java/modules/ext/eclipselink/javax.persistence_2.1.0.v201304241213.jar:/Applications/NetBeans/NetBeans 8.0.app/Contents/Resources/NetBeans/java/modules/ext/eclipselink/org.eclipse.persistence.jpa.jpql_2.5.1.v20130918-f2b9fc5.jar:/Applications/NetBeans/NetBeans 8.0.app/Contents/Resources/NetBeans/java/modules/ext/eclipselink/org.eclipse.persistence.jpa.modelgen_2.5.1.v20130918-f2b9fc5.jar" />
    <property name="javac.compilerargs" value="" />
    <property name="ant.file" value="/Users/Blanco/NetBeansProjects/ServerMDB/ServerMDB-ejb/build.xml" />
    <property name="jars.in.ejbjar" value="false" />
    <property name="libs.beans-binding.maven-pom" value="" />
    <property name="libs.hibernate4-support.javadoc" value="" />
    <property name="libs.jsf12.classpath" value="/Applications/NetBeans/NetBeans 8.0.app/Contents/Resources/NetBeans/enterprise/modules/ext/jsf-1_2/commons-beanutils.jar:/Applications/NetBeans/NetBeans 8.0.app/Contents/Resources/NetBeans/enterprise/modules/ext/jsf-1_2/commons-collections.jar:/Applications/NetBeans/NetBeans 8.0.app/Contents/Resources/NetBeans/enterprise/modules/ext/jsf-1_2/commons-digester.jar:/Applications/NetBeans/NetBeans 8.0.app/Contents/Resources/NetBeans/enterprise/modules/ext/jsf-1_2/commons-logging.jar:/Applications/NetBeans/NetBeans 8.0.app/Contents/Resources/NetBeans/enterprise/modules/ext/jsf-1_2/jsf-api.jar:/Applications/NetBeans/NetBeans 8.0.app/Contents/Resources/NetBeans/enterprise/modules/ext/jsf-1_2/jsf-impl.jar" />
    <property name="libs.Java-EE-GlassFish-v3-Prelude.classpath" value="/Applications/NetBeans/glassfish-4.0/glassfish/modules/endorsed/javax.annotation-api.jar:/Applications/NetBeans/glassfish-4.0/glassfish/modules/endorsed/jaxb-api-osgi.jar:/Applications/NetBeans/glassfish-4.0/glassfish/modules/endorsed/webservices-api-osgi.jar:/Applications/NetBeans/glassfish-4.0/glassfish/modules/bean-validator.jar:/Applications/NetBeans/glassfish-4.0/glassfish/modules/javax.batch-api.jar:/Applications/NetBeans/glassfish-4.0/glassfish/modules/javax.ejb-api.jar:/Applications/NetBeans/glassfish-4.0/glassfish/modules/javax.el.jar:/Applications/NetBeans/glassfish-4.0/glassfish/modules/javax.enterprise.concurrent-api.jar:/Applications/NetBeans/glassfish-4.0/glassfish/modules/javax.enterprise.concurrent.jar:/Applications/NetBeans/glassfish-4.0/glassfish/modules/javax.enterprise.deploy-api.jar:/Applications/NetBeans/glassfish-4.0/glassfish/modules/javax.faces.jar:/Applications/NetBeans/glassfish-4.0/glassfish/modules/javax.inject.jar:/Applications/NetBeans/glassfish-4.0/glassfish/modules/javax.interceptor-api.jar:/Applications/NetBeans/glassfish-4.0/glassfish/modules/javax.jms-api.jar:/Applications/NetBeans/glassfish-4.0/glassfish/modules/javax.json.jar:/Applications/NetBeans/glassfish-4.0/glassfish/modules/javax.mail.jar:/Applications/NetBeans/glassfish-4.0/glassfish/modules/javax.management.j2ee-api.jar:/Applications/NetBeans/glassfish-4.0/glassfish/modules/javax.persistence.jar:/Applications/NetBeans/glassfish-4.0/glassfish/modules/javax.resource-api.jar:/Applications/NetBeans/glassfish-4.0/glassfish/modules/javax.security.auth.message-api.jar:/Applications/NetBeans/glassfish-4.0/glassfish/modules/javax.security.jacc-api.jar:/Applications/NetBeans/glassfish-4.0/glassfish/modules/javax.servlet-api.jar:/Applications/NetBeans/glassfish-4.0/glassfish/modules/javax.servlet.jsp-api.jar:/Applications/NetBeans/glassfish-4.0/glassfish/modules/javax.servlet.jsp.jar:/Applications/NetBeans/glassfish-4.0/glassfish/modules/javax.servlet.jsp.jstl-api.jar:/Applications/NetBeans/glassfish-4.0/glassfish/modules/javax.servlet.jsp.jstl.jar:/Applications/NetBeans/glassfish-4.0/glassfish/modules/javax.transaction-api.jar:/Applications/NetBeans/glassfish-4.0/glassfish/modules/javax.websocket-api.jar:/Applications/NetBeans/glassfish-4.0/glassfish/modules/javax.ws.rs-api.jar:/Applications/NetBeans/glassfish-4.0/glassfish/modules/javax.xml.registry-api.jar:/Applications/NetBeans/glassfish-4.0/glassfish/modules/javax.xml.rpc-api.jar:/Applications/NetBeans/glassfish-4.0/glassfish/modules/jaxb-osgi.jar:/Applications/NetBeans/glassfish-4.0/glassfish/modules/webservices-osgi.jar:/Applications/NetBeans/glassfish-4.0/glassfish/modules/weld-osgi-bundle.jar:/Applications/NetBeans/glassfish-4.0/mq/lib/jaxm-api.jar" />
    <property name="has.custom.manifest" value="true" />
    <property name="libs.jstl.maven-pom" value="" />
    <property name="libs.restapi.maven-pom" value="" />
    <property name="libs.beans-binding.src" value="" />
    <property name="java.vm.specification.vendor" value="Oracle Corporation" />
    <property name="libs.DataBindingME-PIM.javadoc" value="/Applications/NetBeans/NetBeans 8.0.app/Contents/Resources/NetBeans/mobility/modules/docs/netbeans_databindingme_pim-api.zip" />
    <property name="libs.swing-layout.src" value="/Applications/NetBeans/NetBeans 8.0.app/Contents/Resources/NetBeans/platform/docs/swing-layout-1.0.4-src.zip" />
    <property name="org.openide.major.version" value="IDE/1" />
    <property name="java.vm.name" value="Java HotSpot(TM) 64-Bit Server VM" />
    <property name="netbeans.user" value="/Users/Blanco/Library/Application Support/NetBeans/8.0" />
    <property name="javadoc.additionalparam" value="" />
    <property name="java.io.tmpdir" value="/var/folders/91/_96jrfg142941qywygtds82w0000gn/T/" />
    <property name="java.vendor.url" value="http://java.oracle.com/" />
    <property name="endorsed.classpath.cmd.line.arg" value="-Xbootclasspath/p:&apos;/Applications/NetBeans/NetBeans 8.0.app/Contents/Resources/NetBeans/enterprise/modules/ext/javaee6-endorsed/javax.annotation.jar:/Applications/NetBeans/NetBeans 8.0.app/Contents/Resources/NetBeans/enterprise/modules/ext/javaee6-endorsed/jaxb-api-osgi.jar:/Applications/NetBeans/NetBeans 8.0.app/Contents/Resources/NetBeans/enterprise/modules/ext/javaee6-endorsed/webservices-api-osgi.jar&apos;" />
    <property name="junit.available" value="true" />
    <property name="j2ee.platform.wsit.classpath" value="" />
    <property name="ant.file.type.ServerMDB-ejb" value="file" />
    <property name="libs.jsp-compiler.src" value="" />
    <property name="deploy.ant.properties.file" value="/Users/Blanco/Library/Application Support/NetBeans/8.0/config/GlassFishEE6/Properties/gfv31269677133.properties" />
    <property name="j2ee.platform.wscompile.classpath" value="/Applications/NetBeans/glassfish-4.0/glassfish/modules/webservices-osgi.jar" />
    <property name="sun.boot.library.path" value="/Library/Java/JavaVirtualMachines/jdk1.7.0_51.jdk/Contents/Home/jre/lib" />
    <property name="have.sources" value="true" />
    <property name="file.reference.slf4j-simple-1.7.7.jar" value="lib/slf4j-simple-1.7.7.jar" />
    <property name="debug.classpath" value="../../ServerMDBRemoteInterface/dist/ServerMDBRemoteInterface.jar:lib/commons-beanutils-1.8.3.jar:lib/commons-collections-3.2.1.jar:lib/commons-lang-2.6.jar:lib/commons-logging-1.1.3.jar:lib/core-3.0.1.jar:lib/ezmorph-1.0.6.jar:lib/javase-3.0.1.jar:lib/javax.ejb-api.jar:lib/json-lib-2.4-jdk15.jar:lib/log4j-1.2.17.jar:lib/log4j-over-slf4j-1.7.7.jar:lib/slf4j-api-1.7.7.jar:lib/slf4j-jdk14-1.7.7.jar:lib/slf4j-log4j12-1.7.7.jar:lib/slf4j-simple-1.7.7.jar:lib/webcam-capture-0.3.10-RC6.jar:/Applications/NetBeans/NetBeans 8.0.app/Contents/Resources/NetBeans/java/modules/ext/eclipselink/eclipselink.jar:/Applications/NetBeans/NetBeans 8.0.app/Contents/Resources/NetBeans/java/modules/ext/eclipselink/javax.persistence_2.1.0.v201304241213.jar:/Applications/NetBeans/NetBeans 8.0.app/Contents/Resources/NetBeans/java/modules/ext/eclipselink/org.eclipse.persistence.jpa.jpql_2.5.1.v20130918-f2b9fc5.jar:/Applications/NetBeans/glassfish-4.0/javadb/lib/derby.jar:/Applications/NetBeans/glassfish-4.0/javadb/lib/derbyclient.jar:/Applications/NetBeans/glassfish-4.0/javadb/lib/derbynet.jar:/Applications/NetBeans/NetBeans 8.0.app/Contents/Resources/NetBeans/java/modules/ext/eclipselink/javax.persistence_2.1.0.v201304241213.jar:build/classes" />
    <property name="javadoc.private" value="false" />
    <property name="test.src.dir" value="test" />
    <property name="libs.jsf20.classpath" value="/Applications/NetBeans/NetBeans 8.0.app/Contents/Resources/NetBeans/enterprise/modules/ext/jsf-2_2/javax.faces.jar" />
    <property name="ap.processors.internal" value="" />
    <property name="javadoc.encoding.used" value="UTF-8" />
    <property name="libs.DataBindingME-SVG.src" value="/Applications/NetBeans/NetBeans 8.0.app/Contents/Resources/NetBeans/mobility/sources/netbeans_databindingme_svg-src.zip" />
    <property name="dist.jar" value="dist/ServerMDB-ejb.jar" />
    <property name="libs.spring-framework400.maven-pom" value="" />
    <property name="java.runtime.name" value="Java(TM) SE Runtime Environment" />
    <property name="ant.project.name" value="ServerMDB-ejb" />
    <property name="file.reference.slf4j-api-1.7.7.jar" value="lib/slf4j-api-1.7.7.jar" />
    <property name="netbeans.hash.code" value="unique=NB_JAVA_WEBCOMMON_WEBEE_MOB_CND_GROOVY_PHP_GFMOD01c0f0e15-3df3-4e53-8908-f62a4fce850d_ac84bd14-cb06-4d49-9817-638ef872b716" />
    <property name="netbeans.default_userdir_root" value="/Users/Blanco/Library/Application Support/NetBeans" />
    <property name="libs.jsp-compilation-syscp.maven-pom" value="" />
    <property name="platform.javadoc" value="/Library/Java/JavaVirtualMachines/jdk1.7.0_51.jdk/Contents/Home/bin/javadoc" />
    <property name="platform.javadoc.tmp" value="${platforms.JDK_1.7.0_51.javadoc}" />
    <property name="sun.cpu.isalist" value="" />
    <property name="libs.spring-framework400.javadoc" value="" />
    <property name="libs.CopyLibs.javadoc" value="" />
    <property name="platform.compiler" value="${platforms.JDK_1.7.0_51.compile}" />
    <property name="j2ee.server.domain" value="/Applications/NetBeans/glassfish-4.0/glassfish/domains/domain1" />
    <property name="org.openide.specification.version" value="6.2" />
    <property name="j2ee.server.home" value="/Applications/NetBeans/glassfish-4.0/glassfish" />
    <property name="file.reference.commons-lang-2.6.jar" value="lib/commons-lang-2.6.jar" />
    <property name="libs.DataBindingME-PIM.classpath" value="/Applications/NetBeans/NetBeans 8.0.app/Contents/Resources/NetBeans/mobility/modules/ext/netbeans_databindingme_pim.jar" />
    <property name="user.home" value="/Users/Blanco" />
    <property name="annotation.processing.processors.list" value="" />
    <property name="debug-args-line" value="-Xdebug" />
    <property name="libs.primefaces.maven-pom" value="" />
    <property name="libs.javaee-api-6.0.maven-pom" value="" />
    <property name="libs.JWSAntTasks.src" value="" />
    <property name="platform.javac.tmp" value="${platforms.JDK_1.7.0_51.javac}" />
    <property name="libs.CopyLibs.maven-pom" value="" />
    <property name="file.reference.javase-3.0.1.jar" value="lib/javase-3.0.1.jar" />
    <property name="libs.absolutelayout.javadoc" value="" />
    <property name="libs.spring-framework300.javadoc" value="" />
    <property name="java.specification.name" value="Java Platform API Specification" />
    <property name="no.dist.ear.dir" value="true" />
    <property name="java.specification.vendor" value="Oracle Corporation" />
    <property name="libs.javac-api.classpath" value="/Applications/NetBeans/NetBeans 8.0.app/Contents/Resources/NetBeans/java/modules/ext/nb-javac-api.jar" />
    <property name="java.version" value="1.7.0_51" />
    <property name="javadoc.version" value="false" />
    <property name="run.jvmargs.ide" value="" />
    <property name="libs.MySQLDriver.javadoc" value="" />
    <property name="org.openide.version" value="deprecated" />
    <property name="file.reference.core-3.0.1.jar" value="lib/core-3.0.1.jar" />
    <property name="platform.java" value="/Library/Java/JavaVirtualMachines/jdk1.7.0_51.jdk/Contents/Home/bin/java" />
    <property name="source.encoding" value="UTF-8" />
    <property name="ap.cmd.line.internal" value="" />
    <property name="libs.eclipselinkmodelgen.maven-pom" value="" />
    <property name="libs.jsp-compilation-syscp.javadoc" value="" />
    <property name="libs.junit.maven-pom" value="" />
    <property name="libs.javaee-endorsed-api-7.0.classpath" value="/Applications/NetBeans/NetBeans 8.0.app/Contents/Resources/NetBeans/enterprise/modules/ext/javaee7-endorsed/javax.annotation-api.jar:/Applications/NetBeans/NetBeans 8.0.app/Contents/Resources/NetBeans/enterprise/modules/ext/javaee7-endorsed/javax.xml.soap-api.jar:/Applications/NetBeans/NetBeans 8.0.app/Contents/Resources/NetBeans/enterprise/modules/ext/javaee7-endorsed/jaxb-api-osgi.jar:/Applications/NetBeans/NetBeans 8.0.app/Contents/Resources/NetBeans/enterprise/modules/ext/javaee7-endorsed/jaxws-api.jar:/Applications/NetBeans/NetBeans 8.0.app/Contents/Resources/NetBeans/enterprise/modules/ext/javaee7-endorsed/jsr181-api.jar" />
    <property name="libs.eclipselinkmodelgen.javadoc" value="" />
    <property name="libs.metro.javadoc" value="/Applications/NetBeans/NetBeans 8.0.app/Contents/Resources/NetBeans/enterprise/docs/metro-1.4-doc.zip" />
    <property name="libs.struts.maven-pom" value="" />
    <property name="netbeans.home+have.tests" value="true" />
    <property name="annotation.processing.processor.options" value="-Aeclipselink.canonicalmodel.use_static_factory=false" />
    <property name="libs.testng.maven-pom" value="" />
    <property name="libs.jaxb.src" value="" />
    <property name="libs.jaxb.classpath" value="/Applications/NetBeans/NetBeans 8.0.app/Contents/Resources/NetBeans/ide/modules/ext/jaxb/jaxb-impl.jar:/Applications/NetBeans/NetBeans 8.0.app/Contents/Resources/NetBeans/ide/modules/ext/jaxb/jaxb-xjc.jar:/Applications/NetBeans/NetBeans 8.0.app/Contents/Resources/NetBeans/ide/modules/ext/jaxb/jaxb1-impl.jar:/Applications/NetBeans/NetBeans 8.0.app/Contents/Resources/NetBeans/ide/modules/ext/jaxb/activation.jar:/Applications/NetBeans/NetBeans 8.0.app/Contents/Resources/NetBeans/ide/modules/ext/jaxb/api/jaxb-api.jar:/Applications/NetBeans/NetBeans 8.0.app/Contents/Resources/NetBeans/ide/modules/ext/jaxb/api/jsr173_1.0_api.jar" />
    <property name="libs.j2me_common_ant.classpath" value="/Applications/NetBeans/NetBeans 8.0.app/Contents/Resources/NetBeans/mobility/modules/org-netbeans-modules-j2me-common-ant.jar:/Applications/NetBeans/NetBeans 8.0.app/Contents/Resources/NetBeans/java/modules/org-netbeans-modules-classfile.jar" />
    <property name="classes.dir" value="build/classes" />
    <property name="dist.javadoc.dir" value="dist/javadoc" />
    <property name="libs.spring-webmvc3.0.classpath" value="/Applications/NetBeans/NetBeans 8.0.app/Contents/Resources/NetBeans/java/modules/ext/spring-3.0/spring-webmvc-3.2.7.RELEASE.jar" />
    <property name="libs.swing-layout.classpath" value="/Applications/NetBeans/NetBeans 8.0.app/Contents/Resources/NetBeans/platform/modules/ext/swing-layout-1.0.4.jar" />
    <property name="libs.javaee-web-api-7.0.maven-pom" value="" />
    <property name="libs.restlib.src" value="" />
    <property name="javac.source" value="1.7" />
    <property name="build.generated.dir" value="build/generated" />
    <property name="line.separator" value="&#xa;" />
    <property name="java.specification.version" value="1.7" />
    <property name="java.vm.info" value="mixed mode" />
    <property name="libs.jaxws21.maven-pom" value="" />
    <property name="nb.junit.batch" value="true" />
    <property name="platform.java.tmp" value="${platforms.JDK_1.7.0_51.java}" />
    <property name="sun.boot.class.path" value="/Applications/NetBeans/NetBeans 8.0.app/Contents/Resources/NetBeans/enterprise/modules/ext/javaee6-endorsed/javax.annotation.jar:/Applications/NetBeans/NetBeans 8.0.app/Contents/Resources/NetBeans/enterprise/modules/ext/javaee6-endorsed/jaxb-api-osgi.jar:/Applications/NetBeans/NetBeans 8.0.app/Contents/Resources/NetBeans/enterprise/modules/ext/javaee6-endorsed/webservices-api-osgi.jar:/Library/Java/JavaVirtualMachines/jdk1.7.0_51.jdk/Contents/Home/jre/lib/resources.jar:/Library/Java/JavaVirtualMachines/jdk1.7.0_51.jdk/Contents/Home/jre/lib/rt.jar:/Library/Java/JavaVirtualMachines/jdk1.7.0_51.jdk/Contents/Home/jre/lib/sunrsasign.jar:/Library/Java/JavaVirtualMachines/jdk1.7.0_51.jdk/Contents/Home/jre/lib/jsse.jar:/Library/Java/JavaVirtualMachines/jdk1.7.0_51.jdk/Contents/Home/jre/lib/jce.jar:/Library/Java/JavaVirtualMachines/jdk1.7.0_51.jdk/Contents/Home/jre/lib/charsets.jar:/Library/Java/JavaVirtualMachines/jdk1.7.0_51.jdk/Contents/Home/jre/lib/jfr.jar:/Library/Java/JavaVirtualMachines/jdk1.7.0_51.jdk/Contents/Home/jre/classes" />
    <property name="javac.target" value="1.7" />
    <property name="build.test.classes.dir" value="build/test/classes" />
    <property name="src.dir" value="src/java" />
    <property name="libs.jpa2-persistence.src" value="" />
    <property name="annotation.processing.enabled" value="true" />
    <property name="libs.jsf20.src" value="" />
    <property name="libs.jpa20-persistence.src" value="" />
    <property name="libs.DataBindingME-SVG.maven-pom" value="" />
    <property name="libs.jsf12.src" value="" />
    <property name="j2ee.platform" value="1.7" />
    <property name="libs.JAVADB_DRIVER_LABEL.maven-pom" value="" />
    <property name="libs.struts.javadoc" value="/Applications/NetBeans/NetBeans 8.0.app/Contents/Resources/NetBeans/enterprise/docs/struts-1.3.10-javadoc.zip" />
    <property name="ignore.failing.tests" value="true" />
    <property name="libs.Comet-GlassFish-v3.classpath" value="" />
    <property name="libs.javaee-web-api-7.0.src" value="" />
    <property name="libs.primefaces.src" value="" />
    <property name="dist.dir" value="dist" />
    <property name="libs.groovy-all.javadoc" value="" />
    <property name="dist.ear.jar" value="dist/ServerMDB-ejb.jar" />
    <property name="testng.debug.mode" value="" />
    <property name="libs.groovy-all.classpath" value="/Applications/NetBeans/NetBeans 8.0.app/Contents/Resources/NetBeans/groovy/modules/ext/groovy-all.jar" />
    <property name="javac.fork" value="false" />
    <property name="java.awt.printerjob" value="sun.lwawt.macosx.CPrinterJob" />
    <property name="default.javac.source" value="1.8" />
    <property name="debug-transport-by-os" value="dt_socket" />
    <property name="sun.jnu.encoding" value="UTF-8" />
    <property name="libs.MySQLDriver.src" value="" />
    <property name="build.test.results.dir" value="build/test/results" />
    <property name="java.runtime.version" value="1.7.0_51-b13" />
    <property name="jna.platform.library.path" value="/usr/lib:/usr/lib" />
    <property name="default.javac.target" value="1.8" />
    <property name="libs.junit_4.classpath" value="/Applications/NetBeans/NetBeans 8.0.app/Contents/Resources/NetBeans/platform/modules/ext/junit-4.10.jar" />
    <property name="user.timezone" value="" />
    <property name="nb.junit.single" value="false" />
    <property name="reference.ServerMDBRemoteInterface.jar" value="../../ServerMDBRemoteInterface/dist/ServerMDBRemoteInterface.jar" />
    <property name="libs.JAVADB_DRIVER_LABEL.javadoc" value="" />
    <property name="libs.javaee-endorsed-api-6.0.maven-pom" value="" />
    <property name="netbeans.dirs" value="/Applications/NetBeans/NetBeans 8.0.app/Contents/Resources/NetBeans/nb:/Applications/NetBeans/NetBeans 8.0.app/Contents/Resources/NetBeans/ergonomics:/Applications/NetBeans/NetBeans 8.0.app/Contents/Resources/NetBeans/ide:/Applications/NetBeans/NetBeans 8.0.app/Contents/Resources/NetBeans/extide:/Applications/NetBeans/NetBeans 8.0.app/Contents/Resources/NetBeans/java:/Applications/NetBeans/NetBeans 8.0.app/Contents/Resources/NetBeans/apisupport:/Applications/NetBeans/NetBeans 8.0.app/Contents/Resources/NetBeans/webcommon:/Applications/NetBeans/NetBeans 8.0.app/Contents/Resources/NetBeans/websvccommon:/Applications/NetBeans/NetBeans 8.0.app/Contents/Resources/NetBeans/enterprise:/Applications/NetBeans/NetBeans 8.0.app/Contents/Resources/NetBeans/mobility:/Applications/NetBeans/NetBeans 8.0.app/Contents/Resources/NetBeans/profiler:/Applications/NetBeans/NetBeans 8.0.app/Contents/Resources/NetBeans/python:/Applications/NetBeans/NetBeans 8.0.app/Contents/Resources/NetBeans/php:/Applications/NetBeans/NetBeans 8.0.app/Contents/Resources/NetBeans/identity:/Applications/NetBeans/NetBeans 8.0.app/Contents/Resources/NetBeans/harness:/Applications/NetBeans/NetBeans 8.0.app/Contents/Resources/NetBeans/cnd:/Applications/NetBeans/NetBeans 8.0.app/Contents/Resources/NetBeans/dlight:/Applications/NetBeans/NetBeans 8.0.app/Contents/Resources/NetBeans/groovy:/Applications/NetBeans/NetBeans 8.0.app/Contents/Resources/NetBeans/extra:/Applications/NetBeans/NetBeans 8.0.app/Contents/Resources/NetBeans/javacard:/Applications/NetBeans/NetBeans 8.0.app/Contents/Resources/NetBeans/javafx:" />
    <property name="libs.jsf20.javadoc" value="/Applications/NetBeans/NetBeans 8.0.app/Contents/Resources/NetBeans/enterprise/docs/javaee-doc-api.jar" />
    <property name="libs.jstl.javadoc" value="/Applications/NetBeans/NetBeans 8.0.app/Contents/Resources/NetBeans/enterprise/docs/javaee-doc-api.jar" />
    <property name="file.reference.json-lib-2.4-jdk15.jar" value="lib/json-lib-2.4-jdk15.jar" />
    <property name="java.ext.dirs" value="/Users/Blanco/Library/Java/Extensions:/Library/Java/JavaVirtualMachines/jdk1.7.0_51.jdk/Contents/Home/jre/lib/ext:/Library/Java/Extensions:/Network/Library/Java/Extensions:/System/Library/Java/Extensions:/usr/lib/java" />
    <property name="libs.metro.src" value="" />
    <property name="endorsed.classpath" value="/Applications/NetBeans/NetBeans 8.0.app/Contents/Resources/NetBeans/enterprise/modules/ext/javaee6-endorsed/javax.annotation.jar:/Applications/NetBeans/NetBeans 8.0.app/Contents/Resources/NetBeans/enterprise/modules/ext/javaee6-endorsed/jaxb-api-osgi.jar:/Applications/NetBeans/NetBeans 8.0.app/Contents/Resources/NetBeans/enterprise/modules/ext/javaee6-endorsed/webservices-api-osgi.jar" />
    <property name="libs.absolutelayout.classpath" value="/Applications/NetBeans/NetBeans 8.0.app/Contents/Resources/NetBeans/java/modules/ext/AbsoluteLayout.jar" />
    <property name="excludes" value="" />
    <property name="libs.metro.classpath" value="/Applications/NetBeans/NetBeans 8.0.app/Contents/Resources/NetBeans/ide/modules/ext/jaxb/activation.jar:/Applications/NetBeans/NetBeans 8.0.app/Contents/Resources/NetBeans/enterprise/modules/ext/metro/webservices-api.jar:/Applications/NetBeans/NetBeans 8.0.app/Contents/Resources/NetBeans/enterprise/modules/ext/metro/webservices-extra-api.jar:/Applications/NetBeans/NetBeans 8.0.app/Contents/Resources/NetBeans/enterprise/modules/ext/metro/webservices-extra.jar:/Applications/NetBeans/NetBeans 8.0.app/Contents/Resources/NetBeans/enterprise/modules/ext/metro/webservices-rt.jar:/Applications/NetBeans/NetBeans 8.0.app/Contents/Resources/NetBeans/enterprise/modules/ext/metro/webservices-tools.jar" />
    <property name="libs.restlib.maven-pom" value="" />
    <property name="libs.jpa2-persistence.javadoc" value="" />
    <property name="libs.DataBindingME.javadoc" value="/Applications/NetBeans/NetBeans 8.0.app/Contents/Resources/NetBeans/mobility/modules/docs/netbeans_databindingme-api.zip" />
    <property name="apple.laf.useScreenMenuBar" value="true" />
    <property name="java.class.path" value="/Users/Blanco/NetBeansProjects/ServerMDBRemoteInterface/dist/ServerMDBRemoteInterface.jar:/Users/Blanco/NetBeansProjects/ServerMDB/ServerMDB-ejb/lib/commons-beanutils-1.8.3.jar:/Users/Blanco/NetBeansProjects/ServerMDB/ServerMDB-ejb/lib/commons-collections-3.2.1.jar:/Users/Blanco/NetBeansProjects/ServerMDB/ServerMDB-ejb/lib/commons-lang-2.6.jar:/Users/Blanco/NetBeansProjects/ServerMDB/ServerMDB-ejb/lib/commons-logging-1.1.3.jar:/Users/Blanco/NetBeansProjects/ServerMDB/ServerMDB-ejb/lib/core-3.0.1.jar:/Users/Blanco/NetBeansProjects/ServerMDB/ServerMDB-ejb/lib/ezmorph-1.0.6.jar:/Users/Blanco/NetBeansProjects/ServerMDB/ServerMDB-ejb/lib/javase-3.0.1.jar:/Users/Blanco/NetBeansProjects/ServerMDB/ServerMDB-ejb/lib/javax.ejb-api.jar:/Users/Blanco/NetBeansProjects/ServerMDB/ServerMDB-ejb/lib/json-lib-2.4-jdk15.jar:/Users/Blanco/NetBeansProjects/ServerMDB/ServerMDB-ejb/lib/log4j-1.2.17.jar:/Users/Blanco/NetBeansProjects/ServerMDB/ServerMDB-ejb/lib/log4j-over-slf4j-1.7.7.jar:/Users/Blanco/NetBeansProjects/ServerMDB/ServerMDB-ejb/lib/slf4j-api-1.7.7.jar:/Users/Blanco/NetBeansProjects/ServerMDB/ServerMDB-ejb/lib/slf4j-jdk14-1.7.7.jar:/Users/Blanco/NetBeansProjects/ServerMDB/ServerMDB-ejb/lib/slf4j-log4j12-1.7.7.jar:/Users/Blanco/NetBeansProjects/ServerMDB/ServerMDB-ejb/lib/slf4j-simple-1.7.7.jar:/Users/Blanco/NetBeansProjects/ServerMDB/ServerMDB-ejb/lib/webcam-capture-0.3.10-RC6.jar:/Applications/NetBeans/NetBeans 8.0.app/Contents/Resources/NetBeans/java/modules/ext/eclipselink/eclipselink.jar:/Applications/NetBeans/NetBeans 8.0.app/Contents/Resources/NetBeans/java/modules/ext/eclipselink/javax.persistence_2.1.0.v201304241213.jar:/Applications/NetBeans/NetBeans 8.0.app/Contents/Resources/NetBeans/java/modules/ext/eclipselink/org.eclipse.persistence.jpa.jpql_2.5.1.v20130918-f2b9fc5.jar:/Applications/NetBeans/glassfish-4.0/javadb/lib/derby.jar:/Applications/NetBeans/glassfish-4.0/javadb/lib/derbyclient.jar:/Applications/NetBeans/glassfish-4.0/javadb/lib/derbynet.jar:/Users/Blanco/NetBeansProjects/ServerMDB/ServerMDB-ejb/build/classes:/Applications/NetBeans/NetBeans 8.0.app/Contents/Resources/NetBeans/platform/modules/ext/junit-4.10.jar:/Users/Blanco/NetBeansProjects/ServerMDB/ServerMDB-ejb/build/test/classes:/Applications/NetBeans/glassfish-4.0/glassfish/modules/endorsed/javax.annotation-api.jar:/Applications/NetBeans/glassfish-4.0/glassfish/modules/endorsed/jaxb-api-osgi.jar:/Applications/NetBeans/glassfish-4.0/glassfish/modules/endorsed/webservices-api-osgi.jar:/Applications/NetBeans/glassfish-4.0/glassfish/modules/bean-validator.jar:/Applications/NetBeans/glassfish-4.0/glassfish/modules/javax.batch-api.jar:/Applications/NetBeans/glassfish-4.0/glassfish/modules/javax.ejb-api.jar:/Applications/NetBeans/glassfish-4.0/glassfish/modules/javax.el.jar:/Applications/NetBeans/glassfish-4.0/glassfish/modules/javax.enterprise.concurrent-api.jar:/Applications/NetBeans/glassfish-4.0/glassfish/modules/javax.enterprise.concurrent.jar:/Applications/NetBeans/glassfish-4.0/glassfish/modules/javax.enterprise.deploy-api.jar:/Applications/NetBeans/glassfish-4.0/glassfish/modules/javax.faces.jar:/Applications/NetBeans/glassfish-4.0/glassfish/modules/javax.inject.jar:/Applications/NetBeans/glassfish-4.0/glassfish/modules/javax.interceptor-api.jar:/Applications/NetBeans/glassfish-4.0/glassfish/modules/javax.jms-api.jar:/Applications/NetBeans/glassfish-4.0/glassfish/modules/javax.json.jar:/Applications/NetBeans/glassfish-4.0/glassfish/modules/javax.mail.jar:/Applications/NetBeans/glassfish-4.0/glassfish/modules/javax.management.j2ee-api.jar:/Applications/NetBeans/glassfish-4.0/glassfish/modules/javax.persistence.jar:/Applications/NetBeans/glassfish-4.0/glassfish/modules/javax.resource-api.jar:/Applications/NetBeans/glassfish-4.0/glassfish/modules/javax.security.auth.message-api.jar:/Applications/NetBeans/glassfish-4.0/glassfish/modules/javax.security.jacc-api.jar:/Applications/NetBeans/glassfish-4.0/glassfish/modules/javax.servlet-api.jar:/Applications/NetBeans/glassfish-4.0/glassfish/modules/javax.servlet.jsp-api.jar:/Applications/NetBeans/glassfish-4.0/glassfish/modules/javax.servlet.jsp.jar:/Applications/NetBeans/glassfish-4.0/glassfish/modules/javax.servlet.jsp.jstl-api.jar:/Applications/NetBeans/glassfish-4.0/glassfish/modules/javax.servlet.jsp.jstl.jar:/Applications/NetBeans/glassfish-4.0/glassfish/modules/javax.transaction-api.jar:/Applications/NetBeans/glassfish-4.0/glassfish/modules/javax.websocket-api.jar:/Applications/NetBeans/glassfish-4.0/glassfish/modules/javax.ws.rs-api.jar:/Applications/NetBeans/glassfish-4.0/glassfish/modules/javax.xml.registry-api.jar:/Applications/NetBeans/glassfish-4.0/glassfish/modules/javax.xml.rpc-api.jar:/Applications/NetBeans/glassfish-4.0/glassfish/modules/jaxb-osgi.jar:/Applications/NetBeans/glassfish-4.0/glassfish/modules/webservices-osgi.jar:/Applications/NetBeans/glassfish-4.0/glassfish/modules/weld-osgi-bundle.jar:/Applications/NetBeans/glassfish-4.0/mq/lib/jaxm-api.jar:/Applications/NetBeans/glassfish-4.0/glassfish/lib/embedded/glassfish-embedded-static-shell.jar:/Applications/NetBeans/NetBeans 8.0.app/Contents/Resources/NetBeans/extide/ant/lib/ant-launcher.jar:/Applications/NetBeans/NetBeans 8.0.app/Contents/Resources/NetBeans/extide/ant/lib/ant.jar:/Applications/NetBeans/NetBeans 8.0.app/Contents/Resources/NetBeans/extide/ant/lib/ant-junit.jar:/Applications/NetBeans/NetBeans 8.0.app/Contents/Resources/NetBeans/extide/ant/lib/ant-junit4.jar" />
    <property name="libs.absolutelayout.src" value="" />
    <property name="libs.jpa20-persistence.classpath" value="/Applications/NetBeans/NetBeans 8.0.app/Contents/Resources/NetBeans/java/modules/ext/eclipselink/javax.persistence_2.1.0.v201304241213.jar" />
    <property name="j2ee.server.type" value="gfv3ee6" />
    <property name="os.version" value="10.9.2" />
    <property name="ant.file.ServerMDB-ejb-impl" value="/Users/Blanco/NetBeansProjects/ServerMDB/ServerMDB-ejb/nbproject/build-impl.xml" />
    <property name="libs.EclipseLink-GlassFish-v3.javadoc" value="/Applications/NetBeans/NetBeans 8.0.app/Contents/Resources/NetBeans/enterprise/docs/javaee-doc-api.jar" />
    <property name="libs.javaee-api-7.0.maven-pom" value="" />
    <property name="sun.awt.enableExtraMouseButtons" value="true" />
    <property name="libs.hibernate4-persistence.src" value="" />
    <property name="libs.hibernate4-support.maven-pom" value="" />
    <property name="libs.Comet-GlassFish-v3.src" value="" />
    <property name="libs.restlib.javadoc" value="" />
    <property name="j2ee.platform.embeddableejb.classpath" value="/Applications/NetBeans/glassfish-4.0/glassfish/lib/embedded/glassfish-embedded-static-shell.jar" />
    <property name="nb.internal.action.name" value="test" />
    <property name="libs.JAXB-ENDORSED.classpath" value="/Applications/NetBeans/NetBeans 8.0.app/Contents/Resources/NetBeans/ide/modules/ext/jaxb/api/jaxb-api.jar" />
    <property name="libs.eclipselink.classpath" value="/Applications/NetBeans/NetBeans 8.0.app/Contents/Resources/NetBeans/java/modules/ext/eclipselink/eclipselink.jar:/Applications/NetBeans/NetBeans 8.0.app/Contents/Resources/NetBeans/java/modules/ext/eclipselink/javax.persistence_2.1.0.v201304241213.jar:/Applications/NetBeans/NetBeans 8.0.app/Contents/Resources/NetBeans/java/modules/ext/eclipselink/org.eclipse.persistence.jpa.jpql_2.5.1.v20130918-f2b9fc5.jar" />
    <property name="libs.javaee-api-7.0.javadoc" value="/Applications/NetBeans/NetBeans 8.0.app/Contents/Resources/NetBeans/enterprise/docs/javaee-doc-api.jar" />
    <property name="libs.beans-binding.javadoc" value="/Applications/NetBeans/NetBeans 8.0.app/Contents/Resources/NetBeans/java/docs/beansbinding-1.2.1-doc.zip" />
    <property name="java.awt.graphicsenv" value="sun.awt.CGraphicsEnvironment" />
    <property name="java.vm.vendor" value="Oracle Corporation" />
    <property name="libs.CopyLibs.classpath" value="/Applications/NetBeans/NetBeans 8.0.app/Contents/Resources/NetBeans/java/ant/extra/org-netbeans-modules-java-j2seproject-copylibstask.jar" />
    <property name="libs.spring-framework300.classpath" value="/Applications/NetBeans/NetBeans 8.0.app/Contents/Resources/NetBeans/ide/modules/org-apache-commons-logging.jar:/Applications/NetBeans/NetBeans 8.0.app/Contents/Resources/NetBeans/java/modules/ext/cglib-2.2.jar:/Applications/NetBeans/NetBeans 8.0.app/Contents/Resources/NetBeans/java/modules/ext/spring-3.0/spring-aop-3.2.7.RELEASE.jar:/Applications/NetBeans/NetBeans 8.0.app/Contents/Resources/NetBeans/java/modules/ext/spring-3.0/spring-aspects-3.2.7.RELEASE.jar:/Applications/NetBeans/NetBeans 8.0.app/Contents/Resources/NetBeans/java/modules/ext/spring-3.0/spring-beans-3.2.7.RELEASE.jar:/Applications/NetBeans/NetBeans 8.0.app/Contents/Resources/NetBeans/java/modules/ext/spring-3.0/spring-build-src-3.2.7.RELEASE.jar:/Applications/NetBeans/NetBeans 8.0.app/Contents/Resources/NetBeans/java/modules/ext/spring-3.0/spring-context-3.2.7.RELEASE.jar:/Applications/NetBeans/NetBeans 8.0.app/Contents/Resources/NetBeans/java/modules/ext/spring-3.0/spring-context-support-3.2.7.RELEASE.jar:/Applications/NetBeans/NetBeans 8.0.app/Contents/Resources/NetBeans/java/modules/ext/spring-3.0/spring-core-3.2.7.RELEASE.jar:/Applications/NetBeans/NetBeans 8.0.app/Contents/Resources/NetBeans/java/modules/ext/spring-3.0/spring-expression-3.2.7.RELEASE.jar:/Applications/NetBeans/NetBeans 8.0.app/Contents/Resources/NetBeans/java/modules/ext/spring-3.0/spring-framework-bom-3.2.7.RELEASE.jar:/Applications/NetBeans/NetBeans 8.0.app/Contents/Resources/NetBeans/java/modules/ext/spring-3.0/spring-instrument-3.2.7.RELEASE.jar:/Applications/NetBeans/NetBeans 8.0.app/Contents/Resources/NetBeans/java/modules/ext/spring-3.0/spring-instrument-tomcat-3.2.7.RELEASE.jar:/Applications/NetBeans/NetBeans 8.0.app/Contents/Resources/NetBeans/java/modules/ext/spring-3.0/spring-jdbc-3.2.7.RELEASE.jar:/Applications/NetBeans/NetBeans 8.0.app/Contents/Resources/NetBeans/java/modules/ext/spring-3.0/spring-jms-3.2.7.RELEASE.jar:/Applications/NetBeans/NetBeans 8.0.app/Contents/Resources/NetBeans/java/modules/ext/spring-3.0/spring-orm-3.2.7.RELEASE.jar:/Applications/NetBeans/NetBeans 8.0.app/Contents/Resources/NetBeans/java/modules/ext/spring-3.0/spring-oxm-3.2.7.RELEASE.jar:/Applications/NetBeans/NetBeans 8.0.app/Contents/Resources/NetBeans/java/modules/ext/spring-3.0/spring-struts-3.2.7.RELEASE.jar:/Applications/NetBeans/NetBeans 8.0.app/Contents/Resources/NetBeans/java/modules/ext/spring-3.0/spring-test-3.2.7.RELEASE.jar:/Applications/NetBeans/NetBeans 8.0.app/Contents/Resources/NetBeans/java/modules/ext/spring-3.0/spring-tx-3.2.7.RELEASE.jar:/Applications/NetBeans/NetBeans 8.0.app/Contents/Resources/NetBeans/java/modules/ext/spring-3.0/spring-web-3.2.7.RELEASE.jar:/Applications/NetBeans/NetBeans 8.0.app/Contents/Resources/NetBeans/java/modules/ext/spring-3.0/spring-webmvc-3.2.7.RELEASE.jar:/Applications/NetBeans/NetBeans 8.0.app/Contents/Resources/NetBeans/java/modules/ext/spring-3.0/spring-webmvc-portlet-3.2.7.RELEASE.jar" />
    <property name="libs.jsp-compiler.maven-pom" value="" />
    <property name="platforms.JDK_1.7.0_51.home" value="/Library/Java/JavaVirtualMachines/jdk1.7.0_51.jdk/Contents/Home" />
    <property name="libs.hibernate4-persistence.classpath" value="/Applications/NetBeans/NetBeans 8.0.app/Contents/Resources/NetBeans/java/modules/ext/hibernate4/antlr-2.7.7.jar:/Applications/NetBeans/NetBeans 8.0.app/Contents/Resources/NetBeans/java/modules/ext/hibernate4/c3p0-0.9.2.1.jar:/Applications/NetBeans/NetBeans 8.0.app/Contents/Resources/NetBeans/java/modules/ext/hibernate4/hibernate-c3p0-4.2.6.Final.jar:/Applications/NetBeans/NetBeans 8.0.app/Contents/Resources/NetBeans/java/modules/ext/hibernate4/dom4j-1.6.1.jar:/Applications/NetBeans/NetBeans 8.0.app/Contents/Resources/NetBeans/java/modules/ext/hibernate4/ehcache-core-2.4.3.jar:/Applications/NetBeans/NetBeans 8.0.app/Contents/Resources/NetBeans/java/modules/ext/hibernate4/hibernate-ehcache-4.2.6.Final.jar:/Applications/NetBeans/NetBeans 8.0.app/Contents/Resources/NetBeans/java/modules/ext/hibernate4/hibernate-core-4.2.6.Final.jar:/Applications/NetBeans/NetBeans 8.0.app/Contents/Resources/NetBeans/java/modules/ext/hibernate4/jboss-logging-3.1.0.GA.jar:/Applications/NetBeans/NetBeans 8.0.app/Contents/Resources/NetBeans/java/modules/ext/hibernate4/hibernate-commons-annotations-4.0.2.Final.jar:/Applications/NetBeans/NetBeans 8.0.app/Contents/Resources/NetBeans/java/modules/ext/hibernate4/hibernate-entitymanager-4.2.6.Final.jar:/Applications/NetBeans/NetBeans 8.0.app/Contents/Resources/NetBeans/java/modules/ext/hibernate4/javassist-3.15.0-GA.jar:/Applications/NetBeans/NetBeans 8.0.app/Contents/Resources/NetBeans/java/modules/ext/hibernate4/jboss-transaction-api_1.1_spec-1.0.1.Final.jar:/Applications/NetBeans/NetBeans 8.0.app/Contents/Resources/NetBeans/java/modules/ext/hibernate4/slf4j-api-1.6.1.jar:/Applications/NetBeans/NetBeans 8.0.app/Contents/Resources/NetBeans/java/modules/ext/hibernate4/slf4j-simple-1.6.1.jar:/Applications/NetBeans/NetBeans 8.0.app/Contents/Resources/NetBeans/java/modules/ext/hibernate4/hibernate-jpa-2.0-api-1.0.1.Final.jar" />
    <property name="libs.JAXB-ENDORSED.src" value="" />
    <property name="libs.testng.javadoc" value="/Applications/NetBeans/NetBeans 8.0.app/Contents/Resources/NetBeans/platform/docs/testng-6.8.1-javadoc.zip" />
    <property name="libs.DataBindingME-PIM.src" value="/Applications/NetBeans/NetBeans 8.0.app/Contents/Resources/NetBeans/mobility/sources/netbeans_databindingme_pim-src.zip" />
    <property name="libs.PostgreSQLDriver.classpath" value="/Applications/NetBeans/NetBeans 8.0.app/Contents/Resources/NetBeans/ide/modules/ext/postgresql-9.2-1002.jdbc4.jar" />
    <property name="libs.jsf12.maven-pom" value="" />
    <property name="file.reference.log4j-over-slf4j-1.7.7.jar" value="lib/log4j-over-slf4j-1.7.7.jar" />
    <property name="libs.hibernate4-persistencemodelgen.classpath" value="/Applications/NetBeans/NetBeans 8.0.app/Contents/Resources/NetBeans/java/modules/ext/hibernate4/hibernate-jpamodelgen-1.3.0.Final.jar" />
    <property name="libs.junit.src" value="" />
    <property name="annotation.processing.source.output" value="build/generated-sources/ap-source-output" />
    <property name="libs.CopyLibs.src" value="" />
    <property name="build.dir" value="build" />
    <property name="libs.jsp-compilation.classpath" value="/Applications/NetBeans/NetBeans 8.0.app/Contents/Resources/NetBeans/extide/ant/lib/ant.jar:/Applications/NetBeans/NetBeans 8.0.app/Contents/Resources/NetBeans/enterprise/modules/ext/servlet3.1-jsp2.3-api.jar:/Applications/NetBeans/NetBeans 8.0.app/Contents/Resources/NetBeans/enterprise/modules/ext/glassfish-jspparser-4.0.jar:/Applications/NetBeans/NetBeans 8.0.app/Contents/Resources/NetBeans/enterprise/modules/ext/jsf-2_2/javax.faces.jar:/Applications/NetBeans/NetBeans 8.0.app/Contents/Resources/NetBeans/enterprise/modules/ext/jstl-api.jar:/Applications/NetBeans/NetBeans 8.0.app/Contents/Resources/NetBeans/extide/ant/lib/ant-launcher.jar" />
    <property name="j2ee.platform.is.jsr109" value="true" />
    <property name="ant.version" value="Apache Ant(TM) version 1.9.2 compiled on July 8 2013" />
    <property name="file.encoding" value="UTF-8" />
    <property name="build.classes.excludes" value="**/*.java,**/*.form,**/.nbattrs" />
    <property name="jdkBug6558476" value="false" />
    <property name="javadoc.nonavbar" value="false" />
    <property name="libs.spring-webmvc4.0.classpath" value="/Applications/NetBeans/NetBeans 8.0.app/Contents/Resources/NetBeans/java/modules/ext/spring-4/spring-webmvc-4.0.1.RELEASE.jar" />
    <property name="platform.active" value="JDK_1.7.0_51" />
    <property name="awt.toolkit" value="sun.lwawt.macosx.LWCToolkit" />
    <property name="libs.javaee-web-api-7.0.javadoc" value="/Applications/NetBeans/NetBeans 8.0.app/Contents/Resources/NetBeans/enterprise/docs/javaee-doc-api.jar" />
  </properties>
  <testcase classname="GestoreAccountRemoto.GestoreAccountRemotoTest" name="testVerificaDatiAccount" time="18.536">
    <error message="Failed to deploy EJB modules - see log for details" type="javax.ejb.EJBException">javax.ejb.EJBException: Failed to deploy EJB modules - see log for details
	at org.glassfish.ejb.embedded.EJBContainerImpl.deploy(EJBContainerImpl.java:149)
	at org.glassfish.ejb.embedded.EJBContainerProviderImpl.createEJBContainer(EJBContainerProviderImpl.java:134)
	at javax.ejb.embeddable.EJBContainer.createEJBContainer(EJBContainer.java:127)
	at javax.ejb.embeddable.EJBContainer.createEJBContainer(EJBContainer.java:102)
	at GestoreAccountRemoto.GestoreAccountRemotoTest.testVerificaDatiAccount(GestoreAccountRemotoTest.java:71)
</error>
  </testcase>
  <testcase classname="GestoreAccountRemoto.GestoreAccountRemotoTest" name="testGetResult" time="10.089">
    <error message="Failed to deploy EJB modules - see log for details" type="javax.ejb.EJBException">javax.ejb.EJBException: Failed to deploy EJB modules - see log for details
	at org.glassfish.ejb.embedded.EJBContainerImpl.deploy(EJBContainerImpl.java:149)
	at org.glassfish.ejb.embedded.EJBContainerProviderImpl.createEJBContainer(EJBContainerProviderImpl.java:134)
	at javax.ejb.embeddable.EJBContainer.createEJBContainer(EJBContainer.java:127)
	at javax.ejb.embeddable.EJBContainer.createEJBContainer(EJBContainer.java:102)
	at GestoreAccountRemoto.GestoreAccountRemotoTest.testGetResult(GestoreAccountRemotoTest.java:49)
</error>
  </testcase>
  <testcase classname="GestoreAccountRemoto.GestoreAccountRemotoTest" name="testVerificaDatiLogin" time="9.347">
    <error message="Failed to deploy EJB modules - see log for details" type="javax.ejb.EJBException">javax.ejb.EJBException: Failed to deploy EJB modules - see log for details
	at org.glassfish.ejb.embedded.EJBContainerImpl.deploy(EJBContainerImpl.java:149)
	at org.glassfish.ejb.embedded.EJBContainerProviderImpl.createEJBContainer(EJBContainerProviderImpl.java:134)
	at javax.ejb.embeddable.EJBContainer.createEJBContainer(EJBContainer.java:127)
	at javax.ejb.embeddable.EJBContainer.createEJBContainer(EJBContainer.java:102)
	at GestoreAccountRemoto.GestoreAccountRemotoTest.testVerificaDatiLogin(GestoreAccountRemotoTest.java:89)
</error>
  </testcase>
  <system-out><![CDATA[verificaDatiAccount
Found populator: org.glassfish.kernel.embedded.EmbeddedDomainXml
JdbcRuntimeExtension,  getAllSystemRAResourcesAndPools = [GlassFishConfigBean.org.glassfish.jdbc.config.JdbcResource, GlassFishConfigBean.org.glassfish.jdbc.config.JdbcResource, GlassFishConfigBean.org.glassfish.jdbc.config.JdbcResource, GlassFishConfigBean.org.glassfish.jdbc.config.JdbcConnectionPool, GlassFishConfigBean.org.glassfish.jdbc.config.JdbcConnectionPool, GlassFishConfigBean.org.glassfish.jdbc.config.JdbcConnectionPool, GlassFishConfigBean.org.glassfish.jdbc.config.JdbcConnectionPool, GlassFishConfigBean.org.glassfish.jdbc.config.JdbcResource, GlassFishConfigBean.org.glassfish.jdbc.config.JdbcConnectionPool, GlassFishConfigBean.org.glassfish.jdbc.config.JdbcResource]
JdbcRuntimeExtension,  getAllSystemRAResourcesAndPools = [GlassFishConfigBean.org.glassfish.jdbc.config.JdbcResource, GlassFishConfigBean.org.glassfish.jdbc.config.JdbcResource, GlassFishConfigBean.org.glassfish.jdbc.config.JdbcResource, GlassFishConfigBean.org.glassfish.jdbc.config.JdbcConnectionPool, GlassFishConfigBean.org.glassfish.jdbc.config.JdbcConnectionPool, GlassFishConfigBean.org.glassfish.jdbc.config.JdbcConnectionPool, GlassFishConfigBean.org.glassfish.jdbc.config.JdbcConnectionPool, GlassFishConfigBean.org.glassfish.jdbc.config.JdbcResource, GlassFishConfigBean.org.glassfish.jdbc.config.JdbcConnectionPool, GlassFishConfigBean.org.glassfish.jdbc.config.JdbcResource]
JdbcRuntimeExtension,  getAllSystemRAResourcesAndPools = [GlassFishConfigBean.org.glassfish.jdbc.config.JdbcResource, GlassFishConfigBean.org.glassfish.jdbc.config.JdbcResource, GlassFishConfigBean.org.glassfish.jdbc.config.JdbcResource, GlassFishConfigBean.org.glassfish.jdbc.config.JdbcConnectionPool, GlassFishConfigBean.org.glassfish.jdbc.config.JdbcConnectionPool, GlassFishConfigBean.org.glassfish.jdbc.config.JdbcConnectionPool, GlassFishConfigBean.org.glassfish.jdbc.config.JdbcConnectionPool, GlassFishConfigBean.org.glassfish.jdbc.config.JdbcResource, GlassFishConfigBean.org.glassfish.jdbc.config.JdbcConnectionPool, GlassFishConfigBean.org.glassfish.jdbc.config.JdbcResource]
getResult
Found populator: org.glassfish.kernel.embedded.EmbeddedDomainXml
JdbcRuntimeExtension,  getAllSystemRAResourcesAndPools = [GlassFishConfigBean.org.glassfish.jdbc.config.JdbcResource, GlassFishConfigBean.org.glassfish.jdbc.config.JdbcResource, GlassFishConfigBean.org.glassfish.jdbc.config.JdbcResource, GlassFishConfigBean.org.glassfish.jdbc.config.JdbcConnectionPool, GlassFishConfigBean.org.glassfish.jdbc.config.JdbcConnectionPool, GlassFishConfigBean.org.glassfish.jdbc.config.JdbcConnectionPool, GlassFishConfigBean.org.glassfish.jdbc.config.JdbcConnectionPool, GlassFishConfigBean.org.glassfish.jdbc.config.JdbcResource, GlassFishConfigBean.org.glassfish.jdbc.config.JdbcConnectionPool, GlassFishConfigBean.org.glassfish.jdbc.config.JdbcResource]
JdbcRuntimeExtension,  getAllSystemRAResourcesAndPools = [GlassFishConfigBean.org.glassfish.jdbc.config.JdbcResource, GlassFishConfigBean.org.glassfish.jdbc.config.JdbcResource, GlassFishConfigBean.org.glassfish.jdbc.config.JdbcResource, GlassFishConfigBean.org.glassfish.jdbc.config.JdbcConnectionPool, GlassFishConfigBean.org.glassfish.jdbc.config.JdbcConnectionPool, GlassFishConfigBean.org.glassfish.jdbc.config.JdbcConnectionPool, GlassFishConfigBean.org.glassfish.jdbc.config.JdbcConnectionPool, GlassFishConfigBean.org.glassfish.jdbc.config.JdbcResource, GlassFishConfigBean.org.glassfish.jdbc.config.JdbcConnectionPool, GlassFishConfigBean.org.glassfish.jdbc.config.JdbcResource]
JdbcRuntimeExtension,  getAllSystemRAResourcesAndPools = [GlassFishConfigBean.org.glassfish.jdbc.config.JdbcResource, GlassFishConfigBean.org.glassfish.jdbc.config.JdbcResource, GlassFishConfigBean.org.glassfish.jdbc.config.JdbcResource, GlassFishConfigBean.org.glassfish.jdbc.config.JdbcConnectionPool, GlassFishConfigBean.org.glassfish.jdbc.config.JdbcConnectionPool, GlassFishConfigBean.org.glassfish.jdbc.config.JdbcConnectionPool, GlassFishConfigBean.org.glassfish.jdbc.config.JdbcConnectionPool, GlassFishConfigBean.org.glassfish.jdbc.config.JdbcResource, GlassFishConfigBean.org.glassfish.jdbc.config.JdbcConnectionPool, GlassFishConfigBean.org.glassfish.jdbc.config.JdbcResource]
verificaDatiLogin
Found populator: org.glassfish.kernel.embedded.EmbeddedDomainXml
JdbcRuntimeExtension,  getAllSystemRAResourcesAndPools = [GlassFishConfigBean.org.glassfish.jdbc.config.JdbcResource, GlassFishConfigBean.org.glassfish.jdbc.config.JdbcResource, GlassFishConfigBean.org.glassfish.jdbc.config.JdbcResource, GlassFishConfigBean.org.glassfish.jdbc.config.JdbcConnectionPool, GlassFishConfigBean.org.glassfish.jdbc.config.JdbcConnectionPool, GlassFishConfigBean.org.glassfish.jdbc.config.JdbcConnectionPool, GlassFishConfigBean.org.glassfish.jdbc.config.JdbcConnectionPool, GlassFishConfigBean.org.glassfish.jdbc.config.JdbcResource, GlassFishConfigBean.org.glassfish.jdbc.config.JdbcConnectionPool, GlassFishConfigBean.org.glassfish.jdbc.config.JdbcResource]
JdbcRuntimeExtension,  getAllSystemRAResourcesAndPools = [GlassFishConfigBean.org.glassfish.jdbc.config.JdbcResource, GlassFishConfigBean.org.glassfish.jdbc.config.JdbcResource, GlassFishConfigBean.org.glassfish.jdbc.config.JdbcResource, GlassFishConfigBean.org.glassfish.jdbc.config.JdbcConnectionPool, GlassFishConfigBean.org.glassfish.jdbc.config.JdbcConnectionPool, GlassFishConfigBean.org.glassfish.jdbc.config.JdbcConnectionPool, GlassFishConfigBean.org.glassfish.jdbc.config.JdbcConnectionPool, GlassFishConfigBean.org.glassfish.jdbc.config.JdbcResource, GlassFishConfigBean.org.glassfish.jdbc.config.JdbcConnectionPool, GlassFishConfigBean.org.glassfish.jdbc.config.JdbcResource]
JdbcRuntimeExtension,  getAllSystemRAResourcesAndPools = [GlassFishConfigBean.org.glassfish.jdbc.config.JdbcResource, GlassFishConfigBean.org.glassfish.jdbc.config.JdbcResource, GlassFishConfigBean.org.glassfish.jdbc.config.JdbcResource, GlassFishConfigBean.org.glassfish.jdbc.config.JdbcConnectionPool, GlassFishConfigBean.org.glassfish.jdbc.config.JdbcConnectionPool, GlassFishConfigBean.org.glassfish.jdbc.config.JdbcConnectionPool, GlassFishConfigBean.org.glassfish.jdbc.config.JdbcConnectionPool, GlassFishConfigBean.org.glassfish.jdbc.config.JdbcResource, GlassFishConfigBean.org.glassfish.jdbc.config.JdbcConnectionPool, GlassFishConfigBean.org.glassfish.jdbc.config.JdbcResource]
]]></system-out>
  <system-err><![CDATA[mag 14, 2014 11:11:42 AM org.glassfish.ejb.embedded.EJBContainerProviderImpl createContainer
Informazioni: [EJBContainerProviderImpl] Using installation location /Applications/NetBeans/glassfish-4.0/glassfish
mag 14, 2014 11:11:42 AM org.glassfish.ejb.embedded.EJBContainerProviderImpl createContainer
Informazioni: [EJBContainerProviderImpl] Using config file location: file:/var/folders/91/_96jrfg142941qywygtds82w0000gn/T/domain1186367282086313387xml
mag 14, 2014 11:11:42 AM org.glassfish.ejb.embedded.EJBContainerProviderImpl createContainer
Informazioni: [EJBContainerProviderImpl] Using runtime class: class com.sun.enterprise.glassfish.bootstrap.StaticGlassFishRuntime
log4j:WARN No appenders could be found for logger (org.jboss.logging).
log4j:WARN Please initialize the log4j system properly.
log4j:WARN See http://logging.apache.org/log4j/1.2/faq.html#noconfig for more info.
mag 14, 2014 11:11:45 AM com.sun.enterprise.security.auth.realm.Realm doInstantiate
Informazioni: realm.loaded.successfully
mag 14, 2014 11:11:45 AM com.sun.enterprise.security.auth.realm.Realm doInstantiate
Informazioni: realm.loaded.successfully
mag 14, 2014 11:11:45 AM com.sun.enterprise.security.auth.realm.Realm doInstantiate
Informazioni: realm.loaded.successfully
mag 14, 2014 11:11:45 AM org.glassfish.ha.store.spi.BackingStoreFactoryRegistry register
Informazioni: Registered org.glassfish.ha.store.adapter.cache.ShoalBackingStoreProxy for persistence-type = replicated in BackingStoreFactoryRegistry
mag 14, 2014 11:11:45 AM com.sun.enterprise.v3.server.AppServerStartup postStartupJob
Informazioni: GlassFish Server Open Source Edition  4.0  (89) startup time : Embedded (1.259ms), startup services(1.219ms), total(2.478ms)
mag 14, 2014 11:11:45 AM org.glassfish.security.services.impl.authorization.AuthorizationServiceImpl initialize
Informazioni: Authorization Service has successfully initialized.
mag 14, 2014 11:11:45 AM org.glassfish.admin.mbeanserver.JMXStartupService$JMXConnectorsStarterThread run
Informazioni: JMXStartupService has disabled JMXConnector system
mag 14, 2014 11:11:45 AM org.glassfish.jersey.server.ApplicationHandler initialize
Informazioni: Initiating Jersey application, version Jersey: 2.0 2013-05-03 14:50:15...
mag 14, 2014 11:11:47 AM org.glassfish.admin.mbeanserver.JMXStartupService shutdown
Informazioni: JMXStartupService and JMXConnectors have been shut down.
mag 14, 2014 11:11:47 AM com.sun.enterprise.v3.server.AppServerStartup stop
Informazioni: Shutdown procedure finished
mag 14, 2014 11:11:47 AM org.glassfish.ha.store.spi.BackingStoreFactoryRegistry register
Informazioni: Registered org.glassfish.ha.store.adapter.cache.ShoalBackingStoreProxy for persistence-type = replicated in BackingStoreFactoryRegistry
mag 14, 2014 11:11:47 AM com.sun.enterprise.v3.server.AppServerStartup postStartupJob
Informazioni: GlassFish Server Open Source Edition  4.0  (89) startup time : Embedded (4.673ms), startup services(24ms), total(4.697ms)
mag 14, 2014 11:11:47 AM org.glassfish.admin.mbeanserver.JMXStartupService$JMXConnectorsStarterThread run
Informazioni: JMXStartupService has disabled JMXConnector system
mag 14, 2014 11:11:47 AM org.glassfish.jersey.server.ApplicationHandler initialize
Informazioni: Initiating Jersey application, version Jersey: 2.0 2013-05-03 14:50:15...
mag 14, 2014 11:11:48 AM org.glassfish.ejb.embedded.EJBContainerProviderImpl skipJar
Informazioni: ... skipping entry with a Manifest file with a special attribute: org.eclipse.persistence.jpa.jpql_2.5.1.v20130918-f2b9fc5.jar
mag 14, 2014 11:11:48 AM org.glassfish.ejb.embedded.EJBContainerProviderImpl skipJar
Informazioni: ... skipping entry with a Manifest file with a special attribute: webservices-api-osgi.jar
mag 14, 2014 11:11:48 AM org.glassfish.ejb.embedded.EJBContainerProviderImpl skipJar
Informazioni: ... skipping module: bean-validator.jar
mag 14, 2014 11:11:48 AM org.glassfish.ejb.embedded.EJBContainerProviderImpl skipJar
Informazioni: ... skipping module: javax.batch-api.jar
mag 14, 2014 11:11:48 AM org.glassfish.ejb.embedded.EJBContainerProviderImpl skipJar
Informazioni: ... skipping module: javax.ejb-api.jar
mag 14, 2014 11:11:48 AM org.glassfish.ejb.embedded.EJBContainerProviderImpl skipJar
Informazioni: ... skipping module: javax.el.jar
mag 14, 2014 11:11:48 AM org.glassfish.ejb.embedded.EJBContainerProviderImpl skipJar
Informazioni: ... skipping module: javax.enterprise.concurrent-api.jar
mag 14, 2014 11:11:48 AM org.glassfish.ejb.embedded.EJBContainerProviderImpl skipJar
Informazioni: ... skipping module: javax.enterprise.concurrent.jar
mag 14, 2014 11:11:48 AM org.glassfish.ejb.embedded.EJBContainerProviderImpl skipJar
Informazioni: ... skipping module: javax.enterprise.deploy-api.jar
mag 14, 2014 11:11:48 AM org.glassfish.ejb.embedded.EJBContainerProviderImpl skipJar
Informazioni: ... skipping module: javax.faces.jar
mag 14, 2014 11:11:48 AM org.glassfish.ejb.embedded.EJBContainerProviderImpl skipJar
Informazioni: ... skipping module: javax.inject.jar
mag 14, 2014 11:11:48 AM org.glassfish.ejb.embedded.EJBContainerProviderImpl skipJar
Informazioni: ... skipping module: javax.interceptor-api.jar
mag 14, 2014 11:11:48 AM org.glassfish.ejb.embedded.EJBContainerProviderImpl skipJar
Informazioni: ... skipping module: javax.jms-api.jar
mag 14, 2014 11:11:48 AM org.glassfish.ejb.embedded.EJBContainerProviderImpl skipJar
Informazioni: ... skipping module: javax.json.jar
mag 14, 2014 11:11:48 AM org.glassfish.ejb.embedded.EJBContainerProviderImpl skipJar
Informazioni: ... skipping module: javax.mail.jar
mag 14, 2014 11:11:48 AM org.glassfish.ejb.embedded.EJBContainerProviderImpl skipJar
Informazioni: ... skipping module: javax.management.j2ee-api.jar
mag 14, 2014 11:11:48 AM org.glassfish.ejb.embedded.EJBContainerProviderImpl skipJar
Informazioni: ... skipping module: javax.persistence.jar
mag 14, 2014 11:11:48 AM org.glassfish.ejb.embedded.EJBContainerProviderImpl skipJar
Informazioni: ... skipping module: javax.resource-api.jar
mag 14, 2014 11:11:48 AM org.glassfish.ejb.embedded.EJBContainerProviderImpl skipJar
Informazioni: ... skipping module: javax.security.auth.message-api.jar
mag 14, 2014 11:11:48 AM org.glassfish.ejb.embedded.EJBContainerProviderImpl skipJar
Informazioni: ... skipping module: javax.security.jacc-api.jar
mag 14, 2014 11:11:48 AM org.glassfish.ejb.embedded.EJBContainerProviderImpl skipJar
Informazioni: ... skipping module: javax.servlet-api.jar
mag 14, 2014 11:11:48 AM org.glassfish.ejb.embedded.EJBContainerProviderImpl skipJar
Informazioni: ... skipping module: javax.servlet.jsp-api.jar
mag 14, 2014 11:11:48 AM org.glassfish.ejb.embedded.EJBContainerProviderImpl skipJar
Informazioni: ... skipping module: javax.servlet.jsp.jar
mag 14, 2014 11:11:48 AM org.glassfish.ejb.embedded.EJBContainerProviderImpl skipJar
Informazioni: ... skipping module: javax.servlet.jsp.jstl-api.jar
mag 14, 2014 11:11:48 AM org.glassfish.ejb.embedded.EJBContainerProviderImpl skipJar
Informazioni: ... skipping module: javax.servlet.jsp.jstl.jar
mag 14, 2014 11:11:48 AM org.glassfish.ejb.embedded.EJBContainerProviderImpl skipJar
Informazioni: ... skipping module: javax.transaction-api.jar
mag 14, 2014 11:11:48 AM org.glassfish.ejb.embedded.EJBContainerProviderImpl skipJar
Informazioni: ... skipping module: javax.websocket-api.jar
mag 14, 2014 11:11:48 AM org.glassfish.ejb.embedded.EJBContainerProviderImpl skipJar
Informazioni: ... skipping module: javax.ws.rs-api.jar
mag 14, 2014 11:11:48 AM org.glassfish.ejb.embedded.EJBContainerProviderImpl skipJar
Informazioni: ... skipping module: javax.xml.registry-api.jar
mag 14, 2014 11:11:48 AM org.glassfish.ejb.embedded.EJBContainerProviderImpl skipJar
Informazioni: ... skipping module: javax.xml.rpc-api.jar
mag 14, 2014 11:11:48 AM org.glassfish.ejb.embedded.EJBContainerProviderImpl skipJar
Informazioni: ... skipping module: jaxb-osgi.jar
mag 14, 2014 11:11:48 AM org.glassfish.ejb.embedded.EJBContainerProviderImpl skipJar
Informazioni: ... skipping module: webservices-osgi.jar
mag 14, 2014 11:11:48 AM org.glassfish.ejb.embedded.EJBContainerProviderImpl skipJar
Informazioni: ... skipping module: weld-osgi-bundle.jar
mag 14, 2014 11:11:48 AM org.glassfish.ejb.embedded.EJBContainerProviderImpl skipJar
Informazioni: ... skipping entry with a Manifest file with a special attribute: glassfish-embedded-static-shell.jar
mag 14, 2014 11:11:48 AM org.glassfish.ejb.embedded.DeploymentElement getOrCreateApplication
Informazioni: [DeploymentElement] adding EJB module to ScatteredArchive classes
mag 14, 2014 11:11:48 AM org.glassfish.ejb.embedded.DeploymentElement getOrCreateApplication
Informazioni: [DeploymentElement] adding library to ScatteredArchive slf4j-log4j12-1.7.7.jar
mag 14, 2014 11:11:48 AM org.glassfish.ejb.embedded.DeploymentElement getOrCreateApplication
Informazioni: [DeploymentElement] adding library to ScatteredArchive json-lib-2.4-jdk15.jar
mag 14, 2014 11:11:48 AM org.glassfish.ejb.embedded.DeploymentElement getOrCreateApplication
Informazioni: [DeploymentElement] adding library to ScatteredArchive webcam-capture-0.3.10-RC6.jar
mag 14, 2014 11:11:48 AM org.glassfish.ejb.embedded.DeploymentElement getOrCreateApplication
Informazioni: [DeploymentElement] adding library to ScatteredArchive javax.annotation-api.jar
mag 14, 2014 11:11:48 AM org.glassfish.ejb.embedded.DeploymentElement getOrCreateApplication
Informazioni: [DeploymentElement] adding library to ScatteredArchive slf4j-jdk14-1.7.7.jar
mag 14, 2014 11:11:48 AM org.glassfish.ejb.embedded.DeploymentElement getOrCreateApplication
Informazioni: [DeploymentElement] adding library to ScatteredArchive ant.jar
mag 14, 2014 11:11:48 AM org.glassfish.ejb.embedded.DeploymentElement getOrCreateApplication
Informazioni: [DeploymentElement] adding library to ScatteredArchive log4j-1.2.17.jar
mag 14, 2014 11:11:48 AM org.glassfish.ejb.embedded.DeploymentElement getOrCreateApplication
Informazioni: [DeploymentElement] adding library to ScatteredArchive classes
mag 14, 2014 11:11:48 AM org.glassfish.ejb.embedded.DeploymentElement getOrCreateApplication
Informazioni: [DeploymentElement] adding library to ScatteredArchive javax.persistence_2.1.0.v201304241213.jar
mag 14, 2014 11:11:48 AM org.glassfish.ejb.embedded.DeploymentElement getOrCreateApplication
Informazioni: [DeploymentElement] adding library to ScatteredArchive jaxm-api.jar
mag 14, 2014 11:11:48 AM org.glassfish.ejb.embedded.DeploymentElement getOrCreateApplication
Informazioni: [DeploymentElement] adding library to ScatteredArchive commons-lang-2.6.jar
mag 14, 2014 11:11:48 AM org.glassfish.ejb.embedded.DeploymentElement getOrCreateApplication
Informazioni: [DeploymentElement] adding library to ScatteredArchive commons-collections-3.2.1.jar
mag 14, 2014 11:11:48 AM org.glassfish.ejb.embedded.DeploymentElement getOrCreateApplication
Informazioni: [DeploymentElement] adding library to ScatteredArchive javase-3.0.1.jar
mag 14, 2014 11:11:48 AM org.glassfish.ejb.embedded.DeploymentElement getOrCreateApplication
Informazioni: [DeploymentElement] adding library to ScatteredArchive ant-junit4.jar
mag 14, 2014 11:11:48 AM org.glassfish.ejb.embedded.DeploymentElement getOrCreateApplication
Informazioni: [DeploymentElement] adding library to ScatteredArchive ServerMDBRemoteInterface.jar
mag 14, 2014 11:11:48 AM org.glassfish.ejb.embedded.DeploymentElement getOrCreateApplication
Informazioni: [DeploymentElement] adding library to ScatteredArchive slf4j-api-1.7.7.jar
mag 14, 2014 11:11:48 AM org.glassfish.ejb.embedded.DeploymentElement getOrCreateApplication
Informazioni: [DeploymentElement] adding library to ScatteredArchive derby.jar
mag 14, 2014 11:11:48 AM org.glassfish.ejb.embedded.DeploymentElement getOrCreateApplication
Informazioni: [DeploymentElement] adding library to ScatteredArchive slf4j-simple-1.7.7.jar
mag 14, 2014 11:11:48 AM org.glassfish.ejb.embedded.DeploymentElement getOrCreateApplication
Informazioni: [DeploymentElement] adding library to ScatteredArchive jaxb-api-osgi.jar
mag 14, 2014 11:11:48 AM org.glassfish.ejb.embedded.DeploymentElement getOrCreateApplication
Informazioni: [DeploymentElement] adding library to ScatteredArchive derbyclient.jar
mag 14, 2014 11:11:48 AM org.glassfish.ejb.embedded.DeploymentElement getOrCreateApplication
Informazioni: [DeploymentElement] adding library to ScatteredArchive commons-beanutils-1.8.3.jar
mag 14, 2014 11:11:48 AM org.glassfish.ejb.embedded.DeploymentElement getOrCreateApplication
Informazioni: [DeploymentElement] adding library to ScatteredArchive derbynet.jar
mag 14, 2014 11:11:48 AM org.glassfish.ejb.embedded.DeploymentElement getOrCreateApplication
Informazioni: [DeploymentElement] adding library to ScatteredArchive junit-4.10.jar
mag 14, 2014 11:11:48 AM org.glassfish.ejb.embedded.DeploymentElement getOrCreateApplication
Informazioni: [DeploymentElement] adding library to ScatteredArchive ant-junit.jar
mag 14, 2014 11:11:48 AM org.glassfish.ejb.embedded.DeploymentElement getOrCreateApplication
Informazioni: [DeploymentElement] adding library to ScatteredArchive ezmorph-1.0.6.jar
mag 14, 2014 11:11:48 AM org.glassfish.ejb.embedded.DeploymentElement getOrCreateApplication
Informazioni: [DeploymentElement] adding library to ScatteredArchive commons-logging-1.1.3.jar
mag 14, 2014 11:11:48 AM org.glassfish.ejb.embedded.DeploymentElement getOrCreateApplication
Informazioni: [DeploymentElement] adding library to ScatteredArchive eclipselink.jar
mag 14, 2014 11:11:48 AM org.glassfish.ejb.embedded.DeploymentElement getOrCreateApplication
Informazioni: [DeploymentElement] adding library to ScatteredArchive log4j-over-slf4j-1.7.7.jar
mag 14, 2014 11:11:48 AM org.glassfish.ejb.embedded.DeploymentElement getOrCreateApplication
Informazioni: [DeploymentElement] adding library to ScatteredArchive ant-launcher.jar
mag 14, 2014 11:11:48 AM org.glassfish.ejb.embedded.DeploymentElement getOrCreateApplication
Informazioni: [DeploymentElement] adding library to ScatteredArchive core-3.0.1.jar
mag 14, 2014 11:11:48 AM org.glassfish.ejb.embedded.DeploymentElement getOrCreateApplication
Informazioni: [DeploymentElement] adding library to ScatteredArchive javax.ejb-api.jar
mag 14, 2014 11:11:48 AM org.glassfish.ejb.embedded.EJBContainerImpl deploy
Informazioni: [EJBContainerImpl] Deploying app: org.glassfish.embeddable.archive.ScatteredArchive@4caf2d07
mag 14, 2014 11:11:48 AM org.glassfish.ejb.embedded.EJBContainerImpl deploy
Informazioni: [EJBContainerImpl] GlassFish status: STARTED
mag 14, 2014 11:11:48 AM org.glassfish.ejb.embedded.EJBContainerImpl deploy
Informazioni: [EJBContainerImpl] Deploying as a ScatteredArchive
mag 14, 2014 11:11:57 AM com.sun.enterprise.security.ssl.impl.SecuritySupportImpl checkCertificateDates
Grave: SEC5054: Certificate has expired: [
[
  Version: V3
  Subject: CN=GTE CyberTrust Root 5, OU="GTE CyberTrust Solutions, Inc.", O=GTE Corporation, C=US
  Signature Algorithm: SHA1withRSA, OID = 1.2.840.113549.1.1.5

  Key:  Sun RSA public key, 2048 bits
  modulus: 23741889829347261660812437366387754385443431973861114865490414153884050331745811968523116847625570146592736935209718565296053386842135985534863157983128812774162998053673746470782252407673402238146869994438729551246768368782318393878374421033907597162218758024581735139682087126982809511479059100617027892880227587855877479432885604404402435662802390484099065871430585284534529627347717530352189612077130606642676951640071336717026459037542552927905851171460589361570392199748753414855675665635003335769915908187224347232807336022456537328962095005323382940080676931822787496212635993279098588863972868266229522169377
  public exponent: 65537
  Validity: [From: Fri Aug 14 16:50:00 CEST 1998,
               To: Thu Aug 15 01:59:00 CEST 2013]
  Issuer: CN=GTE CyberTrust Root 5, OU="GTE CyberTrust Solutions, Inc.", O=GTE Corporation, C=US
  SerialNumber: [    01b6]

Certificate Extensions: 4
[1]: ObjectId: 2.5.29.19 Criticality=true
BasicConstraints:[
  CA:true
  PathLen:5
]

[2]: ObjectId: 2.5.29.32 Criticality=false
CertificatePolicies [
  [CertificatePolicyId: [1.2.840.113763.1.2.1.3]
[]  ]
]

[3]: ObjectId: 2.5.29.15 Criticality=true
KeyUsage [
  Key_CertSign
  Crl_Sign
]

[4]: ObjectId: 2.5.29.14 Criticality=false
SubjectKeyIdentifier [
KeyIdentifier [
0000: 76 0A 49 21 38 4C 9F DE   F8 C4 49 C7 71 71 91 9D  v.I!8L....I.qq..
]
]

]
  Algorithm: [SHA1withRSA]
  Signature:
0000: 41 3A D4 18 5B DA B8 DE   21 1C E1 8E 09 E5 F1 68  A:..[...!......h
0010: 34 FF DE 96 F4 07 F5 A7   3C F3 AC 4A B1 9B FA 92  4.......<..J....
0020: FA 9B ED E6 32 21 AA 4A   76 C5 DC 4F 38 E5 DF D5  ....2!.Jv..O8...
0030: 86 E4 D5 C8 76 7D 98 D7   B1 CD 8F 4D B5 91 23 6C  ....v......M..#l
0040: 8B 8A EB EA 7C EF 14 94   C4 C6 F0 1F 4A 2D 32 71  ............J-2q
0050: 63 2B 63 91 26 02 09 B6   80 1D ED E2 CC B8 7F DB  c+c.&...........
0060: 87 63 C8 E1 D0 6C 26 B1   35 1D 40 66 10 1B CD 95  .c...l&.5.@f....
0070: 54 18 33 61 EC 13 4F DA   13 F7 99 AF 3E D0 CF 8E  T.3a..O.....>...
0080: A6 72 A2 B3 C3 05 9A C9   27 7D 92 CC 7E 52 8D B3  .r......'....R..
0090: AB 70 6D 9E 89 9F 4D EB   1A 75 C2 98 AA D5 02 16  .pm...M..u......
00A0: D7 0C 8A BF 25 E4 EB 2D   BC 98 E9 58 38 19 7C B9  ....%..-...X8...
00B0: 37 FE DB E2 99 08 73 06   C7 97 83 6A 7D 10 01 2F  7.....s....j.../
00C0: 32 B9 17 05 4A 65 E6 2F   CE BE 5E 53 A6 82 E9 9A  2...Je./..^S....
00D0: 53 0A 84 74 2D 83 CA C8   94 16 76 5F 94 61 28 F0  S..t-.....v_.a(.
00E0: 85 A7 39 BB D7 8B D9 A8   B2 13 1D 54 09 34 24 7D  ..9........T.4$.
00F0: 20 81 7D 66 7E A2 90 74   5C 10 C6 BD EC AB 1B C2   ..f...t\.......

]
mag 14, 2014 11:11:57 AM com.sun.enterprise.security.SecurityLifecycle <init>
Informazioni: security.secmgroff
mag 14, 2014 11:11:57 AM com.sun.enterprise.security.SecurityLifecycle onInitialization
Informazioni: sec.service.startup.enter
mag 14, 2014 11:11:57 AM com.sun.enterprise.security.PolicyLoader loadPolicy
Informazioni: policy.loading
mag 14, 2014 11:11:57 AM com.sun.enterprise.security.SecurityLifecycle onInitialization
Informazioni: sec.service.startup.exit
mag 14, 2014 11:11:58 AM com.sun.enterprise.security.ssl.impl.SecuritySupportImpl checkCertificateDates
Grave: SEC5054: Certificate has expired: [
[
  Version: V3
  Subject: CN=GTE CyberTrust Root 5, OU="GTE CyberTrust Solutions, Inc.", O=GTE Corporation, C=US
  Signature Algorithm: SHA1withRSA, OID = 1.2.840.113549.1.1.5

  Key:  Sun RSA public key, 2048 bits
  modulus: 23741889829347261660812437366387754385443431973861114865490414153884050331745811968523116847625570146592736935209718565296053386842135985534863157983128812774162998053673746470782252407673402238146869994438729551246768368782318393878374421033907597162218758024581735139682087126982809511479059100617027892880227587855877479432885604404402435662802390484099065871430585284534529627347717530352189612077130606642676951640071336717026459037542552927905851171460589361570392199748753414855675665635003335769915908187224347232807336022456537328962095005323382940080676931822787496212635993279098588863972868266229522169377
  public exponent: 65537
  Validity: [From: Fri Aug 14 16:50:00 CEST 1998,
               To: Thu Aug 15 01:59:00 CEST 2013]
  Issuer: CN=GTE CyberTrust Root 5, OU="GTE CyberTrust Solutions, Inc.", O=GTE Corporation, C=US
  SerialNumber: [    01b6]

Certificate Extensions: 4
[1]: ObjectId: 2.5.29.19 Criticality=true
BasicConstraints:[
  CA:true
  PathLen:5
]

[2]: ObjectId: 2.5.29.32 Criticality=false
CertificatePolicies [
  [CertificatePolicyId: [1.2.840.113763.1.2.1.3]
[]  ]
]

[3]: ObjectId: 2.5.29.15 Criticality=true
KeyUsage [
  Key_CertSign
  Crl_Sign
]

[4]: ObjectId: 2.5.29.14 Criticality=false
SubjectKeyIdentifier [
KeyIdentifier [
0000: 76 0A 49 21 38 4C 9F DE   F8 C4 49 C7 71 71 91 9D  v.I!8L....I.qq..
]
]

]
  Algorithm: [SHA1withRSA]
  Signature:
0000: 41 3A D4 18 5B DA B8 DE   21 1C E1 8E 09 E5 F1 68  A:..[...!......h
0010: 34 FF DE 96 F4 07 F5 A7   3C F3 AC 4A B1 9B FA 92  4.......<..J....
0020: FA 9B ED E6 32 21 AA 4A   76 C5 DC 4F 38 E5 DF D5  ....2!.Jv..O8...
0030: 86 E4 D5 C8 76 7D 98 D7   B1 CD 8F 4D B5 91 23 6C  ....v......M..#l
0040: 8B 8A EB EA 7C EF 14 94   C4 C6 F0 1F 4A 2D 32 71  ............J-2q
0050: 63 2B 63 91 26 02 09 B6   80 1D ED E2 CC B8 7F DB  c+c.&...........
0060: 87 63 C8 E1 D0 6C 26 B1   35 1D 40 66 10 1B CD 95  .c...l&.5.@f....
0070: 54 18 33 61 EC 13 4F DA   13 F7 99 AF 3E D0 CF 8E  T.3a..O.....>...
0080: A6 72 A2 B3 C3 05 9A C9   27 7D 92 CC 7E 52 8D B3  .r......'....R..
0090: AB 70 6D 9E 89 9F 4D EB   1A 75 C2 98 AA D5 02 16  .pm...M..u......
00A0: D7 0C 8A BF 25 E4 EB 2D   BC 98 E9 58 38 19 7C B9  ....%..-...X8...
00B0: 37 FE DB E2 99 08 73 06   C7 97 83 6A 7D 10 01 2F  7.....s....j.../
00C0: 32 B9 17 05 4A 65 E6 2F   CE BE 5E 53 A6 82 E9 9A  2...Je./..^S....
00D0: 53 0A 84 74 2D 83 CA C8   94 16 76 5F 94 61 28 F0  S..t-.....v_.a(.
00E0: 85 A7 39 BB D7 8B D9 A8   B2 13 1D 54 09 34 24 7D  ..9........T.4$.
00F0: 20 81 7D 66 7E A2 90 74   5C 10 C6 BD EC AB 1B C2   ..f...t\.......

]
mag 14, 2014 11:11:58 AM com.sun.enterprise.security.ssl.impl.SecuritySupportImpl checkCertificateDates
Grave: SEC5054: Certificate has expired: [
[
  Version: V3
  Subject: CN=GTE CyberTrust Root 5, OU="GTE CyberTrust Solutions, Inc.", O=GTE Corporation, C=US
  Signature Algorithm: SHA1withRSA, OID = 1.2.840.113549.1.1.5

  Key:  Sun RSA public key, 2048 bits
  modulus: 23741889829347261660812437366387754385443431973861114865490414153884050331745811968523116847625570146592736935209718565296053386842135985534863157983128812774162998053673746470782252407673402238146869994438729551246768368782318393878374421033907597162218758024581735139682087126982809511479059100617027892880227587855877479432885604404402435662802390484099065871430585284534529627347717530352189612077130606642676951640071336717026459037542552927905851171460589361570392199748753414855675665635003335769915908187224347232807336022456537328962095005323382940080676931822787496212635993279098588863972868266229522169377
  public exponent: 65537
  Validity: [From: Fri Aug 14 16:50:00 CEST 1998,
               To: Thu Aug 15 01:59:00 CEST 2013]
  Issuer: CN=GTE CyberTrust Root 5, OU="GTE CyberTrust Solutions, Inc.", O=GTE Corporation, C=US
  SerialNumber: [    01b6]

Certificate Extensions: 4
[1]: ObjectId: 2.5.29.19 Criticality=true
BasicConstraints:[
  CA:true
  PathLen:5
]

[2]: ObjectId: 2.5.29.32 Criticality=false
CertificatePolicies [
  [CertificatePolicyId: [1.2.840.113763.1.2.1.3]
[]  ]
]

[3]: ObjectId: 2.5.29.15 Criticality=true
KeyUsage [
  Key_CertSign
  Crl_Sign
]

[4]: ObjectId: 2.5.29.14 Criticality=false
SubjectKeyIdentifier [
KeyIdentifier [
0000: 76 0A 49 21 38 4C 9F DE   F8 C4 49 C7 71 71 91 9D  v.I!8L....I.qq..
]
]

]
  Algorithm: [SHA1withRSA]
  Signature:
0000: 41 3A D4 18 5B DA B8 DE   21 1C E1 8E 09 E5 F1 68  A:..[...!......h
0010: 34 FF DE 96 F4 07 F5 A7   3C F3 AC 4A B1 9B FA 92  4.......<..J....
0020: FA 9B ED E6 32 21 AA 4A   76 C5 DC 4F 38 E5 DF D5  ....2!.Jv..O8...
0030: 86 E4 D5 C8 76 7D 98 D7   B1 CD 8F 4D B5 91 23 6C  ....v......M..#l
0040: 8B 8A EB EA 7C EF 14 94   C4 C6 F0 1F 4A 2D 32 71  ............J-2q
0050: 63 2B 63 91 26 02 09 B6   80 1D ED E2 CC B8 7F DB  c+c.&...........
0060: 87 63 C8 E1 D0 6C 26 B1   35 1D 40 66 10 1B CD 95  .c...l&.5.@f....
0070: 54 18 33 61 EC 13 4F DA   13 F7 99 AF 3E D0 CF 8E  T.3a..O.....>...
0080: A6 72 A2 B3 C3 05 9A C9   27 7D 92 CC 7E 52 8D B3  .r......'....R..
0090: AB 70 6D 9E 89 9F 4D EB   1A 75 C2 98 AA D5 02 16  .pm...M..u......
00A0: D7 0C 8A BF 25 E4 EB 2D   BC 98 E9 58 38 19 7C B9  ....%..-...X8...
00B0: 37 FE DB E2 99 08 73 06   C7 97 83 6A 7D 10 01 2F  7.....s....j.../
00C0: 32 B9 17 05 4A 65 E6 2F   CE BE 5E 53 A6 82 E9 9A  2...Je./..^S....
00D0: 53 0A 84 74 2D 83 CA C8   94 16 76 5F 94 61 28 F0  S..t-.....v_.a(.
00E0: 85 A7 39 BB D7 8B D9 A8   B2 13 1D 54 09 34 24 7D  ..9........T.4$.
00F0: 20 81 7D 66 7E A2 90 74   5C 10 C6 BD EC AB 1B C2   ..f...t\.......

]
mag 14, 2014 11:11:58 AM com.sun.enterprise.security.ssl.impl.SecuritySupportImpl checkCertificateDates
Grave: SEC5054: Certificate has expired: [
[
  Version: V3
  Subject: CN=GTE CyberTrust Root 5, OU="GTE CyberTrust Solutions, Inc.", O=GTE Corporation, C=US
  Signature Algorithm: SHA1withRSA, OID = 1.2.840.113549.1.1.5

  Key:  Sun RSA public key, 2048 bits
  modulus: 23741889829347261660812437366387754385443431973861114865490414153884050331745811968523116847625570146592736935209718565296053386842135985534863157983128812774162998053673746470782252407673402238146869994438729551246768368782318393878374421033907597162218758024581735139682087126982809511479059100617027892880227587855877479432885604404402435662802390484099065871430585284534529627347717530352189612077130606642676951640071336717026459037542552927905851171460589361570392199748753414855675665635003335769915908187224347232807336022456537328962095005323382940080676931822787496212635993279098588863972868266229522169377
  public exponent: 65537
  Validity: [From: Fri Aug 14 16:50:00 CEST 1998,
               To: Thu Aug 15 01:59:00 CEST 2013]
  Issuer: CN=GTE CyberTrust Root 5, OU="GTE CyberTrust Solutions, Inc.", O=GTE Corporation, C=US
  SerialNumber: [    01b6]

Certificate Extensions: 4
[1]: ObjectId: 2.5.29.19 Criticality=true
BasicConstraints:[
  CA:true
  PathLen:5
]

[2]: ObjectId: 2.5.29.32 Criticality=false
CertificatePolicies [
  [CertificatePolicyId: [1.2.840.113763.1.2.1.3]
[]  ]
]

[3]: ObjectId: 2.5.29.15 Criticality=true
KeyUsage [
  Key_CertSign
  Crl_Sign
]

[4]: ObjectId: 2.5.29.14 Criticality=false
SubjectKeyIdentifier [
KeyIdentifier [
0000: 76 0A 49 21 38 4C 9F DE   F8 C4 49 C7 71 71 91 9D  v.I!8L....I.qq..
]
]

]
  Algorithm: [SHA1withRSA]
  Signature:
0000: 41 3A D4 18 5B DA B8 DE   21 1C E1 8E 09 E5 F1 68  A:..[...!......h
0010: 34 FF DE 96 F4 07 F5 A7   3C F3 AC 4A B1 9B FA 92  4.......<..J....
0020: FA 9B ED E6 32 21 AA 4A   76 C5 DC 4F 38 E5 DF D5  ....2!.Jv..O8...
0030: 86 E4 D5 C8 76 7D 98 D7   B1 CD 8F 4D B5 91 23 6C  ....v......M..#l
0040: 8B 8A EB EA 7C EF 14 94   C4 C6 F0 1F 4A 2D 32 71  ............J-2q
0050: 63 2B 63 91 26 02 09 B6   80 1D ED E2 CC B8 7F DB  c+c.&...........
0060: 87 63 C8 E1 D0 6C 26 B1   35 1D 40 66 10 1B CD 95  .c...l&.5.@f....
0070: 54 18 33 61 EC 13 4F DA   13 F7 99 AF 3E D0 CF 8E  T.3a..O.....>...
0080: A6 72 A2 B3 C3 05 9A C9   27 7D 92 CC 7E 52 8D B3  .r......'....R..
0090: AB 70 6D 9E 89 9F 4D EB   1A 75 C2 98 AA D5 02 16  .pm...M..u......
00A0: D7 0C 8A BF 25 E4 EB 2D   BC 98 E9 58 38 19 7C B9  ....%..-...X8...
00B0: 37 FE DB E2 99 08 73 06   C7 97 83 6A 7D 10 01 2F  7.....s....j.../
00C0: 32 B9 17 05 4A 65 E6 2F   CE BE 5E 53 A6 82 E9 9A  2...Je./..^S....
00D0: 53 0A 84 74 2D 83 CA C8   94 16 76 5F 94 61 28 F0  S..t-.....v_.a(.
00E0: 85 A7 39 BB D7 8B D9 A8   B2 13 1D 54 09 34 24 7D  ..9........T.4$.
00F0: 20 81 7D 66 7E A2 90 74   5C 10 C6 BD EC AB 1B C2   ..f...t\.......

]
mag 14, 2014 11:11:59 AM com.sun.jts.CosTransactions.DefaultTransactionService setServerName
Informazioni: jts.startup_msg
mag 14, 2014 11:11:59 AM org.glassfish.enterprise.iiop.impl.CSIv2SSLTaggedComponentHandlerImpl extract
Avvertenza: Exception getting SocketInfo
java.lang.RuntimeException: Orb initialization erorr
	at org.glassfish.enterprise.iiop.api.GlassFishORBHelper.getORB(GlassFishORBHelper.java:191)
	at com.sun.enterprise.iiop.security.SecurityMechanismSelector.getCtc(SecurityMechanismSelector.java:338)
	at com.sun.enterprise.iiop.security.SecurityMechanismSelector.selectSecurityMechanism(SecurityMechanismSelector.java:990)
	at com.sun.enterprise.iiop.security.SecurityMechanismSelector.getSSLPorts(SecurityMechanismSelector.java:348)
	at com.sun.enterprise.iiop.security.SecurityMechanismSelector.getSSLSocketInfo(SecurityMechanismSelector.java:542)
	at com.sun.enterprise.iiop.security.IIOPSSLUtilImpl.getSSLPortsAsSocketInfo(IIOPSSLUtilImpl.java:143)
	at org.glassfish.enterprise.iiop.impl.CSIv2SSLTaggedComponentHandlerImpl.extract(CSIv2SSLTaggedComponentHandlerImpl.java:152)
	at com.sun.corba.ee.impl.folb.ClientGroupManager.getSocketInfo(ClientGroupManager.java:205)
	at com.sun.corba.ee.impl.transport.ContactInfoListImpl.addRemoteContactInfos(ContactInfoListImpl.java:401)
	at com.sun.corba.ee.impl.transport.ContactInfoListImpl.createContactInfoList(ContactInfoListImpl.java:376)
	at com.sun.corba.ee.impl.transport.ContactInfoListImpl.iterator(ContactInfoListImpl.java:188)
	at com.sun.corba.ee.impl.protocol.ClientDelegateImpl.request(ClientDelegateImpl.java:196)
	at com.sun.corba.ee.impl.resolver.BootstrapResolverImpl.invoke(BootstrapResolverImpl.java:112)
	at com.sun.corba.ee.impl.resolver.BootstrapResolverImpl.resolve(BootstrapResolverImpl.java:145)
	at com.sun.corba.ee.impl.resolver.CompositeResolverImpl.resolve(CompositeResolverImpl.java:61)
	at com.sun.corba.ee.impl.resolver.CompositeResolverImpl.resolve(CompositeResolverImpl.java:61)
	at com.sun.corba.ee.impl.resolver.CompositeResolverImpl.resolve(CompositeResolverImpl.java:61)
	at com.sun.corba.ee.impl.orb.ORBImpl.resolve_initial_references(ORBImpl.java:1259)
	at com.sun.jts.CosTransactions.DefaultTransactionService.createPOAs(DefaultTransactionService.java:388)
	at com.sun.jts.CosTransactions.DefaultTransactionService.identify_ORB(DefaultTransactionService.java:202)
	at com.sun.enterprise.transaction.jts.iiop.TransactionIIOPInterceptorFactory.createInterceptor(TransactionIIOPInterceptorFactory.java:145)
	at com.sun.enterprise.transaction.jts.iiop.TransactionIIOPInterceptorFactory.createClientRequestInterceptor(TransactionIIOPInterceptorFactory.java:97)
	at org.glassfish.enterprise.iiop.impl.GlassFishORBInitializer.post_init(GlassFishORBInitializer.java:132)
	at com.sun.corba.ee.impl.interceptors.PIHandlerImpl.postInitORBInitializers(PIHandlerImpl.java:917)
	at com.sun.corba.ee.impl.interceptors.PIHandlerImpl.initialize(PIHandlerImpl.java:267)
	at com.sun.corba.ee.impl.orb.ORBImpl.postInit(ORBImpl.java:636)
	at com.sun.corba.ee.impl.orb.ORBImpl.set_parameters(ORBImpl.java:697)
	at com.sun.corba.ee.impl.orb.ORBImpl.setParameters(ORBImpl.java:684)
	at com.sun.corba.ee.spi.osgi.ORBFactory.initialize(ORBFactory.java:107)
	at org.glassfish.enterprise.iiop.impl.GlassFishORBManager.initORB(GlassFishORBManager.java:585)
	at org.glassfish.enterprise.iiop.impl.GlassFishORBManager.getORB(GlassFishORBManager.java:264)
	at org.glassfish.enterprise.iiop.impl.GlassFishORBFactoryImpl.createORB(GlassFishORBFactoryImpl.java:93)
	at org.glassfish.enterprise.iiop.api.GlassFishORBHelper.getORB(GlassFishORBHelper.java:163)
	at org.glassfish.enterprise.iiop.api.GlassFishORBHelper.getProtocolManager(GlassFishORBHelper.java:231)
	at com.sun.ejb.containers.BaseContainer.initializeProtocolManager(BaseContainer.java:830)
	at com.sun.ejb.containers.BaseContainer.<init>(BaseContainer.java:590)
	at com.sun.ejb.containers.StatelessSessionContainer.<init>(StatelessSessionContainer.java:143)
	at com.sun.ejb.containers.StatelessSessionContainer.<init>(StatelessSessionContainer.java:137)
	at com.sun.ejb.containers.StatelessContainerFactory.createContainer(StatelessContainerFactory.java:61)
	at org.glassfish.ejb.startup.EjbApplication.loadContainers(EjbApplication.java:221)
	at org.glassfish.ejb.startup.EjbDeployer.load(EjbDeployer.java:291)
	at org.glassfish.ejb.startup.EjbDeployer.load(EjbDeployer.java:99)
	at org.glassfish.internal.data.ModuleInfo.load(ModuleInfo.java:206)
	at org.glassfish.internal.data.ApplicationInfo.load(ApplicationInfo.java:313)
	at com.sun.enterprise.v3.server.ApplicationLifecycle.deploy(ApplicationLifecycle.java:493)
	at com.sun.enterprise.v3.server.ApplicationLifecycle.deploy(ApplicationLifecycle.java:219)
	at org.glassfish.deployment.admin.DeployCommand.execute(DeployCommand.java:491)
	at com.sun.enterprise.v3.admin.CommandRunnerImpl$2$1.run(CommandRunnerImpl.java:527)
	at com.sun.enterprise.v3.admin.CommandRunnerImpl$2$1.run(CommandRunnerImpl.java:523)
	at java.security.AccessController.doPrivileged(Native Method)
	at javax.security.auth.Subject.doAs(Subject.java:356)
	at com.sun.enterprise.v3.admin.CommandRunnerImpl$2.execute(CommandRunnerImpl.java:522)
	at com.sun.enterprise.v3.admin.CommandRunnerImpl.doCommand(CommandRunnerImpl.java:546)
	at com.sun.enterprise.v3.admin.CommandRunnerImpl.doCommand(CommandRunnerImpl.java:1423)
	at com.sun.enterprise.v3.admin.CommandRunnerImpl.access$1500(CommandRunnerImpl.java:108)
	at com.sun.enterprise.v3.admin.CommandRunnerImpl$ExecutionContext.execute(CommandRunnerImpl.java:1762)
	at com.sun.enterprise.v3.admin.CommandRunnerImpl$ExecutionContext.execute(CommandRunnerImpl.java:1674)
	at com.sun.enterprise.admin.cli.embeddable.DeployerImpl.deploy(DeployerImpl.java:133)
	at com.sun.enterprise.admin.cli.embeddable.DeployerImpl.deploy(DeployerImpl.java:109)
	at org.glassfish.ejb.embedded.EJBContainerImpl.deploy(EJBContainerImpl.java:138)
	at org.glassfish.ejb.embedded.EJBContainerProviderImpl.createEJBContainer(EJBContainerProviderImpl.java:134)
	at javax.ejb.embeddable.EJBContainer.createEJBContainer(EJBContainer.java:127)
	at javax.ejb.embeddable.EJBContainer.createEJBContainer(EJBContainer.java:102)
	at GestoreAccountRemoto.GestoreAccountRemotoTest.testVerificaDatiAccount(GestoreAccountRemotoTest.java:71)
	at sun.reflect.NativeMethodAccessorImpl.invoke0(Native Method)
	at sun.reflect.NativeMethodAccessorImpl.invoke(NativeMethodAccessorImpl.java:57)
	at sun.reflect.DelegatingMethodAccessorImpl.invoke(DelegatingMethodAccessorImpl.java:43)
	at java.lang.reflect.Method.invoke(Method.java:606)
	at org.junit.runners.model.FrameworkMethod$1.runReflectiveCall(FrameworkMethod.java:45)
	at org.junit.internal.runners.model.ReflectiveCallable.run(ReflectiveCallable.java:15)
	at org.junit.runners.model.FrameworkMethod.invokeExplosively(FrameworkMethod.java:42)
	at org.junit.internal.runners.statements.InvokeMethod.evaluate(InvokeMethod.java:20)
	at org.junit.internal.runners.statements.RunBefores.evaluate(RunBefores.java:28)
	at org.junit.internal.runners.statements.RunAfters.evaluate(RunAfters.java:30)
	at org.junit.runners.ParentRunner.runLeaf(ParentRunner.java:263)
	at org.junit.runners.BlockJUnit4ClassRunner.runChild(BlockJUnit4ClassRunner.java:68)
	at org.junit.runners.BlockJUnit4ClassRunner.runChild(BlockJUnit4ClassRunner.java:47)
	at org.junit.runners.ParentRunner$3.run(ParentRunner.java:231)
	at org.junit.runners.ParentRunner$1.schedule(ParentRunner.java:60)
	at org.junit.runners.ParentRunner.runChildren(ParentRunner.java:229)
	at org.junit.runners.ParentRunner.access$000(ParentRunner.java:50)
	at org.junit.runners.ParentRunner$2.evaluate(ParentRunner.java:222)
	at org.junit.internal.runners.statements.RunBefores.evaluate(RunBefores.java:28)
	at org.junit.internal.runners.statements.RunAfters.evaluate(RunAfters.java:30)
	at org.junit.runners.ParentRunner.run(ParentRunner.java:300)
	at junit.framework.JUnit4TestAdapter.run(JUnit4TestAdapter.java:39)
	at org.apache.tools.ant.taskdefs.optional.junit.JUnitTestRunner.run(JUnitTestRunner.java:523)
	at org.apache.tools.ant.taskdefs.optional.junit.JUnitTestRunner.launch(JUnitTestRunner.java:1063)
	at org.apache.tools.ant.taskdefs.optional.junit.JUnitTestRunner.main(JUnitTestRunner.java:914)
Caused by: javax.naming.CommunicationException: Cannot connect to ORB [Root exception is org.omg.CORBA.COMM_FAILURE: Grave: 00410016: Unable to create IIOP listener on the specified host all interfaces and port 3.700  vmcid: OMG  minor code: 16  completed: No]
	at com.sun.jndi.cosnaming.CNCtx.setOrbAndRootContext(CNCtx.java:400)
	at com.sun.jndi.cosnaming.CNCtx.initOrbAndRootContext(CNCtx.java:274)
	at com.sun.jndi.cosnaming.CNCtx.<init>(CNCtx.java:105)
	at com.sun.jndi.cosnaming.CNCtxFactory.getInitialContext(CNCtxFactory.java:49)
	at javax.naming.spi.NamingManager.getInitialContext(NamingManager.java:684)
	at javax.naming.InitialContext.getDefaultInitCtx(InitialContext.java:307)
	at javax.naming.InitialContext.init(InitialContext.java:242)
	at javax.naming.InitialContext.<init>(InitialContext.java:216)
	at com.sun.enterprise.naming.impl.GlassfishNamingManagerImpl.initializeRemoteNamingSupport(GlassfishNamingManagerImpl.java:166)
	at org.glassfish.enterprise.iiop.api.GlassFishORBHelper.getORB(GlassFishORBHelper.java:182)
	... 88 more
Caused by: org.omg.CORBA.COMM_FAILURE: Grave: 00410016: Unable to create IIOP listener on the specified host all interfaces and port 3.700  vmcid: OMG  minor code: 16  completed: No
	at com.sun.proxy.$Proxy175.createListenerFailed(Unknown Source)
	at com.sun.corba.ee.impl.transport.AcceptorImpl.initialize(AcceptorImpl.java:98)
	at com.sun.corba.ee.impl.transport.TransportManagerImpl.getAcceptors(TransportManagerImpl.java:232)
	at com.sun.corba.ee.impl.legacy.connection.LegacyServerSocketManagerImpl.getAcceptorIterator(LegacyServerSocketManagerImpl.java:163)
	at com.sun.corba.ee.impl.legacy.connection.LegacyServerSocketManagerImpl.legacyIsLocalServerPort(LegacyServerSocketManagerImpl.java:130)
	at com.sun.corba.ee.impl.ior.iiop.IIOPProfileImpl.isLocal(IIOPProfileImpl.java:341)
	at com.sun.corba.ee.impl.transport.ContactInfoListImpl.setLocalSubcontract(ContactInfoListImpl.java:444)
	at com.sun.corba.ee.impl.transport.ContactInfoListImpl.setEffectiveTargetIOR(ContactInfoListImpl.java:277)
	at com.sun.corba.ee.impl.transport.ContactInfoListImpl.setTargetIOR(ContactInfoListImpl.java:219)
	at com.sun.corba.ee.impl.transport.ContactInfoListImpl.<init>(ContactInfoListImpl.java:183)
	at com.sun.corba.ee.spi.transport.TransportDefault$1.create(TransportDefault.java:70)
	at com.sun.corba.ee.impl.misc.ORBUtility.makeClientDelegate(ORBUtility.java:803)
	at com.sun.corba.ee.impl.misc.ORBUtility.makeObjectReference(ORBUtility.java:812)
	at com.sun.corba.ee.impl.resolver.INSURLOperationImpl.getIORUsingCorbaloc(INSURLOperationImpl.java:312)
	at com.sun.corba.ee.impl.resolver.INSURLOperationImpl.resolveCorbaloc(INSURLOperationImpl.java:183)
	at com.sun.corba.ee.impl.resolver.INSURLOperationImpl.resolveINSURL(INSURLOperationImpl.java:155)
	at com.sun.corba.ee.impl.resolver.INSURLOperationImpl.operate(INSURLOperationImpl.java:144)
	at com.sun.corba.ee.impl.resolver.ORBInitRefResolverImpl.resolve(ORBInitRefResolverImpl.java:69)
	at com.sun.corba.ee.impl.resolver.CompositeResolverImpl.resolve(CompositeResolverImpl.java:59)
	at com.sun.corba.ee.impl.resolver.CompositeResolverImpl.resolve(CompositeResolverImpl.java:61)
	at com.sun.corba.ee.impl.orb.ORBImpl.resolve_initial_references(ORBImpl.java:1259)
	at com.sun.jndi.cosnaming.CNCtx.setOrbAndRootContext(CNCtx.java:378)
	... 97 more
Caused by: java.net.BindException: Address already in use
	at sun.nio.ch.Net.bind0(Native Method)
	at sun.nio.ch.Net.bind(Net.java:444)
	at sun.nio.ch.Net.bind(Net.java:436)
	at sun.nio.ch.ServerSocketChannelImpl.bind(ServerSocketChannelImpl.java:214)
	at sun.nio.ch.ServerSocketAdaptor.bind(ServerSocketAdaptor.java:74)
	at sun.nio.ch.ServerSocketAdaptor.bind(ServerSocketAdaptor.java:67)
	at org.glassfish.enterprise.iiop.impl.IIOPSSLSocketFactory.createServerSocket(IIOPSSLSocketFactory.java:297)
	at com.sun.corba.ee.impl.transport.AcceptorImpl.initialize(AcceptorImpl.java:91)
	... 117 more

mag 14, 2014 11:11:59 AM com.sun.jts.CosTransactions.DefaultTransactionService identify_ORB
Avvertenza: jts.unexpected_error_when_creating_poa
org.omg.CORBA.OBJ_ADAPTER: Avvertenza: 02310002: Error in connecting servant to ORB  vmcid: OMG  minor code: 2  completed: No
	at com.sun.proxy.$Proxy175.orbConnectError(Unknown Source)
	at com.sun.corba.ee.impl.orb.ORBImpl.connect(ORBImpl.java:1692)
	at com.sun.corba.ee.spi.presentation.rmi.StubAdapter.connect(StubAdapter.java:216)
	at com.sun.corba.ee.impl.orb.ORBImpl.getIOR(ORBImpl.java:2082)
	at com.sun.corba.ee.impl.orb.ORBImpl.getFVDCodeBaseIOR(ORBImpl.java:981)
	at com.sun.corba.ee.impl.protocol.ClientRequestDispatcherImpl.addServiceContexts(ClientRequestDispatcherImpl.java:822)
	at com.sun.corba.ee.impl.protocol.ClientRequestDispatcherImpl.beginRequest(ClientRequestDispatcherImpl.java:293)
	at com.sun.corba.ee.impl.protocol.ClientDelegateImpl.request(ClientDelegateImpl.java:227)
	at com.sun.corba.ee.impl.resolver.BootstrapResolverImpl.invoke(BootstrapResolverImpl.java:112)
	at com.sun.corba.ee.impl.resolver.BootstrapResolverImpl.resolve(BootstrapResolverImpl.java:145)
	at com.sun.corba.ee.impl.resolver.CompositeResolverImpl.resolve(CompositeResolverImpl.java:61)
	at com.sun.corba.ee.impl.resolver.CompositeResolverImpl.resolve(CompositeResolverImpl.java:61)
	at com.sun.corba.ee.impl.resolver.CompositeResolverImpl.resolve(CompositeResolverImpl.java:61)
	at com.sun.corba.ee.impl.orb.ORBImpl.resolve_initial_references(ORBImpl.java:1259)
	at com.sun.jts.CosTransactions.DefaultTransactionService.createPOAs(DefaultTransactionService.java:388)
	at com.sun.jts.CosTransactions.DefaultTransactionService.identify_ORB(DefaultTransactionService.java:202)
	at com.sun.enterprise.transaction.jts.iiop.TransactionIIOPInterceptorFactory.createInterceptor(TransactionIIOPInterceptorFactory.java:145)
	at com.sun.enterprise.transaction.jts.iiop.TransactionIIOPInterceptorFactory.createClientRequestInterceptor(TransactionIIOPInterceptorFactory.java:97)
	at org.glassfish.enterprise.iiop.impl.GlassFishORBInitializer.post_init(GlassFishORBInitializer.java:132)
	at com.sun.corba.ee.impl.interceptors.PIHandlerImpl.postInitORBInitializers(PIHandlerImpl.java:917)
	at com.sun.corba.ee.impl.interceptors.PIHandlerImpl.initialize(PIHandlerImpl.java:267)
	at com.sun.corba.ee.impl.orb.ORBImpl.postInit(ORBImpl.java:636)
	at com.sun.corba.ee.impl.orb.ORBImpl.set_parameters(ORBImpl.java:697)
	at com.sun.corba.ee.impl.orb.ORBImpl.setParameters(ORBImpl.java:684)
	at com.sun.corba.ee.spi.osgi.ORBFactory.initialize(ORBFactory.java:107)
	at org.glassfish.enterprise.iiop.impl.GlassFishORBManager.initORB(GlassFishORBManager.java:585)
	at org.glassfish.enterprise.iiop.impl.GlassFishORBManager.getORB(GlassFishORBManager.java:264)
	at org.glassfish.enterprise.iiop.impl.GlassFishORBFactoryImpl.createORB(GlassFishORBFactoryImpl.java:93)
	at org.glassfish.enterprise.iiop.api.GlassFishORBHelper.getORB(GlassFishORBHelper.java:163)
	at org.glassfish.enterprise.iiop.api.GlassFishORBHelper.getProtocolManager(GlassFishORBHelper.java:231)
	at com.sun.ejb.containers.BaseContainer.initializeProtocolManager(BaseContainer.java:830)
	at com.sun.ejb.containers.BaseContainer.<init>(BaseContainer.java:590)
	at com.sun.ejb.containers.StatelessSessionContainer.<init>(StatelessSessionContainer.java:143)
	at com.sun.ejb.containers.StatelessSessionContainer.<init>(StatelessSessionContainer.java:137)
	at com.sun.ejb.containers.StatelessContainerFactory.createContainer(StatelessContainerFactory.java:61)
	at org.glassfish.ejb.startup.EjbApplication.loadContainers(EjbApplication.java:221)
	at org.glassfish.ejb.startup.EjbDeployer.load(EjbDeployer.java:291)
	at org.glassfish.ejb.startup.EjbDeployer.load(EjbDeployer.java:99)
	at org.glassfish.internal.data.ModuleInfo.load(ModuleInfo.java:206)
	at org.glassfish.internal.data.ApplicationInfo.load(ApplicationInfo.java:313)
	at com.sun.enterprise.v3.server.ApplicationLifecycle.deploy(ApplicationLifecycle.java:493)
	at com.sun.enterprise.v3.server.ApplicationLifecycle.deploy(ApplicationLifecycle.java:219)
	at org.glassfish.deployment.admin.DeployCommand.execute(DeployCommand.java:491)
	at com.sun.enterprise.v3.admin.CommandRunnerImpl$2$1.run(CommandRunnerImpl.java:527)
	at com.sun.enterprise.v3.admin.CommandRunnerImpl$2$1.run(CommandRunnerImpl.java:523)
	at java.security.AccessController.doPrivileged(Native Method)
	at javax.security.auth.Subject.doAs(Subject.java:356)
	at com.sun.enterprise.v3.admin.CommandRunnerImpl$2.execute(CommandRunnerImpl.java:522)
	at com.sun.enterprise.v3.admin.CommandRunnerImpl.doCommand(CommandRunnerImpl.java:546)
	at com.sun.enterprise.v3.admin.CommandRunnerImpl.doCommand(CommandRunnerImpl.java:1423)
	at com.sun.enterprise.v3.admin.CommandRunnerImpl.access$1500(CommandRunnerImpl.java:108)
	at com.sun.enterprise.v3.admin.CommandRunnerImpl$ExecutionContext.execute(CommandRunnerImpl.java:1762)
	at com.sun.enterprise.v3.admin.CommandRunnerImpl$ExecutionContext.execute(CommandRunnerImpl.java:1674)
	at com.sun.enterprise.admin.cli.embeddable.DeployerImpl.deploy(DeployerImpl.java:133)
	at com.sun.enterprise.admin.cli.embeddable.DeployerImpl.deploy(DeployerImpl.java:109)
	at org.glassfish.ejb.embedded.EJBContainerImpl.deploy(EJBContainerImpl.java:138)
	at org.glassfish.ejb.embedded.EJBContainerProviderImpl.createEJBContainer(EJBContainerProviderImpl.java:134)
	at javax.ejb.embeddable.EJBContainer.createEJBContainer(EJBContainer.java:127)
	at javax.ejb.embeddable.EJBContainer.createEJBContainer(EJBContainer.java:102)
	at GestoreAccountRemoto.GestoreAccountRemotoTest.testVerificaDatiAccount(GestoreAccountRemotoTest.java:71)
	at sun.reflect.NativeMethodAccessorImpl.invoke0(Native Method)
	at sun.reflect.NativeMethodAccessorImpl.invoke(NativeMethodAccessorImpl.java:57)
	at sun.reflect.DelegatingMethodAccessorImpl.invoke(DelegatingMethodAccessorImpl.java:43)
	at java.lang.reflect.Method.invoke(Method.java:606)
	at org.junit.runners.model.FrameworkMethod$1.runReflectiveCall(FrameworkMethod.java:45)
	at org.junit.internal.runners.model.ReflectiveCallable.run(ReflectiveCallable.java:15)
	at org.junit.runners.model.FrameworkMethod.invokeExplosively(FrameworkMethod.java:42)
	at org.junit.internal.runners.statements.InvokeMethod.evaluate(InvokeMethod.java:20)
	at org.junit.internal.runners.statements.RunBefores.evaluate(RunBefores.java:28)
	at org.junit.internal.runners.statements.RunAfters.evaluate(RunAfters.java:30)
	at org.junit.runners.ParentRunner.runLeaf(ParentRunner.java:263)
	at org.junit.runners.BlockJUnit4ClassRunner.runChild(BlockJUnit4ClassRunner.java:68)
	at org.junit.runners.BlockJUnit4ClassRunner.runChild(BlockJUnit4ClassRunner.java:47)
	at org.junit.runners.ParentRunner$3.run(ParentRunner.java:231)
	at org.junit.runners.ParentRunner$1.schedule(ParentRunner.java:60)
	at org.junit.runners.ParentRunner.runChildren(ParentRunner.java:229)
	at org.junit.runners.ParentRunner.access$000(ParentRunner.java:50)
	at org.junit.runners.ParentRunner$2.evaluate(ParentRunner.java:222)
	at org.junit.internal.runners.statements.RunBefores.evaluate(RunBefores.java:28)
	at org.junit.internal.runners.statements.RunAfters.evaluate(RunAfters.java:30)
	at org.junit.runners.ParentRunner.run(ParentRunner.java:300)
	at junit.framework.JUnit4TestAdapter.run(JUnit4TestAdapter.java:39)
	at org.apache.tools.ant.taskdefs.optional.junit.JUnitTestRunner.run(JUnitTestRunner.java:523)
	at org.apache.tools.ant.taskdefs.optional.junit.JUnitTestRunner.launch(JUnitTestRunner.java:1063)
	at org.apache.tools.ant.taskdefs.optional.junit.JUnitTestRunner.main(JUnitTestRunner.java:914)
Caused by: org.omg.CORBA.COMM_FAILURE: Grave: 00410016: Unable to create IIOP listener on the specified host all interfaces and port 3.700  vmcid: OMG  minor code: 16  completed: No
	at com.sun.proxy.$Proxy175.createListenerFailed(Unknown Source)
	at com.sun.corba.ee.impl.transport.AcceptorImpl.initialize(AcceptorImpl.java:98)
	at com.sun.corba.ee.impl.transport.TransportManagerImpl.getAcceptors(TransportManagerImpl.java:232)
	at com.sun.corba.ee.impl.transport.TransportManagerImpl.addToIORTemplate(TransportManagerImpl.java:251)
	at com.sun.corba.ee.spi.oa.ObjectAdapterBase.initializeTemplate(ObjectAdapterBase.java:103)
	at com.sun.corba.ee.impl.oa.toa.TOAImpl.<init>(TOAImpl.java:133)
	at com.sun.corba.ee.impl.oa.toa.TOAFactory.getTOA(TOAFactory.java:118)
	at com.sun.corba.ee.impl.orb.ORBImpl.connect(ORBImpl.java:1690)
	... 83 more
Caused by: java.net.BindException: Address already in use
	at sun.nio.ch.Net.bind0(Native Method)
	at sun.nio.ch.Net.bind(Net.java:444)
	at sun.nio.ch.Net.bind(Net.java:436)
	at sun.nio.ch.ServerSocketChannelImpl.bind(ServerSocketChannelImpl.java:214)
	at sun.nio.ch.ServerSocketAdaptor.bind(ServerSocketAdaptor.java:74)
	at sun.nio.ch.ServerSocketAdaptor.bind(ServerSocketAdaptor.java:67)
	at org.glassfish.enterprise.iiop.impl.IIOPSSLSocketFactory.createServerSocket(IIOPSSLSocketFactory.java:297)
	at com.sun.corba.ee.impl.transport.AcceptorImpl.initialize(AcceptorImpl.java:91)
	... 89 more

mag 14, 2014 11:11:59 AM org.glassfish.enterprise.iiop.impl.GlassFishORBManager initORB
Grave: enterprise_util.excep_in_createorb
org.omg.CORBA.OBJ_ADAPTER: Avvertenza: 02310002: Error in connecting servant to ORB  vmcid: OMG  minor code: 2  completed: No
	at com.sun.proxy.$Proxy175.orbConnectError(Unknown Source)
	at com.sun.corba.ee.impl.orb.ORBImpl.connect(ORBImpl.java:1692)
	at com.sun.corba.ee.spi.presentation.rmi.StubAdapter.connect(StubAdapter.java:216)
	at com.sun.corba.ee.impl.orb.ORBImpl.getIOR(ORBImpl.java:2082)
	at com.sun.corba.ee.impl.orb.ORBImpl.getFVDCodeBaseIOR(ORBImpl.java:981)
	at com.sun.corba.ee.impl.protocol.ClientRequestDispatcherImpl.addServiceContexts(ClientRequestDispatcherImpl.java:822)
	at com.sun.corba.ee.impl.protocol.ClientRequestDispatcherImpl.beginRequest(ClientRequestDispatcherImpl.java:293)
	at com.sun.corba.ee.impl.protocol.ClientDelegateImpl.request(ClientDelegateImpl.java:227)
	at com.sun.corba.ee.impl.resolver.BootstrapResolverImpl.invoke(BootstrapResolverImpl.java:112)
	at com.sun.corba.ee.impl.resolver.BootstrapResolverImpl.resolve(BootstrapResolverImpl.java:145)
	at com.sun.corba.ee.impl.resolver.CompositeResolverImpl.resolve(CompositeResolverImpl.java:61)
	at com.sun.corba.ee.impl.resolver.CompositeResolverImpl.resolve(CompositeResolverImpl.java:61)
	at com.sun.corba.ee.impl.resolver.CompositeResolverImpl.resolve(CompositeResolverImpl.java:61)
	at com.sun.corba.ee.impl.orb.ORBImpl.resolve_initial_references(ORBImpl.java:1259)
	at org.glassfish.enterprise.iiop.impl.GlassFishORBManager.initORB(GlassFishORBManager.java:590)
	at org.glassfish.enterprise.iiop.impl.GlassFishORBManager.getORB(GlassFishORBManager.java:264)
	at org.glassfish.enterprise.iiop.impl.GlassFishORBFactoryImpl.createORB(GlassFishORBFactoryImpl.java:93)
	at org.glassfish.enterprise.iiop.api.GlassFishORBHelper.getORB(GlassFishORBHelper.java:163)
	at org.glassfish.enterprise.iiop.api.GlassFishORBHelper.getProtocolManager(GlassFishORBHelper.java:231)
	at com.sun.ejb.containers.BaseContainer.initializeProtocolManager(BaseContainer.java:830)
	at com.sun.ejb.containers.BaseContainer.<init>(BaseContainer.java:590)
	at com.sun.ejb.containers.StatelessSessionContainer.<init>(StatelessSessionContainer.java:143)
	at com.sun.ejb.containers.StatelessSessionContainer.<init>(StatelessSessionContainer.java:137)
	at com.sun.ejb.containers.StatelessContainerFactory.createContainer(StatelessContainerFactory.java:61)
	at org.glassfish.ejb.startup.EjbApplication.loadContainers(EjbApplication.java:221)
	at org.glassfish.ejb.startup.EjbDeployer.load(EjbDeployer.java:291)
	at org.glassfish.ejb.startup.EjbDeployer.load(EjbDeployer.java:99)
	at org.glassfish.internal.data.ModuleInfo.load(ModuleInfo.java:206)
	at org.glassfish.internal.data.ApplicationInfo.load(ApplicationInfo.java:313)
	at com.sun.enterprise.v3.server.ApplicationLifecycle.deploy(ApplicationLifecycle.java:493)
	at com.sun.enterprise.v3.server.ApplicationLifecycle.deploy(ApplicationLifecycle.java:219)
	at org.glassfish.deployment.admin.DeployCommand.execute(DeployCommand.java:491)
	at com.sun.enterprise.v3.admin.CommandRunnerImpl$2$1.run(CommandRunnerImpl.java:527)
	at com.sun.enterprise.v3.admin.CommandRunnerImpl$2$1.run(CommandRunnerImpl.java:523)
	at java.security.AccessController.doPrivileged(Native Method)
	at javax.security.auth.Subject.doAs(Subject.java:356)
	at com.sun.enterprise.v3.admin.CommandRunnerImpl$2.execute(CommandRunnerImpl.java:522)
	at com.sun.enterprise.v3.admin.CommandRunnerImpl.doCommand(CommandRunnerImpl.java:546)
	at com.sun.enterprise.v3.admin.CommandRunnerImpl.doCommand(CommandRunnerImpl.java:1423)
	at com.sun.enterprise.v3.admin.CommandRunnerImpl.access$1500(CommandRunnerImpl.java:108)
	at com.sun.enterprise.v3.admin.CommandRunnerImpl$ExecutionContext.execute(CommandRunnerImpl.java:1762)
	at com.sun.enterprise.v3.admin.CommandRunnerImpl$ExecutionContext.execute(CommandRunnerImpl.java:1674)
	at com.sun.enterprise.admin.cli.embeddable.DeployerImpl.deploy(DeployerImpl.java:133)
	at com.sun.enterprise.admin.cli.embeddable.DeployerImpl.deploy(DeployerImpl.java:109)
	at org.glassfish.ejb.embedded.EJBContainerImpl.deploy(EJBContainerImpl.java:138)
	at org.glassfish.ejb.embedded.EJBContainerProviderImpl.createEJBContainer(EJBContainerProviderImpl.java:134)
	at javax.ejb.embeddable.EJBContainer.createEJBContainer(EJBContainer.java:127)
	at javax.ejb.embeddable.EJBContainer.createEJBContainer(EJBContainer.java:102)
	at GestoreAccountRemoto.GestoreAccountRemotoTest.testVerificaDatiAccount(GestoreAccountRemotoTest.java:71)
	at sun.reflect.NativeMethodAccessorImpl.invoke0(Native Method)
	at sun.reflect.NativeMethodAccessorImpl.invoke(NativeMethodAccessorImpl.java:57)
	at sun.reflect.DelegatingMethodAccessorImpl.invoke(DelegatingMethodAccessorImpl.java:43)
	at java.lang.reflect.Method.invoke(Method.java:606)
	at org.junit.runners.model.FrameworkMethod$1.runReflectiveCall(FrameworkMethod.java:45)
	at org.junit.internal.runners.model.ReflectiveCallable.run(ReflectiveCallable.java:15)
	at org.junit.runners.model.FrameworkMethod.invokeExplosively(FrameworkMethod.java:42)
	at org.junit.internal.runners.statements.InvokeMethod.evaluate(InvokeMethod.java:20)
	at org.junit.internal.runners.statements.RunBefores.evaluate(RunBefores.java:28)
	at org.junit.internal.runners.statements.RunAfters.evaluate(RunAfters.java:30)
	at org.junit.runners.ParentRunner.runLeaf(ParentRunner.java:263)
	at org.junit.runners.BlockJUnit4ClassRunner.runChild(BlockJUnit4ClassRunner.java:68)
	at org.junit.runners.BlockJUnit4ClassRunner.runChild(BlockJUnit4ClassRunner.java:47)
	at org.junit.runners.ParentRunner$3.run(ParentRunner.java:231)
	at org.junit.runners.ParentRunner$1.schedule(ParentRunner.java:60)
	at org.junit.runners.ParentRunner.runChildren(ParentRunner.java:229)
	at org.junit.runners.ParentRunner.access$000(ParentRunner.java:50)
	at org.junit.runners.ParentRunner$2.evaluate(ParentRunner.java:222)
	at org.junit.internal.runners.statements.RunBefores.evaluate(RunBefores.java:28)
	at org.junit.internal.runners.statements.RunAfters.evaluate(RunAfters.java:30)
	at org.junit.runners.ParentRunner.run(ParentRunner.java:300)
	at junit.framework.JUnit4TestAdapter.run(JUnit4TestAdapter.java:39)
	at org.apache.tools.ant.taskdefs.optional.junit.JUnitTestRunner.run(JUnitTestRunner.java:523)
	at org.apache.tools.ant.taskdefs.optional.junit.JUnitTestRunner.launch(JUnitTestRunner.java:1063)
	at org.apache.tools.ant.taskdefs.optional.junit.JUnitTestRunner.main(JUnitTestRunner.java:914)
Caused by: org.omg.CORBA.COMM_FAILURE: Grave: 00410016: Unable to create IIOP listener on the specified host all interfaces and port 3.700  vmcid: OMG  minor code: 16  completed: No
	at com.sun.proxy.$Proxy175.createListenerFailed(Unknown Source)
	at com.sun.corba.ee.impl.transport.AcceptorImpl.initialize(AcceptorImpl.java:98)
	at com.sun.corba.ee.impl.transport.TransportManagerImpl.getAcceptors(TransportManagerImpl.java:232)
	at com.sun.corba.ee.impl.transport.TransportManagerImpl.addToIORTemplate(TransportManagerImpl.java:251)
	at com.sun.corba.ee.spi.oa.ObjectAdapterBase.initializeTemplate(ObjectAdapterBase.java:103)
	at com.sun.corba.ee.impl.oa.toa.TOAImpl.<init>(TOAImpl.java:133)
	at com.sun.corba.ee.impl.oa.toa.TOAFactory.getTOA(TOAFactory.java:118)
	at com.sun.corba.ee.impl.orb.ORBImpl.connect(ORBImpl.java:1690)
	... 72 more
Caused by: java.net.BindException: Address already in use
	at sun.nio.ch.Net.bind0(Native Method)
	at sun.nio.ch.Net.bind(Net.java:444)
	at sun.nio.ch.Net.bind(Net.java:436)
	at sun.nio.ch.ServerSocketChannelImpl.bind(ServerSocketChannelImpl.java:214)
	at sun.nio.ch.ServerSocketAdaptor.bind(ServerSocketAdaptor.java:74)
	at sun.nio.ch.ServerSocketAdaptor.bind(ServerSocketAdaptor.java:67)
	at org.glassfish.enterprise.iiop.impl.IIOPSSLSocketFactory.createServerSocket(IIOPSSLSocketFactory.java:297)
	at com.sun.corba.ee.impl.transport.AcceptorImpl.initialize(AcceptorImpl.java:91)
	... 78 more

mag 14, 2014 11:11:59 AM org.glassfish.internal.data.ModuleInfo load
Grave: Exception while invoking class org.glassfish.ejb.startup.EjbDeployer load method
java.lang.RuntimeException: EJB Container initialization error
	at org.glassfish.ejb.startup.EjbApplication.loadContainers(EjbApplication.java:234)
	at org.glassfish.ejb.startup.EjbDeployer.load(EjbDeployer.java:291)
	at org.glassfish.ejb.startup.EjbDeployer.load(EjbDeployer.java:99)
	at org.glassfish.internal.data.ModuleInfo.load(ModuleInfo.java:206)
	at org.glassfish.internal.data.ApplicationInfo.load(ApplicationInfo.java:313)
	at com.sun.enterprise.v3.server.ApplicationLifecycle.deploy(ApplicationLifecycle.java:493)
	at com.sun.enterprise.v3.server.ApplicationLifecycle.deploy(ApplicationLifecycle.java:219)
	at org.glassfish.deployment.admin.DeployCommand.execute(DeployCommand.java:491)
	at com.sun.enterprise.v3.admin.CommandRunnerImpl$2$1.run(CommandRunnerImpl.java:527)
	at com.sun.enterprise.v3.admin.CommandRunnerImpl$2$1.run(CommandRunnerImpl.java:523)
	at java.security.AccessController.doPrivileged(Native Method)
	at javax.security.auth.Subject.doAs(Subject.java:356)
	at com.sun.enterprise.v3.admin.CommandRunnerImpl$2.execute(CommandRunnerImpl.java:522)
	at com.sun.enterprise.v3.admin.CommandRunnerImpl.doCommand(CommandRunnerImpl.java:546)
	at com.sun.enterprise.v3.admin.CommandRunnerImpl.doCommand(CommandRunnerImpl.java:1423)
	at com.sun.enterprise.v3.admin.CommandRunnerImpl.access$1500(CommandRunnerImpl.java:108)
	at com.sun.enterprise.v3.admin.CommandRunnerImpl$ExecutionContext.execute(CommandRunnerImpl.java:1762)
	at com.sun.enterprise.v3.admin.CommandRunnerImpl$ExecutionContext.execute(CommandRunnerImpl.java:1674)
	at com.sun.enterprise.admin.cli.embeddable.DeployerImpl.deploy(DeployerImpl.java:133)
	at com.sun.enterprise.admin.cli.embeddable.DeployerImpl.deploy(DeployerImpl.java:109)
	at org.glassfish.ejb.embedded.EJBContainerImpl.deploy(EJBContainerImpl.java:138)
	at org.glassfish.ejb.embedded.EJBContainerProviderImpl.createEJBContainer(EJBContainerProviderImpl.java:134)
	at javax.ejb.embeddable.EJBContainer.createEJBContainer(EJBContainer.java:127)
	at javax.ejb.embeddable.EJBContainer.createEJBContainer(EJBContainer.java:102)
	at GestoreAccountRemoto.GestoreAccountRemotoTest.testVerificaDatiAccount(GestoreAccountRemotoTest.java:71)
	at sun.reflect.NativeMethodAccessorImpl.invoke0(Native Method)
	at sun.reflect.NativeMethodAccessorImpl.invoke(NativeMethodAccessorImpl.java:57)
	at sun.reflect.DelegatingMethodAccessorImpl.invoke(DelegatingMethodAccessorImpl.java:43)
	at java.lang.reflect.Method.invoke(Method.java:606)
	at org.junit.runners.model.FrameworkMethod$1.runReflectiveCall(FrameworkMethod.java:45)
	at org.junit.internal.runners.model.ReflectiveCallable.run(ReflectiveCallable.java:15)
	at org.junit.runners.model.FrameworkMethod.invokeExplosively(FrameworkMethod.java:42)
	at org.junit.internal.runners.statements.InvokeMethod.evaluate(InvokeMethod.java:20)
	at org.junit.internal.runners.statements.RunBefores.evaluate(RunBefores.java:28)
	at org.junit.internal.runners.statements.RunAfters.evaluate(RunAfters.java:30)
	at org.junit.runners.ParentRunner.runLeaf(ParentRunner.java:263)
	at org.junit.runners.BlockJUnit4ClassRunner.runChild(BlockJUnit4ClassRunner.java:68)
	at org.junit.runners.BlockJUnit4ClassRunner.runChild(BlockJUnit4ClassRunner.java:47)
	at org.junit.runners.ParentRunner$3.run(ParentRunner.java:231)
	at org.junit.runners.ParentRunner$1.schedule(ParentRunner.java:60)
	at org.junit.runners.ParentRunner.runChildren(ParentRunner.java:229)
	at org.junit.runners.ParentRunner.access$000(ParentRunner.java:50)
	at org.junit.runners.ParentRunner$2.evaluate(ParentRunner.java:222)
	at org.junit.internal.runners.statements.RunBefores.evaluate(RunBefores.java:28)
	at org.junit.internal.runners.statements.RunAfters.evaluate(RunAfters.java:30)
	at org.junit.runners.ParentRunner.run(ParentRunner.java:300)
	at junit.framework.JUnit4TestAdapter.run(JUnit4TestAdapter.java:39)
	at org.apache.tools.ant.taskdefs.optional.junit.JUnitTestRunner.run(JUnitTestRunner.java:523)
	at org.apache.tools.ant.taskdefs.optional.junit.JUnitTestRunner.launch(JUnitTestRunner.java:1063)
	at org.apache.tools.ant.taskdefs.optional.junit.JUnitTestRunner.main(JUnitTestRunner.java:914)
Caused by: java.lang.RuntimeException: IIOP Protocol Manager initialization failed.  Possible cause is that ORB is not available in this container
	at com.sun.ejb.containers.BaseContainer.initializeProtocolManager(BaseContainer.java:833)
	at com.sun.ejb.containers.BaseContainer.<init>(BaseContainer.java:590)
	at com.sun.ejb.containers.StatelessSessionContainer.<init>(StatelessSessionContainer.java:143)
	at com.sun.ejb.containers.StatelessSessionContainer.<init>(StatelessSessionContainer.java:137)
	at com.sun.ejb.containers.StatelessContainerFactory.createContainer(StatelessContainerFactory.java:61)
	at org.glassfish.ejb.startup.EjbApplication.loadContainers(EjbApplication.java:221)
	... 49 more
Caused by: java.lang.RuntimeException: Orb initialization erorr
	at org.glassfish.enterprise.iiop.api.GlassFishORBHelper.getORB(GlassFishORBHelper.java:191)
	at org.glassfish.enterprise.iiop.api.GlassFishORBHelper.getProtocolManager(GlassFishORBHelper.java:231)
	at com.sun.ejb.containers.BaseContainer.initializeProtocolManager(BaseContainer.java:830)
	... 54 more
Caused by: java.lang.RuntimeException: org.omg.CORBA.OBJ_ADAPTER: Avvertenza: 02310002: Error in connecting servant to ORB  vmcid: OMG  minor code: 2  completed: No
	at org.glassfish.enterprise.iiop.impl.GlassFishORBManager.initORB(GlassFishORBManager.java:626)
	at org.glassfish.enterprise.iiop.impl.GlassFishORBManager.getORB(GlassFishORBManager.java:264)
	at org.glassfish.enterprise.iiop.impl.GlassFishORBFactoryImpl.createORB(GlassFishORBFactoryImpl.java:93)
	at org.glassfish.enterprise.iiop.api.GlassFishORBHelper.getORB(GlassFishORBHelper.java:163)
	... 56 more
Caused by: org.omg.CORBA.OBJ_ADAPTER: Avvertenza: 02310002: Error in connecting servant to ORB  vmcid: OMG  minor code: 2  completed: No
	at com.sun.proxy.$Proxy175.orbConnectError(Unknown Source)
	at com.sun.corba.ee.impl.orb.ORBImpl.connect(ORBImpl.java:1692)
	at com.sun.corba.ee.spi.presentation.rmi.StubAdapter.connect(StubAdapter.java:216)
	at com.sun.corba.ee.impl.orb.ORBImpl.getIOR(ORBImpl.java:2082)
	at com.sun.corba.ee.impl.orb.ORBImpl.getFVDCodeBaseIOR(ORBImpl.java:981)
	at com.sun.corba.ee.impl.protocol.ClientRequestDispatcherImpl.addServiceContexts(ClientRequestDispatcherImpl.java:822)
	at com.sun.corba.ee.impl.protocol.ClientRequestDispatcherImpl.beginRequest(ClientRequestDispatcherImpl.java:293)
	at com.sun.corba.ee.impl.protocol.ClientDelegateImpl.request(ClientDelegateImpl.java:227)
	at com.sun.corba.ee.impl.resolver.BootstrapResolverImpl.invoke(BootstrapResolverImpl.java:112)
	at com.sun.corba.ee.impl.resolver.BootstrapResolverImpl.resolve(BootstrapResolverImpl.java:145)
	at com.sun.corba.ee.impl.resolver.CompositeResolverImpl.resolve(CompositeResolverImpl.java:61)
	at com.sun.corba.ee.impl.resolver.CompositeResolverImpl.resolve(CompositeResolverImpl.java:61)
	at com.sun.corba.ee.impl.resolver.CompositeResolverImpl.resolve(CompositeResolverImpl.java:61)
	at com.sun.corba.ee.impl.orb.ORBImpl.resolve_initial_references(ORBImpl.java:1259)
	at org.glassfish.enterprise.iiop.impl.GlassFishORBManager.initORB(GlassFishORBManager.java:590)
	... 59 more
Caused by: org.omg.CORBA.COMM_FAILURE: Grave: 00410016: Unable to create IIOP listener on the specified host all interfaces and port 3.700  vmcid: OMG  minor code: 16  completed: No
	at com.sun.proxy.$Proxy175.createListenerFailed(Unknown Source)
	at com.sun.corba.ee.impl.transport.AcceptorImpl.initialize(AcceptorImpl.java:98)
	at com.sun.corba.ee.impl.transport.TransportManagerImpl.getAcceptors(TransportManagerImpl.java:232)
	at com.sun.corba.ee.impl.transport.TransportManagerImpl.addToIORTemplate(TransportManagerImpl.java:251)
	at com.sun.corba.ee.spi.oa.ObjectAdapterBase.initializeTemplate(ObjectAdapterBase.java:103)
	at com.sun.corba.ee.impl.oa.toa.TOAImpl.<init>(TOAImpl.java:133)
	at com.sun.corba.ee.impl.oa.toa.TOAFactory.getTOA(TOAFactory.java:118)
	at com.sun.corba.ee.impl.orb.ORBImpl.connect(ORBImpl.java:1690)
	... 72 more
Caused by: java.net.BindException: Address already in use
	at sun.nio.ch.Net.bind0(Native Method)
	at sun.nio.ch.Net.bind(Net.java:444)
	at sun.nio.ch.Net.bind(Net.java:436)
	at sun.nio.ch.ServerSocketChannelImpl.bind(ServerSocketChannelImpl.java:214)
	at sun.nio.ch.ServerSocketAdaptor.bind(ServerSocketAdaptor.java:74)
	at sun.nio.ch.ServerSocketAdaptor.bind(ServerSocketAdaptor.java:67)
	at org.glassfish.enterprise.iiop.impl.IIOPSSLSocketFactory.createServerSocket(IIOPSSLSocketFactory.java:297)
	at com.sun.corba.ee.impl.transport.AcceptorImpl.initialize(AcceptorImpl.java:91)
	... 78 more

mag 14, 2014 11:11:59 AM com.sun.enterprise.v3.server.ApplicationLifecycle deploy
Grave: Exception during lifecycle processing
java.lang.RuntimeException: EJB Container initialization error
	at org.glassfish.ejb.startup.EjbApplication.loadContainers(EjbApplication.java:234)
	at org.glassfish.ejb.startup.EjbDeployer.load(EjbDeployer.java:291)
	at org.glassfish.ejb.startup.EjbDeployer.load(EjbDeployer.java:99)
	at org.glassfish.internal.data.ModuleInfo.load(ModuleInfo.java:206)
	at org.glassfish.internal.data.ApplicationInfo.load(ApplicationInfo.java:313)
	at com.sun.enterprise.v3.server.ApplicationLifecycle.deploy(ApplicationLifecycle.java:493)
	at com.sun.enterprise.v3.server.ApplicationLifecycle.deploy(ApplicationLifecycle.java:219)
	at org.glassfish.deployment.admin.DeployCommand.execute(DeployCommand.java:491)
	at com.sun.enterprise.v3.admin.CommandRunnerImpl$2$1.run(CommandRunnerImpl.java:527)
	at com.sun.enterprise.v3.admin.CommandRunnerImpl$2$1.run(CommandRunnerImpl.java:523)
	at java.security.AccessController.doPrivileged(Native Method)
	at javax.security.auth.Subject.doAs(Subject.java:356)
	at com.sun.enterprise.v3.admin.CommandRunnerImpl$2.execute(CommandRunnerImpl.java:522)
	at com.sun.enterprise.v3.admin.CommandRunnerImpl.doCommand(CommandRunnerImpl.java:546)
	at com.sun.enterprise.v3.admin.CommandRunnerImpl.doCommand(CommandRunnerImpl.java:1423)
	at com.sun.enterprise.v3.admin.CommandRunnerImpl.access$1500(CommandRunnerImpl.java:108)
	at com.sun.enterprise.v3.admin.CommandRunnerImpl$ExecutionContext.execute(CommandRunnerImpl.java:1762)
	at com.sun.enterprise.v3.admin.CommandRunnerImpl$ExecutionContext.execute(CommandRunnerImpl.java:1674)
	at com.sun.enterprise.admin.cli.embeddable.DeployerImpl.deploy(DeployerImpl.java:133)
	at com.sun.enterprise.admin.cli.embeddable.DeployerImpl.deploy(DeployerImpl.java:109)
	at org.glassfish.ejb.embedded.EJBContainerImpl.deploy(EJBContainerImpl.java:138)
	at org.glassfish.ejb.embedded.EJBContainerProviderImpl.createEJBContainer(EJBContainerProviderImpl.java:134)
	at javax.ejb.embeddable.EJBContainer.createEJBContainer(EJBContainer.java:127)
	at javax.ejb.embeddable.EJBContainer.createEJBContainer(EJBContainer.java:102)
	at GestoreAccountRemoto.GestoreAccountRemotoTest.testVerificaDatiAccount(GestoreAccountRemotoTest.java:71)
	at sun.reflect.NativeMethodAccessorImpl.invoke0(Native Method)
	at sun.reflect.NativeMethodAccessorImpl.invoke(NativeMethodAccessorImpl.java:57)
	at sun.reflect.DelegatingMethodAccessorImpl.invoke(DelegatingMethodAccessorImpl.java:43)
	at java.lang.reflect.Method.invoke(Method.java:606)
	at org.junit.runners.model.FrameworkMethod$1.runReflectiveCall(FrameworkMethod.java:45)
	at org.junit.internal.runners.model.ReflectiveCallable.run(ReflectiveCallable.java:15)
	at org.junit.runners.model.FrameworkMethod.invokeExplosively(FrameworkMethod.java:42)
	at org.junit.internal.runners.statements.InvokeMethod.evaluate(InvokeMethod.java:20)
	at org.junit.internal.runners.statements.RunBefores.evaluate(RunBefores.java:28)
	at org.junit.internal.runners.statements.RunAfters.evaluate(RunAfters.java:30)
	at org.junit.runners.ParentRunner.runLeaf(ParentRunner.java:263)
	at org.junit.runners.BlockJUnit4ClassRunner.runChild(BlockJUnit4ClassRunner.java:68)
	at org.junit.runners.BlockJUnit4ClassRunner.runChild(BlockJUnit4ClassRunner.java:47)
	at org.junit.runners.ParentRunner$3.run(ParentRunner.java:231)
	at org.junit.runners.ParentRunner$1.schedule(ParentRunner.java:60)
	at org.junit.runners.ParentRunner.runChildren(ParentRunner.java:229)
	at org.junit.runners.ParentRunner.access$000(ParentRunner.java:50)
	at org.junit.runners.ParentRunner$2.evaluate(ParentRunner.java:222)
	at org.junit.internal.runners.statements.RunBefores.evaluate(RunBefores.java:28)
	at org.junit.internal.runners.statements.RunAfters.evaluate(RunAfters.java:30)
	at org.junit.runners.ParentRunner.run(ParentRunner.java:300)
	at junit.framework.JUnit4TestAdapter.run(JUnit4TestAdapter.java:39)
	at org.apache.tools.ant.taskdefs.optional.junit.JUnitTestRunner.run(JUnitTestRunner.java:523)
	at org.apache.tools.ant.taskdefs.optional.junit.JUnitTestRunner.launch(JUnitTestRunner.java:1063)
	at org.apache.tools.ant.taskdefs.optional.junit.JUnitTestRunner.main(JUnitTestRunner.java:914)
Caused by: java.lang.RuntimeException: IIOP Protocol Manager initialization failed.  Possible cause is that ORB is not available in this container
	at com.sun.ejb.containers.BaseContainer.initializeProtocolManager(BaseContainer.java:833)
	at com.sun.ejb.containers.BaseContainer.<init>(BaseContainer.java:590)
	at com.sun.ejb.containers.StatelessSessionContainer.<init>(StatelessSessionContainer.java:143)
	at com.sun.ejb.containers.StatelessSessionContainer.<init>(StatelessSessionContainer.java:137)
	at com.sun.ejb.containers.StatelessContainerFactory.createContainer(StatelessContainerFactory.java:61)
	at org.glassfish.ejb.startup.EjbApplication.loadContainers(EjbApplication.java:221)
	... 49 more
Caused by: java.lang.RuntimeException: Orb initialization erorr
	at org.glassfish.enterprise.iiop.api.GlassFishORBHelper.getORB(GlassFishORBHelper.java:191)
	at org.glassfish.enterprise.iiop.api.GlassFishORBHelper.getProtocolManager(GlassFishORBHelper.java:231)
	at com.sun.ejb.containers.BaseContainer.initializeProtocolManager(BaseContainer.java:830)
	... 54 more
Caused by: java.lang.RuntimeException: org.omg.CORBA.OBJ_ADAPTER: Avvertenza: 02310002: Error in connecting servant to ORB  vmcid: OMG  minor code: 2  completed: No
	at org.glassfish.enterprise.iiop.impl.GlassFishORBManager.initORB(GlassFishORBManager.java:626)
	at org.glassfish.enterprise.iiop.impl.GlassFishORBManager.getORB(GlassFishORBManager.java:264)
	at org.glassfish.enterprise.iiop.impl.GlassFishORBFactoryImpl.createORB(GlassFishORBFactoryImpl.java:93)
	at org.glassfish.enterprise.iiop.api.GlassFishORBHelper.getORB(GlassFishORBHelper.java:163)
	... 56 more
Caused by: org.omg.CORBA.OBJ_ADAPTER: Avvertenza: 02310002: Error in connecting servant to ORB  vmcid: OMG  minor code: 2  completed: No
	at com.sun.proxy.$Proxy175.orbConnectError(Unknown Source)
	at com.sun.corba.ee.impl.orb.ORBImpl.connect(ORBImpl.java:1692)
	at com.sun.corba.ee.spi.presentation.rmi.StubAdapter.connect(StubAdapter.java:216)
	at com.sun.corba.ee.impl.orb.ORBImpl.getIOR(ORBImpl.java:2082)
	at com.sun.corba.ee.impl.orb.ORBImpl.getFVDCodeBaseIOR(ORBImpl.java:981)
	at com.sun.corba.ee.impl.protocol.ClientRequestDispatcherImpl.addServiceContexts(ClientRequestDispatcherImpl.java:822)
	at com.sun.corba.ee.impl.protocol.ClientRequestDispatcherImpl.beginRequest(ClientRequestDispatcherImpl.java:293)
	at com.sun.corba.ee.impl.protocol.ClientDelegateImpl.request(ClientDelegateImpl.java:227)
	at com.sun.corba.ee.impl.resolver.BootstrapResolverImpl.invoke(BootstrapResolverImpl.java:112)
	at com.sun.corba.ee.impl.resolver.BootstrapResolverImpl.resolve(BootstrapResolverImpl.java:145)
	at com.sun.corba.ee.impl.resolver.CompositeResolverImpl.resolve(CompositeResolverImpl.java:61)
	at com.sun.corba.ee.impl.resolver.CompositeResolverImpl.resolve(CompositeResolverImpl.java:61)
	at com.sun.corba.ee.impl.resolver.CompositeResolverImpl.resolve(CompositeResolverImpl.java:61)
	at com.sun.corba.ee.impl.orb.ORBImpl.resolve_initial_references(ORBImpl.java:1259)
	at org.glassfish.enterprise.iiop.impl.GlassFishORBManager.initORB(GlassFishORBManager.java:590)
	... 59 more
Caused by: org.omg.CORBA.COMM_FAILURE: Grave: 00410016: Unable to create IIOP listener on the specified host all interfaces and port 3.700  vmcid: OMG  minor code: 16  completed: No
	at com.sun.proxy.$Proxy175.createListenerFailed(Unknown Source)
	at com.sun.corba.ee.impl.transport.AcceptorImpl.initialize(AcceptorImpl.java:98)
	at com.sun.corba.ee.impl.transport.TransportManagerImpl.getAcceptors(TransportManagerImpl.java:232)
	at com.sun.corba.ee.impl.transport.TransportManagerImpl.addToIORTemplate(TransportManagerImpl.java:251)
	at com.sun.corba.ee.spi.oa.ObjectAdapterBase.initializeTemplate(ObjectAdapterBase.java:103)
	at com.sun.corba.ee.impl.oa.toa.TOAImpl.<init>(TOAImpl.java:133)
	at com.sun.corba.ee.impl.oa.toa.TOAFactory.getTOA(TOAFactory.java:118)
	at com.sun.corba.ee.impl.orb.ORBImpl.connect(ORBImpl.java:1690)
	... 72 more
Caused by: java.net.BindException: Address already in use
	at sun.nio.ch.Net.bind0(Native Method)
	at sun.nio.ch.Net.bind(Net.java:444)
	at sun.nio.ch.Net.bind(Net.java:436)
	at sun.nio.ch.ServerSocketChannelImpl.bind(ServerSocketChannelImpl.java:214)
	at sun.nio.ch.ServerSocketAdaptor.bind(ServerSocketAdaptor.java:74)
	at sun.nio.ch.ServerSocketAdaptor.bind(ServerSocketAdaptor.java:67)
	at org.glassfish.enterprise.iiop.impl.IIOPSSLSocketFactory.createServerSocket(IIOPSSLSocketFactory.java:297)
	at com.sun.corba.ee.impl.transport.AcceptorImpl.initialize(AcceptorImpl.java:91)
	... 78 more

mag 14, 2014 11:11:59 AM org.glassfish.api.ActionReport failure
Grave: Exception while loading the app
mag 14, 2014 11:11:59 AM org.glassfish.deployment.admin.DeployCommand execute
Grave: Exception while loading the app : EJB Container initialization error
java.lang.RuntimeException: IIOP Protocol Manager initialization failed.  Possible cause is that ORB is not available in this container
	at com.sun.ejb.containers.BaseContainer.initializeProtocolManager(BaseContainer.java:833)
	at com.sun.ejb.containers.BaseContainer.<init>(BaseContainer.java:590)
	at com.sun.ejb.containers.StatelessSessionContainer.<init>(StatelessSessionContainer.java:143)
	at com.sun.ejb.containers.StatelessSessionContainer.<init>(StatelessSessionContainer.java:137)
	at com.sun.ejb.containers.StatelessContainerFactory.createContainer(StatelessContainerFactory.java:61)
	at org.glassfish.ejb.startup.EjbApplication.loadContainers(EjbApplication.java:221)
	at org.glassfish.ejb.startup.EjbDeployer.load(EjbDeployer.java:291)
	at org.glassfish.ejb.startup.EjbDeployer.load(EjbDeployer.java:99)
	at org.glassfish.internal.data.ModuleInfo.load(ModuleInfo.java:206)
	at org.glassfish.internal.data.ApplicationInfo.load(ApplicationInfo.java:313)
	at com.sun.enterprise.v3.server.ApplicationLifecycle.deploy(ApplicationLifecycle.java:493)
	at com.sun.enterprise.v3.server.ApplicationLifecycle.deploy(ApplicationLifecycle.java:219)
	at org.glassfish.deployment.admin.DeployCommand.execute(DeployCommand.java:491)
	at com.sun.enterprise.v3.admin.CommandRunnerImpl$2$1.run(CommandRunnerImpl.java:527)
	at com.sun.enterprise.v3.admin.CommandRunnerImpl$2$1.run(CommandRunnerImpl.java:523)
	at java.security.AccessController.doPrivileged(Native Method)
	at javax.security.auth.Subject.doAs(Subject.java:356)
	at com.sun.enterprise.v3.admin.CommandRunnerImpl$2.execute(CommandRunnerImpl.java:522)
	at com.sun.enterprise.v3.admin.CommandRunnerImpl.doCommand(CommandRunnerImpl.java:546)
	at com.sun.enterprise.v3.admin.CommandRunnerImpl.doCommand(CommandRunnerImpl.java:1423)
	at com.sun.enterprise.v3.admin.CommandRunnerImpl.access$1500(CommandRunnerImpl.java:108)
	at com.sun.enterprise.v3.admin.CommandRunnerImpl$ExecutionContext.execute(CommandRunnerImpl.java:1762)
	at com.sun.enterprise.v3.admin.CommandRunnerImpl$ExecutionContext.execute(CommandRunnerImpl.java:1674)
	at com.sun.enterprise.admin.cli.embeddable.DeployerImpl.deploy(DeployerImpl.java:133)
	at com.sun.enterprise.admin.cli.embeddable.DeployerImpl.deploy(DeployerImpl.java:109)
	at org.glassfish.ejb.embedded.EJBContainerImpl.deploy(EJBContainerImpl.java:138)
	at org.glassfish.ejb.embedded.EJBContainerProviderImpl.createEJBContainer(EJBContainerProviderImpl.java:134)
	at javax.ejb.embeddable.EJBContainer.createEJBContainer(EJBContainer.java:127)
	at javax.ejb.embeddable.EJBContainer.createEJBContainer(EJBContainer.java:102)
	at GestoreAccountRemoto.GestoreAccountRemotoTest.testVerificaDatiAccount(GestoreAccountRemotoTest.java:71)
	at sun.reflect.NativeMethodAccessorImpl.invoke0(Native Method)
	at sun.reflect.NativeMethodAccessorImpl.invoke(NativeMethodAccessorImpl.java:57)
	at sun.reflect.DelegatingMethodAccessorImpl.invoke(DelegatingMethodAccessorImpl.java:43)
	at java.lang.reflect.Method.invoke(Method.java:606)
	at org.junit.runners.model.FrameworkMethod$1.runReflectiveCall(FrameworkMethod.java:45)
	at org.junit.internal.runners.model.ReflectiveCallable.run(ReflectiveCallable.java:15)
	at org.junit.runners.model.FrameworkMethod.invokeExplosively(FrameworkMethod.java:42)
	at org.junit.internal.runners.statements.InvokeMethod.evaluate(InvokeMethod.java:20)
	at org.junit.internal.runners.statements.RunBefores.evaluate(RunBefores.java:28)
	at org.junit.internal.runners.statements.RunAfters.evaluate(RunAfters.java:30)
	at org.junit.runners.ParentRunner.runLeaf(ParentRunner.java:263)
	at org.junit.runners.BlockJUnit4ClassRunner.runChild(BlockJUnit4ClassRunner.java:68)
	at org.junit.runners.BlockJUnit4ClassRunner.runChild(BlockJUnit4ClassRunner.java:47)
	at org.junit.runners.ParentRunner$3.run(ParentRunner.java:231)
	at org.junit.runners.ParentRunner$1.schedule(ParentRunner.java:60)
	at org.junit.runners.ParentRunner.runChildren(ParentRunner.java:229)
	at org.junit.runners.ParentRunner.access$000(ParentRunner.java:50)
	at org.junit.runners.ParentRunner$2.evaluate(ParentRunner.java:222)
	at org.junit.internal.runners.statements.RunBefores.evaluate(RunBefores.java:28)
	at org.junit.internal.runners.statements.RunAfters.evaluate(RunAfters.java:30)
	at org.junit.runners.ParentRunner.run(ParentRunner.java:300)
	at junit.framework.JUnit4TestAdapter.run(JUnit4TestAdapter.java:39)
	at org.apache.tools.ant.taskdefs.optional.junit.JUnitTestRunner.run(JUnitTestRunner.java:523)
	at org.apache.tools.ant.taskdefs.optional.junit.JUnitTestRunner.launch(JUnitTestRunner.java:1063)
	at org.apache.tools.ant.taskdefs.optional.junit.JUnitTestRunner.main(JUnitTestRunner.java:914)
Caused by: java.lang.RuntimeException: Orb initialization erorr
	at org.glassfish.enterprise.iiop.api.GlassFishORBHelper.getORB(GlassFishORBHelper.java:191)
	at org.glassfish.enterprise.iiop.api.GlassFishORBHelper.getProtocolManager(GlassFishORBHelper.java:231)
	at com.sun.ejb.containers.BaseContainer.initializeProtocolManager(BaseContainer.java:830)
	... 54 more
Caused by: java.lang.RuntimeException: org.omg.CORBA.OBJ_ADAPTER: Avvertenza: 02310002: Error in connecting servant to ORB  vmcid: OMG  minor code: 2  completed: No
	at org.glassfish.enterprise.iiop.impl.GlassFishORBManager.initORB(GlassFishORBManager.java:626)
	at org.glassfish.enterprise.iiop.impl.GlassFishORBManager.getORB(GlassFishORBManager.java:264)
	at org.glassfish.enterprise.iiop.impl.GlassFishORBFactoryImpl.createORB(GlassFishORBFactoryImpl.java:93)
	at org.glassfish.enterprise.iiop.api.GlassFishORBHelper.getORB(GlassFishORBHelper.java:163)
	... 56 more
Caused by: org.omg.CORBA.OBJ_ADAPTER: Avvertenza: 02310002: Error in connecting servant to ORB  vmcid: OMG  minor code: 2  completed: No
	at com.sun.proxy.$Proxy175.orbConnectError(Unknown Source)
	at com.sun.corba.ee.impl.orb.ORBImpl.connect(ORBImpl.java:1692)
	at com.sun.corba.ee.spi.presentation.rmi.StubAdapter.connect(StubAdapter.java:216)
	at com.sun.corba.ee.impl.orb.ORBImpl.getIOR(ORBImpl.java:2082)
	at com.sun.corba.ee.impl.orb.ORBImpl.getFVDCodeBaseIOR(ORBImpl.java:981)
	at com.sun.corba.ee.impl.protocol.ClientRequestDispatcherImpl.addServiceContexts(ClientRequestDispatcherImpl.java:822)
	at com.sun.corba.ee.impl.protocol.ClientRequestDispatcherImpl.beginRequest(ClientRequestDispatcherImpl.java:293)
	at com.sun.corba.ee.impl.protocol.ClientDelegateImpl.request(ClientDelegateImpl.java:227)
	at com.sun.corba.ee.impl.resolver.BootstrapResolverImpl.invoke(BootstrapResolverImpl.java:112)
	at com.sun.corba.ee.impl.resolver.BootstrapResolverImpl.resolve(BootstrapResolverImpl.java:145)
	at com.sun.corba.ee.impl.resolver.CompositeResolverImpl.resolve(CompositeResolverImpl.java:61)
	at com.sun.corba.ee.impl.resolver.CompositeResolverImpl.resolve(CompositeResolverImpl.java:61)
	at com.sun.corba.ee.impl.resolver.CompositeResolverImpl.resolve(CompositeResolverImpl.java:61)
	at com.sun.corba.ee.impl.orb.ORBImpl.resolve_initial_references(ORBImpl.java:1259)
	at org.glassfish.enterprise.iiop.impl.GlassFishORBManager.initORB(GlassFishORBManager.java:590)
	... 59 more
Caused by: org.omg.CORBA.COMM_FAILURE: Grave: 00410016: Unable to create IIOP listener on the specified host all interfaces and port 3.700  vmcid: OMG  minor code: 16  completed: No
	at com.sun.proxy.$Proxy175.createListenerFailed(Unknown Source)
	at com.sun.corba.ee.impl.transport.AcceptorImpl.initialize(AcceptorImpl.java:98)
	at com.sun.corba.ee.impl.transport.TransportManagerImpl.getAcceptors(TransportManagerImpl.java:232)
	at com.sun.corba.ee.impl.transport.TransportManagerImpl.addToIORTemplate(TransportManagerImpl.java:251)
	at com.sun.corba.ee.spi.oa.ObjectAdapterBase.initializeTemplate(ObjectAdapterBase.java:103)
	at com.sun.corba.ee.impl.oa.toa.TOAImpl.<init>(TOAImpl.java:133)
	at com.sun.corba.ee.impl.oa.toa.TOAFactory.getTOA(TOAFactory.java:118)
	at com.sun.corba.ee.impl.orb.ORBImpl.connect(ORBImpl.java:1690)
	... 72 more
Caused by: java.net.BindException: Address already in use
	at sun.nio.ch.Net.bind0(Native Method)
	at sun.nio.ch.Net.bind(Net.java:444)
	at sun.nio.ch.Net.bind(Net.java:436)
	at sun.nio.ch.ServerSocketChannelImpl.bind(ServerSocketChannelImpl.java:214)
	at sun.nio.ch.ServerSocketAdaptor.bind(ServerSocketAdaptor.java:74)
	at sun.nio.ch.ServerSocketAdaptor.bind(ServerSocketAdaptor.java:67)
	at org.glassfish.enterprise.iiop.impl.IIOPSSLSocketFactory.createServerSocket(IIOPSSLSocketFactory.java:297)
	at com.sun.corba.ee.impl.transport.AcceptorImpl.initialize(AcceptorImpl.java:91)
	... 78 more

mag 14, 2014 11:12:00 AM org.glassfish.ejb.embedded.EJBContainerProviderImpl createEJBContainer
Informazioni: [EJBContainerProviderImpl] Cleaning up on failure ...
mag 14, 2014 11:12:00 AM org.glassfish.admin.mbeanserver.JMXStartupService shutdown
Informazioni: JMXStartupService and JMXConnectors have been shut down.
mag 14, 2014 11:12:00 AM org.glassfish.admin.mbeanserver.JMXStartupService shutdown
Informazioni: JMXStartupService and JMXConnectors have been shut down.
mag 14, 2014 11:12:00 AM com.sun.enterprise.v3.server.AppServerStartup stop
Informazioni: Shutdown procedure finished
mag 14, 2014 11:12:01 AM org.glassfish.ejb.embedded.EJBContainerProviderImpl createContainer
Informazioni: [EJBContainerProviderImpl] Using installation location /Applications/NetBeans/glassfish-4.0/glassfish
mag 14, 2014 11:12:01 AM org.glassfish.ejb.embedded.EJBContainerProviderImpl createContainer
Informazioni: [EJBContainerProviderImpl] Using config file location: file:/var/folders/91/_96jrfg142941qywygtds82w0000gn/T/domain4450483822181353375xml
mag 14, 2014 11:12:01 AM org.glassfish.ejb.embedded.EJBContainerProviderImpl createContainer
Informazioni: [EJBContainerProviderImpl] Using runtime class: class com.sun.enterprise.glassfish.bootstrap.StaticGlassFishRuntime
mag 14, 2014 11:12:01 AM org.glassfish.ha.store.spi.BackingStoreFactoryRegistry register
Informazioni: Registered org.glassfish.ha.store.adapter.cache.ShoalBackingStoreProxy for persistence-type = replicated in BackingStoreFactoryRegistry
mag 14, 2014 11:12:01 AM com.sun.enterprise.v3.server.AppServerStartup postStartupJob
Informazioni: GlassFish Server Open Source Edition  4.0  (89) startup time : Embedded (315ms), startup services(77ms), total(392ms)
mag 14, 2014 11:12:01 AM org.glassfish.security.services.impl.authorization.AuthorizationServiceImpl initialize
Informazioni: Authorization Service has successfully initialized.
mag 14, 2014 11:12:01 AM org.glassfish.jersey.server.ApplicationHandler initialize
Informazioni: Initiating Jersey application, version Jersey: 2.0 2013-05-03 14:50:15...
mag 14, 2014 11:12:01 AM org.glassfish.admin.mbeanserver.JMXStartupService$JMXConnectorsStarterThread run
Informazioni: JMXStartupService has disabled JMXConnector system
mag 14, 2014 11:12:02 AM org.glassfish.admin.mbeanserver.JMXStartupService shutdown
Informazioni: JMXStartupService and JMXConnectors have been shut down.
mag 14, 2014 11:12:02 AM com.sun.enterprise.v3.server.AppServerStartup stop
Informazioni: Shutdown procedure finished
mag 14, 2014 11:12:02 AM org.glassfish.ha.store.spi.BackingStoreFactoryRegistry register
Informazioni: Registered org.glassfish.ha.store.adapter.cache.ShoalBackingStoreProxy for persistence-type = replicated in BackingStoreFactoryRegistry
mag 14, 2014 11:12:02 AM com.sun.enterprise.v3.server.AppServerStartup postStartupJob
Informazioni: GlassFish Server Open Source Edition  4.0  (89) startup time : Embedded (1.186ms), startup services(16ms), total(1.202ms)
mag 14, 2014 11:12:02 AM org.glassfish.jersey.server.ApplicationHandler initialize
Informazioni: Initiating Jersey application, version Jersey: 2.0 2013-05-03 14:50:15...
mag 14, 2014 11:12:02 AM org.glassfish.admin.mbeanserver.JMXStartupService$JMXConnectorsStarterThread run
Informazioni: JMXStartupService has disabled JMXConnector system
mag 14, 2014 11:12:02 AM org.glassfish.ejb.embedded.EJBContainerProviderImpl skipJar
Informazioni: ... skipping entry with a Manifest file with a special attribute: org.eclipse.persistence.jpa.jpql_2.5.1.v20130918-f2b9fc5.jar
mag 14, 2014 11:12:02 AM org.glassfish.ejb.embedded.EJBContainerProviderImpl skipJar
Informazioni: ... skipping entry with a Manifest file with a special attribute: webservices-api-osgi.jar
mag 14, 2014 11:12:02 AM org.glassfish.ejb.embedded.EJBContainerProviderImpl skipJar
Informazioni: ... skipping module: bean-validator.jar
mag 14, 2014 11:12:02 AM org.glassfish.ejb.embedded.EJBContainerProviderImpl skipJar
Informazioni: ... skipping module: javax.batch-api.jar
mag 14, 2014 11:12:02 AM org.glassfish.ejb.embedded.EJBContainerProviderImpl skipJar
Informazioni: ... skipping module: javax.ejb-api.jar
mag 14, 2014 11:12:02 AM org.glassfish.ejb.embedded.EJBContainerProviderImpl skipJar
Informazioni: ... skipping module: javax.el.jar
mag 14, 2014 11:12:02 AM org.glassfish.ejb.embedded.EJBContainerProviderImpl skipJar
Informazioni: ... skipping module: javax.enterprise.concurrent-api.jar
mag 14, 2014 11:12:02 AM org.glassfish.ejb.embedded.EJBContainerProviderImpl skipJar
Informazioni: ... skipping module: javax.enterprise.concurrent.jar
mag 14, 2014 11:12:02 AM org.glassfish.ejb.embedded.EJBContainerProviderImpl skipJar
Informazioni: ... skipping module: javax.enterprise.deploy-api.jar
mag 14, 2014 11:12:02 AM org.glassfish.ejb.embedded.EJBContainerProviderImpl skipJar
Informazioni: ... skipping module: javax.faces.jar
mag 14, 2014 11:12:02 AM org.glassfish.ejb.embedded.EJBContainerProviderImpl skipJar
Informazioni: ... skipping module: javax.inject.jar
mag 14, 2014 11:12:02 AM org.glassfish.ejb.embedded.EJBContainerProviderImpl skipJar
Informazioni: ... skipping module: javax.interceptor-api.jar
mag 14, 2014 11:12:02 AM org.glassfish.ejb.embedded.EJBContainerProviderImpl skipJar
Informazioni: ... skipping module: javax.jms-api.jar
mag 14, 2014 11:12:02 AM org.glassfish.ejb.embedded.EJBContainerProviderImpl skipJar
Informazioni: ... skipping module: javax.json.jar
mag 14, 2014 11:12:02 AM org.glassfish.ejb.embedded.EJBContainerProviderImpl skipJar
Informazioni: ... skipping module: javax.mail.jar
mag 14, 2014 11:12:02 AM org.glassfish.ejb.embedded.EJBContainerProviderImpl skipJar
Informazioni: ... skipping module: javax.management.j2ee-api.jar
mag 14, 2014 11:12:02 AM org.glassfish.ejb.embedded.EJBContainerProviderImpl skipJar
Informazioni: ... skipping module: javax.persistence.jar
mag 14, 2014 11:12:02 AM org.glassfish.ejb.embedded.EJBContainerProviderImpl skipJar
Informazioni: ... skipping module: javax.resource-api.jar
mag 14, 2014 11:12:02 AM org.glassfish.ejb.embedded.EJBContainerProviderImpl skipJar
Informazioni: ... skipping module: javax.security.auth.message-api.jar
mag 14, 2014 11:12:02 AM org.glassfish.ejb.embedded.EJBContainerProviderImpl skipJar
Informazioni: ... skipping module: javax.security.jacc-api.jar
mag 14, 2014 11:12:02 AM org.glassfish.ejb.embedded.EJBContainerProviderImpl skipJar
Informazioni: ... skipping module: javax.servlet-api.jar
mag 14, 2014 11:12:02 AM org.glassfish.ejb.embedded.EJBContainerProviderImpl skipJar
Informazioni: ... skipping module: javax.servlet.jsp-api.jar
mag 14, 2014 11:12:02 AM org.glassfish.ejb.embedded.EJBContainerProviderImpl skipJar
Informazioni: ... skipping module: javax.servlet.jsp.jar
mag 14, 2014 11:12:02 AM org.glassfish.ejb.embedded.EJBContainerProviderImpl skipJar
Informazioni: ... skipping module: javax.servlet.jsp.jstl-api.jar
mag 14, 2014 11:12:02 AM org.glassfish.ejb.embedded.EJBContainerProviderImpl skipJar
Informazioni: ... skipping module: javax.servlet.jsp.jstl.jar
mag 14, 2014 11:12:02 AM org.glassfish.ejb.embedded.EJBContainerProviderImpl skipJar
Informazioni: ... skipping module: javax.transaction-api.jar
mag 14, 2014 11:12:02 AM org.glassfish.ejb.embedded.EJBContainerProviderImpl skipJar
Informazioni: ... skipping module: javax.websocket-api.jar
mag 14, 2014 11:12:02 AM org.glassfish.ejb.embedded.EJBContainerProviderImpl skipJar
Informazioni: ... skipping module: javax.ws.rs-api.jar
mag 14, 2014 11:12:02 AM org.glassfish.ejb.embedded.EJBContainerProviderImpl skipJar
Informazioni: ... skipping module: javax.xml.registry-api.jar
mag 14, 2014 11:12:02 AM org.glassfish.ejb.embedded.EJBContainerProviderImpl skipJar
Informazioni: ... skipping module: javax.xml.rpc-api.jar
mag 14, 2014 11:12:02 AM org.glassfish.ejb.embedded.EJBContainerProviderImpl skipJar
Informazioni: ... skipping module: jaxb-osgi.jar
mag 14, 2014 11:12:02 AM org.glassfish.ejb.embedded.EJBContainerProviderImpl skipJar
Informazioni: ... skipping module: webservices-osgi.jar
mag 14, 2014 11:12:02 AM org.glassfish.ejb.embedded.EJBContainerProviderImpl skipJar
Informazioni: ... skipping module: weld-osgi-bundle.jar
mag 14, 2014 11:12:02 AM org.glassfish.ejb.embedded.EJBContainerProviderImpl skipJar
Informazioni: ... skipping entry with a Manifest file with a special attribute: glassfish-embedded-static-shell.jar
mag 14, 2014 11:12:02 AM org.glassfish.ejb.embedded.DeploymentElement getOrCreateApplication
Informazioni: [DeploymentElement] adding EJB module to ScatteredArchive classes
mag 14, 2014 11:12:02 AM org.glassfish.ejb.embedded.DeploymentElement getOrCreateApplication
Informazioni: [DeploymentElement] adding library to ScatteredArchive javase-3.0.1.jar
mag 14, 2014 11:12:02 AM org.glassfish.ejb.embedded.DeploymentElement getOrCreateApplication
Informazioni: [DeploymentElement] adding library to ScatteredArchive ezmorph-1.0.6.jar
mag 14, 2014 11:12:02 AM org.glassfish.ejb.embedded.DeploymentElement getOrCreateApplication
Informazioni: [DeploymentElement] adding library to ScatteredArchive slf4j-api-1.7.7.jar
mag 14, 2014 11:12:02 AM org.glassfish.ejb.embedded.DeploymentElement getOrCreateApplication
Informazioni: [DeploymentElement] adding library to ScatteredArchive derbyclient.jar
mag 14, 2014 11:12:02 AM org.glassfish.ejb.embedded.DeploymentElement getOrCreateApplication
Informazioni: [DeploymentElement] adding library to ScatteredArchive jaxb-api-osgi.jar
mag 14, 2014 11:12:02 AM org.glassfish.ejb.embedded.DeploymentElement getOrCreateApplication
Informazioni: [DeploymentElement] adding library to ScatteredArchive javax.annotation-api.jar
mag 14, 2014 11:12:02 AM org.glassfish.ejb.embedded.DeploymentElement getOrCreateApplication
Informazioni: [DeploymentElement] adding library to ScatteredArchive ant-junit.jar
mag 14, 2014 11:12:02 AM org.glassfish.ejb.embedded.DeploymentElement getOrCreateApplication
Informazioni: [DeploymentElement] adding library to ScatteredArchive log4j-1.2.17.jar
mag 14, 2014 11:12:02 AM org.glassfish.ejb.embedded.DeploymentElement getOrCreateApplication
Informazioni: [DeploymentElement] adding library to ScatteredArchive commons-collections-3.2.1.jar
mag 14, 2014 11:12:02 AM org.glassfish.ejb.embedded.DeploymentElement getOrCreateApplication
Informazioni: [DeploymentElement] adding library to ScatteredArchive javax.ejb-api.jar
mag 14, 2014 11:12:02 AM org.glassfish.ejb.embedded.DeploymentElement getOrCreateApplication
Informazioni: [DeploymentElement] adding library to ScatteredArchive ServerMDBRemoteInterface.jar
mag 14, 2014 11:12:02 AM org.glassfish.ejb.embedded.DeploymentElement getOrCreateApplication
Informazioni: [DeploymentElement] adding library to ScatteredArchive eclipselink.jar
mag 14, 2014 11:12:02 AM org.glassfish.ejb.embedded.DeploymentElement getOrCreateApplication
Informazioni: [DeploymentElement] adding library to ScatteredArchive slf4j-jdk14-1.7.7.jar
mag 14, 2014 11:12:02 AM org.glassfish.ejb.embedded.DeploymentElement getOrCreateApplication
Informazioni: [DeploymentElement] adding library to ScatteredArchive webcam-capture-0.3.10-RC6.jar
mag 14, 2014 11:12:02 AM org.glassfish.ejb.embedded.DeploymentElement getOrCreateApplication
Informazioni: [DeploymentElement] adding library to ScatteredArchive ant-junit4.jar
mag 14, 2014 11:12:02 AM org.glassfish.ejb.embedded.DeploymentElement getOrCreateApplication
Informazioni: [DeploymentElement] adding library to ScatteredArchive slf4j-simple-1.7.7.jar
mag 14, 2014 11:12:02 AM org.glassfish.ejb.embedded.DeploymentElement getOrCreateApplication
Informazioni: [DeploymentElement] adding library to ScatteredArchive jaxm-api.jar
mag 14, 2014 11:12:02 AM org.glassfish.ejb.embedded.DeploymentElement getOrCreateApplication
Informazioni: [DeploymentElement] adding library to ScatteredArchive commons-logging-1.1.3.jar
mag 14, 2014 11:12:02 AM org.glassfish.ejb.embedded.DeploymentElement getOrCreateApplication
Informazioni: [DeploymentElement] adding library to ScatteredArchive core-3.0.1.jar
mag 14, 2014 11:12:02 AM org.glassfish.ejb.embedded.DeploymentElement getOrCreateApplication
Informazioni: [DeploymentElement] adding library to ScatteredArchive commons-lang-2.6.jar
mag 14, 2014 11:12:02 AM org.glassfish.ejb.embedded.DeploymentElement getOrCreateApplication
Informazioni: [DeploymentElement] adding library to ScatteredArchive ant.jar
mag 14, 2014 11:12:02 AM org.glassfish.ejb.embedded.DeploymentElement getOrCreateApplication
Informazioni: [DeploymentElement] adding library to ScatteredArchive classes
mag 14, 2014 11:12:02 AM org.glassfish.ejb.embedded.DeploymentElement getOrCreateApplication
Informazioni: [DeploymentElement] adding library to ScatteredArchive derby.jar
mag 14, 2014 11:12:02 AM org.glassfish.ejb.embedded.DeploymentElement getOrCreateApplication
Informazioni: [DeploymentElement] adding library to ScatteredArchive ant-launcher.jar
mag 14, 2014 11:12:02 AM org.glassfish.ejb.embedded.DeploymentElement getOrCreateApplication
Informazioni: [DeploymentElement] adding library to ScatteredArchive derbynet.jar
mag 14, 2014 11:12:02 AM org.glassfish.ejb.embedded.DeploymentElement getOrCreateApplication
Informazioni: [DeploymentElement] adding library to ScatteredArchive junit-4.10.jar
mag 14, 2014 11:12:02 AM org.glassfish.ejb.embedded.DeploymentElement getOrCreateApplication
Informazioni: [DeploymentElement] adding library to ScatteredArchive slf4j-log4j12-1.7.7.jar
mag 14, 2014 11:12:02 AM org.glassfish.ejb.embedded.DeploymentElement getOrCreateApplication
Informazioni: [DeploymentElement] adding library to ScatteredArchive commons-beanutils-1.8.3.jar
mag 14, 2014 11:12:02 AM org.glassfish.ejb.embedded.DeploymentElement getOrCreateApplication
Informazioni: [DeploymentElement] adding library to ScatteredArchive javax.persistence_2.1.0.v201304241213.jar
mag 14, 2014 11:12:02 AM org.glassfish.ejb.embedded.DeploymentElement getOrCreateApplication
Informazioni: [DeploymentElement] adding library to ScatteredArchive log4j-over-slf4j-1.7.7.jar
mag 14, 2014 11:12:02 AM org.glassfish.ejb.embedded.DeploymentElement getOrCreateApplication
Informazioni: [DeploymentElement] adding library to ScatteredArchive json-lib-2.4-jdk15.jar
mag 14, 2014 11:12:02 AM org.glassfish.ejb.embedded.EJBContainerImpl deploy
Informazioni: [EJBContainerImpl] Deploying app: org.glassfish.embeddable.archive.ScatteredArchive@227f59d6
mag 14, 2014 11:12:02 AM org.glassfish.ejb.embedded.EJBContainerImpl deploy
Informazioni: [EJBContainerImpl] GlassFish status: STARTED
mag 14, 2014 11:12:02 AM org.glassfish.ejb.embedded.EJBContainerImpl deploy
Informazioni: [EJBContainerImpl] Deploying as a ScatteredArchive
mag 14, 2014 11:12:09 AM com.sun.enterprise.security.ssl.impl.SecuritySupportImpl checkCertificateDates
Grave: SEC5054: Certificate has expired: [
[
  Version: V3
  Subject: CN=GTE CyberTrust Root 5, OU="GTE CyberTrust Solutions, Inc.", O=GTE Corporation, C=US
  Signature Algorithm: SHA1withRSA, OID = 1.2.840.113549.1.1.5

  Key:  Sun RSA public key, 2048 bits
  modulus: 23741889829347261660812437366387754385443431973861114865490414153884050331745811968523116847625570146592736935209718565296053386842135985534863157983128812774162998053673746470782252407673402238146869994438729551246768368782318393878374421033907597162218758024581735139682087126982809511479059100617027892880227587855877479432885604404402435662802390484099065871430585284534529627347717530352189612077130606642676951640071336717026459037542552927905851171460589361570392199748753414855675665635003335769915908187224347232807336022456537328962095005323382940080676931822787496212635993279098588863972868266229522169377
  public exponent: 65537
  Validity: [From: Fri Aug 14 16:50:00 CEST 1998,
               To: Thu Aug 15 01:59:00 CEST 2013]
  Issuer: CN=GTE CyberTrust Root 5, OU="GTE CyberTrust Solutions, Inc.", O=GTE Corporation, C=US
  SerialNumber: [    01b6]

Certificate Extensions: 4
[1]: ObjectId: 2.5.29.19 Criticality=true
BasicConstraints:[
  CA:true
  PathLen:5
]

[2]: ObjectId: 2.5.29.32 Criticality=false
CertificatePolicies [
  [CertificatePolicyId: [1.2.840.113763.1.2.1.3]
[]  ]
]

[3]: ObjectId: 2.5.29.15 Criticality=true
KeyUsage [
  Key_CertSign
  Crl_Sign
]

[4]: ObjectId: 2.5.29.14 Criticality=false
SubjectKeyIdentifier [
KeyIdentifier [
0000: 76 0A 49 21 38 4C 9F DE   F8 C4 49 C7 71 71 91 9D  v.I!8L....I.qq..
]
]

]
  Algorithm: [SHA1withRSA]
  Signature:
0000: 41 3A D4 18 5B DA B8 DE   21 1C E1 8E 09 E5 F1 68  A:..[...!......h
0010: 34 FF DE 96 F4 07 F5 A7   3C F3 AC 4A B1 9B FA 92  4.......<..J....
0020: FA 9B ED E6 32 21 AA 4A   76 C5 DC 4F 38 E5 DF D5  ....2!.Jv..O8...
0030: 86 E4 D5 C8 76 7D 98 D7   B1 CD 8F 4D B5 91 23 6C  ....v......M..#l
0040: 8B 8A EB EA 7C EF 14 94   C4 C6 F0 1F 4A 2D 32 71  ............J-2q
0050: 63 2B 63 91 26 02 09 B6   80 1D ED E2 CC B8 7F DB  c+c.&...........
0060: 87 63 C8 E1 D0 6C 26 B1   35 1D 40 66 10 1B CD 95  .c...l&.5.@f....
0070: 54 18 33 61 EC 13 4F DA   13 F7 99 AF 3E D0 CF 8E  T.3a..O.....>...
0080: A6 72 A2 B3 C3 05 9A C9   27 7D 92 CC 7E 52 8D B3  .r......'....R..
0090: AB 70 6D 9E 89 9F 4D EB   1A 75 C2 98 AA D5 02 16  .pm...M..u......
00A0: D7 0C 8A BF 25 E4 EB 2D   BC 98 E9 58 38 19 7C B9  ....%..-...X8...
00B0: 37 FE DB E2 99 08 73 06   C7 97 83 6A 7D 10 01 2F  7.....s....j.../
00C0: 32 B9 17 05 4A 65 E6 2F   CE BE 5E 53 A6 82 E9 9A  2...Je./..^S....
00D0: 53 0A 84 74 2D 83 CA C8   94 16 76 5F 94 61 28 F0  S..t-.....v_.a(.
00E0: 85 A7 39 BB D7 8B D9 A8   B2 13 1D 54 09 34 24 7D  ..9........T.4$.
00F0: 20 81 7D 66 7E A2 90 74   5C 10 C6 BD EC AB 1B C2   ..f...t\.......

]
mag 14, 2014 11:12:09 AM com.sun.enterprise.security.SecurityLifecycle <init>
Informazioni: security.secmgroff
mag 14, 2014 11:12:09 AM com.sun.enterprise.security.SecurityLifecycle onInitialization
Informazioni: sec.service.startup.enter
mag 14, 2014 11:12:09 AM com.sun.enterprise.security.PolicyLoader setPolicyConfigurationFactory
Avvertenza: policy.factoryoverride
mag 14, 2014 11:12:09 AM com.sun.enterprise.security.PolicyLoader loadPolicy
Informazioni: policy.loading
mag 14, 2014 11:12:09 AM com.sun.enterprise.security.SecurityLifecycle onInitialization
Informazioni: sec.service.startup.exit
mag 14, 2014 11:12:10 AM com.sun.enterprise.security.ssl.impl.SecuritySupportImpl checkCertificateDates
Grave: SEC5054: Certificate has expired: [
[
  Version: V3
  Subject: CN=GTE CyberTrust Root 5, OU="GTE CyberTrust Solutions, Inc.", O=GTE Corporation, C=US
  Signature Algorithm: SHA1withRSA, OID = 1.2.840.113549.1.1.5

  Key:  Sun RSA public key, 2048 bits
  modulus: 23741889829347261660812437366387754385443431973861114865490414153884050331745811968523116847625570146592736935209718565296053386842135985534863157983128812774162998053673746470782252407673402238146869994438729551246768368782318393878374421033907597162218758024581735139682087126982809511479059100617027892880227587855877479432885604404402435662802390484099065871430585284534529627347717530352189612077130606642676951640071336717026459037542552927905851171460589361570392199748753414855675665635003335769915908187224347232807336022456537328962095005323382940080676931822787496212635993279098588863972868266229522169377
  public exponent: 65537
  Validity: [From: Fri Aug 14 16:50:00 CEST 1998,
               To: Thu Aug 15 01:59:00 CEST 2013]
  Issuer: CN=GTE CyberTrust Root 5, OU="GTE CyberTrust Solutions, Inc.", O=GTE Corporation, C=US
  SerialNumber: [    01b6]

Certificate Extensions: 4
[1]: ObjectId: 2.5.29.19 Criticality=true
BasicConstraints:[
  CA:true
  PathLen:5
]

[2]: ObjectId: 2.5.29.32 Criticality=false
CertificatePolicies [
  [CertificatePolicyId: [1.2.840.113763.1.2.1.3]
[]  ]
]

[3]: ObjectId: 2.5.29.15 Criticality=true
KeyUsage [
  Key_CertSign
  Crl_Sign
]

[4]: ObjectId: 2.5.29.14 Criticality=false
SubjectKeyIdentifier [
KeyIdentifier [
0000: 76 0A 49 21 38 4C 9F DE   F8 C4 49 C7 71 71 91 9D  v.I!8L....I.qq..
]
]

]
  Algorithm: [SHA1withRSA]
  Signature:
0000: 41 3A D4 18 5B DA B8 DE   21 1C E1 8E 09 E5 F1 68  A:..[...!......h
0010: 34 FF DE 96 F4 07 F5 A7   3C F3 AC 4A B1 9B FA 92  4.......<..J....
0020: FA 9B ED E6 32 21 AA 4A   76 C5 DC 4F 38 E5 DF D5  ....2!.Jv..O8...
0030: 86 E4 D5 C8 76 7D 98 D7   B1 CD 8F 4D B5 91 23 6C  ....v......M..#l
0040: 8B 8A EB EA 7C EF 14 94   C4 C6 F0 1F 4A 2D 32 71  ............J-2q
0050: 63 2B 63 91 26 02 09 B6   80 1D ED E2 CC B8 7F DB  c+c.&...........
0060: 87 63 C8 E1 D0 6C 26 B1   35 1D 40 66 10 1B CD 95  .c...l&.5.@f....
0070: 54 18 33 61 EC 13 4F DA   13 F7 99 AF 3E D0 CF 8E  T.3a..O.....>...
0080: A6 72 A2 B3 C3 05 9A C9   27 7D 92 CC 7E 52 8D B3  .r......'....R..
0090: AB 70 6D 9E 89 9F 4D EB   1A 75 C2 98 AA D5 02 16  .pm...M..u......
00A0: D7 0C 8A BF 25 E4 EB 2D   BC 98 E9 58 38 19 7C B9  ....%..-...X8...
00B0: 37 FE DB E2 99 08 73 06   C7 97 83 6A 7D 10 01 2F  7.....s....j.../
00C0: 32 B9 17 05 4A 65 E6 2F   CE BE 5E 53 A6 82 E9 9A  2...Je./..^S....
00D0: 53 0A 84 74 2D 83 CA C8   94 16 76 5F 94 61 28 F0  S..t-.....v_.a(.
00E0: 85 A7 39 BB D7 8B D9 A8   B2 13 1D 54 09 34 24 7D  ..9........T.4$.
00F0: 20 81 7D 66 7E A2 90 74   5C 10 C6 BD EC AB 1B C2   ..f...t\.......

]
mag 14, 2014 11:12:10 AM com.sun.enterprise.security.ssl.impl.SecuritySupportImpl checkCertificateDates
Grave: SEC5054: Certificate has expired: [
[
  Version: V3
  Subject: CN=GTE CyberTrust Root 5, OU="GTE CyberTrust Solutions, Inc.", O=GTE Corporation, C=US
  Signature Algorithm: SHA1withRSA, OID = 1.2.840.113549.1.1.5

  Key:  Sun RSA public key, 2048 bits
  modulus: 23741889829347261660812437366387754385443431973861114865490414153884050331745811968523116847625570146592736935209718565296053386842135985534863157983128812774162998053673746470782252407673402238146869994438729551246768368782318393878374421033907597162218758024581735139682087126982809511479059100617027892880227587855877479432885604404402435662802390484099065871430585284534529627347717530352189612077130606642676951640071336717026459037542552927905851171460589361570392199748753414855675665635003335769915908187224347232807336022456537328962095005323382940080676931822787496212635993279098588863972868266229522169377
  public exponent: 65537
  Validity: [From: Fri Aug 14 16:50:00 CEST 1998,
               To: Thu Aug 15 01:59:00 CEST 2013]
  Issuer: CN=GTE CyberTrust Root 5, OU="GTE CyberTrust Solutions, Inc.", O=GTE Corporation, C=US
  SerialNumber: [    01b6]

Certificate Extensions: 4
[1]: ObjectId: 2.5.29.19 Criticality=true
BasicConstraints:[
  CA:true
  PathLen:5
]

[2]: ObjectId: 2.5.29.32 Criticality=false
CertificatePolicies [
  [CertificatePolicyId: [1.2.840.113763.1.2.1.3]
[]  ]
]

[3]: ObjectId: 2.5.29.15 Criticality=true
KeyUsage [
  Key_CertSign
  Crl_Sign
]

[4]: ObjectId: 2.5.29.14 Criticality=false
SubjectKeyIdentifier [
KeyIdentifier [
0000: 76 0A 49 21 38 4C 9F DE   F8 C4 49 C7 71 71 91 9D  v.I!8L....I.qq..
]
]

]
  Algorithm: [SHA1withRSA]
  Signature:
0000: 41 3A D4 18 5B DA B8 DE   21 1C E1 8E 09 E5 F1 68  A:..[...!......h
0010: 34 FF DE 96 F4 07 F5 A7   3C F3 AC 4A B1 9B FA 92  4.......<..J....
0020: FA 9B ED E6 32 21 AA 4A   76 C5 DC 4F 38 E5 DF D5  ....2!.Jv..O8...
0030: 86 E4 D5 C8 76 7D 98 D7   B1 CD 8F 4D B5 91 23 6C  ....v......M..#l
0040: 8B 8A EB EA 7C EF 14 94   C4 C6 F0 1F 4A 2D 32 71  ............J-2q
0050: 63 2B 63 91 26 02 09 B6   80 1D ED E2 CC B8 7F DB  c+c.&...........
0060: 87 63 C8 E1 D0 6C 26 B1   35 1D 40 66 10 1B CD 95  .c...l&.5.@f....
0070: 54 18 33 61 EC 13 4F DA   13 F7 99 AF 3E D0 CF 8E  T.3a..O.....>...
0080: A6 72 A2 B3 C3 05 9A C9   27 7D 92 CC 7E 52 8D B3  .r......'....R..
0090: AB 70 6D 9E 89 9F 4D EB   1A 75 C2 98 AA D5 02 16  .pm...M..u......
00A0: D7 0C 8A BF 25 E4 EB 2D   BC 98 E9 58 38 19 7C B9  ....%..-...X8...
00B0: 37 FE DB E2 99 08 73 06   C7 97 83 6A 7D 10 01 2F  7.....s....j.../
00C0: 32 B9 17 05 4A 65 E6 2F   CE BE 5E 53 A6 82 E9 9A  2...Je./..^S....
00D0: 53 0A 84 74 2D 83 CA C8   94 16 76 5F 94 61 28 F0  S..t-.....v_.a(.
00E0: 85 A7 39 BB D7 8B D9 A8   B2 13 1D 54 09 34 24 7D  ..9........T.4$.
00F0: 20 81 7D 66 7E A2 90 74   5C 10 C6 BD EC AB 1B C2   ..f...t\.......

]
mag 14, 2014 11:12:10 AM com.sun.enterprise.security.ssl.impl.SecuritySupportImpl checkCertificateDates
Grave: SEC5054: Certificate has expired: [
[
  Version: V3
  Subject: CN=GTE CyberTrust Root 5, OU="GTE CyberTrust Solutions, Inc.", O=GTE Corporation, C=US
  Signature Algorithm: SHA1withRSA, OID = 1.2.840.113549.1.1.5

  Key:  Sun RSA public key, 2048 bits
  modulus: 23741889829347261660812437366387754385443431973861114865490414153884050331745811968523116847625570146592736935209718565296053386842135985534863157983128812774162998053673746470782252407673402238146869994438729551246768368782318393878374421033907597162218758024581735139682087126982809511479059100617027892880227587855877479432885604404402435662802390484099065871430585284534529627347717530352189612077130606642676951640071336717026459037542552927905851171460589361570392199748753414855675665635003335769915908187224347232807336022456537328962095005323382940080676931822787496212635993279098588863972868266229522169377
  public exponent: 65537
  Validity: [From: Fri Aug 14 16:50:00 CEST 1998,
               To: Thu Aug 15 01:59:00 CEST 2013]
  Issuer: CN=GTE CyberTrust Root 5, OU="GTE CyberTrust Solutions, Inc.", O=GTE Corporation, C=US
  SerialNumber: [    01b6]

Certificate Extensions: 4
[1]: ObjectId: 2.5.29.19 Criticality=true
BasicConstraints:[
  CA:true
  PathLen:5
]

[2]: ObjectId: 2.5.29.32 Criticality=false
CertificatePolicies [
  [CertificatePolicyId: [1.2.840.113763.1.2.1.3]
[]  ]
]

[3]: ObjectId: 2.5.29.15 Criticality=true
KeyUsage [
  Key_CertSign
  Crl_Sign
]

[4]: ObjectId: 2.5.29.14 Criticality=false
SubjectKeyIdentifier [
KeyIdentifier [
0000: 76 0A 49 21 38 4C 9F DE   F8 C4 49 C7 71 71 91 9D  v.I!8L....I.qq..
]
]

]
  Algorithm: [SHA1withRSA]
  Signature:
0000: 41 3A D4 18 5B DA B8 DE   21 1C E1 8E 09 E5 F1 68  A:..[...!......h
0010: 34 FF DE 96 F4 07 F5 A7   3C F3 AC 4A B1 9B FA 92  4.......<..J....
0020: FA 9B ED E6 32 21 AA 4A   76 C5 DC 4F 38 E5 DF D5  ....2!.Jv..O8...
0030: 86 E4 D5 C8 76 7D 98 D7   B1 CD 8F 4D B5 91 23 6C  ....v......M..#l
0040: 8B 8A EB EA 7C EF 14 94   C4 C6 F0 1F 4A 2D 32 71  ............J-2q
0050: 63 2B 63 91 26 02 09 B6   80 1D ED E2 CC B8 7F DB  c+c.&...........
0060: 87 63 C8 E1 D0 6C 26 B1   35 1D 40 66 10 1B CD 95  .c...l&.5.@f....
0070: 54 18 33 61 EC 13 4F DA   13 F7 99 AF 3E D0 CF 8E  T.3a..O.....>...
0080: A6 72 A2 B3 C3 05 9A C9   27 7D 92 CC 7E 52 8D B3  .r......'....R..
0090: AB 70 6D 9E 89 9F 4D EB   1A 75 C2 98 AA D5 02 16  .pm...M..u......
00A0: D7 0C 8A BF 25 E4 EB 2D   BC 98 E9 58 38 19 7C B9  ....%..-...X8...
00B0: 37 FE DB E2 99 08 73 06   C7 97 83 6A 7D 10 01 2F  7.....s....j.../
00C0: 32 B9 17 05 4A 65 E6 2F   CE BE 5E 53 A6 82 E9 9A  2...Je./..^S....
00D0: 53 0A 84 74 2D 83 CA C8   94 16 76 5F 94 61 28 F0  S..t-.....v_.a(.
00E0: 85 A7 39 BB D7 8B D9 A8   B2 13 1D 54 09 34 24 7D  ..9........T.4$.
00F0: 20 81 7D 66 7E A2 90 74   5C 10 C6 BD EC AB 1B C2   ..f...t\.......

]
mag 14, 2014 11:12:10 AM com.sun.jts.CosTransactions.DefaultTransactionService setServerName
Informazioni: jts.startup_msg
mag 14, 2014 11:12:10 AM com.sun.jts.CosTransactions.DefaultTransactionService identify_ORB
Avvertenza: jts.unexpected_error_when_creating_poa
org.omg.CORBA.OBJ_ADAPTER: Avvertenza: 02310002: Error in connecting servant to ORB  vmcid: OMG  minor code: 2  completed: No
	at com.sun.proxy.$Proxy175.orbConnectError(Unknown Source)
	at com.sun.corba.ee.impl.orb.ORBImpl.connect(ORBImpl.java:1692)
	at com.sun.corba.ee.spi.presentation.rmi.StubAdapter.connect(StubAdapter.java:216)
	at com.sun.corba.ee.impl.orb.ORBImpl.getIOR(ORBImpl.java:2082)
	at com.sun.corba.ee.impl.orb.ORBImpl.getFVDCodeBaseIOR(ORBImpl.java:981)
	at com.sun.corba.ee.impl.protocol.ClientRequestDispatcherImpl.addServiceContexts(ClientRequestDispatcherImpl.java:822)
	at com.sun.corba.ee.impl.protocol.ClientRequestDispatcherImpl.beginRequest(ClientRequestDispatcherImpl.java:293)
	at com.sun.corba.ee.impl.protocol.ClientDelegateImpl.request(ClientDelegateImpl.java:227)
	at com.sun.corba.ee.impl.resolver.BootstrapResolverImpl.invoke(BootstrapResolverImpl.java:112)
	at com.sun.corba.ee.impl.resolver.BootstrapResolverImpl.resolve(BootstrapResolverImpl.java:145)
	at com.sun.corba.ee.impl.resolver.CompositeResolverImpl.resolve(CompositeResolverImpl.java:61)
	at com.sun.corba.ee.impl.resolver.CompositeResolverImpl.resolve(CompositeResolverImpl.java:61)
	at com.sun.corba.ee.impl.resolver.CompositeResolverImpl.resolve(CompositeResolverImpl.java:61)
	at com.sun.corba.ee.impl.orb.ORBImpl.resolve_initial_references(ORBImpl.java:1259)
	at com.sun.jts.CosTransactions.DefaultTransactionService.createPOAs(DefaultTransactionService.java:388)
	at com.sun.jts.CosTransactions.DefaultTransactionService.identify_ORB(DefaultTransactionService.java:202)
	at com.sun.enterprise.transaction.jts.iiop.TransactionIIOPInterceptorFactory.createInterceptor(TransactionIIOPInterceptorFactory.java:145)
	at com.sun.enterprise.transaction.jts.iiop.TransactionIIOPInterceptorFactory.createClientRequestInterceptor(TransactionIIOPInterceptorFactory.java:97)
	at org.glassfish.enterprise.iiop.impl.GlassFishORBInitializer.post_init(GlassFishORBInitializer.java:132)
	at com.sun.corba.ee.impl.interceptors.PIHandlerImpl.postInitORBInitializers(PIHandlerImpl.java:917)
	at com.sun.corba.ee.impl.interceptors.PIHandlerImpl.initialize(PIHandlerImpl.java:267)
	at com.sun.corba.ee.impl.orb.ORBImpl.postInit(ORBImpl.java:636)
	at com.sun.corba.ee.impl.orb.ORBImpl.set_parameters(ORBImpl.java:697)
	at com.sun.corba.ee.impl.orb.ORBImpl.setParameters(ORBImpl.java:684)
	at com.sun.corba.ee.spi.osgi.ORBFactory.initialize(ORBFactory.java:107)
	at org.glassfish.enterprise.iiop.impl.GlassFishORBManager.initORB(GlassFishORBManager.java:585)
	at org.glassfish.enterprise.iiop.impl.GlassFishORBManager.getORB(GlassFishORBManager.java:264)
	at org.glassfish.enterprise.iiop.impl.GlassFishORBFactoryImpl.createORB(GlassFishORBFactoryImpl.java:93)
	at org.glassfish.enterprise.iiop.api.GlassFishORBHelper.getORB(GlassFishORBHelper.java:163)
	at org.glassfish.enterprise.iiop.api.GlassFishORBHelper.getProtocolManager(GlassFishORBHelper.java:231)
	at com.sun.ejb.containers.BaseContainer.initializeProtocolManager(BaseContainer.java:830)
	at com.sun.ejb.containers.BaseContainer.<init>(BaseContainer.java:590)
	at com.sun.ejb.containers.StatelessSessionContainer.<init>(StatelessSessionContainer.java:143)
	at com.sun.ejb.containers.StatelessSessionContainer.<init>(StatelessSessionContainer.java:137)
	at com.sun.ejb.containers.StatelessContainerFactory.createContainer(StatelessContainerFactory.java:61)
	at org.glassfish.ejb.startup.EjbApplication.loadContainers(EjbApplication.java:221)
	at org.glassfish.ejb.startup.EjbDeployer.load(EjbDeployer.java:291)
	at org.glassfish.ejb.startup.EjbDeployer.load(EjbDeployer.java:99)
	at org.glassfish.internal.data.ModuleInfo.load(ModuleInfo.java:206)
	at org.glassfish.internal.data.ApplicationInfo.load(ApplicationInfo.java:313)
	at com.sun.enterprise.v3.server.ApplicationLifecycle.deploy(ApplicationLifecycle.java:493)
	at com.sun.enterprise.v3.server.ApplicationLifecycle.deploy(ApplicationLifecycle.java:219)
	at org.glassfish.deployment.admin.DeployCommand.execute(DeployCommand.java:491)
	at com.sun.enterprise.v3.admin.CommandRunnerImpl$2$1.run(CommandRunnerImpl.java:527)
	at com.sun.enterprise.v3.admin.CommandRunnerImpl$2$1.run(CommandRunnerImpl.java:523)
	at java.security.AccessController.doPrivileged(Native Method)
	at javax.security.auth.Subject.doAs(Subject.java:356)
	at com.sun.enterprise.v3.admin.CommandRunnerImpl$2.execute(CommandRunnerImpl.java:522)
	at com.sun.enterprise.v3.admin.CommandRunnerImpl.doCommand(CommandRunnerImpl.java:546)
	at com.sun.enterprise.v3.admin.CommandRunnerImpl.doCommand(CommandRunnerImpl.java:1423)
	at com.sun.enterprise.v3.admin.CommandRunnerImpl.access$1500(CommandRunnerImpl.java:108)
	at com.sun.enterprise.v3.admin.CommandRunnerImpl$ExecutionContext.execute(CommandRunnerImpl.java:1762)
	at com.sun.enterprise.v3.admin.CommandRunnerImpl$ExecutionContext.execute(CommandRunnerImpl.java:1674)
	at com.sun.enterprise.admin.cli.embeddable.DeployerImpl.deploy(DeployerImpl.java:133)
	at com.sun.enterprise.admin.cli.embeddable.DeployerImpl.deploy(DeployerImpl.java:109)
	at org.glassfish.ejb.embedded.EJBContainerImpl.deploy(EJBContainerImpl.java:138)
	at org.glassfish.ejb.embedded.EJBContainerProviderImpl.createEJBContainer(EJBContainerProviderImpl.java:134)
	at javax.ejb.embeddable.EJBContainer.createEJBContainer(EJBContainer.java:127)
	at javax.ejb.embeddable.EJBContainer.createEJBContainer(EJBContainer.java:102)
	at GestoreAccountRemoto.GestoreAccountRemotoTest.testGetResult(GestoreAccountRemotoTest.java:49)
	at sun.reflect.NativeMethodAccessorImpl.invoke0(Native Method)
	at sun.reflect.NativeMethodAccessorImpl.invoke(NativeMethodAccessorImpl.java:57)
	at sun.reflect.DelegatingMethodAccessorImpl.invoke(DelegatingMethodAccessorImpl.java:43)
	at java.lang.reflect.Method.invoke(Method.java:606)
	at org.junit.runners.model.FrameworkMethod$1.runReflectiveCall(FrameworkMethod.java:45)
	at org.junit.internal.runners.model.ReflectiveCallable.run(ReflectiveCallable.java:15)
	at org.junit.runners.model.FrameworkMethod.invokeExplosively(FrameworkMethod.java:42)
	at org.junit.internal.runners.statements.InvokeMethod.evaluate(InvokeMethod.java:20)
	at org.junit.internal.runners.statements.RunBefores.evaluate(RunBefores.java:28)
	at org.junit.internal.runners.statements.RunAfters.evaluate(RunAfters.java:30)
	at org.junit.runners.ParentRunner.runLeaf(ParentRunner.java:263)
	at org.junit.runners.BlockJUnit4ClassRunner.runChild(BlockJUnit4ClassRunner.java:68)
	at org.junit.runners.BlockJUnit4ClassRunner.runChild(BlockJUnit4ClassRunner.java:47)
	at org.junit.runners.ParentRunner$3.run(ParentRunner.java:231)
	at org.junit.runners.ParentRunner$1.schedule(ParentRunner.java:60)
	at org.junit.runners.ParentRunner.runChildren(ParentRunner.java:229)
	at org.junit.runners.ParentRunner.access$000(ParentRunner.java:50)
	at org.junit.runners.ParentRunner$2.evaluate(ParentRunner.java:222)
	at org.junit.internal.runners.statements.RunBefores.evaluate(RunBefores.java:28)
	at org.junit.internal.runners.statements.RunAfters.evaluate(RunAfters.java:30)
	at org.junit.runners.ParentRunner.run(ParentRunner.java:300)
	at junit.framework.JUnit4TestAdapter.run(JUnit4TestAdapter.java:39)
	at org.apache.tools.ant.taskdefs.optional.junit.JUnitTestRunner.run(JUnitTestRunner.java:523)
	at org.apache.tools.ant.taskdefs.optional.junit.JUnitTestRunner.launch(JUnitTestRunner.java:1063)
	at org.apache.tools.ant.taskdefs.optional.junit.JUnitTestRunner.main(JUnitTestRunner.java:914)
Caused by: org.omg.CORBA.COMM_FAILURE: Grave: 00410016: Unable to create IIOP listener on the specified host all interfaces and port 3.700  vmcid: OMG  minor code: 16  completed: No
	at com.sun.proxy.$Proxy175.createListenerFailed(Unknown Source)
	at com.sun.corba.ee.impl.transport.AcceptorImpl.initialize(AcceptorImpl.java:98)
	at com.sun.corba.ee.impl.transport.TransportManagerImpl.getAcceptors(TransportManagerImpl.java:232)
	at com.sun.corba.ee.impl.transport.TransportManagerImpl.addToIORTemplate(TransportManagerImpl.java:251)
	at com.sun.corba.ee.spi.oa.ObjectAdapterBase.initializeTemplate(ObjectAdapterBase.java:103)
	at com.sun.corba.ee.impl.oa.toa.TOAImpl.<init>(TOAImpl.java:133)
	at com.sun.corba.ee.impl.oa.toa.TOAFactory.getTOA(TOAFactory.java:118)
	at com.sun.corba.ee.impl.orb.ORBImpl.connect(ORBImpl.java:1690)
	... 83 more
Caused by: java.net.BindException: Address already in use
	at sun.nio.ch.Net.bind0(Native Method)
	at sun.nio.ch.Net.bind(Net.java:444)
	at sun.nio.ch.Net.bind(Net.java:436)
	at sun.nio.ch.ServerSocketChannelImpl.bind(ServerSocketChannelImpl.java:214)
	at sun.nio.ch.ServerSocketAdaptor.bind(ServerSocketAdaptor.java:74)
	at sun.nio.ch.ServerSocketAdaptor.bind(ServerSocketAdaptor.java:67)
	at org.glassfish.enterprise.iiop.impl.IIOPSSLSocketFactory.createServerSocket(IIOPSSLSocketFactory.java:297)
	at com.sun.corba.ee.impl.transport.AcceptorImpl.initialize(AcceptorImpl.java:91)
	... 89 more

mag 14, 2014 11:12:10 AM org.glassfish.enterprise.iiop.impl.GlassFishORBManager initORB
Grave: enterprise_util.excep_in_createorb
org.omg.CORBA.OBJ_ADAPTER: Avvertenza: 02310002: Error in connecting servant to ORB  vmcid: OMG  minor code: 2  completed: No
	at com.sun.proxy.$Proxy175.orbConnectError(Unknown Source)
	at com.sun.corba.ee.impl.orb.ORBImpl.connect(ORBImpl.java:1692)
	at com.sun.corba.ee.spi.presentation.rmi.StubAdapter.connect(StubAdapter.java:216)
	at com.sun.corba.ee.impl.orb.ORBImpl.getIOR(ORBImpl.java:2082)
	at com.sun.corba.ee.impl.orb.ORBImpl.getFVDCodeBaseIOR(ORBImpl.java:981)
	at com.sun.corba.ee.impl.protocol.ClientRequestDispatcherImpl.addServiceContexts(ClientRequestDispatcherImpl.java:822)
	at com.sun.corba.ee.impl.protocol.ClientRequestDispatcherImpl.beginRequest(ClientRequestDispatcherImpl.java:293)
	at com.sun.corba.ee.impl.protocol.ClientDelegateImpl.request(ClientDelegateImpl.java:227)
	at com.sun.corba.ee.impl.resolver.BootstrapResolverImpl.invoke(BootstrapResolverImpl.java:112)
	at com.sun.corba.ee.impl.resolver.BootstrapResolverImpl.resolve(BootstrapResolverImpl.java:145)
	at com.sun.corba.ee.impl.resolver.CompositeResolverImpl.resolve(CompositeResolverImpl.java:61)
	at com.sun.corba.ee.impl.resolver.CompositeResolverImpl.resolve(CompositeResolverImpl.java:61)
	at com.sun.corba.ee.impl.resolver.CompositeResolverImpl.resolve(CompositeResolverImpl.java:61)
	at com.sun.corba.ee.impl.orb.ORBImpl.resolve_initial_references(ORBImpl.java:1259)
	at org.glassfish.enterprise.iiop.impl.GlassFishORBManager.initORB(GlassFishORBManager.java:590)
	at org.glassfish.enterprise.iiop.impl.GlassFishORBManager.getORB(GlassFishORBManager.java:264)
	at org.glassfish.enterprise.iiop.impl.GlassFishORBFactoryImpl.createORB(GlassFishORBFactoryImpl.java:93)
	at org.glassfish.enterprise.iiop.api.GlassFishORBHelper.getORB(GlassFishORBHelper.java:163)
	at org.glassfish.enterprise.iiop.api.GlassFishORBHelper.getProtocolManager(GlassFishORBHelper.java:231)
	at com.sun.ejb.containers.BaseContainer.initializeProtocolManager(BaseContainer.java:830)
	at com.sun.ejb.containers.BaseContainer.<init>(BaseContainer.java:590)
	at com.sun.ejb.containers.StatelessSessionContainer.<init>(StatelessSessionContainer.java:143)
	at com.sun.ejb.containers.StatelessSessionContainer.<init>(StatelessSessionContainer.java:137)
	at com.sun.ejb.containers.StatelessContainerFactory.createContainer(StatelessContainerFactory.java:61)
	at org.glassfish.ejb.startup.EjbApplication.loadContainers(EjbApplication.java:221)
	at org.glassfish.ejb.startup.EjbDeployer.load(EjbDeployer.java:291)
	at org.glassfish.ejb.startup.EjbDeployer.load(EjbDeployer.java:99)
	at org.glassfish.internal.data.ModuleInfo.load(ModuleInfo.java:206)
	at org.glassfish.internal.data.ApplicationInfo.load(ApplicationInfo.java:313)
	at com.sun.enterprise.v3.server.ApplicationLifecycle.deploy(ApplicationLifecycle.java:493)
	at com.sun.enterprise.v3.server.ApplicationLifecycle.deploy(ApplicationLifecycle.java:219)
	at org.glassfish.deployment.admin.DeployCommand.execute(DeployCommand.java:491)
	at com.sun.enterprise.v3.admin.CommandRunnerImpl$2$1.run(CommandRunnerImpl.java:527)
	at com.sun.enterprise.v3.admin.CommandRunnerImpl$2$1.run(CommandRunnerImpl.java:523)
	at java.security.AccessController.doPrivileged(Native Method)
	at javax.security.auth.Subject.doAs(Subject.java:356)
	at com.sun.enterprise.v3.admin.CommandRunnerImpl$2.execute(CommandRunnerImpl.java:522)
	at com.sun.enterprise.v3.admin.CommandRunnerImpl.doCommand(CommandRunnerImpl.java:546)
	at com.sun.enterprise.v3.admin.CommandRunnerImpl.doCommand(CommandRunnerImpl.java:1423)
	at com.sun.enterprise.v3.admin.CommandRunnerImpl.access$1500(CommandRunnerImpl.java:108)
	at com.sun.enterprise.v3.admin.CommandRunnerImpl$ExecutionContext.execute(CommandRunnerImpl.java:1762)
	at com.sun.enterprise.v3.admin.CommandRunnerImpl$ExecutionContext.execute(CommandRunnerImpl.java:1674)
	at com.sun.enterprise.admin.cli.embeddable.DeployerImpl.deploy(DeployerImpl.java:133)
	at com.sun.enterprise.admin.cli.embeddable.DeployerImpl.deploy(DeployerImpl.java:109)
	at org.glassfish.ejb.embedded.EJBContainerImpl.deploy(EJBContainerImpl.java:138)
	at org.glassfish.ejb.embedded.EJBContainerProviderImpl.createEJBContainer(EJBContainerProviderImpl.java:134)
	at javax.ejb.embeddable.EJBContainer.createEJBContainer(EJBContainer.java:127)
	at javax.ejb.embeddable.EJBContainer.createEJBContainer(EJBContainer.java:102)
	at GestoreAccountRemoto.GestoreAccountRemotoTest.testGetResult(GestoreAccountRemotoTest.java:49)
	at sun.reflect.NativeMethodAccessorImpl.invoke0(Native Method)
	at sun.reflect.NativeMethodAccessorImpl.invoke(NativeMethodAccessorImpl.java:57)
	at sun.reflect.DelegatingMethodAccessorImpl.invoke(DelegatingMethodAccessorImpl.java:43)
	at java.lang.reflect.Method.invoke(Method.java:606)
	at org.junit.runners.model.FrameworkMethod$1.runReflectiveCall(FrameworkMethod.java:45)
	at org.junit.internal.runners.model.ReflectiveCallable.run(ReflectiveCallable.java:15)
	at org.junit.runners.model.FrameworkMethod.invokeExplosively(FrameworkMethod.java:42)
	at org.junit.internal.runners.statements.InvokeMethod.evaluate(InvokeMethod.java:20)
	at org.junit.internal.runners.statements.RunBefores.evaluate(RunBefores.java:28)
	at org.junit.internal.runners.statements.RunAfters.evaluate(RunAfters.java:30)
	at org.junit.runners.ParentRunner.runLeaf(ParentRunner.java:263)
	at org.junit.runners.BlockJUnit4ClassRunner.runChild(BlockJUnit4ClassRunner.java:68)
	at org.junit.runners.BlockJUnit4ClassRunner.runChild(BlockJUnit4ClassRunner.java:47)
	at org.junit.runners.ParentRunner$3.run(ParentRunner.java:231)
	at org.junit.runners.ParentRunner$1.schedule(ParentRunner.java:60)
	at org.junit.runners.ParentRunner.runChildren(ParentRunner.java:229)
	at org.junit.runners.ParentRunner.access$000(ParentRunner.java:50)
	at org.junit.runners.ParentRunner$2.evaluate(ParentRunner.java:222)
	at org.junit.internal.runners.statements.RunBefores.evaluate(RunBefores.java:28)
	at org.junit.internal.runners.statements.RunAfters.evaluate(RunAfters.java:30)
	at org.junit.runners.ParentRunner.run(ParentRunner.java:300)
	at junit.framework.JUnit4TestAdapter.run(JUnit4TestAdapter.java:39)
	at org.apache.tools.ant.taskdefs.optional.junit.JUnitTestRunner.run(JUnitTestRunner.java:523)
	at org.apache.tools.ant.taskdefs.optional.junit.JUnitTestRunner.launch(JUnitTestRunner.java:1063)
	at org.apache.tools.ant.taskdefs.optional.junit.JUnitTestRunner.main(JUnitTestRunner.java:914)
Caused by: org.omg.CORBA.COMM_FAILURE: Grave: 00410016: Unable to create IIOP listener on the specified host all interfaces and port 3.700  vmcid: OMG  minor code: 16  completed: No
	at com.sun.proxy.$Proxy175.createListenerFailed(Unknown Source)
	at com.sun.corba.ee.impl.transport.AcceptorImpl.initialize(AcceptorImpl.java:98)
	at com.sun.corba.ee.impl.transport.TransportManagerImpl.getAcceptors(TransportManagerImpl.java:232)
	at com.sun.corba.ee.impl.transport.TransportManagerImpl.addToIORTemplate(TransportManagerImpl.java:251)
	at com.sun.corba.ee.spi.oa.ObjectAdapterBase.initializeTemplate(ObjectAdapterBase.java:103)
	at com.sun.corba.ee.impl.oa.toa.TOAImpl.<init>(TOAImpl.java:133)
	at com.sun.corba.ee.impl.oa.toa.TOAFactory.getTOA(TOAFactory.java:118)
	at com.sun.corba.ee.impl.orb.ORBImpl.connect(ORBImpl.java:1690)
	... 72 more
Caused by: java.net.BindException: Address already in use
	at sun.nio.ch.Net.bind0(Native Method)
	at sun.nio.ch.Net.bind(Net.java:444)
	at sun.nio.ch.Net.bind(Net.java:436)
	at sun.nio.ch.ServerSocketChannelImpl.bind(ServerSocketChannelImpl.java:214)
	at sun.nio.ch.ServerSocketAdaptor.bind(ServerSocketAdaptor.java:74)
	at sun.nio.ch.ServerSocketAdaptor.bind(ServerSocketAdaptor.java:67)
	at org.glassfish.enterprise.iiop.impl.IIOPSSLSocketFactory.createServerSocket(IIOPSSLSocketFactory.java:297)
	at com.sun.corba.ee.impl.transport.AcceptorImpl.initialize(AcceptorImpl.java:91)
	... 78 more

mag 14, 2014 11:12:10 AM org.glassfish.internal.data.ModuleInfo load
Grave: Exception while invoking class org.glassfish.ejb.startup.EjbDeployer load method
java.lang.RuntimeException: EJB Container initialization error
	at org.glassfish.ejb.startup.EjbApplication.loadContainers(EjbApplication.java:234)
	at org.glassfish.ejb.startup.EjbDeployer.load(EjbDeployer.java:291)
	at org.glassfish.ejb.startup.EjbDeployer.load(EjbDeployer.java:99)
	at org.glassfish.internal.data.ModuleInfo.load(ModuleInfo.java:206)
	at org.glassfish.internal.data.ApplicationInfo.load(ApplicationInfo.java:313)
	at com.sun.enterprise.v3.server.ApplicationLifecycle.deploy(ApplicationLifecycle.java:493)
	at com.sun.enterprise.v3.server.ApplicationLifecycle.deploy(ApplicationLifecycle.java:219)
	at org.glassfish.deployment.admin.DeployCommand.execute(DeployCommand.java:491)
	at com.sun.enterprise.v3.admin.CommandRunnerImpl$2$1.run(CommandRunnerImpl.java:527)
	at com.sun.enterprise.v3.admin.CommandRunnerImpl$2$1.run(CommandRunnerImpl.java:523)
	at java.security.AccessController.doPrivileged(Native Method)
	at javax.security.auth.Subject.doAs(Subject.java:356)
	at com.sun.enterprise.v3.admin.CommandRunnerImpl$2.execute(CommandRunnerImpl.java:522)
	at com.sun.enterprise.v3.admin.CommandRunnerImpl.doCommand(CommandRunnerImpl.java:546)
	at com.sun.enterprise.v3.admin.CommandRunnerImpl.doCommand(CommandRunnerImpl.java:1423)
	at com.sun.enterprise.v3.admin.CommandRunnerImpl.access$1500(CommandRunnerImpl.java:108)
	at com.sun.enterprise.v3.admin.CommandRunnerImpl$ExecutionContext.execute(CommandRunnerImpl.java:1762)
	at com.sun.enterprise.v3.admin.CommandRunnerImpl$ExecutionContext.execute(CommandRunnerImpl.java:1674)
	at com.sun.enterprise.admin.cli.embeddable.DeployerImpl.deploy(DeployerImpl.java:133)
	at com.sun.enterprise.admin.cli.embeddable.DeployerImpl.deploy(DeployerImpl.java:109)
	at org.glassfish.ejb.embedded.EJBContainerImpl.deploy(EJBContainerImpl.java:138)
	at org.glassfish.ejb.embedded.EJBContainerProviderImpl.createEJBContainer(EJBContainerProviderImpl.java:134)
	at javax.ejb.embeddable.EJBContainer.createEJBContainer(EJBContainer.java:127)
	at javax.ejb.embeddable.EJBContainer.createEJBContainer(EJBContainer.java:102)
	at GestoreAccountRemoto.GestoreAccountRemotoTest.testGetResult(GestoreAccountRemotoTest.java:49)
	at sun.reflect.NativeMethodAccessorImpl.invoke0(Native Method)
	at sun.reflect.NativeMethodAccessorImpl.invoke(NativeMethodAccessorImpl.java:57)
	at sun.reflect.DelegatingMethodAccessorImpl.invoke(DelegatingMethodAccessorImpl.java:43)
	at java.lang.reflect.Method.invoke(Method.java:606)
	at org.junit.runners.model.FrameworkMethod$1.runReflectiveCall(FrameworkMethod.java:45)
	at org.junit.internal.runners.model.ReflectiveCallable.run(ReflectiveCallable.java:15)
	at org.junit.runners.model.FrameworkMethod.invokeExplosively(FrameworkMethod.java:42)
	at org.junit.internal.runners.statements.InvokeMethod.evaluate(InvokeMethod.java:20)
	at org.junit.internal.runners.statements.RunBefores.evaluate(RunBefores.java:28)
	at org.junit.internal.runners.statements.RunAfters.evaluate(RunAfters.java:30)
	at org.junit.runners.ParentRunner.runLeaf(ParentRunner.java:263)
	at org.junit.runners.BlockJUnit4ClassRunner.runChild(BlockJUnit4ClassRunner.java:68)
	at org.junit.runners.BlockJUnit4ClassRunner.runChild(BlockJUnit4ClassRunner.java:47)
	at org.junit.runners.ParentRunner$3.run(ParentRunner.java:231)
	at org.junit.runners.ParentRunner$1.schedule(ParentRunner.java:60)
	at org.junit.runners.ParentRunner.runChildren(ParentRunner.java:229)
	at org.junit.runners.ParentRunner.access$000(ParentRunner.java:50)
	at org.junit.runners.ParentRunner$2.evaluate(ParentRunner.java:222)
	at org.junit.internal.runners.statements.RunBefores.evaluate(RunBefores.java:28)
	at org.junit.internal.runners.statements.RunAfters.evaluate(RunAfters.java:30)
	at org.junit.runners.ParentRunner.run(ParentRunner.java:300)
	at junit.framework.JUnit4TestAdapter.run(JUnit4TestAdapter.java:39)
	at org.apache.tools.ant.taskdefs.optional.junit.JUnitTestRunner.run(JUnitTestRunner.java:523)
	at org.apache.tools.ant.taskdefs.optional.junit.JUnitTestRunner.launch(JUnitTestRunner.java:1063)
	at org.apache.tools.ant.taskdefs.optional.junit.JUnitTestRunner.main(JUnitTestRunner.java:914)
Caused by: java.lang.RuntimeException: IIOP Protocol Manager initialization failed.  Possible cause is that ORB is not available in this container
	at com.sun.ejb.containers.BaseContainer.initializeProtocolManager(BaseContainer.java:833)
	at com.sun.ejb.containers.BaseContainer.<init>(BaseContainer.java:590)
	at com.sun.ejb.containers.StatelessSessionContainer.<init>(StatelessSessionContainer.java:143)
	at com.sun.ejb.containers.StatelessSessionContainer.<init>(StatelessSessionContainer.java:137)
	at com.sun.ejb.containers.StatelessContainerFactory.createContainer(StatelessContainerFactory.java:61)
	at org.glassfish.ejb.startup.EjbApplication.loadContainers(EjbApplication.java:221)
	... 49 more
Caused by: java.lang.RuntimeException: Orb initialization erorr
	at org.glassfish.enterprise.iiop.api.GlassFishORBHelper.getORB(GlassFishORBHelper.java:191)
	at org.glassfish.enterprise.iiop.api.GlassFishORBHelper.getProtocolManager(GlassFishORBHelper.java:231)
	at com.sun.ejb.containers.BaseContainer.initializeProtocolManager(BaseContainer.java:830)
	... 54 more
Caused by: java.lang.RuntimeException: org.omg.CORBA.OBJ_ADAPTER: Avvertenza: 02310002: Error in connecting servant to ORB  vmcid: OMG  minor code: 2  completed: No
	at org.glassfish.enterprise.iiop.impl.GlassFishORBManager.initORB(GlassFishORBManager.java:626)
	at org.glassfish.enterprise.iiop.impl.GlassFishORBManager.getORB(GlassFishORBManager.java:264)
	at org.glassfish.enterprise.iiop.impl.GlassFishORBFactoryImpl.createORB(GlassFishORBFactoryImpl.java:93)
	at org.glassfish.enterprise.iiop.api.GlassFishORBHelper.getORB(GlassFishORBHelper.java:163)
	... 56 more
Caused by: org.omg.CORBA.OBJ_ADAPTER: Avvertenza: 02310002: Error in connecting servant to ORB  vmcid: OMG  minor code: 2  completed: No
	at com.sun.proxy.$Proxy175.orbConnectError(Unknown Source)
	at com.sun.corba.ee.impl.orb.ORBImpl.connect(ORBImpl.java:1692)
	at com.sun.corba.ee.spi.presentation.rmi.StubAdapter.connect(StubAdapter.java:216)
	at com.sun.corba.ee.impl.orb.ORBImpl.getIOR(ORBImpl.java:2082)
	at com.sun.corba.ee.impl.orb.ORBImpl.getFVDCodeBaseIOR(ORBImpl.java:981)
	at com.sun.corba.ee.impl.protocol.ClientRequestDispatcherImpl.addServiceContexts(ClientRequestDispatcherImpl.java:822)
	at com.sun.corba.ee.impl.protocol.ClientRequestDispatcherImpl.beginRequest(ClientRequestDispatcherImpl.java:293)
	at com.sun.corba.ee.impl.protocol.ClientDelegateImpl.request(ClientDelegateImpl.java:227)
	at com.sun.corba.ee.impl.resolver.BootstrapResolverImpl.invoke(BootstrapResolverImpl.java:112)
	at com.sun.corba.ee.impl.resolver.BootstrapResolverImpl.resolve(BootstrapResolverImpl.java:145)
	at com.sun.corba.ee.impl.resolver.CompositeResolverImpl.resolve(CompositeResolverImpl.java:61)
	at com.sun.corba.ee.impl.resolver.CompositeResolverImpl.resolve(CompositeResolverImpl.java:61)
	at com.sun.corba.ee.impl.resolver.CompositeResolverImpl.resolve(CompositeResolverImpl.java:61)
	at com.sun.corba.ee.impl.orb.ORBImpl.resolve_initial_references(ORBImpl.java:1259)
	at org.glassfish.enterprise.iiop.impl.GlassFishORBManager.initORB(GlassFishORBManager.java:590)
	... 59 more
Caused by: org.omg.CORBA.COMM_FAILURE: Grave: 00410016: Unable to create IIOP listener on the specified host all interfaces and port 3.700  vmcid: OMG  minor code: 16  completed: No
	at com.sun.proxy.$Proxy175.createListenerFailed(Unknown Source)
	at com.sun.corba.ee.impl.transport.AcceptorImpl.initialize(AcceptorImpl.java:98)
	at com.sun.corba.ee.impl.transport.TransportManagerImpl.getAcceptors(TransportManagerImpl.java:232)
	at com.sun.corba.ee.impl.transport.TransportManagerImpl.addToIORTemplate(TransportManagerImpl.java:251)
	at com.sun.corba.ee.spi.oa.ObjectAdapterBase.initializeTemplate(ObjectAdapterBase.java:103)
	at com.sun.corba.ee.impl.oa.toa.TOAImpl.<init>(TOAImpl.java:133)
	at com.sun.corba.ee.impl.oa.toa.TOAFactory.getTOA(TOAFactory.java:118)
	at com.sun.corba.ee.impl.orb.ORBImpl.connect(ORBImpl.java:1690)
	... 72 more
Caused by: java.net.BindException: Address already in use
	at sun.nio.ch.Net.bind0(Native Method)
	at sun.nio.ch.Net.bind(Net.java:444)
	at sun.nio.ch.Net.bind(Net.java:436)
	at sun.nio.ch.ServerSocketChannelImpl.bind(ServerSocketChannelImpl.java:214)
	at sun.nio.ch.ServerSocketAdaptor.bind(ServerSocketAdaptor.java:74)
	at sun.nio.ch.ServerSocketAdaptor.bind(ServerSocketAdaptor.java:67)
	at org.glassfish.enterprise.iiop.impl.IIOPSSLSocketFactory.createServerSocket(IIOPSSLSocketFactory.java:297)
	at com.sun.corba.ee.impl.transport.AcceptorImpl.initialize(AcceptorImpl.java:91)
	... 78 more

mag 14, 2014 11:12:10 AM com.sun.enterprise.v3.server.ApplicationLifecycle deploy
Grave: Exception during lifecycle processing
java.lang.RuntimeException: EJB Container initialization error
	at org.glassfish.ejb.startup.EjbApplication.loadContainers(EjbApplication.java:234)
	at org.glassfish.ejb.startup.EjbDeployer.load(EjbDeployer.java:291)
	at org.glassfish.ejb.startup.EjbDeployer.load(EjbDeployer.java:99)
	at org.glassfish.internal.data.ModuleInfo.load(ModuleInfo.java:206)
	at org.glassfish.internal.data.ApplicationInfo.load(ApplicationInfo.java:313)
	at com.sun.enterprise.v3.server.ApplicationLifecycle.deploy(ApplicationLifecycle.java:493)
	at com.sun.enterprise.v3.server.ApplicationLifecycle.deploy(ApplicationLifecycle.java:219)
	at org.glassfish.deployment.admin.DeployCommand.execute(DeployCommand.java:491)
	at com.sun.enterprise.v3.admin.CommandRunnerImpl$2$1.run(CommandRunnerImpl.java:527)
	at com.sun.enterprise.v3.admin.CommandRunnerImpl$2$1.run(CommandRunnerImpl.java:523)
	at java.security.AccessController.doPrivileged(Native Method)
	at javax.security.auth.Subject.doAs(Subject.java:356)
	at com.sun.enterprise.v3.admin.CommandRunnerImpl$2.execute(CommandRunnerImpl.java:522)
	at com.sun.enterprise.v3.admin.CommandRunnerImpl.doCommand(CommandRunnerImpl.java:546)
	at com.sun.enterprise.v3.admin.CommandRunnerImpl.doCommand(CommandRunnerImpl.java:1423)
	at com.sun.enterprise.v3.admin.CommandRunnerImpl.access$1500(CommandRunnerImpl.java:108)
	at com.sun.enterprise.v3.admin.CommandRunnerImpl$ExecutionContext.execute(CommandRunnerImpl.java:1762)
	at com.sun.enterprise.v3.admin.CommandRunnerImpl$ExecutionContext.execute(CommandRunnerImpl.java:1674)
	at com.sun.enterprise.admin.cli.embeddable.DeployerImpl.deploy(DeployerImpl.java:133)
	at com.sun.enterprise.admin.cli.embeddable.DeployerImpl.deploy(DeployerImpl.java:109)
	at org.glassfish.ejb.embedded.EJBContainerImpl.deploy(EJBContainerImpl.java:138)
	at org.glassfish.ejb.embedded.EJBContainerProviderImpl.createEJBContainer(EJBContainerProviderImpl.java:134)
	at javax.ejb.embeddable.EJBContainer.createEJBContainer(EJBContainer.java:127)
	at javax.ejb.embeddable.EJBContainer.createEJBContainer(EJBContainer.java:102)
	at GestoreAccountRemoto.GestoreAccountRemotoTest.testGetResult(GestoreAccountRemotoTest.java:49)
	at sun.reflect.NativeMethodAccessorImpl.invoke0(Native Method)
	at sun.reflect.NativeMethodAccessorImpl.invoke(NativeMethodAccessorImpl.java:57)
	at sun.reflect.DelegatingMethodAccessorImpl.invoke(DelegatingMethodAccessorImpl.java:43)
	at java.lang.reflect.Method.invoke(Method.java:606)
	at org.junit.runners.model.FrameworkMethod$1.runReflectiveCall(FrameworkMethod.java:45)
	at org.junit.internal.runners.model.ReflectiveCallable.run(ReflectiveCallable.java:15)
	at org.junit.runners.model.FrameworkMethod.invokeExplosively(FrameworkMethod.java:42)
	at org.junit.internal.runners.statements.InvokeMethod.evaluate(InvokeMethod.java:20)
	at org.junit.internal.runners.statements.RunBefores.evaluate(RunBefores.java:28)
	at org.junit.internal.runners.statements.RunAfters.evaluate(RunAfters.java:30)
	at org.junit.runners.ParentRunner.runLeaf(ParentRunner.java:263)
	at org.junit.runners.BlockJUnit4ClassRunner.runChild(BlockJUnit4ClassRunner.java:68)
	at org.junit.runners.BlockJUnit4ClassRunner.runChild(BlockJUnit4ClassRunner.java:47)
	at org.junit.runners.ParentRunner$3.run(ParentRunner.java:231)
	at org.junit.runners.ParentRunner$1.schedule(ParentRunner.java:60)
	at org.junit.runners.ParentRunner.runChildren(ParentRunner.java:229)
	at org.junit.runners.ParentRunner.access$000(ParentRunner.java:50)
	at org.junit.runners.ParentRunner$2.evaluate(ParentRunner.java:222)
	at org.junit.internal.runners.statements.RunBefores.evaluate(RunBefores.java:28)
	at org.junit.internal.runners.statements.RunAfters.evaluate(RunAfters.java:30)
	at org.junit.runners.ParentRunner.run(ParentRunner.java:300)
	at junit.framework.JUnit4TestAdapter.run(JUnit4TestAdapter.java:39)
	at org.apache.tools.ant.taskdefs.optional.junit.JUnitTestRunner.run(JUnitTestRunner.java:523)
	at org.apache.tools.ant.taskdefs.optional.junit.JUnitTestRunner.launch(JUnitTestRunner.java:1063)
	at org.apache.tools.ant.taskdefs.optional.junit.JUnitTestRunner.main(JUnitTestRunner.java:914)
Caused by: java.lang.RuntimeException: IIOP Protocol Manager initialization failed.  Possible cause is that ORB is not available in this container
	at com.sun.ejb.containers.BaseContainer.initializeProtocolManager(BaseContainer.java:833)
	at com.sun.ejb.containers.BaseContainer.<init>(BaseContainer.java:590)
	at com.sun.ejb.containers.StatelessSessionContainer.<init>(StatelessSessionContainer.java:143)
	at com.sun.ejb.containers.StatelessSessionContainer.<init>(StatelessSessionContainer.java:137)
	at com.sun.ejb.containers.StatelessContainerFactory.createContainer(StatelessContainerFactory.java:61)
	at org.glassfish.ejb.startup.EjbApplication.loadContainers(EjbApplication.java:221)
	... 49 more
Caused by: java.lang.RuntimeException: Orb initialization erorr
	at org.glassfish.enterprise.iiop.api.GlassFishORBHelper.getORB(GlassFishORBHelper.java:191)
	at org.glassfish.enterprise.iiop.api.GlassFishORBHelper.getProtocolManager(GlassFishORBHelper.java:231)
	at com.sun.ejb.containers.BaseContainer.initializeProtocolManager(BaseContainer.java:830)
	... 54 more
Caused by: java.lang.RuntimeException: org.omg.CORBA.OBJ_ADAPTER: Avvertenza: 02310002: Error in connecting servant to ORB  vmcid: OMG  minor code: 2  completed: No
	at org.glassfish.enterprise.iiop.impl.GlassFishORBManager.initORB(GlassFishORBManager.java:626)
	at org.glassfish.enterprise.iiop.impl.GlassFishORBManager.getORB(GlassFishORBManager.java:264)
	at org.glassfish.enterprise.iiop.impl.GlassFishORBFactoryImpl.createORB(GlassFishORBFactoryImpl.java:93)
	at org.glassfish.enterprise.iiop.api.GlassFishORBHelper.getORB(GlassFishORBHelper.java:163)
	... 56 more
Caused by: org.omg.CORBA.OBJ_ADAPTER: Avvertenza: 02310002: Error in connecting servant to ORB  vmcid: OMG  minor code: 2  completed: No
	at com.sun.proxy.$Proxy175.orbConnectError(Unknown Source)
	at com.sun.corba.ee.impl.orb.ORBImpl.connect(ORBImpl.java:1692)
	at com.sun.corba.ee.spi.presentation.rmi.StubAdapter.connect(StubAdapter.java:216)
	at com.sun.corba.ee.impl.orb.ORBImpl.getIOR(ORBImpl.java:2082)
	at com.sun.corba.ee.impl.orb.ORBImpl.getFVDCodeBaseIOR(ORBImpl.java:981)
	at com.sun.corba.ee.impl.protocol.ClientRequestDispatcherImpl.addServiceContexts(ClientRequestDispatcherImpl.java:822)
	at com.sun.corba.ee.impl.protocol.ClientRequestDispatcherImpl.beginRequest(ClientRequestDispatcherImpl.java:293)
	at com.sun.corba.ee.impl.protocol.ClientDelegateImpl.request(ClientDelegateImpl.java:227)
	at com.sun.corba.ee.impl.resolver.BootstrapResolverImpl.invoke(BootstrapResolverImpl.java:112)
	at com.sun.corba.ee.impl.resolver.BootstrapResolverImpl.resolve(BootstrapResolverImpl.java:145)
	at com.sun.corba.ee.impl.resolver.CompositeResolverImpl.resolve(CompositeResolverImpl.java:61)
	at com.sun.corba.ee.impl.resolver.CompositeResolverImpl.resolve(CompositeResolverImpl.java:61)
	at com.sun.corba.ee.impl.resolver.CompositeResolverImpl.resolve(CompositeResolverImpl.java:61)
	at com.sun.corba.ee.impl.orb.ORBImpl.resolve_initial_references(ORBImpl.java:1259)
	at org.glassfish.enterprise.iiop.impl.GlassFishORBManager.initORB(GlassFishORBManager.java:590)
	... 59 more
Caused by: org.omg.CORBA.COMM_FAILURE: Grave: 00410016: Unable to create IIOP listener on the specified host all interfaces and port 3.700  vmcid: OMG  minor code: 16  completed: No
	at com.sun.proxy.$Proxy175.createListenerFailed(Unknown Source)
	at com.sun.corba.ee.impl.transport.AcceptorImpl.initialize(AcceptorImpl.java:98)
	at com.sun.corba.ee.impl.transport.TransportManagerImpl.getAcceptors(TransportManagerImpl.java:232)
	at com.sun.corba.ee.impl.transport.TransportManagerImpl.addToIORTemplate(TransportManagerImpl.java:251)
	at com.sun.corba.ee.spi.oa.ObjectAdapterBase.initializeTemplate(ObjectAdapterBase.java:103)
	at com.sun.corba.ee.impl.oa.toa.TOAImpl.<init>(TOAImpl.java:133)
	at com.sun.corba.ee.impl.oa.toa.TOAFactory.getTOA(TOAFactory.java:118)
	at com.sun.corba.ee.impl.orb.ORBImpl.connect(ORBImpl.java:1690)
	... 72 more
Caused by: java.net.BindException: Address already in use
	at sun.nio.ch.Net.bind0(Native Method)
	at sun.nio.ch.Net.bind(Net.java:444)
	at sun.nio.ch.Net.bind(Net.java:436)
	at sun.nio.ch.ServerSocketChannelImpl.bind(ServerSocketChannelImpl.java:214)
	at sun.nio.ch.ServerSocketAdaptor.bind(ServerSocketAdaptor.java:74)
	at sun.nio.ch.ServerSocketAdaptor.bind(ServerSocketAdaptor.java:67)
	at org.glassfish.enterprise.iiop.impl.IIOPSSLSocketFactory.createServerSocket(IIOPSSLSocketFactory.java:297)
	at com.sun.corba.ee.impl.transport.AcceptorImpl.initialize(AcceptorImpl.java:91)
	... 78 more

mag 14, 2014 11:12:10 AM org.glassfish.api.ActionReport failure
Grave: Exception while loading the app
mag 14, 2014 11:12:10 AM org.glassfish.deployment.admin.DeployCommand execute
Grave: Exception while loading the app : EJB Container initialization error
java.lang.RuntimeException: IIOP Protocol Manager initialization failed.  Possible cause is that ORB is not available in this container
	at com.sun.ejb.containers.BaseContainer.initializeProtocolManager(BaseContainer.java:833)
	at com.sun.ejb.containers.BaseContainer.<init>(BaseContainer.java:590)
	at com.sun.ejb.containers.StatelessSessionContainer.<init>(StatelessSessionContainer.java:143)
	at com.sun.ejb.containers.StatelessSessionContainer.<init>(StatelessSessionContainer.java:137)
	at com.sun.ejb.containers.StatelessContainerFactory.createContainer(StatelessContainerFactory.java:61)
	at org.glassfish.ejb.startup.EjbApplication.loadContainers(EjbApplication.java:221)
	at org.glassfish.ejb.startup.EjbDeployer.load(EjbDeployer.java:291)
	at org.glassfish.ejb.startup.EjbDeployer.load(EjbDeployer.java:99)
	at org.glassfish.internal.data.ModuleInfo.load(ModuleInfo.java:206)
	at org.glassfish.internal.data.ApplicationInfo.load(ApplicationInfo.java:313)
	at com.sun.enterprise.v3.server.ApplicationLifecycle.deploy(ApplicationLifecycle.java:493)
	at com.sun.enterprise.v3.server.ApplicationLifecycle.deploy(ApplicationLifecycle.java:219)
	at org.glassfish.deployment.admin.DeployCommand.execute(DeployCommand.java:491)
	at com.sun.enterprise.v3.admin.CommandRunnerImpl$2$1.run(CommandRunnerImpl.java:527)
	at com.sun.enterprise.v3.admin.CommandRunnerImpl$2$1.run(CommandRunnerImpl.java:523)
	at java.security.AccessController.doPrivileged(Native Method)
	at javax.security.auth.Subject.doAs(Subject.java:356)
	at com.sun.enterprise.v3.admin.CommandRunnerImpl$2.execute(CommandRunnerImpl.java:522)
	at com.sun.enterprise.v3.admin.CommandRunnerImpl.doCommand(CommandRunnerImpl.java:546)
	at com.sun.enterprise.v3.admin.CommandRunnerImpl.doCommand(CommandRunnerImpl.java:1423)
	at com.sun.enterprise.v3.admin.CommandRunnerImpl.access$1500(CommandRunnerImpl.java:108)
	at com.sun.enterprise.v3.admin.CommandRunnerImpl$ExecutionContext.execute(CommandRunnerImpl.java:1762)
	at com.sun.enterprise.v3.admin.CommandRunnerImpl$ExecutionContext.execute(CommandRunnerImpl.java:1674)
	at com.sun.enterprise.admin.cli.embeddable.DeployerImpl.deploy(DeployerImpl.java:133)
	at com.sun.enterprise.admin.cli.embeddable.DeployerImpl.deploy(DeployerImpl.java:109)
	at org.glassfish.ejb.embedded.EJBContainerImpl.deploy(EJBContainerImpl.java:138)
	at org.glassfish.ejb.embedded.EJBContainerProviderImpl.createEJBContainer(EJBContainerProviderImpl.java:134)
	at javax.ejb.embeddable.EJBContainer.createEJBContainer(EJBContainer.java:127)
	at javax.ejb.embeddable.EJBContainer.createEJBContainer(EJBContainer.java:102)
	at GestoreAccountRemoto.GestoreAccountRemotoTest.testGetResult(GestoreAccountRemotoTest.java:49)
	at sun.reflect.NativeMethodAccessorImpl.invoke0(Native Method)
	at sun.reflect.NativeMethodAccessorImpl.invoke(NativeMethodAccessorImpl.java:57)
	at sun.reflect.DelegatingMethodAccessorImpl.invoke(DelegatingMethodAccessorImpl.java:43)
	at java.lang.reflect.Method.invoke(Method.java:606)
	at org.junit.runners.model.FrameworkMethod$1.runReflectiveCall(FrameworkMethod.java:45)
	at org.junit.internal.runners.model.ReflectiveCallable.run(ReflectiveCallable.java:15)
	at org.junit.runners.model.FrameworkMethod.invokeExplosively(FrameworkMethod.java:42)
	at org.junit.internal.runners.statements.InvokeMethod.evaluate(InvokeMethod.java:20)
	at org.junit.internal.runners.statements.RunBefores.evaluate(RunBefores.java:28)
	at org.junit.internal.runners.statements.RunAfters.evaluate(RunAfters.java:30)
	at org.junit.runners.ParentRunner.runLeaf(ParentRunner.java:263)
	at org.junit.runners.BlockJUnit4ClassRunner.runChild(BlockJUnit4ClassRunner.java:68)
	at org.junit.runners.BlockJUnit4ClassRunner.runChild(BlockJUnit4ClassRunner.java:47)
	at org.junit.runners.ParentRunner$3.run(ParentRunner.java:231)
	at org.junit.runners.ParentRunner$1.schedule(ParentRunner.java:60)
	at org.junit.runners.ParentRunner.runChildren(ParentRunner.java:229)
	at org.junit.runners.ParentRunner.access$000(ParentRunner.java:50)
	at org.junit.runners.ParentRunner$2.evaluate(ParentRunner.java:222)
	at org.junit.internal.runners.statements.RunBefores.evaluate(RunBefores.java:28)
	at org.junit.internal.runners.statements.RunAfters.evaluate(RunAfters.java:30)
	at org.junit.runners.ParentRunner.run(ParentRunner.java:300)
	at junit.framework.JUnit4TestAdapter.run(JUnit4TestAdapter.java:39)
	at org.apache.tools.ant.taskdefs.optional.junit.JUnitTestRunner.run(JUnitTestRunner.java:523)
	at org.apache.tools.ant.taskdefs.optional.junit.JUnitTestRunner.launch(JUnitTestRunner.java:1063)
	at org.apache.tools.ant.taskdefs.optional.junit.JUnitTestRunner.main(JUnitTestRunner.java:914)
Caused by: java.lang.RuntimeException: Orb initialization erorr
	at org.glassfish.enterprise.iiop.api.GlassFishORBHelper.getORB(GlassFishORBHelper.java:191)
	at org.glassfish.enterprise.iiop.api.GlassFishORBHelper.getProtocolManager(GlassFishORBHelper.java:231)
	at com.sun.ejb.containers.BaseContainer.initializeProtocolManager(BaseContainer.java:830)
	... 54 more
Caused by: java.lang.RuntimeException: org.omg.CORBA.OBJ_ADAPTER: Avvertenza: 02310002: Error in connecting servant to ORB  vmcid: OMG  minor code: 2  completed: No
	at org.glassfish.enterprise.iiop.impl.GlassFishORBManager.initORB(GlassFishORBManager.java:626)
	at org.glassfish.enterprise.iiop.impl.GlassFishORBManager.getORB(GlassFishORBManager.java:264)
	at org.glassfish.enterprise.iiop.impl.GlassFishORBFactoryImpl.createORB(GlassFishORBFactoryImpl.java:93)
	at org.glassfish.enterprise.iiop.api.GlassFishORBHelper.getORB(GlassFishORBHelper.java:163)
	... 56 more
Caused by: org.omg.CORBA.OBJ_ADAPTER: Avvertenza: 02310002: Error in connecting servant to ORB  vmcid: OMG  minor code: 2  completed: No
	at com.sun.proxy.$Proxy175.orbConnectError(Unknown Source)
	at com.sun.corba.ee.impl.orb.ORBImpl.connect(ORBImpl.java:1692)
	at com.sun.corba.ee.spi.presentation.rmi.StubAdapter.connect(StubAdapter.java:216)
	at com.sun.corba.ee.impl.orb.ORBImpl.getIOR(ORBImpl.java:2082)
	at com.sun.corba.ee.impl.orb.ORBImpl.getFVDCodeBaseIOR(ORBImpl.java:981)
	at com.sun.corba.ee.impl.protocol.ClientRequestDispatcherImpl.addServiceContexts(ClientRequestDispatcherImpl.java:822)
	at com.sun.corba.ee.impl.protocol.ClientRequestDispatcherImpl.beginRequest(ClientRequestDispatcherImpl.java:293)
	at com.sun.corba.ee.impl.protocol.ClientDelegateImpl.request(ClientDelegateImpl.java:227)
	at com.sun.corba.ee.impl.resolver.BootstrapResolverImpl.invoke(BootstrapResolverImpl.java:112)
	at com.sun.corba.ee.impl.resolver.BootstrapResolverImpl.resolve(BootstrapResolverImpl.java:145)
	at com.sun.corba.ee.impl.resolver.CompositeResolverImpl.resolve(CompositeResolverImpl.java:61)
	at com.sun.corba.ee.impl.resolver.CompositeResolverImpl.resolve(CompositeResolverImpl.java:61)
	at com.sun.corba.ee.impl.resolver.CompositeResolverImpl.resolve(CompositeResolverImpl.java:61)
	at com.sun.corba.ee.impl.orb.ORBImpl.resolve_initial_references(ORBImpl.java:1259)
	at org.glassfish.enterprise.iiop.impl.GlassFishORBManager.initORB(GlassFishORBManager.java:590)
	... 59 more
Caused by: org.omg.CORBA.COMM_FAILURE: Grave: 00410016: Unable to create IIOP listener on the specified host all interfaces and port 3.700  vmcid: OMG  minor code: 16  completed: No
	at com.sun.proxy.$Proxy175.createListenerFailed(Unknown Source)
	at com.sun.corba.ee.impl.transport.AcceptorImpl.initialize(AcceptorImpl.java:98)
	at com.sun.corba.ee.impl.transport.TransportManagerImpl.getAcceptors(TransportManagerImpl.java:232)
	at com.sun.corba.ee.impl.transport.TransportManagerImpl.addToIORTemplate(TransportManagerImpl.java:251)
	at com.sun.corba.ee.spi.oa.ObjectAdapterBase.initializeTemplate(ObjectAdapterBase.java:103)
	at com.sun.corba.ee.impl.oa.toa.TOAImpl.<init>(TOAImpl.java:133)
	at com.sun.corba.ee.impl.oa.toa.TOAFactory.getTOA(TOAFactory.java:118)
	at com.sun.corba.ee.impl.orb.ORBImpl.connect(ORBImpl.java:1690)
	... 72 more
Caused by: java.net.BindException: Address already in use
	at sun.nio.ch.Net.bind0(Native Method)
	at sun.nio.ch.Net.bind(Net.java:444)
	at sun.nio.ch.Net.bind(Net.java:436)
	at sun.nio.ch.ServerSocketChannelImpl.bind(ServerSocketChannelImpl.java:214)
	at sun.nio.ch.ServerSocketAdaptor.bind(ServerSocketAdaptor.java:74)
	at sun.nio.ch.ServerSocketAdaptor.bind(ServerSocketAdaptor.java:67)
	at org.glassfish.enterprise.iiop.impl.IIOPSSLSocketFactory.createServerSocket(IIOPSSLSocketFactory.java:297)
	at com.sun.corba.ee.impl.transport.AcceptorImpl.initialize(AcceptorImpl.java:91)
	... 78 more

mag 14, 2014 11:12:10 AM org.glassfish.ejb.embedded.EJBContainerProviderImpl createEJBContainer
Informazioni: [EJBContainerProviderImpl] Cleaning up on failure ...
mag 14, 2014 11:12:10 AM org.glassfish.admin.mbeanserver.JMXStartupService shutdown
Informazioni: JMXStartupService and JMXConnectors have been shut down.
mag 14, 2014 11:12:10 AM org.glassfish.admin.mbeanserver.JMXStartupService shutdown
Informazioni: JMXStartupService and JMXConnectors have been shut down.
mag 14, 2014 11:12:10 AM com.sun.enterprise.v3.server.AppServerStartup stop
Informazioni: Shutdown procedure finished
mag 14, 2014 11:12:11 AM org.glassfish.ejb.embedded.EJBContainerProviderImpl createContainer
Informazioni: [EJBContainerProviderImpl] Using installation location /Applications/NetBeans/glassfish-4.0/glassfish
mag 14, 2014 11:12:11 AM org.glassfish.ejb.embedded.EJBContainerProviderImpl createContainer
Informazioni: [EJBContainerProviderImpl] Using config file location: file:/var/folders/91/_96jrfg142941qywygtds82w0000gn/T/domain4064048067613041731xml
mag 14, 2014 11:12:11 AM org.glassfish.ejb.embedded.EJBContainerProviderImpl createContainer
Informazioni: [EJBContainerProviderImpl] Using runtime class: class com.sun.enterprise.glassfish.bootstrap.StaticGlassFishRuntime
mag 14, 2014 11:12:11 AM org.glassfish.ha.store.spi.BackingStoreFactoryRegistry register
Informazioni: Registered org.glassfish.ha.store.adapter.cache.ShoalBackingStoreProxy for persistence-type = replicated in BackingStoreFactoryRegistry
mag 14, 2014 11:12:11 AM com.sun.enterprise.v3.server.AppServerStartup postStartupJob
Informazioni: GlassFish Server Open Source Edition  4.0  (89) startup time : Embedded (225ms), startup services(62ms), total(287ms)
mag 14, 2014 11:12:11 AM org.glassfish.security.services.impl.authorization.AuthorizationServiceImpl initialize
Informazioni: Authorization Service has successfully initialized.
mag 14, 2014 11:12:11 AM org.glassfish.jersey.server.ApplicationHandler initialize
Informazioni: Initiating Jersey application, version Jersey: 2.0 2013-05-03 14:50:15...
mag 14, 2014 11:12:11 AM org.glassfish.admin.mbeanserver.JMXStartupService$JMXConnectorsStarterThread run
Informazioni: JMXStartupService has disabled JMXConnector system
mag 14, 2014 11:12:12 AM org.glassfish.admin.mbeanserver.JMXStartupService shutdown
Informazioni: JMXStartupService and JMXConnectors have been shut down.
mag 14, 2014 11:12:12 AM com.sun.enterprise.v3.server.AppServerStartup stop
Informazioni: Shutdown procedure finished
mag 14, 2014 11:12:12 AM org.glassfish.ha.store.spi.BackingStoreFactoryRegistry register
Informazioni: Registered org.glassfish.ha.store.adapter.cache.ShoalBackingStoreProxy for persistence-type = replicated in BackingStoreFactoryRegistry
mag 14, 2014 11:12:12 AM com.sun.enterprise.v3.server.AppServerStartup postStartupJob
Informazioni: GlassFish Server Open Source Edition  4.0  (89) startup time : Embedded (981ms), startup services(14ms), total(995ms)
mag 14, 2014 11:12:12 AM org.glassfish.admin.mbeanserver.JMXStartupService$JMXConnectorsStarterThread run
Informazioni: JMXStartupService has disabled JMXConnector system
mag 14, 2014 11:12:12 AM org.glassfish.jersey.server.ApplicationHandler initialize
Informazioni: Initiating Jersey application, version Jersey: 2.0 2013-05-03 14:50:15...
mag 14, 2014 11:12:12 AM org.glassfish.ejb.embedded.EJBContainerProviderImpl skipJar
Informazioni: ... skipping entry with a Manifest file with a special attribute: org.eclipse.persistence.jpa.jpql_2.5.1.v20130918-f2b9fc5.jar
mag 14, 2014 11:12:12 AM org.glassfish.ejb.embedded.EJBContainerProviderImpl skipJar
Informazioni: ... skipping entry with a Manifest file with a special attribute: webservices-api-osgi.jar
mag 14, 2014 11:12:12 AM org.glassfish.ejb.embedded.EJBContainerProviderImpl skipJar
Informazioni: ... skipping module: bean-validator.jar
mag 14, 2014 11:12:12 AM org.glassfish.ejb.embedded.EJBContainerProviderImpl skipJar
Informazioni: ... skipping module: javax.batch-api.jar
mag 14, 2014 11:12:12 AM org.glassfish.ejb.embedded.EJBContainerProviderImpl skipJar
Informazioni: ... skipping module: javax.ejb-api.jar
mag 14, 2014 11:12:12 AM org.glassfish.ejb.embedded.EJBContainerProviderImpl skipJar
Informazioni: ... skipping module: javax.el.jar
mag 14, 2014 11:12:12 AM org.glassfish.ejb.embedded.EJBContainerProviderImpl skipJar
Informazioni: ... skipping module: javax.enterprise.concurrent-api.jar
mag 14, 2014 11:12:12 AM org.glassfish.ejb.embedded.EJBContainerProviderImpl skipJar
Informazioni: ... skipping module: javax.enterprise.concurrent.jar
mag 14, 2014 11:12:12 AM org.glassfish.ejb.embedded.EJBContainerProviderImpl skipJar
Informazioni: ... skipping module: javax.enterprise.deploy-api.jar
mag 14, 2014 11:12:12 AM org.glassfish.ejb.embedded.EJBContainerProviderImpl skipJar
Informazioni: ... skipping module: javax.faces.jar
mag 14, 2014 11:12:12 AM org.glassfish.ejb.embedded.EJBContainerProviderImpl skipJar
Informazioni: ... skipping module: javax.inject.jar
mag 14, 2014 11:12:12 AM org.glassfish.ejb.embedded.EJBContainerProviderImpl skipJar
Informazioni: ... skipping module: javax.interceptor-api.jar
mag 14, 2014 11:12:12 AM org.glassfish.ejb.embedded.EJBContainerProviderImpl skipJar
Informazioni: ... skipping module: javax.jms-api.jar
mag 14, 2014 11:12:12 AM org.glassfish.ejb.embedded.EJBContainerProviderImpl skipJar
Informazioni: ... skipping module: javax.json.jar
mag 14, 2014 11:12:12 AM org.glassfish.ejb.embedded.EJBContainerProviderImpl skipJar
Informazioni: ... skipping module: javax.mail.jar
mag 14, 2014 11:12:12 AM org.glassfish.ejb.embedded.EJBContainerProviderImpl skipJar
Informazioni: ... skipping module: javax.management.j2ee-api.jar
mag 14, 2014 11:12:12 AM org.glassfish.ejb.embedded.EJBContainerProviderImpl skipJar
Informazioni: ... skipping module: javax.persistence.jar
mag 14, 2014 11:12:12 AM org.glassfish.ejb.embedded.EJBContainerProviderImpl skipJar
Informazioni: ... skipping module: javax.resource-api.jar
mag 14, 2014 11:12:12 AM org.glassfish.ejb.embedded.EJBContainerProviderImpl skipJar
Informazioni: ... skipping module: javax.security.auth.message-api.jar
mag 14, 2014 11:12:12 AM org.glassfish.ejb.embedded.EJBContainerProviderImpl skipJar
Informazioni: ... skipping module: javax.security.jacc-api.jar
mag 14, 2014 11:12:12 AM org.glassfish.ejb.embedded.EJBContainerProviderImpl skipJar
Informazioni: ... skipping module: javax.servlet-api.jar
mag 14, 2014 11:12:12 AM org.glassfish.ejb.embedded.EJBContainerProviderImpl skipJar
Informazioni: ... skipping module: javax.servlet.jsp-api.jar
mag 14, 2014 11:12:12 AM org.glassfish.ejb.embedded.EJBContainerProviderImpl skipJar
Informazioni: ... skipping module: javax.servlet.jsp.jar
mag 14, 2014 11:12:12 AM org.glassfish.ejb.embedded.EJBContainerProviderImpl skipJar
Informazioni: ... skipping module: javax.servlet.jsp.jstl-api.jar
mag 14, 2014 11:12:12 AM org.glassfish.ejb.embedded.EJBContainerProviderImpl skipJar
Informazioni: ... skipping module: javax.servlet.jsp.jstl.jar
mag 14, 2014 11:12:12 AM org.glassfish.ejb.embedded.EJBContainerProviderImpl skipJar
Informazioni: ... skipping module: javax.transaction-api.jar
mag 14, 2014 11:12:12 AM org.glassfish.ejb.embedded.EJBContainerProviderImpl skipJar
Informazioni: ... skipping module: javax.websocket-api.jar
mag 14, 2014 11:12:12 AM org.glassfish.ejb.embedded.EJBContainerProviderImpl skipJar
Informazioni: ... skipping module: javax.ws.rs-api.jar
mag 14, 2014 11:12:12 AM org.glassfish.ejb.embedded.EJBContainerProviderImpl skipJar
Informazioni: ... skipping module: javax.xml.registry-api.jar
mag 14, 2014 11:12:12 AM org.glassfish.ejb.embedded.EJBContainerProviderImpl skipJar
Informazioni: ... skipping module: javax.xml.rpc-api.jar
mag 14, 2014 11:12:12 AM org.glassfish.ejb.embedded.EJBContainerProviderImpl skipJar
Informazioni: ... skipping module: jaxb-osgi.jar
mag 14, 2014 11:12:12 AM org.glassfish.ejb.embedded.EJBContainerProviderImpl skipJar
Informazioni: ... skipping module: webservices-osgi.jar
mag 14, 2014 11:12:12 AM org.glassfish.ejb.embedded.EJBContainerProviderImpl skipJar
Informazioni: ... skipping module: weld-osgi-bundle.jar
mag 14, 2014 11:12:12 AM org.glassfish.ejb.embedded.EJBContainerProviderImpl skipJar
Informazioni: ... skipping entry with a Manifest file with a special attribute: glassfish-embedded-static-shell.jar
mag 14, 2014 11:12:12 AM org.glassfish.ejb.embedded.DeploymentElement getOrCreateApplication
Informazioni: [DeploymentElement] adding EJB module to ScatteredArchive classes
mag 14, 2014 11:12:12 AM org.glassfish.ejb.embedded.DeploymentElement getOrCreateApplication
Informazioni: [DeploymentElement] adding library to ScatteredArchive javax.ejb-api.jar
mag 14, 2014 11:12:12 AM org.glassfish.ejb.embedded.DeploymentElement getOrCreateApplication
Informazioni: [DeploymentElement] adding library to ScatteredArchive log4j-1.2.17.jar
mag 14, 2014 11:12:12 AM org.glassfish.ejb.embedded.DeploymentElement getOrCreateApplication
Informazioni: [DeploymentElement] adding library to ScatteredArchive slf4j-simple-1.7.7.jar
mag 14, 2014 11:12:12 AM org.glassfish.ejb.embedded.DeploymentElement getOrCreateApplication
Informazioni: [DeploymentElement] adding library to ScatteredArchive commons-collections-3.2.1.jar
mag 14, 2014 11:12:12 AM org.glassfish.ejb.embedded.DeploymentElement getOrCreateApplication
Informazioni: [DeploymentElement] adding library to ScatteredArchive core-3.0.1.jar
mag 14, 2014 11:12:12 AM org.glassfish.ejb.embedded.DeploymentElement getOrCreateApplication
Informazioni: [DeploymentElement] adding library to ScatteredArchive slf4j-log4j12-1.7.7.jar
mag 14, 2014 11:12:12 AM org.glassfish.ejb.embedded.DeploymentElement getOrCreateApplication
Informazioni: [DeploymentElement] adding library to ScatteredArchive ServerMDBRemoteInterface.jar
mag 14, 2014 11:12:12 AM org.glassfish.ejb.embedded.DeploymentElement getOrCreateApplication
Informazioni: [DeploymentElement] adding library to ScatteredArchive javase-3.0.1.jar
mag 14, 2014 11:12:12 AM org.glassfish.ejb.embedded.DeploymentElement getOrCreateApplication
Informazioni: [DeploymentElement] adding library to ScatteredArchive ant-launcher.jar
mag 14, 2014 11:12:12 AM org.glassfish.ejb.embedded.DeploymentElement getOrCreateApplication
Informazioni: [DeploymentElement] adding library to ScatteredArchive log4j-over-slf4j-1.7.7.jar
mag 14, 2014 11:12:12 AM org.glassfish.ejb.embedded.DeploymentElement getOrCreateApplication
Informazioni: [DeploymentElement] adding library to ScatteredArchive javax.annotation-api.jar
mag 14, 2014 11:12:12 AM org.glassfish.ejb.embedded.DeploymentElement getOrCreateApplication
Informazioni: [DeploymentElement] adding library to ScatteredArchive junit-4.10.jar
mag 14, 2014 11:12:12 AM org.glassfish.ejb.embedded.DeploymentElement getOrCreateApplication
Informazioni: [DeploymentElement] adding library to ScatteredArchive jaxm-api.jar
mag 14, 2014 11:12:12 AM org.glassfish.ejb.embedded.DeploymentElement getOrCreateApplication
Informazioni: [DeploymentElement] adding library to ScatteredArchive jaxb-api-osgi.jar
mag 14, 2014 11:12:12 AM org.glassfish.ejb.embedded.DeploymentElement getOrCreateApplication
Informazioni: [DeploymentElement] adding library to ScatteredArchive javax.persistence_2.1.0.v201304241213.jar
mag 14, 2014 11:12:12 AM org.glassfish.ejb.embedded.DeploymentElement getOrCreateApplication
Informazioni: [DeploymentElement] adding library to ScatteredArchive eclipselink.jar
mag 14, 2014 11:12:12 AM org.glassfish.ejb.embedded.DeploymentElement getOrCreateApplication
Informazioni: [DeploymentElement] adding library to ScatteredArchive ant.jar
mag 14, 2014 11:12:12 AM org.glassfish.ejb.embedded.DeploymentElement getOrCreateApplication
Informazioni: [DeploymentElement] adding library to ScatteredArchive derbynet.jar
mag 14, 2014 11:12:12 AM org.glassfish.ejb.embedded.DeploymentElement getOrCreateApplication
Informazioni: [DeploymentElement] adding library to ScatteredArchive slf4j-jdk14-1.7.7.jar
mag 14, 2014 11:12:12 AM org.glassfish.ejb.embedded.DeploymentElement getOrCreateApplication
Informazioni: [DeploymentElement] adding library to ScatteredArchive ezmorph-1.0.6.jar
mag 14, 2014 11:12:12 AM org.glassfish.ejb.embedded.DeploymentElement getOrCreateApplication
Informazioni: [DeploymentElement] adding library to ScatteredArchive derby.jar
mag 14, 2014 11:12:12 AM org.glassfish.ejb.embedded.DeploymentElement getOrCreateApplication
Informazioni: [DeploymentElement] adding library to ScatteredArchive slf4j-api-1.7.7.jar
mag 14, 2014 11:12:12 AM org.glassfish.ejb.embedded.DeploymentElement getOrCreateApplication
Informazioni: [DeploymentElement] adding library to ScatteredArchive classes
mag 14, 2014 11:12:12 AM org.glassfish.ejb.embedded.DeploymentElement getOrCreateApplication
Informazioni: [DeploymentElement] adding library to ScatteredArchive commons-beanutils-1.8.3.jar
mag 14, 2014 11:12:12 AM org.glassfish.ejb.embedded.DeploymentElement getOrCreateApplication
Informazioni: [DeploymentElement] adding library to ScatteredArchive ant-junit.jar
mag 14, 2014 11:12:12 AM org.glassfish.ejb.embedded.DeploymentElement getOrCreateApplication
Informazioni: [DeploymentElement] adding library to ScatteredArchive webcam-capture-0.3.10-RC6.jar
mag 14, 2014 11:12:12 AM org.glassfish.ejb.embedded.DeploymentElement getOrCreateApplication
Informazioni: [DeploymentElement] adding library to ScatteredArchive json-lib-2.4-jdk15.jar
mag 14, 2014 11:12:12 AM org.glassfish.ejb.embedded.DeploymentElement getOrCreateApplication
Informazioni: [DeploymentElement] adding library to ScatteredArchive commons-logging-1.1.3.jar
mag 14, 2014 11:12:12 AM org.glassfish.ejb.embedded.DeploymentElement getOrCreateApplication
Informazioni: [DeploymentElement] adding library to ScatteredArchive ant-junit4.jar
mag 14, 2014 11:12:12 AM org.glassfish.ejb.embedded.DeploymentElement getOrCreateApplication
Informazioni: [DeploymentElement] adding library to ScatteredArchive derbyclient.jar
mag 14, 2014 11:12:12 AM org.glassfish.ejb.embedded.DeploymentElement getOrCreateApplication
Informazioni: [DeploymentElement] adding library to ScatteredArchive commons-lang-2.6.jar
mag 14, 2014 11:12:12 AM org.glassfish.ejb.embedded.EJBContainerImpl deploy
Informazioni: [EJBContainerImpl] Deploying app: org.glassfish.embeddable.archive.ScatteredArchive@c0dfc28
mag 14, 2014 11:12:12 AM org.glassfish.ejb.embedded.EJBContainerImpl deploy
Informazioni: [EJBContainerImpl] GlassFish status: STARTED
mag 14, 2014 11:12:12 AM org.glassfish.ejb.embedded.EJBContainerImpl deploy
Informazioni: [EJBContainerImpl] Deploying as a ScatteredArchive
mag 14, 2014 11:12:19 AM com.sun.enterprise.security.ssl.impl.SecuritySupportImpl checkCertificateDates
Grave: SEC5054: Certificate has expired: [
[
  Version: V3
  Subject: CN=GTE CyberTrust Root 5, OU="GTE CyberTrust Solutions, Inc.", O=GTE Corporation, C=US
  Signature Algorithm: SHA1withRSA, OID = 1.2.840.113549.1.1.5

  Key:  Sun RSA public key, 2048 bits
  modulus: 23741889829347261660812437366387754385443431973861114865490414153884050331745811968523116847625570146592736935209718565296053386842135985534863157983128812774162998053673746470782252407673402238146869994438729551246768368782318393878374421033907597162218758024581735139682087126982809511479059100617027892880227587855877479432885604404402435662802390484099065871430585284534529627347717530352189612077130606642676951640071336717026459037542552927905851171460589361570392199748753414855675665635003335769915908187224347232807336022456537328962095005323382940080676931822787496212635993279098588863972868266229522169377
  public exponent: 65537
  Validity: [From: Fri Aug 14 16:50:00 CEST 1998,
               To: Thu Aug 15 01:59:00 CEST 2013]
  Issuer: CN=GTE CyberTrust Root 5, OU="GTE CyberTrust Solutions, Inc.", O=GTE Corporation, C=US
  SerialNumber: [    01b6]

Certificate Extensions: 4
[1]: ObjectId: 2.5.29.19 Criticality=true
BasicConstraints:[
  CA:true
  PathLen:5
]

[2]: ObjectId: 2.5.29.32 Criticality=false
CertificatePolicies [
  [CertificatePolicyId: [1.2.840.113763.1.2.1.3]
[]  ]
]

[3]: ObjectId: 2.5.29.15 Criticality=true
KeyUsage [
  Key_CertSign
  Crl_Sign
]

[4]: ObjectId: 2.5.29.14 Criticality=false
SubjectKeyIdentifier [
KeyIdentifier [
0000: 76 0A 49 21 38 4C 9F DE   F8 C4 49 C7 71 71 91 9D  v.I!8L....I.qq..
]
]

]
  Algorithm: [SHA1withRSA]
  Signature:
0000: 41 3A D4 18 5B DA B8 DE   21 1C E1 8E 09 E5 F1 68  A:..[...!......h
0010: 34 FF DE 96 F4 07 F5 A7   3C F3 AC 4A B1 9B FA 92  4.......<..J....
0020: FA 9B ED E6 32 21 AA 4A   76 C5 DC 4F 38 E5 DF D5  ....2!.Jv..O8...
0030: 86 E4 D5 C8 76 7D 98 D7   B1 CD 8F 4D B5 91 23 6C  ....v......M..#l
0040: 8B 8A EB EA 7C EF 14 94   C4 C6 F0 1F 4A 2D 32 71  ............J-2q
0050: 63 2B 63 91 26 02 09 B6   80 1D ED E2 CC B8 7F DB  c+c.&...........
0060: 87 63 C8 E1 D0 6C 26 B1   35 1D 40 66 10 1B CD 95  .c...l&.5.@f....
0070: 54 18 33 61 EC 13 4F DA   13 F7 99 AF 3E D0 CF 8E  T.3a..O.....>...
0080: A6 72 A2 B3 C3 05 9A C9   27 7D 92 CC 7E 52 8D B3  .r......'....R..
0090: AB 70 6D 9E 89 9F 4D EB   1A 75 C2 98 AA D5 02 16  .pm...M..u......
00A0: D7 0C 8A BF 25 E4 EB 2D   BC 98 E9 58 38 19 7C B9  ....%..-...X8...
00B0: 37 FE DB E2 99 08 73 06   C7 97 83 6A 7D 10 01 2F  7.....s....j.../
00C0: 32 B9 17 05 4A 65 E6 2F   CE BE 5E 53 A6 82 E9 9A  2...Je./..^S....
00D0: 53 0A 84 74 2D 83 CA C8   94 16 76 5F 94 61 28 F0  S..t-.....v_.a(.
00E0: 85 A7 39 BB D7 8B D9 A8   B2 13 1D 54 09 34 24 7D  ..9........T.4$.
00F0: 20 81 7D 66 7E A2 90 74   5C 10 C6 BD EC AB 1B C2   ..f...t\.......

]
mag 14, 2014 11:12:19 AM com.sun.enterprise.security.SecurityLifecycle <init>
Informazioni: security.secmgroff
mag 14, 2014 11:12:19 AM com.sun.enterprise.security.SecurityLifecycle onInitialization
Informazioni: sec.service.startup.enter
mag 14, 2014 11:12:19 AM com.sun.enterprise.security.PolicyLoader setPolicyConfigurationFactory
Avvertenza: policy.factoryoverride
mag 14, 2014 11:12:19 AM com.sun.enterprise.security.PolicyLoader loadPolicy
Informazioni: policy.loading
mag 14, 2014 11:12:19 AM com.sun.enterprise.security.SecurityLifecycle onInitialization
Informazioni: sec.service.startup.exit
mag 14, 2014 11:12:19 AM com.sun.enterprise.security.ssl.impl.SecuritySupportImpl checkCertificateDates
Grave: SEC5054: Certificate has expired: [
[
  Version: V3
  Subject: CN=GTE CyberTrust Root 5, OU="GTE CyberTrust Solutions, Inc.", O=GTE Corporation, C=US
  Signature Algorithm: SHA1withRSA, OID = 1.2.840.113549.1.1.5

  Key:  Sun RSA public key, 2048 bits
  modulus: 23741889829347261660812437366387754385443431973861114865490414153884050331745811968523116847625570146592736935209718565296053386842135985534863157983128812774162998053673746470782252407673402238146869994438729551246768368782318393878374421033907597162218758024581735139682087126982809511479059100617027892880227587855877479432885604404402435662802390484099065871430585284534529627347717530352189612077130606642676951640071336717026459037542552927905851171460589361570392199748753414855675665635003335769915908187224347232807336022456537328962095005323382940080676931822787496212635993279098588863972868266229522169377
  public exponent: 65537
  Validity: [From: Fri Aug 14 16:50:00 CEST 1998,
               To: Thu Aug 15 01:59:00 CEST 2013]
  Issuer: CN=GTE CyberTrust Root 5, OU="GTE CyberTrust Solutions, Inc.", O=GTE Corporation, C=US
  SerialNumber: [    01b6]

Certificate Extensions: 4
[1]: ObjectId: 2.5.29.19 Criticality=true
BasicConstraints:[
  CA:true
  PathLen:5
]

[2]: ObjectId: 2.5.29.32 Criticality=false
CertificatePolicies [
  [CertificatePolicyId: [1.2.840.113763.1.2.1.3]
[]  ]
]

[3]: ObjectId: 2.5.29.15 Criticality=true
KeyUsage [
  Key_CertSign
  Crl_Sign
]

[4]: ObjectId: 2.5.29.14 Criticality=false
SubjectKeyIdentifier [
KeyIdentifier [
0000: 76 0A 49 21 38 4C 9F DE   F8 C4 49 C7 71 71 91 9D  v.I!8L....I.qq..
]
]

]
  Algorithm: [SHA1withRSA]
  Signature:
0000: 41 3A D4 18 5B DA B8 DE   21 1C E1 8E 09 E5 F1 68  A:..[...!......h
0010: 34 FF DE 96 F4 07 F5 A7   3C F3 AC 4A B1 9B FA 92  4.......<..J....
0020: FA 9B ED E6 32 21 AA 4A   76 C5 DC 4F 38 E5 DF D5  ....2!.Jv..O8...
0030: 86 E4 D5 C8 76 7D 98 D7   B1 CD 8F 4D B5 91 23 6C  ....v......M..#l
0040: 8B 8A EB EA 7C EF 14 94   C4 C6 F0 1F 4A 2D 32 71  ............J-2q
0050: 63 2B 63 91 26 02 09 B6   80 1D ED E2 CC B8 7F DB  c+c.&...........
0060: 87 63 C8 E1 D0 6C 26 B1   35 1D 40 66 10 1B CD 95  .c...l&.5.@f....
0070: 54 18 33 61 EC 13 4F DA   13 F7 99 AF 3E D0 CF 8E  T.3a..O.....>...
0080: A6 72 A2 B3 C3 05 9A C9   27 7D 92 CC 7E 52 8D B3  .r......'....R..
0090: AB 70 6D 9E 89 9F 4D EB   1A 75 C2 98 AA D5 02 16  .pm...M..u......
00A0: D7 0C 8A BF 25 E4 EB 2D   BC 98 E9 58 38 19 7C B9  ....%..-...X8...
00B0: 37 FE DB E2 99 08 73 06   C7 97 83 6A 7D 10 01 2F  7.....s....j.../
00C0: 32 B9 17 05 4A 65 E6 2F   CE BE 5E 53 A6 82 E9 9A  2...Je./..^S....
00D0: 53 0A 84 74 2D 83 CA C8   94 16 76 5F 94 61 28 F0  S..t-.....v_.a(.
00E0: 85 A7 39 BB D7 8B D9 A8   B2 13 1D 54 09 34 24 7D  ..9........T.4$.
00F0: 20 81 7D 66 7E A2 90 74   5C 10 C6 BD EC AB 1B C2   ..f...t\.......

]
mag 14, 2014 11:12:19 AM com.sun.enterprise.security.ssl.impl.SecuritySupportImpl checkCertificateDates
Grave: SEC5054: Certificate has expired: [
[
  Version: V3
  Subject: CN=GTE CyberTrust Root 5, OU="GTE CyberTrust Solutions, Inc.", O=GTE Corporation, C=US
  Signature Algorithm: SHA1withRSA, OID = 1.2.840.113549.1.1.5

  Key:  Sun RSA public key, 2048 bits
  modulus: 23741889829347261660812437366387754385443431973861114865490414153884050331745811968523116847625570146592736935209718565296053386842135985534863157983128812774162998053673746470782252407673402238146869994438729551246768368782318393878374421033907597162218758024581735139682087126982809511479059100617027892880227587855877479432885604404402435662802390484099065871430585284534529627347717530352189612077130606642676951640071336717026459037542552927905851171460589361570392199748753414855675665635003335769915908187224347232807336022456537328962095005323382940080676931822787496212635993279098588863972868266229522169377
  public exponent: 65537
  Validity: [From: Fri Aug 14 16:50:00 CEST 1998,
               To: Thu Aug 15 01:59:00 CEST 2013]
  Issuer: CN=GTE CyberTrust Root 5, OU="GTE CyberTrust Solutions, Inc.", O=GTE Corporation, C=US
  SerialNumber: [    01b6]

Certificate Extensions: 4
[1]: ObjectId: 2.5.29.19 Criticality=true
BasicConstraints:[
  CA:true
  PathLen:5
]

[2]: ObjectId: 2.5.29.32 Criticality=false
CertificatePolicies [
  [CertificatePolicyId: [1.2.840.113763.1.2.1.3]
[]  ]
]

[3]: ObjectId: 2.5.29.15 Criticality=true
KeyUsage [
  Key_CertSign
  Crl_Sign
]

[4]: ObjectId: 2.5.29.14 Criticality=false
SubjectKeyIdentifier [
KeyIdentifier [
0000: 76 0A 49 21 38 4C 9F DE   F8 C4 49 C7 71 71 91 9D  v.I!8L....I.qq..
]
]

]
  Algorithm: [SHA1withRSA]
  Signature:
0000: 41 3A D4 18 5B DA B8 DE   21 1C E1 8E 09 E5 F1 68  A:..[...!......h
0010: 34 FF DE 96 F4 07 F5 A7   3C F3 AC 4A B1 9B FA 92  4.......<..J....
0020: FA 9B ED E6 32 21 AA 4A   76 C5 DC 4F 38 E5 DF D5  ....2!.Jv..O8...
0030: 86 E4 D5 C8 76 7D 98 D7   B1 CD 8F 4D B5 91 23 6C  ....v......M..#l
0040: 8B 8A EB EA 7C EF 14 94   C4 C6 F0 1F 4A 2D 32 71  ............J-2q
0050: 63 2B 63 91 26 02 09 B6   80 1D ED E2 CC B8 7F DB  c+c.&...........
0060: 87 63 C8 E1 D0 6C 26 B1   35 1D 40 66 10 1B CD 95  .c...l&.5.@f....
0070: 54 18 33 61 EC 13 4F DA   13 F7 99 AF 3E D0 CF 8E  T.3a..O.....>...
0080: A6 72 A2 B3 C3 05 9A C9   27 7D 92 CC 7E 52 8D B3  .r......'....R..
0090: AB 70 6D 9E 89 9F 4D EB   1A 75 C2 98 AA D5 02 16  .pm...M..u......
00A0: D7 0C 8A BF 25 E4 EB 2D   BC 98 E9 58 38 19 7C B9  ....%..-...X8...
00B0: 37 FE DB E2 99 08 73 06   C7 97 83 6A 7D 10 01 2F  7.....s....j.../
00C0: 32 B9 17 05 4A 65 E6 2F   CE BE 5E 53 A6 82 E9 9A  2...Je./..^S....
00D0: 53 0A 84 74 2D 83 CA C8   94 16 76 5F 94 61 28 F0  S..t-.....v_.a(.
00E0: 85 A7 39 BB D7 8B D9 A8   B2 13 1D 54 09 34 24 7D  ..9........T.4$.
00F0: 20 81 7D 66 7E A2 90 74   5C 10 C6 BD EC AB 1B C2   ..f...t\.......

]
mag 14, 2014 11:12:19 AM com.sun.enterprise.security.ssl.impl.SecuritySupportImpl checkCertificateDates
Grave: SEC5054: Certificate has expired: [
[
  Version: V3
  Subject: CN=GTE CyberTrust Root 5, OU="GTE CyberTrust Solutions, Inc.", O=GTE Corporation, C=US
  Signature Algorithm: SHA1withRSA, OID = 1.2.840.113549.1.1.5

  Key:  Sun RSA public key, 2048 bits
  modulus: 23741889829347261660812437366387754385443431973861114865490414153884050331745811968523116847625570146592736935209718565296053386842135985534863157983128812774162998053673746470782252407673402238146869994438729551246768368782318393878374421033907597162218758024581735139682087126982809511479059100617027892880227587855877479432885604404402435662802390484099065871430585284534529627347717530352189612077130606642676951640071336717026459037542552927905851171460589361570392199748753414855675665635003335769915908187224347232807336022456537328962095005323382940080676931822787496212635993279098588863972868266229522169377
  public exponent: 65537
  Validity: [From: Fri Aug 14 16:50:00 CEST 1998,
               To: Thu Aug 15 01:59:00 CEST 2013]
  Issuer: CN=GTE CyberTrust Root 5, OU="GTE CyberTrust Solutions, Inc.", O=GTE Corporation, C=US
  SerialNumber: [    01b6]

Certificate Extensions: 4
[1]: ObjectId: 2.5.29.19 Criticality=true
BasicConstraints:[
  CA:true
  PathLen:5
]

[2]: ObjectId: 2.5.29.32 Criticality=false
CertificatePolicies [
  [CertificatePolicyId: [1.2.840.113763.1.2.1.3]
[]  ]
]

[3]: ObjectId: 2.5.29.15 Criticality=true
KeyUsage [
  Key_CertSign
  Crl_Sign
]

[4]: ObjectId: 2.5.29.14 Criticality=false
SubjectKeyIdentifier [
KeyIdentifier [
0000: 76 0A 49 21 38 4C 9F DE   F8 C4 49 C7 71 71 91 9D  v.I!8L....I.qq..
]
]

]
  Algorithm: [SHA1withRSA]
  Signature:
0000: 41 3A D4 18 5B DA B8 DE   21 1C E1 8E 09 E5 F1 68  A:..[...!......h
0010: 34 FF DE 96 F4 07 F5 A7   3C F3 AC 4A B1 9B FA 92  4.......<..J....
0020: FA 9B ED E6 32 21 AA 4A   76 C5 DC 4F 38 E5 DF D5  ....2!.Jv..O8...
0030: 86 E4 D5 C8 76 7D 98 D7   B1 CD 8F 4D B5 91 23 6C  ....v......M..#l
0040: 8B 8A EB EA 7C EF 14 94   C4 C6 F0 1F 4A 2D 32 71  ............J-2q
0050: 63 2B 63 91 26 02 09 B6   80 1D ED E2 CC B8 7F DB  c+c.&...........
0060: 87 63 C8 E1 D0 6C 26 B1   35 1D 40 66 10 1B CD 95  .c...l&.5.@f....
0070: 54 18 33 61 EC 13 4F DA   13 F7 99 AF 3E D0 CF 8E  T.3a..O.....>...
0080: A6 72 A2 B3 C3 05 9A C9   27 7D 92 CC 7E 52 8D B3  .r......'....R..
0090: AB 70 6D 9E 89 9F 4D EB   1A 75 C2 98 AA D5 02 16  .pm...M..u......
00A0: D7 0C 8A BF 25 E4 EB 2D   BC 98 E9 58 38 19 7C B9  ....%..-...X8...
00B0: 37 FE DB E2 99 08 73 06   C7 97 83 6A 7D 10 01 2F  7.....s....j.../
00C0: 32 B9 17 05 4A 65 E6 2F   CE BE 5E 53 A6 82 E9 9A  2...Je./..^S....
00D0: 53 0A 84 74 2D 83 CA C8   94 16 76 5F 94 61 28 F0  S..t-.....v_.a(.
00E0: 85 A7 39 BB D7 8B D9 A8   B2 13 1D 54 09 34 24 7D  ..9........T.4$.
00F0: 20 81 7D 66 7E A2 90 74   5C 10 C6 BD EC AB 1B C2   ..f...t\.......

]
mag 14, 2014 11:12:19 AM com.sun.jts.CosTransactions.DefaultTransactionService setServerName
Informazioni: jts.startup_msg
mag 14, 2014 11:12:19 AM com.sun.jts.CosTransactions.DefaultTransactionService identify_ORB
Avvertenza: jts.unexpected_error_when_creating_poa
org.omg.CORBA.OBJ_ADAPTER: Avvertenza: 02310002: Error in connecting servant to ORB  vmcid: OMG  minor code: 2  completed: No
	at com.sun.proxy.$Proxy175.orbConnectError(Unknown Source)
	at com.sun.corba.ee.impl.orb.ORBImpl.connect(ORBImpl.java:1692)
	at com.sun.corba.ee.spi.presentation.rmi.StubAdapter.connect(StubAdapter.java:216)
	at com.sun.corba.ee.impl.orb.ORBImpl.getIOR(ORBImpl.java:2082)
	at com.sun.corba.ee.impl.orb.ORBImpl.getFVDCodeBaseIOR(ORBImpl.java:981)
	at com.sun.corba.ee.impl.protocol.ClientRequestDispatcherImpl.addServiceContexts(ClientRequestDispatcherImpl.java:822)
	at com.sun.corba.ee.impl.protocol.ClientRequestDispatcherImpl.beginRequest(ClientRequestDispatcherImpl.java:293)
	at com.sun.corba.ee.impl.protocol.ClientDelegateImpl.request(ClientDelegateImpl.java:227)
	at com.sun.corba.ee.impl.resolver.BootstrapResolverImpl.invoke(BootstrapResolverImpl.java:112)
	at com.sun.corba.ee.impl.resolver.BootstrapResolverImpl.resolve(BootstrapResolverImpl.java:145)
	at com.sun.corba.ee.impl.resolver.CompositeResolverImpl.resolve(CompositeResolverImpl.java:61)
	at com.sun.corba.ee.impl.resolver.CompositeResolverImpl.resolve(CompositeResolverImpl.java:61)
	at com.sun.corba.ee.impl.resolver.CompositeResolverImpl.resolve(CompositeResolverImpl.java:61)
	at com.sun.corba.ee.impl.orb.ORBImpl.resolve_initial_references(ORBImpl.java:1259)
	at com.sun.jts.CosTransactions.DefaultTransactionService.createPOAs(DefaultTransactionService.java:388)
	at com.sun.jts.CosTransactions.DefaultTransactionService.identify_ORB(DefaultTransactionService.java:202)
	at com.sun.enterprise.transaction.jts.iiop.TransactionIIOPInterceptorFactory.createInterceptor(TransactionIIOPInterceptorFactory.java:145)
	at com.sun.enterprise.transaction.jts.iiop.TransactionIIOPInterceptorFactory.createClientRequestInterceptor(TransactionIIOPInterceptorFactory.java:97)
	at org.glassfish.enterprise.iiop.impl.GlassFishORBInitializer.post_init(GlassFishORBInitializer.java:132)
	at com.sun.corba.ee.impl.interceptors.PIHandlerImpl.postInitORBInitializers(PIHandlerImpl.java:917)
	at com.sun.corba.ee.impl.interceptors.PIHandlerImpl.initialize(PIHandlerImpl.java:267)
	at com.sun.corba.ee.impl.orb.ORBImpl.postInit(ORBImpl.java:636)
	at com.sun.corba.ee.impl.orb.ORBImpl.set_parameters(ORBImpl.java:697)
	at com.sun.corba.ee.impl.orb.ORBImpl.setParameters(ORBImpl.java:684)
	at com.sun.corba.ee.spi.osgi.ORBFactory.initialize(ORBFactory.java:107)
	at org.glassfish.enterprise.iiop.impl.GlassFishORBManager.initORB(GlassFishORBManager.java:585)
	at org.glassfish.enterprise.iiop.impl.GlassFishORBManager.getORB(GlassFishORBManager.java:264)
	at org.glassfish.enterprise.iiop.impl.GlassFishORBFactoryImpl.createORB(GlassFishORBFactoryImpl.java:93)
	at org.glassfish.enterprise.iiop.api.GlassFishORBHelper.getORB(GlassFishORBHelper.java:163)
	at org.glassfish.enterprise.iiop.api.GlassFishORBHelper.getProtocolManager(GlassFishORBHelper.java:231)
	at com.sun.ejb.containers.BaseContainer.initializeProtocolManager(BaseContainer.java:830)
	at com.sun.ejb.containers.BaseContainer.<init>(BaseContainer.java:590)
	at com.sun.ejb.containers.StatelessSessionContainer.<init>(StatelessSessionContainer.java:143)
	at com.sun.ejb.containers.StatelessSessionContainer.<init>(StatelessSessionContainer.java:137)
	at com.sun.ejb.containers.StatelessContainerFactory.createContainer(StatelessContainerFactory.java:61)
	at org.glassfish.ejb.startup.EjbApplication.loadContainers(EjbApplication.java:221)
	at org.glassfish.ejb.startup.EjbDeployer.load(EjbDeployer.java:291)
	at org.glassfish.ejb.startup.EjbDeployer.load(EjbDeployer.java:99)
	at org.glassfish.internal.data.ModuleInfo.load(ModuleInfo.java:206)
	at org.glassfish.internal.data.ApplicationInfo.load(ApplicationInfo.java:313)
	at com.sun.enterprise.v3.server.ApplicationLifecycle.deploy(ApplicationLifecycle.java:493)
	at com.sun.enterprise.v3.server.ApplicationLifecycle.deploy(ApplicationLifecycle.java:219)
	at org.glassfish.deployment.admin.DeployCommand.execute(DeployCommand.java:491)
	at com.sun.enterprise.v3.admin.CommandRunnerImpl$2$1.run(CommandRunnerImpl.java:527)
	at com.sun.enterprise.v3.admin.CommandRunnerImpl$2$1.run(CommandRunnerImpl.java:523)
	at java.security.AccessController.doPrivileged(Native Method)
	at javax.security.auth.Subject.doAs(Subject.java:356)
	at com.sun.enterprise.v3.admin.CommandRunnerImpl$2.execute(CommandRunnerImpl.java:522)
	at com.sun.enterprise.v3.admin.CommandRunnerImpl.doCommand(CommandRunnerImpl.java:546)
	at com.sun.enterprise.v3.admin.CommandRunnerImpl.doCommand(CommandRunnerImpl.java:1423)
	at com.sun.enterprise.v3.admin.CommandRunnerImpl.access$1500(CommandRunnerImpl.java:108)
	at com.sun.enterprise.v3.admin.CommandRunnerImpl$ExecutionContext.execute(CommandRunnerImpl.java:1762)
	at com.sun.enterprise.v3.admin.CommandRunnerImpl$ExecutionContext.execute(CommandRunnerImpl.java:1674)
	at com.sun.enterprise.admin.cli.embeddable.DeployerImpl.deploy(DeployerImpl.java:133)
	at com.sun.enterprise.admin.cli.embeddable.DeployerImpl.deploy(DeployerImpl.java:109)
	at org.glassfish.ejb.embedded.EJBContainerImpl.deploy(EJBContainerImpl.java:138)
	at org.glassfish.ejb.embedded.EJBContainerProviderImpl.createEJBContainer(EJBContainerProviderImpl.java:134)
	at javax.ejb.embeddable.EJBContainer.createEJBContainer(EJBContainer.java:127)
	at javax.ejb.embeddable.EJBContainer.createEJBContainer(EJBContainer.java:102)
	at GestoreAccountRemoto.GestoreAccountRemotoTest.testVerificaDatiLogin(GestoreAccountRemotoTest.java:89)
	at sun.reflect.NativeMethodAccessorImpl.invoke0(Native Method)
	at sun.reflect.NativeMethodAccessorImpl.invoke(NativeMethodAccessorImpl.java:57)
	at sun.reflect.DelegatingMethodAccessorImpl.invoke(DelegatingMethodAccessorImpl.java:43)
	at java.lang.reflect.Method.invoke(Method.java:606)
	at org.junit.runners.model.FrameworkMethod$1.runReflectiveCall(FrameworkMethod.java:45)
	at org.junit.internal.runners.model.ReflectiveCallable.run(ReflectiveCallable.java:15)
	at org.junit.runners.model.FrameworkMethod.invokeExplosively(FrameworkMethod.java:42)
	at org.junit.internal.runners.statements.InvokeMethod.evaluate(InvokeMethod.java:20)
	at org.junit.internal.runners.statements.RunBefores.evaluate(RunBefores.java:28)
	at org.junit.internal.runners.statements.RunAfters.evaluate(RunAfters.java:30)
	at org.junit.runners.ParentRunner.runLeaf(ParentRunner.java:263)
	at org.junit.runners.BlockJUnit4ClassRunner.runChild(BlockJUnit4ClassRunner.java:68)
	at org.junit.runners.BlockJUnit4ClassRunner.runChild(BlockJUnit4ClassRunner.java:47)
	at org.junit.runners.ParentRunner$3.run(ParentRunner.java:231)
	at org.junit.runners.ParentRunner$1.schedule(ParentRunner.java:60)
	at org.junit.runners.ParentRunner.runChildren(ParentRunner.java:229)
	at org.junit.runners.ParentRunner.access$000(ParentRunner.java:50)
	at org.junit.runners.ParentRunner$2.evaluate(ParentRunner.java:222)
	at org.junit.internal.runners.statements.RunBefores.evaluate(RunBefores.java:28)
	at org.junit.internal.runners.statements.RunAfters.evaluate(RunAfters.java:30)
	at org.junit.runners.ParentRunner.run(ParentRunner.java:300)
	at junit.framework.JUnit4TestAdapter.run(JUnit4TestAdapter.java:39)
	at org.apache.tools.ant.taskdefs.optional.junit.JUnitTestRunner.run(JUnitTestRunner.java:523)
	at org.apache.tools.ant.taskdefs.optional.junit.JUnitTestRunner.launch(JUnitTestRunner.java:1063)
	at org.apache.tools.ant.taskdefs.optional.junit.JUnitTestRunner.main(JUnitTestRunner.java:914)
Caused by: org.omg.CORBA.COMM_FAILURE: Grave: 00410016: Unable to create IIOP listener on the specified host all interfaces and port 3.700  vmcid: OMG  minor code: 16  completed: No
	at com.sun.proxy.$Proxy175.createListenerFailed(Unknown Source)
	at com.sun.corba.ee.impl.transport.AcceptorImpl.initialize(AcceptorImpl.java:98)
	at com.sun.corba.ee.impl.transport.TransportManagerImpl.getAcceptors(TransportManagerImpl.java:232)
	at com.sun.corba.ee.impl.transport.TransportManagerImpl.addToIORTemplate(TransportManagerImpl.java:251)
	at com.sun.corba.ee.spi.oa.ObjectAdapterBase.initializeTemplate(ObjectAdapterBase.java:103)
	at com.sun.corba.ee.impl.oa.toa.TOAImpl.<init>(TOAImpl.java:133)
	at com.sun.corba.ee.impl.oa.toa.TOAFactory.getTOA(TOAFactory.java:118)
	at com.sun.corba.ee.impl.orb.ORBImpl.connect(ORBImpl.java:1690)
	... 83 more
Caused by: java.net.BindException: Address already in use
	at sun.nio.ch.Net.bind0(Native Method)
	at sun.nio.ch.Net.bind(Net.java:444)
	at sun.nio.ch.Net.bind(Net.java:436)
	at sun.nio.ch.ServerSocketChannelImpl.bind(ServerSocketChannelImpl.java:214)
	at sun.nio.ch.ServerSocketAdaptor.bind(ServerSocketAdaptor.java:74)
	at sun.nio.ch.ServerSocketAdaptor.bind(ServerSocketAdaptor.java:67)
	at org.glassfish.enterprise.iiop.impl.IIOPSSLSocketFactory.createServerSocket(IIOPSSLSocketFactory.java:297)
	at com.sun.corba.ee.impl.transport.AcceptorImpl.initialize(AcceptorImpl.java:91)
	... 89 more

mag 14, 2014 11:12:19 AM org.glassfish.enterprise.iiop.impl.GlassFishORBManager initORB
Grave: enterprise_util.excep_in_createorb
org.omg.CORBA.OBJ_ADAPTER: Avvertenza: 02310002: Error in connecting servant to ORB  vmcid: OMG  minor code: 2  completed: No
	at com.sun.proxy.$Proxy175.orbConnectError(Unknown Source)
	at com.sun.corba.ee.impl.orb.ORBImpl.connect(ORBImpl.java:1692)
	at com.sun.corba.ee.spi.presentation.rmi.StubAdapter.connect(StubAdapter.java:216)
	at com.sun.corba.ee.impl.orb.ORBImpl.getIOR(ORBImpl.java:2082)
	at com.sun.corba.ee.impl.orb.ORBImpl.getFVDCodeBaseIOR(ORBImpl.java:981)
	at com.sun.corba.ee.impl.protocol.ClientRequestDispatcherImpl.addServiceContexts(ClientRequestDispatcherImpl.java:822)
	at com.sun.corba.ee.impl.protocol.ClientRequestDispatcherImpl.beginRequest(ClientRequestDispatcherImpl.java:293)
	at com.sun.corba.ee.impl.protocol.ClientDelegateImpl.request(ClientDelegateImpl.java:227)
	at com.sun.corba.ee.impl.resolver.BootstrapResolverImpl.invoke(BootstrapResolverImpl.java:112)
	at com.sun.corba.ee.impl.resolver.BootstrapResolverImpl.resolve(BootstrapResolverImpl.java:145)
	at com.sun.corba.ee.impl.resolver.CompositeResolverImpl.resolve(CompositeResolverImpl.java:61)
	at com.sun.corba.ee.impl.resolver.CompositeResolverImpl.resolve(CompositeResolverImpl.java:61)
	at com.sun.corba.ee.impl.resolver.CompositeResolverImpl.resolve(CompositeResolverImpl.java:61)
	at com.sun.corba.ee.impl.orb.ORBImpl.resolve_initial_references(ORBImpl.java:1259)
	at org.glassfish.enterprise.iiop.impl.GlassFishORBManager.initORB(GlassFishORBManager.java:590)
	at org.glassfish.enterprise.iiop.impl.GlassFishORBManager.getORB(GlassFishORBManager.java:264)
	at org.glassfish.enterprise.iiop.impl.GlassFishORBFactoryImpl.createORB(GlassFishORBFactoryImpl.java:93)
	at org.glassfish.enterprise.iiop.api.GlassFishORBHelper.getORB(GlassFishORBHelper.java:163)
	at org.glassfish.enterprise.iiop.api.GlassFishORBHelper.getProtocolManager(GlassFishORBHelper.java:231)
	at com.sun.ejb.containers.BaseContainer.initializeProtocolManager(BaseContainer.java:830)
	at com.sun.ejb.containers.BaseContainer.<init>(BaseContainer.java:590)
	at com.sun.ejb.containers.StatelessSessionContainer.<init>(StatelessSessionContainer.java:143)
	at com.sun.ejb.containers.StatelessSessionContainer.<init>(StatelessSessionContainer.java:137)
	at com.sun.ejb.containers.StatelessContainerFactory.createContainer(StatelessContainerFactory.java:61)
	at org.glassfish.ejb.startup.EjbApplication.loadContainers(EjbApplication.java:221)
	at org.glassfish.ejb.startup.EjbDeployer.load(EjbDeployer.java:291)
	at org.glassfish.ejb.startup.EjbDeployer.load(EjbDeployer.java:99)
	at org.glassfish.internal.data.ModuleInfo.load(ModuleInfo.java:206)
	at org.glassfish.internal.data.ApplicationInfo.load(ApplicationInfo.java:313)
	at com.sun.enterprise.v3.server.ApplicationLifecycle.deploy(ApplicationLifecycle.java:493)
	at com.sun.enterprise.v3.server.ApplicationLifecycle.deploy(ApplicationLifecycle.java:219)
	at org.glassfish.deployment.admin.DeployCommand.execute(DeployCommand.java:491)
	at com.sun.enterprise.v3.admin.CommandRunnerImpl$2$1.run(CommandRunnerImpl.java:527)
	at com.sun.enterprise.v3.admin.CommandRunnerImpl$2$1.run(CommandRunnerImpl.java:523)
	at java.security.AccessController.doPrivileged(Native Method)
	at javax.security.auth.Subject.doAs(Subject.java:356)
	at com.sun.enterprise.v3.admin.CommandRunnerImpl$2.execute(CommandRunnerImpl.java:522)
	at com.sun.enterprise.v3.admin.CommandRunnerImpl.doCommand(CommandRunnerImpl.java:546)
	at com.sun.enterprise.v3.admin.CommandRunnerImpl.doCommand(CommandRunnerImpl.java:1423)
	at com.sun.enterprise.v3.admin.CommandRunnerImpl.access$1500(CommandRunnerImpl.java:108)
	at com.sun.enterprise.v3.admin.CommandRunnerImpl$ExecutionContext.execute(CommandRunnerImpl.java:1762)
	at com.sun.enterprise.v3.admin.CommandRunnerImpl$ExecutionContext.execute(CommandRunnerImpl.java:1674)
	at com.sun.enterprise.admin.cli.embeddable.DeployerImpl.deploy(DeployerImpl.java:133)
	at com.sun.enterprise.admin.cli.embeddable.DeployerImpl.deploy(DeployerImpl.java:109)
	at org.glassfish.ejb.embedded.EJBContainerImpl.deploy(EJBContainerImpl.java:138)
	at org.glassfish.ejb.embedded.EJBContainerProviderImpl.createEJBContainer(EJBContainerProviderImpl.java:134)
	at javax.ejb.embeddable.EJBContainer.createEJBContainer(EJBContainer.java:127)
	at javax.ejb.embeddable.EJBContainer.createEJBContainer(EJBContainer.java:102)
	at GestoreAccountRemoto.GestoreAccountRemotoTest.testVerificaDatiLogin(GestoreAccountRemotoTest.java:89)
	at sun.reflect.NativeMethodAccessorImpl.invoke0(Native Method)
	at sun.reflect.NativeMethodAccessorImpl.invoke(NativeMethodAccessorImpl.java:57)
	at sun.reflect.DelegatingMethodAccessorImpl.invoke(DelegatingMethodAccessorImpl.java:43)
	at java.lang.reflect.Method.invoke(Method.java:606)
	at org.junit.runners.model.FrameworkMethod$1.runReflectiveCall(FrameworkMethod.java:45)
	at org.junit.internal.runners.model.ReflectiveCallable.run(ReflectiveCallable.java:15)
	at org.junit.runners.model.FrameworkMethod.invokeExplosively(FrameworkMethod.java:42)
	at org.junit.internal.runners.statements.InvokeMethod.evaluate(InvokeMethod.java:20)
	at org.junit.internal.runners.statements.RunBefores.evaluate(RunBefores.java:28)
	at org.junit.internal.runners.statements.RunAfters.evaluate(RunAfters.java:30)
	at org.junit.runners.ParentRunner.runLeaf(ParentRunner.java:263)
	at org.junit.runners.BlockJUnit4ClassRunner.runChild(BlockJUnit4ClassRunner.java:68)
	at org.junit.runners.BlockJUnit4ClassRunner.runChild(BlockJUnit4ClassRunner.java:47)
	at org.junit.runners.ParentRunner$3.run(ParentRunner.java:231)
	at org.junit.runners.ParentRunner$1.schedule(ParentRunner.java:60)
	at org.junit.runners.ParentRunner.runChildren(ParentRunner.java:229)
	at org.junit.runners.ParentRunner.access$000(ParentRunner.java:50)
	at org.junit.runners.ParentRunner$2.evaluate(ParentRunner.java:222)
	at org.junit.internal.runners.statements.RunBefores.evaluate(RunBefores.java:28)
	at org.junit.internal.runners.statements.RunAfters.evaluate(RunAfters.java:30)
	at org.junit.runners.ParentRunner.run(ParentRunner.java:300)
	at junit.framework.JUnit4TestAdapter.run(JUnit4TestAdapter.java:39)
	at org.apache.tools.ant.taskdefs.optional.junit.JUnitTestRunner.run(JUnitTestRunner.java:523)
	at org.apache.tools.ant.taskdefs.optional.junit.JUnitTestRunner.launch(JUnitTestRunner.java:1063)
	at org.apache.tools.ant.taskdefs.optional.junit.JUnitTestRunner.main(JUnitTestRunner.java:914)
Caused by: org.omg.CORBA.COMM_FAILURE: Grave: 00410016: Unable to create IIOP listener on the specified host all interfaces and port 3.700  vmcid: OMG  minor code: 16  completed: No
	at com.sun.proxy.$Proxy175.createListenerFailed(Unknown Source)
	at com.sun.corba.ee.impl.transport.AcceptorImpl.initialize(AcceptorImpl.java:98)
	at com.sun.corba.ee.impl.transport.TransportManagerImpl.getAcceptors(TransportManagerImpl.java:232)
	at com.sun.corba.ee.impl.transport.TransportManagerImpl.addToIORTemplate(TransportManagerImpl.java:251)
	at com.sun.corba.ee.spi.oa.ObjectAdapterBase.initializeTemplate(ObjectAdapterBase.java:103)
	at com.sun.corba.ee.impl.oa.toa.TOAImpl.<init>(TOAImpl.java:133)
	at com.sun.corba.ee.impl.oa.toa.TOAFactory.getTOA(TOAFactory.java:118)
	at com.sun.corba.ee.impl.orb.ORBImpl.connect(ORBImpl.java:1690)
	... 72 more
Caused by: java.net.BindException: Address already in use
	at sun.nio.ch.Net.bind0(Native Method)
	at sun.nio.ch.Net.bind(Net.java:444)
	at sun.nio.ch.Net.bind(Net.java:436)
	at sun.nio.ch.ServerSocketChannelImpl.bind(ServerSocketChannelImpl.java:214)
	at sun.nio.ch.ServerSocketAdaptor.bind(ServerSocketAdaptor.java:74)
	at sun.nio.ch.ServerSocketAdaptor.bind(ServerSocketAdaptor.java:67)
	at org.glassfish.enterprise.iiop.impl.IIOPSSLSocketFactory.createServerSocket(IIOPSSLSocketFactory.java:297)
	at com.sun.corba.ee.impl.transport.AcceptorImpl.initialize(AcceptorImpl.java:91)
	... 78 more

mag 14, 2014 11:12:19 AM org.glassfish.internal.data.ModuleInfo load
Grave: Exception while invoking class org.glassfish.ejb.startup.EjbDeployer load method
java.lang.RuntimeException: EJB Container initialization error
	at org.glassfish.ejb.startup.EjbApplication.loadContainers(EjbApplication.java:234)
	at org.glassfish.ejb.startup.EjbDeployer.load(EjbDeployer.java:291)
	at org.glassfish.ejb.startup.EjbDeployer.load(EjbDeployer.java:99)
	at org.glassfish.internal.data.ModuleInfo.load(ModuleInfo.java:206)
	at org.glassfish.internal.data.ApplicationInfo.load(ApplicationInfo.java:313)
	at com.sun.enterprise.v3.server.ApplicationLifecycle.deploy(ApplicationLifecycle.java:493)
	at com.sun.enterprise.v3.server.ApplicationLifecycle.deploy(ApplicationLifecycle.java:219)
	at org.glassfish.deployment.admin.DeployCommand.execute(DeployCommand.java:491)
	at com.sun.enterprise.v3.admin.CommandRunnerImpl$2$1.run(CommandRunnerImpl.java:527)
	at com.sun.enterprise.v3.admin.CommandRunnerImpl$2$1.run(CommandRunnerImpl.java:523)
	at java.security.AccessController.doPrivileged(Native Method)
	at javax.security.auth.Subject.doAs(Subject.java:356)
	at com.sun.enterprise.v3.admin.CommandRunnerImpl$2.execute(CommandRunnerImpl.java:522)
	at com.sun.enterprise.v3.admin.CommandRunnerImpl.doCommand(CommandRunnerImpl.java:546)
	at com.sun.enterprise.v3.admin.CommandRunnerImpl.doCommand(CommandRunnerImpl.java:1423)
	at com.sun.enterprise.v3.admin.CommandRunnerImpl.access$1500(CommandRunnerImpl.java:108)
	at com.sun.enterprise.v3.admin.CommandRunnerImpl$ExecutionContext.execute(CommandRunnerImpl.java:1762)
	at com.sun.enterprise.v3.admin.CommandRunnerImpl$ExecutionContext.execute(CommandRunnerImpl.java:1674)
	at com.sun.enterprise.admin.cli.embeddable.DeployerImpl.deploy(DeployerImpl.java:133)
	at com.sun.enterprise.admin.cli.embeddable.DeployerImpl.deploy(DeployerImpl.java:109)
	at org.glassfish.ejb.embedded.EJBContainerImpl.deploy(EJBContainerImpl.java:138)
	at org.glassfish.ejb.embedded.EJBContainerProviderImpl.createEJBContainer(EJBContainerProviderImpl.java:134)
	at javax.ejb.embeddable.EJBContainer.createEJBContainer(EJBContainer.java:127)
	at javax.ejb.embeddable.EJBContainer.createEJBContainer(EJBContainer.java:102)
	at GestoreAccountRemoto.GestoreAccountRemotoTest.testVerificaDatiLogin(GestoreAccountRemotoTest.java:89)
	at sun.reflect.NativeMethodAccessorImpl.invoke0(Native Method)
	at sun.reflect.NativeMethodAccessorImpl.invoke(NativeMethodAccessorImpl.java:57)
	at sun.reflect.DelegatingMethodAccessorImpl.invoke(DelegatingMethodAccessorImpl.java:43)
	at java.lang.reflect.Method.invoke(Method.java:606)
	at org.junit.runners.model.FrameworkMethod$1.runReflectiveCall(FrameworkMethod.java:45)
	at org.junit.internal.runners.model.ReflectiveCallable.run(ReflectiveCallable.java:15)
	at org.junit.runners.model.FrameworkMethod.invokeExplosively(FrameworkMethod.java:42)
	at org.junit.internal.runners.statements.InvokeMethod.evaluate(InvokeMethod.java:20)
	at org.junit.internal.runners.statements.RunBefores.evaluate(RunBefores.java:28)
	at org.junit.internal.runners.statements.RunAfters.evaluate(RunAfters.java:30)
	at org.junit.runners.ParentRunner.runLeaf(ParentRunner.java:263)
	at org.junit.runners.BlockJUnit4ClassRunner.runChild(BlockJUnit4ClassRunner.java:68)
	at org.junit.runners.BlockJUnit4ClassRunner.runChild(BlockJUnit4ClassRunner.java:47)
	at org.junit.runners.ParentRunner$3.run(ParentRunner.java:231)
	at org.junit.runners.ParentRunner$1.schedule(ParentRunner.java:60)
	at org.junit.runners.ParentRunner.runChildren(ParentRunner.java:229)
	at org.junit.runners.ParentRunner.access$000(ParentRunner.java:50)
	at org.junit.runners.ParentRunner$2.evaluate(ParentRunner.java:222)
	at org.junit.internal.runners.statements.RunBefores.evaluate(RunBefores.java:28)
	at org.junit.internal.runners.statements.RunAfters.evaluate(RunAfters.java:30)
	at org.junit.runners.ParentRunner.run(ParentRunner.java:300)
	at junit.framework.JUnit4TestAdapter.run(JUnit4TestAdapter.java:39)
	at org.apache.tools.ant.taskdefs.optional.junit.JUnitTestRunner.run(JUnitTestRunner.java:523)
	at org.apache.tools.ant.taskdefs.optional.junit.JUnitTestRunner.launch(JUnitTestRunner.java:1063)
	at org.apache.tools.ant.taskdefs.optional.junit.JUnitTestRunner.main(JUnitTestRunner.java:914)
Caused by: java.lang.RuntimeException: IIOP Protocol Manager initialization failed.  Possible cause is that ORB is not available in this container
	at com.sun.ejb.containers.BaseContainer.initializeProtocolManager(BaseContainer.java:833)
	at com.sun.ejb.containers.BaseContainer.<init>(BaseContainer.java:590)
	at com.sun.ejb.containers.StatelessSessionContainer.<init>(StatelessSessionContainer.java:143)
	at com.sun.ejb.containers.StatelessSessionContainer.<init>(StatelessSessionContainer.java:137)
	at com.sun.ejb.containers.StatelessContainerFactory.createContainer(StatelessContainerFactory.java:61)
	at org.glassfish.ejb.startup.EjbApplication.loadContainers(EjbApplication.java:221)
	... 49 more
Caused by: java.lang.RuntimeException: Orb initialization erorr
	at org.glassfish.enterprise.iiop.api.GlassFishORBHelper.getORB(GlassFishORBHelper.java:191)
	at org.glassfish.enterprise.iiop.api.GlassFishORBHelper.getProtocolManager(GlassFishORBHelper.java:231)
	at com.sun.ejb.containers.BaseContainer.initializeProtocolManager(BaseContainer.java:830)
	... 54 more
Caused by: java.lang.RuntimeException: org.omg.CORBA.OBJ_ADAPTER: Avvertenza: 02310002: Error in connecting servant to ORB  vmcid: OMG  minor code: 2  completed: No
	at org.glassfish.enterprise.iiop.impl.GlassFishORBManager.initORB(GlassFishORBManager.java:626)
	at org.glassfish.enterprise.iiop.impl.GlassFishORBManager.getORB(GlassFishORBManager.java:264)
	at org.glassfish.enterprise.iiop.impl.GlassFishORBFactoryImpl.createORB(GlassFishORBFactoryImpl.java:93)
	at org.glassfish.enterprise.iiop.api.GlassFishORBHelper.getORB(GlassFishORBHelper.java:163)
	... 56 more
Caused by: org.omg.CORBA.OBJ_ADAPTER: Avvertenza: 02310002: Error in connecting servant to ORB  vmcid: OMG  minor code: 2  completed: No
	at com.sun.proxy.$Proxy175.orbConnectError(Unknown Source)
	at com.sun.corba.ee.impl.orb.ORBImpl.connect(ORBImpl.java:1692)
	at com.sun.corba.ee.spi.presentation.rmi.StubAdapter.connect(StubAdapter.java:216)
	at com.sun.corba.ee.impl.orb.ORBImpl.getIOR(ORBImpl.java:2082)
	at com.sun.corba.ee.impl.orb.ORBImpl.getFVDCodeBaseIOR(ORBImpl.java:981)
	at com.sun.corba.ee.impl.protocol.ClientRequestDispatcherImpl.addServiceContexts(ClientRequestDispatcherImpl.java:822)
	at com.sun.corba.ee.impl.protocol.ClientRequestDispatcherImpl.beginRequest(ClientRequestDispatcherImpl.java:293)
	at com.sun.corba.ee.impl.protocol.ClientDelegateImpl.request(ClientDelegateImpl.java:227)
	at com.sun.corba.ee.impl.resolver.BootstrapResolverImpl.invoke(BootstrapResolverImpl.java:112)
	at com.sun.corba.ee.impl.resolver.BootstrapResolverImpl.resolve(BootstrapResolverImpl.java:145)
	at com.sun.corba.ee.impl.resolver.CompositeResolverImpl.resolve(CompositeResolverImpl.java:61)
	at com.sun.corba.ee.impl.resolver.CompositeResolverImpl.resolve(CompositeResolverImpl.java:61)
	at com.sun.corba.ee.impl.resolver.CompositeResolverImpl.resolve(CompositeResolverImpl.java:61)
	at com.sun.corba.ee.impl.orb.ORBImpl.resolve_initial_references(ORBImpl.java:1259)
	at org.glassfish.enterprise.iiop.impl.GlassFishORBManager.initORB(GlassFishORBManager.java:590)
	... 59 more
Caused by: org.omg.CORBA.COMM_FAILURE: Grave: 00410016: Unable to create IIOP listener on the specified host all interfaces and port 3.700  vmcid: OMG  minor code: 16  completed: No
	at com.sun.proxy.$Proxy175.createListenerFailed(Unknown Source)
	at com.sun.corba.ee.impl.transport.AcceptorImpl.initialize(AcceptorImpl.java:98)
	at com.sun.corba.ee.impl.transport.TransportManagerImpl.getAcceptors(TransportManagerImpl.java:232)
	at com.sun.corba.ee.impl.transport.TransportManagerImpl.addToIORTemplate(TransportManagerImpl.java:251)
	at com.sun.corba.ee.spi.oa.ObjectAdapterBase.initializeTemplate(ObjectAdapterBase.java:103)
	at com.sun.corba.ee.impl.oa.toa.TOAImpl.<init>(TOAImpl.java:133)
	at com.sun.corba.ee.impl.oa.toa.TOAFactory.getTOA(TOAFactory.java:118)
	at com.sun.corba.ee.impl.orb.ORBImpl.connect(ORBImpl.java:1690)
	... 72 more
Caused by: java.net.BindException: Address already in use
	at sun.nio.ch.Net.bind0(Native Method)
	at sun.nio.ch.Net.bind(Net.java:444)
	at sun.nio.ch.Net.bind(Net.java:436)
	at sun.nio.ch.ServerSocketChannelImpl.bind(ServerSocketChannelImpl.java:214)
	at sun.nio.ch.ServerSocketAdaptor.bind(ServerSocketAdaptor.java:74)
	at sun.nio.ch.ServerSocketAdaptor.bind(ServerSocketAdaptor.java:67)
	at org.glassfish.enterprise.iiop.impl.IIOPSSLSocketFactory.createServerSocket(IIOPSSLSocketFactory.java:297)
	at com.sun.corba.ee.impl.transport.AcceptorImpl.initialize(AcceptorImpl.java:91)
	... 78 more

mag 14, 2014 11:12:19 AM com.sun.enterprise.v3.server.ApplicationLifecycle deploy
Grave: Exception during lifecycle processing
java.lang.RuntimeException: EJB Container initialization error
	at org.glassfish.ejb.startup.EjbApplication.loadContainers(EjbApplication.java:234)
	at org.glassfish.ejb.startup.EjbDeployer.load(EjbDeployer.java:291)
	at org.glassfish.ejb.startup.EjbDeployer.load(EjbDeployer.java:99)
	at org.glassfish.internal.data.ModuleInfo.load(ModuleInfo.java:206)
	at org.glassfish.internal.data.ApplicationInfo.load(ApplicationInfo.java:313)
	at com.sun.enterprise.v3.server.ApplicationLifecycle.deploy(ApplicationLifecycle.java:493)
	at com.sun.enterprise.v3.server.ApplicationLifecycle.deploy(ApplicationLifecycle.java:219)
	at org.glassfish.deployment.admin.DeployCommand.execute(DeployCommand.java:491)
	at com.sun.enterprise.v3.admin.CommandRunnerImpl$2$1.run(CommandRunnerImpl.java:527)
	at com.sun.enterprise.v3.admin.CommandRunnerImpl$2$1.run(CommandRunnerImpl.java:523)
	at java.security.AccessController.doPrivileged(Native Method)
	at javax.security.auth.Subject.doAs(Subject.java:356)
	at com.sun.enterprise.v3.admin.CommandRunnerImpl$2.execute(CommandRunnerImpl.java:522)
	at com.sun.enterprise.v3.admin.CommandRunnerImpl.doCommand(CommandRunnerImpl.java:546)
	at com.sun.enterprise.v3.admin.CommandRunnerImpl.doCommand(CommandRunnerImpl.java:1423)
	at com.sun.enterprise.v3.admin.CommandRunnerImpl.access$1500(CommandRunnerImpl.java:108)
	at com.sun.enterprise.v3.admin.CommandRunnerImpl$ExecutionContext.execute(CommandRunnerImpl.java:1762)
	at com.sun.enterprise.v3.admin.CommandRunnerImpl$ExecutionContext.execute(CommandRunnerImpl.java:1674)
	at com.sun.enterprise.admin.cli.embeddable.DeployerImpl.deploy(DeployerImpl.java:133)
	at com.sun.enterprise.admin.cli.embeddable.DeployerImpl.deploy(DeployerImpl.java:109)
	at org.glassfish.ejb.embedded.EJBContainerImpl.deploy(EJBContainerImpl.java:138)
	at org.glassfish.ejb.embedded.EJBContainerProviderImpl.createEJBContainer(EJBContainerProviderImpl.java:134)
	at javax.ejb.embeddable.EJBContainer.createEJBContainer(EJBContainer.java:127)
	at javax.ejb.embeddable.EJBContainer.createEJBContainer(EJBContainer.java:102)
	at GestoreAccountRemoto.GestoreAccountRemotoTest.testVerificaDatiLogin(GestoreAccountRemotoTest.java:89)
	at sun.reflect.NativeMethodAccessorImpl.invoke0(Native Method)
	at sun.reflect.NativeMethodAccessorImpl.invoke(NativeMethodAccessorImpl.java:57)
	at sun.reflect.DelegatingMethodAccessorImpl.invoke(DelegatingMethodAccessorImpl.java:43)
	at java.lang.reflect.Method.invoke(Method.java:606)
	at org.junit.runners.model.FrameworkMethod$1.runReflectiveCall(FrameworkMethod.java:45)
	at org.junit.internal.runners.model.ReflectiveCallable.run(ReflectiveCallable.java:15)
	at org.junit.runners.model.FrameworkMethod.invokeExplosively(FrameworkMethod.java:42)
	at org.junit.internal.runners.statements.InvokeMethod.evaluate(InvokeMethod.java:20)
	at org.junit.internal.runners.statements.RunBefores.evaluate(RunBefores.java:28)
	at org.junit.internal.runners.statements.RunAfters.evaluate(RunAfters.java:30)
	at org.junit.runners.ParentRunner.runLeaf(ParentRunner.java:263)
	at org.junit.runners.BlockJUnit4ClassRunner.runChild(BlockJUnit4ClassRunner.java:68)
	at org.junit.runners.BlockJUnit4ClassRunner.runChild(BlockJUnit4ClassRunner.java:47)
	at org.junit.runners.ParentRunner$3.run(ParentRunner.java:231)
	at org.junit.runners.ParentRunner$1.schedule(ParentRunner.java:60)
	at org.junit.runners.ParentRunner.runChildren(ParentRunner.java:229)
	at org.junit.runners.ParentRunner.access$000(ParentRunner.java:50)
	at org.junit.runners.ParentRunner$2.evaluate(ParentRunner.java:222)
	at org.junit.internal.runners.statements.RunBefores.evaluate(RunBefores.java:28)
	at org.junit.internal.runners.statements.RunAfters.evaluate(RunAfters.java:30)
	at org.junit.runners.ParentRunner.run(ParentRunner.java:300)
	at junit.framework.JUnit4TestAdapter.run(JUnit4TestAdapter.java:39)
	at org.apache.tools.ant.taskdefs.optional.junit.JUnitTestRunner.run(JUnitTestRunner.java:523)
	at org.apache.tools.ant.taskdefs.optional.junit.JUnitTestRunner.launch(JUnitTestRunner.java:1063)
	at org.apache.tools.ant.taskdefs.optional.junit.JUnitTestRunner.main(JUnitTestRunner.java:914)
Caused by: java.lang.RuntimeException: IIOP Protocol Manager initialization failed.  Possible cause is that ORB is not available in this container
	at com.sun.ejb.containers.BaseContainer.initializeProtocolManager(BaseContainer.java:833)
	at com.sun.ejb.containers.BaseContainer.<init>(BaseContainer.java:590)
	at com.sun.ejb.containers.StatelessSessionContainer.<init>(StatelessSessionContainer.java:143)
	at com.sun.ejb.containers.StatelessSessionContainer.<init>(StatelessSessionContainer.java:137)
	at com.sun.ejb.containers.StatelessContainerFactory.createContainer(StatelessContainerFactory.java:61)
	at org.glassfish.ejb.startup.EjbApplication.loadContainers(EjbApplication.java:221)
	... 49 more
Caused by: java.lang.RuntimeException: Orb initialization erorr
	at org.glassfish.enterprise.iiop.api.GlassFishORBHelper.getORB(GlassFishORBHelper.java:191)
	at org.glassfish.enterprise.iiop.api.GlassFishORBHelper.getProtocolManager(GlassFishORBHelper.java:231)
	at com.sun.ejb.containers.BaseContainer.initializeProtocolManager(BaseContainer.java:830)
	... 54 more
Caused by: java.lang.RuntimeException: org.omg.CORBA.OBJ_ADAPTER: Avvertenza: 02310002: Error in connecting servant to ORB  vmcid: OMG  minor code: 2  completed: No
	at org.glassfish.enterprise.iiop.impl.GlassFishORBManager.initORB(GlassFishORBManager.java:626)
	at org.glassfish.enterprise.iiop.impl.GlassFishORBManager.getORB(GlassFishORBManager.java:264)
	at org.glassfish.enterprise.iiop.impl.GlassFishORBFactoryImpl.createORB(GlassFishORBFactoryImpl.java:93)
	at org.glassfish.enterprise.iiop.api.GlassFishORBHelper.getORB(GlassFishORBHelper.java:163)
	... 56 more
Caused by: org.omg.CORBA.OBJ_ADAPTER: Avvertenza: 02310002: Error in connecting servant to ORB  vmcid: OMG  minor code: 2  completed: No
	at com.sun.proxy.$Proxy175.orbConnectError(Unknown Source)
	at com.sun.corba.ee.impl.orb.ORBImpl.connect(ORBImpl.java:1692)
	at com.sun.corba.ee.spi.presentation.rmi.StubAdapter.connect(StubAdapter.java:216)
	at com.sun.corba.ee.impl.orb.ORBImpl.getIOR(ORBImpl.java:2082)
	at com.sun.corba.ee.impl.orb.ORBImpl.getFVDCodeBaseIOR(ORBImpl.java:981)
	at com.sun.corba.ee.impl.protocol.ClientRequestDispatcherImpl.addServiceContexts(ClientRequestDispatcherImpl.java:822)
	at com.sun.corba.ee.impl.protocol.ClientRequestDispatcherImpl.beginRequest(ClientRequestDispatcherImpl.java:293)
	at com.sun.corba.ee.impl.protocol.ClientDelegateImpl.request(ClientDelegateImpl.java:227)
	at com.sun.corba.ee.impl.resolver.BootstrapResolverImpl.invoke(BootstrapResolverImpl.java:112)
	at com.sun.corba.ee.impl.resolver.BootstrapResolverImpl.resolve(BootstrapResolverImpl.java:145)
	at com.sun.corba.ee.impl.resolver.CompositeResolverImpl.resolve(CompositeResolverImpl.java:61)
	at com.sun.corba.ee.impl.resolver.CompositeResolverImpl.resolve(CompositeResolverImpl.java:61)
	at com.sun.corba.ee.impl.resolver.CompositeResolverImpl.resolve(CompositeResolverImpl.java:61)
	at com.sun.corba.ee.impl.orb.ORBImpl.resolve_initial_references(ORBImpl.java:1259)
	at org.glassfish.enterprise.iiop.impl.GlassFishORBManager.initORB(GlassFishORBManager.java:590)
	... 59 more
Caused by: org.omg.CORBA.COMM_FAILURE: Grave: 00410016: Unable to create IIOP listener on the specified host all interfaces and port 3.700  vmcid: OMG  minor code: 16  completed: No
	at com.sun.proxy.$Proxy175.createListenerFailed(Unknown Source)
	at com.sun.corba.ee.impl.transport.AcceptorImpl.initialize(AcceptorImpl.java:98)
	at com.sun.corba.ee.impl.transport.TransportManagerImpl.getAcceptors(TransportManagerImpl.java:232)
	at com.sun.corba.ee.impl.transport.TransportManagerImpl.addToIORTemplate(TransportManagerImpl.java:251)
	at com.sun.corba.ee.spi.oa.ObjectAdapterBase.initializeTemplate(ObjectAdapterBase.java:103)
	at com.sun.corba.ee.impl.oa.toa.TOAImpl.<init>(TOAImpl.java:133)
	at com.sun.corba.ee.impl.oa.toa.TOAFactory.getTOA(TOAFactory.java:118)
	at com.sun.corba.ee.impl.orb.ORBImpl.connect(ORBImpl.java:1690)
	... 72 more
Caused by: java.net.BindException: Address already in use
	at sun.nio.ch.Net.bind0(Native Method)
	at sun.nio.ch.Net.bind(Net.java:444)
	at sun.nio.ch.Net.bind(Net.java:436)
	at sun.nio.ch.ServerSocketChannelImpl.bind(ServerSocketChannelImpl.java:214)
	at sun.nio.ch.ServerSocketAdaptor.bind(ServerSocketAdaptor.java:74)
	at sun.nio.ch.ServerSocketAdaptor.bind(ServerSocketAdaptor.java:67)
	at org.glassfish.enterprise.iiop.impl.IIOPSSLSocketFactory.createServerSocket(IIOPSSLSocketFactory.java:297)
	at com.sun.corba.ee.impl.transport.AcceptorImpl.initialize(AcceptorImpl.java:91)
	... 78 more

mag 14, 2014 11:12:19 AM org.glassfish.api.ActionReport failure
Grave: Exception while loading the app
mag 14, 2014 11:12:19 AM org.glassfish.deployment.admin.DeployCommand execute
Grave: Exception while loading the app : EJB Container initialization error
java.lang.RuntimeException: IIOP Protocol Manager initialization failed.  Possible cause is that ORB is not available in this container
	at com.sun.ejb.containers.BaseContainer.initializeProtocolManager(BaseContainer.java:833)
	at com.sun.ejb.containers.BaseContainer.<init>(BaseContainer.java:590)
	at com.sun.ejb.containers.StatelessSessionContainer.<init>(StatelessSessionContainer.java:143)
	at com.sun.ejb.containers.StatelessSessionContainer.<init>(StatelessSessionContainer.java:137)
	at com.sun.ejb.containers.StatelessContainerFactory.createContainer(StatelessContainerFactory.java:61)
	at org.glassfish.ejb.startup.EjbApplication.loadContainers(EjbApplication.java:221)
	at org.glassfish.ejb.startup.EjbDeployer.load(EjbDeployer.java:291)
	at org.glassfish.ejb.startup.EjbDeployer.load(EjbDeployer.java:99)
	at org.glassfish.internal.data.ModuleInfo.load(ModuleInfo.java:206)
	at org.glassfish.internal.data.ApplicationInfo.load(ApplicationInfo.java:313)
	at com.sun.enterprise.v3.server.ApplicationLifecycle.deploy(ApplicationLifecycle.java:493)
	at com.sun.enterprise.v3.server.ApplicationLifecycle.deploy(ApplicationLifecycle.java:219)
	at org.glassfish.deployment.admin.DeployCommand.execute(DeployCommand.java:491)
	at com.sun.enterprise.v3.admin.CommandRunnerImpl$2$1.run(CommandRunnerImpl.java:527)
	at com.sun.enterprise.v3.admin.CommandRunnerImpl$2$1.run(CommandRunnerImpl.java:523)
	at java.security.AccessController.doPrivileged(Native Method)
	at javax.security.auth.Subject.doAs(Subject.java:356)
	at com.sun.enterprise.v3.admin.CommandRunnerImpl$2.execute(CommandRunnerImpl.java:522)
	at com.sun.enterprise.v3.admin.CommandRunnerImpl.doCommand(CommandRunnerImpl.java:546)
	at com.sun.enterprise.v3.admin.CommandRunnerImpl.doCommand(CommandRunnerImpl.java:1423)
	at com.sun.enterprise.v3.admin.CommandRunnerImpl.access$1500(CommandRunnerImpl.java:108)
	at com.sun.enterprise.v3.admin.CommandRunnerImpl$ExecutionContext.execute(CommandRunnerImpl.java:1762)
	at com.sun.enterprise.v3.admin.CommandRunnerImpl$ExecutionContext.execute(CommandRunnerImpl.java:1674)
	at com.sun.enterprise.admin.cli.embeddable.DeployerImpl.deploy(DeployerImpl.java:133)
	at com.sun.enterprise.admin.cli.embeddable.DeployerImpl.deploy(DeployerImpl.java:109)
	at org.glassfish.ejb.embedded.EJBContainerImpl.deploy(EJBContainerImpl.java:138)
	at org.glassfish.ejb.embedded.EJBContainerProviderImpl.createEJBContainer(EJBContainerProviderImpl.java:134)
	at javax.ejb.embeddable.EJBContainer.createEJBContainer(EJBContainer.java:127)
	at javax.ejb.embeddable.EJBContainer.createEJBContainer(EJBContainer.java:102)
	at GestoreAccountRemoto.GestoreAccountRemotoTest.testVerificaDatiLogin(GestoreAccountRemotoTest.java:89)
	at sun.reflect.NativeMethodAccessorImpl.invoke0(Native Method)
	at sun.reflect.NativeMethodAccessorImpl.invoke(NativeMethodAccessorImpl.java:57)
	at sun.reflect.DelegatingMethodAccessorImpl.invoke(DelegatingMethodAccessorImpl.java:43)
	at java.lang.reflect.Method.invoke(Method.java:606)
	at org.junit.runners.model.FrameworkMethod$1.runReflectiveCall(FrameworkMethod.java:45)
	at org.junit.internal.runners.model.ReflectiveCallable.run(ReflectiveCallable.java:15)
	at org.junit.runners.model.FrameworkMethod.invokeExplosively(FrameworkMethod.java:42)
	at org.junit.internal.runners.statements.InvokeMethod.evaluate(InvokeMethod.java:20)
	at org.junit.internal.runners.statements.RunBefores.evaluate(RunBefores.java:28)
	at org.junit.internal.runners.statements.RunAfters.evaluate(RunAfters.java:30)
	at org.junit.runners.ParentRunner.runLeaf(ParentRunner.java:263)
	at org.junit.runners.BlockJUnit4ClassRunner.runChild(BlockJUnit4ClassRunner.java:68)
	at org.junit.runners.BlockJUnit4ClassRunner.runChild(BlockJUnit4ClassRunner.java:47)
	at org.junit.runners.ParentRunner$3.run(ParentRunner.java:231)
	at org.junit.runners.ParentRunner$1.schedule(ParentRunner.java:60)
	at org.junit.runners.ParentRunner.runChildren(ParentRunner.java:229)
	at org.junit.runners.ParentRunner.access$000(ParentRunner.java:50)
	at org.junit.runners.ParentRunner$2.evaluate(ParentRunner.java:222)
	at org.junit.internal.runners.statements.RunBefores.evaluate(RunBefores.java:28)
	at org.junit.internal.runners.statements.RunAfters.evaluate(RunAfters.java:30)
	at org.junit.runners.ParentRunner.run(ParentRunner.java:300)
	at junit.framework.JUnit4TestAdapter.run(JUnit4TestAdapter.java:39)
	at org.apache.tools.ant.taskdefs.optional.junit.JUnitTestRunner.run(JUnitTestRunner.java:523)
	at org.apache.tools.ant.taskdefs.optional.junit.JUnitTestRunner.launch(JUnitTestRunner.java:1063)
	at org.apache.tools.ant.taskdefs.optional.junit.JUnitTestRunner.main(JUnitTestRunner.java:914)
Caused by: java.lang.RuntimeException: Orb initialization erorr
	at org.glassfish.enterprise.iiop.api.GlassFishORBHelper.getORB(GlassFishORBHelper.java:191)
	at org.glassfish.enterprise.iiop.api.GlassFishORBHelper.getProtocolManager(GlassFishORBHelper.java:231)
	at com.sun.ejb.containers.BaseContainer.initializeProtocolManager(BaseContainer.java:830)
	... 54 more
Caused by: java.lang.RuntimeException: org.omg.CORBA.OBJ_ADAPTER: Avvertenza: 02310002: Error in connecting servant to ORB  vmcid: OMG  minor code: 2  completed: No
	at org.glassfish.enterprise.iiop.impl.GlassFishORBManager.initORB(GlassFishORBManager.java:626)
	at org.glassfish.enterprise.iiop.impl.GlassFishORBManager.getORB(GlassFishORBManager.java:264)
	at org.glassfish.enterprise.iiop.impl.GlassFishORBFactoryImpl.createORB(GlassFishORBFactoryImpl.java:93)
	at org.glassfish.enterprise.iiop.api.GlassFishORBHelper.getORB(GlassFishORBHelper.java:163)
	... 56 more
Caused by: org.omg.CORBA.OBJ_ADAPTER: Avvertenza: 02310002: Error in connecting servant to ORB  vmcid: OMG  minor code: 2  completed: No
	at com.sun.proxy.$Proxy175.orbConnectError(Unknown Source)
	at com.sun.corba.ee.impl.orb.ORBImpl.connect(ORBImpl.java:1692)
	at com.sun.corba.ee.spi.presentation.rmi.StubAdapter.connect(StubAdapter.java:216)
	at com.sun.corba.ee.impl.orb.ORBImpl.getIOR(ORBImpl.java:2082)
	at com.sun.corba.ee.impl.orb.ORBImpl.getFVDCodeBaseIOR(ORBImpl.java:981)
	at com.sun.corba.ee.impl.protocol.ClientRequestDispatcherImpl.addServiceContexts(ClientRequestDispatcherImpl.java:822)
	at com.sun.corba.ee.impl.protocol.ClientRequestDispatcherImpl.beginRequest(ClientRequestDispatcherImpl.java:293)
	at com.sun.corba.ee.impl.protocol.ClientDelegateImpl.request(ClientDelegateImpl.java:227)
	at com.sun.corba.ee.impl.resolver.BootstrapResolverImpl.invoke(BootstrapResolverImpl.java:112)
	at com.sun.corba.ee.impl.resolver.BootstrapResolverImpl.resolve(BootstrapResolverImpl.java:145)
	at com.sun.corba.ee.impl.resolver.CompositeResolverImpl.resolve(CompositeResolverImpl.java:61)
	at com.sun.corba.ee.impl.resolver.CompositeResolverImpl.resolve(CompositeResolverImpl.java:61)
	at com.sun.corba.ee.impl.resolver.CompositeResolverImpl.resolve(CompositeResolverImpl.java:61)
	at com.sun.corba.ee.impl.orb.ORBImpl.resolve_initial_references(ORBImpl.java:1259)
	at org.glassfish.enterprise.iiop.impl.GlassFishORBManager.initORB(GlassFishORBManager.java:590)
	... 59 more
Caused by: org.omg.CORBA.COMM_FAILURE: Grave: 00410016: Unable to create IIOP listener on the specified host all interfaces and port 3.700  vmcid: OMG  minor code: 16  completed: No
	at com.sun.proxy.$Proxy175.createListenerFailed(Unknown Source)
	at com.sun.corba.ee.impl.transport.AcceptorImpl.initialize(AcceptorImpl.java:98)
	at com.sun.corba.ee.impl.transport.TransportManagerImpl.getAcceptors(TransportManagerImpl.java:232)
	at com.sun.corba.ee.impl.transport.TransportManagerImpl.addToIORTemplate(TransportManagerImpl.java:251)
	at com.sun.corba.ee.spi.oa.ObjectAdapterBase.initializeTemplate(ObjectAdapterBase.java:103)
	at com.sun.corba.ee.impl.oa.toa.TOAImpl.<init>(TOAImpl.java:133)
	at com.sun.corba.ee.impl.oa.toa.TOAFactory.getTOA(TOAFactory.java:118)
	at com.sun.corba.ee.impl.orb.ORBImpl.connect(ORBImpl.java:1690)
	... 72 more
Caused by: java.net.BindException: Address already in use
	at sun.nio.ch.Net.bind0(Native Method)
	at sun.nio.ch.Net.bind(Net.java:444)
	at sun.nio.ch.Net.bind(Net.java:436)
	at sun.nio.ch.ServerSocketChannelImpl.bind(ServerSocketChannelImpl.java:214)
	at sun.nio.ch.ServerSocketAdaptor.bind(ServerSocketAdaptor.java:74)
	at sun.nio.ch.ServerSocketAdaptor.bind(ServerSocketAdaptor.java:67)
	at org.glassfish.enterprise.iiop.impl.IIOPSSLSocketFactory.createServerSocket(IIOPSSLSocketFactory.java:297)
	at com.sun.corba.ee.impl.transport.AcceptorImpl.initialize(AcceptorImpl.java:91)
	... 78 more

mag 14, 2014 11:12:19 AM org.glassfish.ejb.embedded.EJBContainerProviderImpl createEJBContainer
Informazioni: [EJBContainerProviderImpl] Cleaning up on failure ...
mag 14, 2014 11:12:19 AM org.glassfish.admin.mbeanserver.JMXStartupService shutdown
Informazioni: JMXStartupService and JMXConnectors have been shut down.
mag 14, 2014 11:12:19 AM org.glassfish.admin.mbeanserver.JMXStartupService shutdown
Informazioni: JMXStartupService and JMXConnectors have been shut down.
mag 14, 2014 11:12:19 AM com.sun.enterprise.v3.server.AppServerStartup stop
Informazioni: Shutdown procedure finished
]]></system-err>
</testsuite>
